ERROR - 2016-09-30 16:03:57 --> $config['composer_autoload'] is set to TRUE but C:\xampp\htdocs\back_inscribite\application\vendor/autoload.php was not found.
ERROR - 2016-09-30 16:03:57 --> $config['composer_autoload'] is set to TRUE but C:\xampp\htdocs\back_inscribite\application\vendor/autoload.php was not found.
ERROR - 2016-09-30 16:03:57 --> $config['composer_autoload'] is set to TRUE but C:\xampp\htdocs\back_inscribite\application\vendor/autoload.php was not found.
ERROR - 2016-09-30 16:03:57 --> $config['composer_autoload'] is set to TRUE but C:\xampp\htdocs\back_inscribite\application\vendor/autoload.php was not found.
ERROR - 2016-09-30 16:03:57 --> $config['composer_autoload'] is set to TRUE but C:\xampp\htdocs\back_inscribite\application\vendor/autoload.php was not found.
ERROR - 2016-09-30 16:03:57 --> 404 Page Not Found: /index
ERROR - 2016-09-30 16:03:57 --> 404 Page Not Found: /index
ERROR - 2016-09-30 16:03:57 --> 404 Page Not Found: /index
ERROR - 2016-09-30 16:03:57 --> 404 Page Not Found: /index
ERROR - 2016-09-30 16:03:57 --> $config['composer_autoload'] is set to TRUE but C:\xampp\htdocs\back_inscribite\application\vendor/autoload.php was not found.
ERROR - 2016-09-30 16:03:57 --> 404 Page Not Found: /index
ERROR - 2016-09-30 16:03:57 --> $config['composer_autoload'] is set to TRUE but C:\xampp\htdocs\back_inscribite\application\vendor/autoload.php was not found.
ERROR - 2016-09-30 16:03:57 --> 404 Page Not Found: /index
ERROR - 2016-09-30 16:04:02 --> $config['composer_autoload'] is set to TRUE but C:\xampp\htdocs\back_inscribite\application\vendor/autoload.php was not found.
ERROR - 2016-09-30 16:04:02 --> $config['composer_autoload'] is set to TRUE but C:\xampp\htdocs\back_inscribite\application\vendor/autoload.php was not found.
ERROR - 2016-09-30 16:04:02 --> Severity: error --> Exception: An exception occurred while executing 'SELECT t0.vin_id AS vin_id_1, t0.vin_nombre AS vin_nombre_2, t0.vin_bodega AS vin_bodega_3, t0.vin_cosecha AS vin_cosecha_4, t0.vin_region AS vin_region_5, t0.vin_apelacion AS vin_apelacion_6, t0.vin_descripcion AS vin_descripcion_7, t0.vin_pais AS vin_pais_8, t0.vin_variedad AS vin_variedad_9, t0.vin_corte AS vin_corte_10, t0.vin_foto AS vin_foto_11, t0.vin_pts_ws AS vin_pts_ws_12, t0.vin_pts_parker AS vin_pts_parker_13, t0.vin_pts_atkien AS vin_pts_atkien_14, t0.vin_pts_suckling AS vin_pts_suckling_15, t0.vin_pts_stanzer AS vin_pts_stanzer_16, t0.vin_crianza AS vin_crianza_17, t0.vin_alcohol AS vin_alcohol_18, t0.vin_enologo AS vin_enologo_19, t0.vin_precio_sugerido AS vin_precio_sugerido_20, t0.vin_precio AS vin_precio_21, t0.vin_precio_costo AS vin_precio_costo_22, t0.vin_caja AS vin_caja_23, t0.vin_sin_wineid AS vin_sin_wineid_24 FROM vino t0':

SQLSTATE[42S02]: Base table or view not found: 1146 Table 'admin_inscribite.vino' doesn't exist C:\xampp\htdocs\back_inscribite\vendor\doctrine\dbal\lib\Doctrine\DBAL\Driver\AbstractMySQLDriver.php 53
ERROR - 2016-09-30 16:04:14 --> $config['composer_autoload'] is set to TRUE but C:\xampp\htdocs\back_inscribite\application\vendor/autoload.php was not found.
ERROR - 2016-09-30 16:04:14 --> 404 Page Not Found: /index
ERROR - 2016-09-30 16:04:16 --> $config['composer_autoload'] is set to TRUE but C:\xampp\htdocs\back_inscribite\application\vendor/autoload.php was not found.
ERROR - 2016-09-30 16:04:16 --> 404 Page Not Found: ../modules/web/controllers//index
ERROR - 2016-09-30 16:04:19 --> $config['composer_autoload'] is set to TRUE but C:\xampp\htdocs\back_inscribite\application\vendor/autoload.php was not found.
ERROR - 2016-09-30 16:04:19 --> Severity: error --> Exception: An exception occurred while executing 'SELECT t0.att_id AS att_id_1, t0.att_nombre AS att_nombre_2 FROM atributo_tipo t0':

SQLSTATE[42S02]: Base table or view not found: 1146 Table 'admin_inscribite.atributo_tipo' doesn't exist C:\xampp\htdocs\back_inscribite\vendor\doctrine\dbal\lib\Doctrine\DBAL\Driver\AbstractMySQLDriver.php 53
ERROR - 2016-09-30 16:04:24 --> $config['composer_autoload'] is set to TRUE but C:\xampp\htdocs\back_inscribite\application\vendor/autoload.php was not found.
ERROR - 2016-09-30 16:07:50 --> $config['composer_autoload'] is set to TRUE but C:\xampp\htdocs\back_inscribite\application\vendor/autoload.php was not found.
ERROR - 2016-09-30 16:07:50 --> Severity: Notice --> Undefined variable: controles C:\xampp\htdocs\back_inscribite\application\modules\web\models\admin\Formulario_model.php 13
ERROR - 2016-09-30 16:07:50 --> Severity: Notice --> Use of undefined constant MODULE - assumed 'MODULE' C:\xampp\htdocs\back_inscribite\application\modules\web\models\admin\Formulario_model.php 442
ERROR - 2016-09-30 16:07:50 --> Severity: Notice --> Use of undefined constant MODULE - assumed 'MODULE' C:\xampp\htdocs\back_inscribite\application\modules\web\models\admin\Formulario_model.php 443
ERROR - 2016-09-30 16:07:50 --> Severity: Notice --> Use of undefined constant MODULE - assumed 'MODULE' C:\xampp\htdocs\back_inscribite\application\modules\web\models\admin\Formulario_model.php 444
ERROR - 2016-09-30 16:08:01 --> $config['composer_autoload'] is set to TRUE but C:\xampp\htdocs\back_inscribite\application\vendor/autoload.php was not found.
ERROR - 2016-09-30 16:08:01 --> 404 Page Not Found: /index
ERROR - 2016-09-30 16:09:04 --> $config['composer_autoload'] is set to TRUE but C:\xampp\htdocs\back_inscribite\application\vendor/autoload.php was not found.
ERROR - 2016-09-30 16:09:04 --> 404 Page Not Found: ../modules/web/controllers//index
ERROR - 2016-09-30 16:09:12 --> $config['composer_autoload'] is set to TRUE but C:\xampp\htdocs\back_inscribite\application\vendor/autoload.php was not found.
ERROR - 2016-09-30 16:09:12 --> 404 Page Not Found: ../modules/web/controllers//index
ERROR - 2016-09-30 16:10:16 --> $config['composer_autoload'] is set to TRUE but C:\xampp\htdocs\back_inscribite\application\vendor/autoload.php was not found.
ERROR - 2016-09-30 16:10:16 --> 404 Page Not Found: ../modules/web/controllers//index
ERROR - 2016-09-30 16:10:26 --> $config['composer_autoload'] is set to TRUE but C:\xampp\htdocs\back_inscribite\application\vendor/autoload.php was not found.
ERROR - 2016-09-30 16:10:27 --> $config['composer_autoload'] is set to TRUE but C:\xampp\htdocs\back_inscribite\application\vendor/autoload.php was not found.
ERROR - 2016-09-30 16:10:27 --> 404 Page Not Found: /index
ERROR - 2016-09-30 16:11:16 --> $config['composer_autoload'] is set to TRUE but C:\xampp\htdocs\back_inscribite\application\vendor/autoload.php was not found.
ERROR - 2016-09-30 16:11:16 --> 404 Page Not Found: /index
ERROR - 2016-09-30 16:28:04 --> $config['composer_autoload'] is set to TRUE but C:\xampp\htdocs\back_inscribite\application\vendor/autoload.php was not found.
ERROR - 2016-09-30 16:28:04 --> 404 Page Not Found: /index
ERROR - 2016-09-30 16:28:06 --> $config['composer_autoload'] is set to TRUE but C:\xampp\htdocs\back_inscribite\application\vendor/autoload.php was not found.
ERROR - 2016-09-30 16:28:06 --> 404 Page Not Found: /index
ERROR - 2016-09-30 16:29:16 --> $config['composer_autoload'] is set to TRUE but C:\xampp\htdocs\back_inscribite\application\vendor/autoload.php was not found.
ERROR - 2016-09-30 16:29:16 --> Severity: Notice --> Undefined variable: router C:\xampp\htdocs\back_inscribite\application\modules\web\views\admin\general\menu_default.php 13
ERROR - 2016-09-30 16:29:16 --> Severity: Notice --> Undefined variable: router C:\xampp\htdocs\back_inscribite\application\modules\web\views\admin\general\menu_default.php 19
ERROR - 2016-09-30 16:29:16 --> Severity: Notice --> Undefined variable: router C:\xampp\htdocs\back_inscribite\application\modules\web\views\admin\general\menu_default.php 25
ERROR - 2016-09-30 16:29:16 --> Severity: Notice --> Undefined variable: router C:\xampp\htdocs\back_inscribite\application\modules\web\views\admin\general\menu_default.php 31
ERROR - 2016-09-30 16:29:17 --> $config['composer_autoload'] is set to TRUE but C:\xampp\htdocs\back_inscribite\application\vendor/autoload.php was not found.
ERROR - 2016-09-30 16:29:17 --> Severity: error --> Exception: The target-entity Cuentaempresa cannot be found in 'Liquidacioncuentas#cuenta'. C:\xampp\htdocs\back_inscribite\vendor\doctrine\orm\lib\Doctrine\ORM\Mapping\MappingException.php 762
ERROR - 2016-09-30 16:29:49 --> $config['composer_autoload'] is set to TRUE but C:\xampp\htdocs\back_inscribite\application\vendor/autoload.php was not found.
ERROR - 2016-09-30 16:29:50 --> $config['composer_autoload'] is set to TRUE but C:\xampp\htdocs\back_inscribite\application\vendor/autoload.php was not found.
ERROR - 2016-09-30 16:29:50 --> Severity: error --> Exception: The target-entity Cuentaempresa cannot be found in 'Liquidacioncuentas#cuenta'. C:\xampp\htdocs\back_inscribite\vendor\doctrine\orm\lib\Doctrine\ORM\Mapping\MappingException.php 762
ERROR - 2016-09-30 16:29:51 --> $config['composer_autoload'] is set to TRUE but C:\xampp\htdocs\back_inscribite\application\vendor/autoload.php was not found.
ERROR - 2016-09-30 16:29:51 --> 404 Page Not Found: /index
ERROR - 2016-09-30 16:29:58 --> $config['composer_autoload'] is set to TRUE but C:\xampp\htdocs\back_inscribite\application\vendor/autoload.php was not found.
ERROR - 2016-09-30 16:29:58 --> Severity: Error --> Call to undefined method Pago_Controller::validaPermiso() C:\xampp\htdocs\back_inscribite\application\modules\web\controllers\pago\Pago_Controller.php 12
ERROR - 2016-09-30 16:30:10 --> $config['composer_autoload'] is set to TRUE but C:\xampp\htdocs\back_inscribite\application\vendor/autoload.php was not found.
ERROR - 2016-09-30 16:30:10 --> $config['composer_autoload'] is set to TRUE but C:\xampp\htdocs\back_inscribite\application\vendor/autoload.php was not found.
ERROR - 2016-09-30 16:30:10 --> Severity: error --> Exception: The target-entity Cuentaempresa cannot be found in 'Liquidacioncuentas#cuenta'. C:\xampp\htdocs\back_inscribite\vendor\doctrine\orm\lib\Doctrine\ORM\Mapping\MappingException.php 762
ERROR - 2016-09-30 16:30:12 --> $config['composer_autoload'] is set to TRUE but C:\xampp\htdocs\back_inscribite\application\vendor/autoload.php was not found.
ERROR - 2016-09-30 16:30:12 --> 404 Page Not Found: /index
ERROR - 2016-09-30 16:30:32 --> $config['composer_autoload'] is set to TRUE but C:\xampp\htdocs\back_inscribite\application\vendor/autoload.php was not found.
ERROR - 2016-09-30 16:30:33 --> Severity: Error --> Call to undefined method Pago_Controller::validaPermiso() C:\xampp\htdocs\back_inscribite\application\modules\web\controllers\pago\Pago_Controller.php 12
ERROR - 2016-09-30 16:31:04 --> $config['composer_autoload'] is set to TRUE but C:\xampp\htdocs\back_inscribite\application\vendor/autoload.php was not found.
ERROR - 2016-09-30 16:31:04 --> Severity: Error --> Call to undefined method Pago_Controller::validaPermiso() C:\xampp\htdocs\back_inscribite\application\modules\web\controllers\pago\Pago_Controller.php 12
ERROR - 2016-09-30 16:31:52 --> $config['composer_autoload'] is set to TRUE but C:\xampp\htdocs\back_inscribite\application\vendor/autoload.php was not found.
ERROR - 2016-09-30 16:31:53 --> $config['composer_autoload'] is set to TRUE but C:\xampp\htdocs\back_inscribite\application\vendor/autoload.php was not found.
ERROR - 2016-09-30 16:31:53 --> 404 Page Not Found: /index
ERROR - 2016-09-30 16:32:47 --> $config['composer_autoload'] is set to TRUE but C:\xampp\htdocs\back_inscribite\application\vendor/autoload.php was not found.
ERROR - 2016-09-30 16:32:47 --> 404 Page Not Found: /index
ERROR - 2016-09-30 16:32:50 --> $config['composer_autoload'] is set to TRUE but C:\xampp\htdocs\back_inscribite\application\vendor/autoload.php was not found.
ERROR - 2016-09-30 16:32:50 --> Severity: error --> Exception: The target-entity Proveedor cannot be found in 'Pago#proveedor'. C:\xampp\htdocs\back_inscribite\vendor\doctrine\orm\lib\Doctrine\ORM\Mapping\MappingException.php 762
ERROR - 2016-09-30 16:33:49 --> $config['composer_autoload'] is set to TRUE but C:\xampp\htdocs\back_inscribite\application\vendor/autoload.php was not found.
ERROR - 2016-09-30 16:33:49 --> Severity: error --> Exception: The target-entity Estado_pago cannot be found in 'Pago#estado'. C:\xampp\htdocs\back_inscribite\vendor\doctrine\orm\lib\Doctrine\ORM\Mapping\MappingException.php 762
ERROR - 2016-09-30 16:34:04 --> $config['composer_autoload'] is set to TRUE but C:\xampp\htdocs\back_inscribite\application\vendor/autoload.php was not found.
ERROR - 2016-09-30 16:34:04 --> Severity: error --> Exception: The target-entity Provincia cannot be found in 'Proveedor#provincia'. C:\xampp\htdocs\back_inscribite\vendor\doctrine\orm\lib\Doctrine\ORM\Mapping\MappingException.php 762
ERROR - 2016-09-30 16:34:19 --> $config['composer_autoload'] is set to TRUE but C:\xampp\htdocs\back_inscribite\application\vendor/autoload.php was not found.
ERROR - 2016-09-30 16:34:19 --> Severity: error --> Exception: The target-entity Condiva cannot be found in 'Proveedor#condicion_iva'. C:\xampp\htdocs\back_inscribite\vendor\doctrine\orm\lib\Doctrine\ORM\Mapping\MappingException.php 762
ERROR - 2016-09-30 16:34:28 --> $config['composer_autoload'] is set to TRUE but C:\xampp\htdocs\back_inscribite\application\vendor/autoload.php was not found.
ERROR - 2016-09-30 16:34:28 --> Severity: error --> Exception: An exception occurred while executing 'SELECT t0.pago_id AS pago_id_1, t0.pago_fecha AS pago_fecha_2, t0.pago_activo AS pago_activo_3, t0.pago_proveedor_id AS pago_proveedor_id_4, t0.pago_estado AS pago_estado_5 FROM pago t0':

SQLSTATE[42S22]: Column not found: 1054 Unknown column 't0.pago_proveedor_id' in 'field list' C:\xampp\htdocs\back_inscribite\vendor\doctrine\dbal\lib\Doctrine\DBAL\Driver\AbstractMySQLDriver.php 71
ERROR - 2016-09-30 16:34:59 --> $config['composer_autoload'] is set to TRUE but C:\xampp\htdocs\back_inscribite\application\vendor/autoload.php was not found.
ERROR - 2016-09-30 16:34:59 --> Severity: error --> Exception: The target-entity Docproveedor cannot be found in 'Pago_factura#factura'. C:\xampp\htdocs\back_inscribite\vendor\doctrine\orm\lib\Doctrine\ORM\Mapping\MappingException.php 762
ERROR - 2016-09-30 16:35:26 --> $config['composer_autoload'] is set to TRUE but C:\xampp\htdocs\back_inscribite\application\vendor/autoload.php was not found.
ERROR - 2016-09-30 16:35:27 --> Severity: error --> Exception: The target-entity Tipo_pago cannot be found in 'Pago_Detalle#tipoPago'. C:\xampp\htdocs\back_inscribite\vendor\doctrine\orm\lib\Doctrine\ORM\Mapping\MappingException.php 762
ERROR - 2016-09-30 16:35:34 --> $config['composer_autoload'] is set to TRUE but C:\xampp\htdocs\back_inscribite\application\vendor/autoload.php was not found.
ERROR - 2016-09-30 16:35:34 --> Severity: error --> Exception: The target-entity Cheque cannot be found in 'Pago_Detalle#cheque'. C:\xampp\htdocs\back_inscribite\vendor\doctrine\orm\lib\Doctrine\ORM\Mapping\MappingException.php 762
ERROR - 2016-09-30 16:35:42 --> $config['composer_autoload'] is set to TRUE but C:\xampp\htdocs\back_inscribite\application\vendor/autoload.php was not found.
ERROR - 2016-09-30 16:35:42 --> Severity: error --> Exception: The target-entity Banco cannot be found in 'Pago_Detalle#banco'. C:\xampp\htdocs\back_inscribite\vendor\doctrine\orm\lib\Doctrine\ORM\Mapping\MappingException.php 762
ERROR - 2016-09-30 16:35:50 --> $config['composer_autoload'] is set to TRUE but C:\xampp\htdocs\back_inscribite\application\vendor/autoload.php was not found.
ERROR - 2016-09-30 16:35:50 --> $config['composer_autoload'] is set to TRUE but C:\xampp\htdocs\back_inscribite\application\vendor/autoload.php was not found.
ERROR - 2016-09-30 16:35:50 --> $config['composer_autoload'] is set to TRUE but C:\xampp\htdocs\back_inscribite\application\vendor/autoload.php was not found.
ERROR - 2016-09-30 16:35:50 --> $config['composer_autoload'] is set to TRUE but C:\xampp\htdocs\back_inscribite\application\vendor/autoload.php was not found.
ERROR - 2016-09-30 16:35:50 --> $config['composer_autoload'] is set to TRUE but C:\xampp\htdocs\back_inscribite\application\vendor/autoload.php was not found.
ERROR - 2016-09-30 16:35:50 --> $config['composer_autoload'] is set to TRUE but C:\xampp\htdocs\back_inscribite\application\vendor/autoload.php was not found.
ERROR - 2016-09-30 16:35:50 --> $config['composer_autoload'] is set to TRUE but C:\xampp\htdocs\back_inscribite\application\vendor/autoload.php was not found.
ERROR - 2016-09-30 16:35:50 --> 404 Page Not Found: /index
ERROR - 2016-09-30 16:35:50 --> 404 Page Not Found: /index
ERROR - 2016-09-30 16:35:50 --> $config['composer_autoload'] is set to TRUE but C:\xampp\htdocs\back_inscribite\application\vendor/autoload.php was not found.
ERROR - 2016-09-30 16:35:50 --> $config['composer_autoload'] is set to TRUE but C:\xampp\htdocs\back_inscribite\application\vendor/autoload.php was not found.
ERROR - 2016-09-30 16:35:50 --> 404 Page Not Found: /index
ERROR - 2016-09-30 16:35:50 --> 404 Page Not Found: /index
ERROR - 2016-09-30 16:35:50 --> $config['composer_autoload'] is set to TRUE but C:\xampp\htdocs\back_inscribite\application\vendor/autoload.php was not found.
ERROR - 2016-09-30 16:35:51 --> 404 Page Not Found: /index
ERROR - 2016-09-30 16:35:51 --> 404 Page Not Found: /index
ERROR - 2016-09-30 16:35:51 --> 404 Page Not Found: /index
ERROR - 2016-09-30 16:35:51 --> 404 Page Not Found: /index
ERROR - 2016-09-30 16:35:51 --> 404 Page Not Found: /index
ERROR - 2016-09-30 16:35:51 --> $config['composer_autoload'] is set to TRUE but C:\xampp\htdocs\back_inscribite\application\vendor/autoload.php was not found.
ERROR - 2016-09-30 16:35:51 --> 404 Page Not Found: /index
ERROR - 2016-09-30 16:35:51 --> $config['composer_autoload'] is set to TRUE but C:\xampp\htdocs\back_inscribite\application\vendor/autoload.php was not found.
ERROR - 2016-09-30 16:35:51 --> 404 Page Not Found: /index
ERROR - 2016-09-30 16:35:51 --> $config['composer_autoload'] is set to TRUE but C:\xampp\htdocs\back_inscribite\application\vendor/autoload.php was not found.
ERROR - 2016-09-30 16:35:51 --> 404 Page Not Found: /index
ERROR - 2016-09-30 16:35:51 --> $config['composer_autoload'] is set to TRUE but C:\xampp\htdocs\back_inscribite\application\vendor/autoload.php was not found.
ERROR - 2016-09-30 16:35:51 --> 404 Page Not Found: /index
ERROR - 2016-09-30 16:35:51 --> $config['composer_autoload'] is set to TRUE but C:\xampp\htdocs\back_inscribite\application\vendor/autoload.php was not found.
ERROR - 2016-09-30 16:35:51 --> 404 Page Not Found: /index
ERROR - 2016-09-30 16:35:51 --> $config['composer_autoload'] is set to TRUE but C:\xampp\htdocs\back_inscribite\application\vendor/autoload.php was not found.
ERROR - 2016-09-30 16:35:51 --> 404 Page Not Found: /index
ERROR - 2016-09-30 16:35:51 --> $config['composer_autoload'] is set to TRUE but C:\xampp\htdocs\back_inscribite\application\vendor/autoload.php was not found.
ERROR - 2016-09-30 16:35:51 --> 404 Page Not Found: /index
ERROR - 2016-09-30 16:35:51 --> $config['composer_autoload'] is set to TRUE but C:\xampp\htdocs\back_inscribite\application\vendor/autoload.php was not found.
ERROR - 2016-09-30 16:35:51 --> 404 Page Not Found: /index
ERROR - 2016-09-30 16:35:51 --> $config['composer_autoload'] is set to TRUE but C:\xampp\htdocs\back_inscribite\application\vendor/autoload.php was not found.
ERROR - 2016-09-30 16:35:51 --> 404 Page Not Found: /index
ERROR - 2016-09-30 16:35:51 --> $config['composer_autoload'] is set to TRUE but C:\xampp\htdocs\back_inscribite\application\vendor/autoload.php was not found.
ERROR - 2016-09-30 16:35:52 --> Severity: Error --> Call to undefined function esRol() C:\xampp\htdocs\back_inscribite\application\modules\web\modelo\Pago.php 173
ERROR - 2016-09-30 16:35:52 --> $config['composer_autoload'] is set to TRUE but C:\xampp\htdocs\back_inscribite\application\vendor/autoload.php was not found.
ERROR - 2016-09-30 16:35:52 --> 404 Page Not Found: /index
ERROR - 2016-09-30 16:35:55 --> $config['composer_autoload'] is set to TRUE but C:\xampp\htdocs\back_inscribite\application\vendor/autoload.php was not found.
ERROR - 2016-09-30 16:35:55 --> $config['composer_autoload'] is set to TRUE but C:\xampp\htdocs\back_inscribite\application\vendor/autoload.php was not found.
ERROR - 2016-09-30 16:35:55 --> Severity: error --> Exception: The target-entity Cuentaempresa cannot be found in 'Liquidacioncuentas#cuenta'. C:\xampp\htdocs\back_inscribite\vendor\doctrine\orm\lib\Doctrine\ORM\Mapping\MappingException.php 762
ERROR - 2016-09-30 16:35:57 --> $config['composer_autoload'] is set to TRUE but C:\xampp\htdocs\back_inscribite\application\vendor/autoload.php was not found.
ERROR - 2016-09-30 16:35:57 --> $config['composer_autoload'] is set to TRUE but C:\xampp\htdocs\back_inscribite\application\vendor/autoload.php was not found.
ERROR - 2016-09-30 16:35:57 --> $config['composer_autoload'] is set to TRUE but C:\xampp\htdocs\back_inscribite\application\vendor/autoload.php was not found.
ERROR - 2016-09-30 16:35:57 --> $config['composer_autoload'] is set to TRUE but C:\xampp\htdocs\back_inscribite\application\vendor/autoload.php was not found.
ERROR - 2016-09-30 16:35:57 --> $config['composer_autoload'] is set to TRUE but C:\xampp\htdocs\back_inscribite\application\vendor/autoload.php was not found.
ERROR - 2016-09-30 16:35:57 --> 404 Page Not Found: /index
ERROR - 2016-09-30 16:35:57 --> 404 Page Not Found: /index
ERROR - 2016-09-30 16:35:57 --> $config['composer_autoload'] is set to TRUE but C:\xampp\htdocs\back_inscribite\application\vendor/autoload.php was not found.
ERROR - 2016-09-30 16:35:57 --> $config['composer_autoload'] is set to TRUE but C:\xampp\htdocs\back_inscribite\application\vendor/autoload.php was not found.
ERROR - 2016-09-30 16:35:57 --> $config['composer_autoload'] is set to TRUE but C:\xampp\htdocs\back_inscribite\application\vendor/autoload.php was not found.
ERROR - 2016-09-30 16:35:57 --> 404 Page Not Found: /index
ERROR - 2016-09-30 16:35:57 --> 404 Page Not Found: /index
ERROR - 2016-09-30 16:35:57 --> 404 Page Not Found: /index
ERROR - 2016-09-30 16:35:57 --> $config['composer_autoload'] is set to TRUE but C:\xampp\htdocs\back_inscribite\application\vendor/autoload.php was not found.
ERROR - 2016-09-30 16:35:57 --> 404 Page Not Found: /index
ERROR - 2016-09-30 16:35:57 --> $config['composer_autoload'] is set to TRUE but C:\xampp\htdocs\back_inscribite\application\vendor/autoload.php was not found.
ERROR - 2016-09-30 16:35:57 --> 404 Page Not Found: /index
ERROR - 2016-09-30 16:35:57 --> 404 Page Not Found: /index
ERROR - 2016-09-30 16:35:57 --> 404 Page Not Found: /index
ERROR - 2016-09-30 16:35:57 --> $config['composer_autoload'] is set to TRUE but C:\xampp\htdocs\back_inscribite\application\vendor/autoload.php was not found.
ERROR - 2016-09-30 16:35:57 --> 404 Page Not Found: /index
ERROR - 2016-09-30 16:35:57 --> $config['composer_autoload'] is set to TRUE but C:\xampp\htdocs\back_inscribite\application\vendor/autoload.php was not found.
ERROR - 2016-09-30 16:35:57 --> 404 Page Not Found: /index
ERROR - 2016-09-30 16:35:57 --> $config['composer_autoload'] is set to TRUE but C:\xampp\htdocs\back_inscribite\application\vendor/autoload.php was not found.
ERROR - 2016-09-30 16:35:58 --> 404 Page Not Found: /index
ERROR - 2016-09-30 16:35:58 --> $config['composer_autoload'] is set to TRUE but C:\xampp\htdocs\back_inscribite\application\vendor/autoload.php was not found.
ERROR - 2016-09-30 16:35:58 --> 404 Page Not Found: /index
ERROR - 2016-09-30 16:35:58 --> $config['composer_autoload'] is set to TRUE but C:\xampp\htdocs\back_inscribite\application\vendor/autoload.php was not found.
ERROR - 2016-09-30 16:35:58 --> 404 Page Not Found: /index
ERROR - 2016-09-30 16:35:58 --> $config['composer_autoload'] is set to TRUE but C:\xampp\htdocs\back_inscribite\application\vendor/autoload.php was not found.
ERROR - 2016-09-30 16:35:58 --> 404 Page Not Found: /index
ERROR - 2016-09-30 16:35:58 --> $config['composer_autoload'] is set to TRUE but C:\xampp\htdocs\back_inscribite\application\vendor/autoload.php was not found.
ERROR - 2016-09-30 16:35:58 --> 404 Page Not Found: /index
ERROR - 2016-09-30 16:35:58 --> $config['composer_autoload'] is set to TRUE but C:\xampp\htdocs\back_inscribite\application\vendor/autoload.php was not found.
ERROR - 2016-09-30 16:35:58 --> 404 Page Not Found: /index
ERROR - 2016-09-30 16:35:58 --> $config['composer_autoload'] is set to TRUE but C:\xampp\htdocs\back_inscribite\application\vendor/autoload.php was not found.
ERROR - 2016-09-30 16:35:58 --> 404 Page Not Found: /index
ERROR - 2016-09-30 16:35:58 --> $config['composer_autoload'] is set to TRUE but C:\xampp\htdocs\back_inscribite\application\vendor/autoload.php was not found.
ERROR - 2016-09-30 16:35:58 --> Severity: Error --> Call to undefined function esRol() C:\xampp\htdocs\back_inscribite\application\modules\web\modelo\Pago.php 173
ERROR - 2016-09-30 16:36:03 --> $config['composer_autoload'] is set to TRUE but C:\xampp\htdocs\back_inscribite\application\vendor/autoload.php was not found.
ERROR - 2016-09-30 16:36:04 --> $config['composer_autoload'] is set to TRUE but C:\xampp\htdocs\back_inscribite\application\vendor/autoload.php was not found.
ERROR - 2016-09-30 16:36:04 --> $config['composer_autoload'] is set to TRUE but C:\xampp\htdocs\back_inscribite\application\vendor/autoload.php was not found.
ERROR - 2016-09-30 16:36:04 --> $config['composer_autoload'] is set to TRUE but C:\xampp\htdocs\back_inscribite\application\vendor/autoload.php was not found.
ERROR - 2016-09-30 16:36:04 --> $config['composer_autoload'] is set to TRUE but C:\xampp\htdocs\back_inscribite\application\vendor/autoload.php was not found.
ERROR - 2016-09-30 16:36:04 --> $config['composer_autoload'] is set to TRUE but C:\xampp\htdocs\back_inscribite\application\vendor/autoload.php was not found.
ERROR - 2016-09-30 16:36:04 --> $config['composer_autoload'] is set to TRUE but C:\xampp\htdocs\back_inscribite\application\vendor/autoload.php was not found.
ERROR - 2016-09-30 16:36:04 --> 404 Page Not Found: /index
ERROR - 2016-09-30 16:36:04 --> 404 Page Not Found: /index
ERROR - 2016-09-30 16:36:04 --> 404 Page Not Found: /index
ERROR - 2016-09-30 16:36:04 --> $config['composer_autoload'] is set to TRUE but C:\xampp\htdocs\back_inscribite\application\vendor/autoload.php was not found.
ERROR - 2016-09-30 16:36:04 --> $config['composer_autoload'] is set to TRUE but C:\xampp\htdocs\back_inscribite\application\vendor/autoload.php was not found.
ERROR - 2016-09-30 16:36:04 --> $config['composer_autoload'] is set to TRUE but C:\xampp\htdocs\back_inscribite\application\vendor/autoload.php was not found.
ERROR - 2016-09-30 16:36:04 --> 404 Page Not Found: /index
ERROR - 2016-09-30 16:36:04 --> 404 Page Not Found: /index
ERROR - 2016-09-30 16:36:04 --> 404 Page Not Found: /index
ERROR - 2016-09-30 16:36:04 --> 404 Page Not Found: /index
ERROR - 2016-09-30 16:36:04 --> 404 Page Not Found: /index
ERROR - 2016-09-30 16:36:04 --> 404 Page Not Found: /index
ERROR - 2016-09-30 16:36:04 --> $config['composer_autoload'] is set to TRUE but C:\xampp\htdocs\back_inscribite\application\vendor/autoload.php was not found.
ERROR - 2016-09-30 16:36:04 --> 404 Page Not Found: /index
ERROR - 2016-09-30 16:36:04 --> $config['composer_autoload'] is set to TRUE but C:\xampp\htdocs\back_inscribite\application\vendor/autoload.php was not found.
ERROR - 2016-09-30 16:36:04 --> 404 Page Not Found: /index
ERROR - 2016-09-30 16:36:04 --> $config['composer_autoload'] is set to TRUE but C:\xampp\htdocs\back_inscribite\application\vendor/autoload.php was not found.
ERROR - 2016-09-30 16:36:04 --> 404 Page Not Found: /index
ERROR - 2016-09-30 16:36:04 --> $config['composer_autoload'] is set to TRUE but C:\xampp\htdocs\back_inscribite\application\vendor/autoload.php was not found.
ERROR - 2016-09-30 16:36:04 --> 404 Page Not Found: /index
ERROR - 2016-09-30 16:36:04 --> $config['composer_autoload'] is set to TRUE but C:\xampp\htdocs\back_inscribite\application\vendor/autoload.php was not found.
ERROR - 2016-09-30 16:36:04 --> 404 Page Not Found: /index
ERROR - 2016-09-30 16:36:04 --> $config['composer_autoload'] is set to TRUE but C:\xampp\htdocs\back_inscribite\application\vendor/autoload.php was not found.
ERROR - 2016-09-30 16:36:04 --> 404 Page Not Found: /index
ERROR - 2016-09-30 16:36:04 --> $config['composer_autoload'] is set to TRUE but C:\xampp\htdocs\back_inscribite\application\vendor/autoload.php was not found.
ERROR - 2016-09-30 16:36:04 --> 404 Page Not Found: /index
ERROR - 2016-09-30 16:36:04 --> $config['composer_autoload'] is set to TRUE but C:\xampp\htdocs\back_inscribite\application\vendor/autoload.php was not found.
ERROR - 2016-09-30 16:36:04 --> 404 Page Not Found: /index
ERROR - 2016-09-30 16:36:04 --> $config['composer_autoload'] is set to TRUE but C:\xampp\htdocs\back_inscribite\application\vendor/autoload.php was not found.
ERROR - 2016-09-30 16:36:04 --> 404 Page Not Found: /index
ERROR - 2016-09-30 16:36:04 --> $config['composer_autoload'] is set to TRUE but C:\xampp\htdocs\back_inscribite\application\vendor/autoload.php was not found.
ERROR - 2016-09-30 16:36:05 --> Severity: Error --> Call to undefined function esRol() C:\xampp\htdocs\back_inscribite\application\modules\web\modelo\Pago.php 173
ERROR - 2016-09-30 16:36:11 --> $config['composer_autoload'] is set to TRUE but C:\xampp\htdocs\back_inscribite\application\vendor/autoload.php was not found.
ERROR - 2016-09-30 16:36:11 --> $config['composer_autoload'] is set to TRUE but C:\xampp\htdocs\back_inscribite\application\vendor/autoload.php was not found.
ERROR - 2016-09-30 16:36:11 --> $config['composer_autoload'] is set to TRUE but C:\xampp\htdocs\back_inscribite\application\vendor/autoload.php was not found.
ERROR - 2016-09-30 16:36:11 --> $config['composer_autoload'] is set to TRUE but C:\xampp\htdocs\back_inscribite\application\vendor/autoload.php was not found.
ERROR - 2016-09-30 16:36:11 --> $config['composer_autoload'] is set to TRUE but C:\xampp\htdocs\back_inscribite\application\vendor/autoload.php was not found.
ERROR - 2016-09-30 16:36:11 --> $config['composer_autoload'] is set to TRUE but C:\xampp\htdocs\back_inscribite\application\vendor/autoload.php was not found.
ERROR - 2016-09-30 16:36:11 --> $config['composer_autoload'] is set to TRUE but C:\xampp\htdocs\back_inscribite\application\vendor/autoload.php was not found.
ERROR - 2016-09-30 16:36:11 --> 404 Page Not Found: /index
ERROR - 2016-09-30 16:36:11 --> 404 Page Not Found: /index
ERROR - 2016-09-30 16:36:11 --> 404 Page Not Found: /index
ERROR - 2016-09-30 16:36:11 --> $config['composer_autoload'] is set to TRUE but C:\xampp\htdocs\back_inscribite\application\vendor/autoload.php was not found.
ERROR - 2016-09-30 16:36:11 --> $config['composer_autoload'] is set to TRUE but C:\xampp\htdocs\back_inscribite\application\vendor/autoload.php was not found.
ERROR - 2016-09-30 16:36:11 --> 404 Page Not Found: /index
ERROR - 2016-09-30 16:36:11 --> $config['composer_autoload'] is set to TRUE but C:\xampp\htdocs\back_inscribite\application\vendor/autoload.php was not found.
ERROR - 2016-09-30 16:36:11 --> 404 Page Not Found: /index
ERROR - 2016-09-30 16:36:11 --> 404 Page Not Found: /index
ERROR - 2016-09-30 16:36:11 --> 404 Page Not Found: /index
ERROR - 2016-09-30 16:36:11 --> 404 Page Not Found: /index
ERROR - 2016-09-30 16:36:11 --> 404 Page Not Found: /index
ERROR - 2016-09-30 16:36:11 --> $config['composer_autoload'] is set to TRUE but C:\xampp\htdocs\back_inscribite\application\vendor/autoload.php was not found.
ERROR - 2016-09-30 16:36:11 --> 404 Page Not Found: /index
ERROR - 2016-09-30 16:36:11 --> $config['composer_autoload'] is set to TRUE but C:\xampp\htdocs\back_inscribite\application\vendor/autoload.php was not found.
ERROR - 2016-09-30 16:36:11 --> 404 Page Not Found: /index
ERROR - 2016-09-30 16:36:11 --> $config['composer_autoload'] is set to TRUE but C:\xampp\htdocs\back_inscribite\application\vendor/autoload.php was not found.
ERROR - 2016-09-30 16:36:11 --> 404 Page Not Found: /index
ERROR - 2016-09-30 16:36:11 --> $config['composer_autoload'] is set to TRUE but C:\xampp\htdocs\back_inscribite\application\vendor/autoload.php was not found.
ERROR - 2016-09-30 16:36:11 --> 404 Page Not Found: /index
ERROR - 2016-09-30 16:36:11 --> $config['composer_autoload'] is set to TRUE but C:\xampp\htdocs\back_inscribite\application\vendor/autoload.php was not found.
ERROR - 2016-09-30 16:36:11 --> 404 Page Not Found: /index
ERROR - 2016-09-30 16:36:11 --> $config['composer_autoload'] is set to TRUE but C:\xampp\htdocs\back_inscribite\application\vendor/autoload.php was not found.
ERROR - 2016-09-30 16:36:11 --> 404 Page Not Found: /index
ERROR - 2016-09-30 16:36:11 --> $config['composer_autoload'] is set to TRUE but C:\xampp\htdocs\back_inscribite\application\vendor/autoload.php was not found.
ERROR - 2016-09-30 16:36:11 --> 404 Page Not Found: /index
ERROR - 2016-09-30 16:36:11 --> $config['composer_autoload'] is set to TRUE but C:\xampp\htdocs\back_inscribite\application\vendor/autoload.php was not found.
ERROR - 2016-09-30 16:36:11 --> 404 Page Not Found: /index
ERROR - 2016-09-30 16:36:11 --> $config['composer_autoload'] is set to TRUE but C:\xampp\htdocs\back_inscribite\application\vendor/autoload.php was not found.
ERROR - 2016-09-30 16:36:11 --> 404 Page Not Found: /index
ERROR - 2016-09-30 16:36:11 --> $config['composer_autoload'] is set to TRUE but C:\xampp\htdocs\back_inscribite\application\vendor/autoload.php was not found.
ERROR - 2016-09-30 16:36:12 --> Severity: Error --> Call to undefined function esRol() C:\xampp\htdocs\back_inscribite\application\modules\web\modelo\Pago.php 173
ERROR - 2016-09-30 16:36:14 --> $config['composer_autoload'] is set to TRUE but C:\xampp\htdocs\back_inscribite\application\vendor/autoload.php was not found.
ERROR - 2016-09-30 16:36:35 --> $config['composer_autoload'] is set to TRUE but C:\xampp\htdocs\back_inscribite\application\vendor/autoload.php was not found.
ERROR - 2016-09-30 16:36:36 --> $config['composer_autoload'] is set to TRUE but C:\xampp\htdocs\back_inscribite\application\vendor/autoload.php was not found.
ERROR - 2016-09-30 16:36:36 --> $config['composer_autoload'] is set to TRUE but C:\xampp\htdocs\back_inscribite\application\vendor/autoload.php was not found.
ERROR - 2016-09-30 16:36:36 --> 404 Page Not Found: /index
ERROR - 2016-09-30 16:37:38 --> $config['composer_autoload'] is set to TRUE but C:\xampp\htdocs\back_inscribite\application\vendor/autoload.php was not found.
ERROR - 2016-09-30 16:37:38 --> $config['composer_autoload'] is set to TRUE but C:\xampp\htdocs\back_inscribite\application\vendor/autoload.php was not found.
ERROR - 2016-09-30 16:37:38 --> $config['composer_autoload'] is set to TRUE but C:\xampp\htdocs\back_inscribite\application\vendor/autoload.php was not found.
ERROR - 2016-09-30 16:37:38 --> 404 Page Not Found: /index
ERROR - 2016-09-30 16:37:43 --> $config['composer_autoload'] is set to TRUE but C:\xampp\htdocs\back_inscribite\application\vendor/autoload.php was not found.
ERROR - 2016-09-30 16:37:43 --> 404 Page Not Found: /index
ERROR - 2016-09-30 16:37:46 --> $config['composer_autoload'] is set to TRUE but C:\xampp\htdocs\back_inscribite\application\vendor/autoload.php was not found.
ERROR - 2016-09-30 16:37:46 --> $config['composer_autoload'] is set to TRUE but C:\xampp\htdocs\back_inscribite\application\vendor/autoload.php was not found.
ERROR - 2016-09-30 16:38:13 --> $config['composer_autoload'] is set to TRUE but C:\xampp\htdocs\back_inscribite\application\vendor/autoload.php was not found.
ERROR - 2016-09-30 16:38:14 --> $config['composer_autoload'] is set to TRUE but C:\xampp\htdocs\back_inscribite\application\vendor/autoload.php was not found.
ERROR - 2016-09-30 16:38:14 --> $config['composer_autoload'] is set to TRUE but C:\xampp\htdocs\back_inscribite\application\vendor/autoload.php was not found.
ERROR - 2016-09-30 16:38:14 --> 404 Page Not Found: /index
ERROR - 2016-09-30 16:38:44 --> $config['composer_autoload'] is set to TRUE but C:\xampp\htdocs\back_inscribite\application\vendor/autoload.php was not found.
ERROR - 2016-09-30 16:38:44 --> $config['composer_autoload'] is set to TRUE but C:\xampp\htdocs\back_inscribite\application\vendor/autoload.php was not found.
ERROR - 2016-09-30 16:38:44 --> $config['composer_autoload'] is set to TRUE but C:\xampp\htdocs\back_inscribite\application\vendor/autoload.php was not found.
ERROR - 2016-09-30 16:38:44 --> 404 Page Not Found: /index
ERROR - 2016-09-30 16:38:58 --> $config['composer_autoload'] is set to TRUE but C:\xampp\htdocs\back_inscribite\application\vendor/autoload.php was not found.
ERROR - 2016-09-30 16:38:59 --> $config['composer_autoload'] is set to TRUE but C:\xampp\htdocs\back_inscribite\application\vendor/autoload.php was not found.
ERROR - 2016-09-30 16:38:59 --> $config['composer_autoload'] is set to TRUE but C:\xampp\htdocs\back_inscribite\application\vendor/autoload.php was not found.
ERROR - 2016-09-30 16:38:59 --> $config['composer_autoload'] is set to TRUE but C:\xampp\htdocs\back_inscribite\application\vendor/autoload.php was not found.
ERROR - 2016-09-30 16:38:59 --> $config['composer_autoload'] is set to TRUE but C:\xampp\htdocs\back_inscribite\application\vendor/autoload.php was not found.
ERROR - 2016-09-30 16:38:59 --> 404 Page Not Found: /index
ERROR - 2016-09-30 16:38:59 --> 404 Page Not Found: /index
ERROR - 2016-09-30 16:38:59 --> $config['composer_autoload'] is set to TRUE but C:\xampp\htdocs\back_inscribite\application\vendor/autoload.php was not found.
ERROR - 2016-09-30 16:38:59 --> $config['composer_autoload'] is set to TRUE but C:\xampp\htdocs\back_inscribite\application\vendor/autoload.php was not found.
ERROR - 2016-09-30 16:38:59 --> 404 Page Not Found: /index
ERROR - 2016-09-30 16:38:59 --> $config['composer_autoload'] is set to TRUE but C:\xampp\htdocs\back_inscribite\application\vendor/autoload.php was not found.
ERROR - 2016-09-30 16:38:59 --> $config['composer_autoload'] is set to TRUE but C:\xampp\htdocs\back_inscribite\application\vendor/autoload.php was not found.
ERROR - 2016-09-30 16:38:59 --> 404 Page Not Found: /index
ERROR - 2016-09-30 16:38:59 --> $config['composer_autoload'] is set to TRUE but C:\xampp\htdocs\back_inscribite\application\vendor/autoload.php was not found.
ERROR - 2016-09-30 16:38:59 --> 404 Page Not Found: /index
ERROR - 2016-09-30 16:38:59 --> 404 Page Not Found: /index
ERROR - 2016-09-30 16:38:59 --> 404 Page Not Found: /index
ERROR - 2016-09-30 16:38:59 --> 404 Page Not Found: /index
ERROR - 2016-09-30 16:38:59 --> 404 Page Not Found: /index
ERROR - 2016-09-30 16:38:59 --> $config['composer_autoload'] is set to TRUE but C:\xampp\htdocs\back_inscribite\application\vendor/autoload.php was not found.
ERROR - 2016-09-30 16:38:59 --> 404 Page Not Found: /index
ERROR - 2016-09-30 16:38:59 --> $config['composer_autoload'] is set to TRUE but C:\xampp\htdocs\back_inscribite\application\vendor/autoload.php was not found.
ERROR - 2016-09-30 16:38:59 --> 404 Page Not Found: /index
ERROR - 2016-09-30 16:38:59 --> $config['composer_autoload'] is set to TRUE but C:\xampp\htdocs\back_inscribite\application\vendor/autoload.php was not found.
ERROR - 2016-09-30 16:38:59 --> 404 Page Not Found: /index
ERROR - 2016-09-30 16:38:59 --> $config['composer_autoload'] is set to TRUE but C:\xampp\htdocs\back_inscribite\application\vendor/autoload.php was not found.
ERROR - 2016-09-30 16:38:59 --> 404 Page Not Found: /index
ERROR - 2016-09-30 16:38:59 --> $config['composer_autoload'] is set to TRUE but C:\xampp\htdocs\back_inscribite\application\vendor/autoload.php was not found.
ERROR - 2016-09-30 16:38:59 --> 404 Page Not Found: /index
ERROR - 2016-09-30 16:38:59 --> $config['composer_autoload'] is set to TRUE but C:\xampp\htdocs\back_inscribite\application\vendor/autoload.php was not found.
ERROR - 2016-09-30 16:38:59 --> 404 Page Not Found: /index
ERROR - 2016-09-30 16:38:59 --> $config['composer_autoload'] is set to TRUE but C:\xampp\htdocs\back_inscribite\application\vendor/autoload.php was not found.
ERROR - 2016-09-30 16:38:59 --> 404 Page Not Found: /index
ERROR - 2016-09-30 16:38:59 --> $config['composer_autoload'] is set to TRUE but C:\xampp\htdocs\back_inscribite\application\vendor/autoload.php was not found.
ERROR - 2016-09-30 16:38:59 --> 404 Page Not Found: /index
ERROR - 2016-09-30 16:38:59 --> $config['composer_autoload'] is set to TRUE but C:\xampp\htdocs\back_inscribite\application\vendor/autoload.php was not found.
ERROR - 2016-09-30 16:38:59 --> 404 Page Not Found: /index
ERROR - 2016-09-30 16:38:59 --> $config['composer_autoload'] is set to TRUE but C:\xampp\htdocs\back_inscribite\application\vendor/autoload.php was not found.
ERROR - 2016-09-30 16:38:59 --> Severity: Error --> Call to undefined function esRol() C:\xampp\htdocs\back_inscribite\application\modules\web\modelo\Pago.php 173
ERROR - 2016-09-30 16:39:07 --> $config['composer_autoload'] is set to TRUE but C:\xampp\htdocs\back_inscribite\application\vendor/autoload.php was not found.
ERROR - 2016-09-30 16:39:07 --> $config['composer_autoload'] is set to TRUE but C:\xampp\htdocs\back_inscribite\application\vendor/autoload.php was not found.
ERROR - 2016-09-30 16:39:07 --> $config['composer_autoload'] is set to TRUE but C:\xampp\htdocs\back_inscribite\application\vendor/autoload.php was not found.
ERROR - 2016-09-30 16:39:07 --> $config['composer_autoload'] is set to TRUE but C:\xampp\htdocs\back_inscribite\application\vendor/autoload.php was not found.
ERROR - 2016-09-30 16:39:07 --> $config['composer_autoload'] is set to TRUE but C:\xampp\htdocs\back_inscribite\application\vendor/autoload.php was not found.
ERROR - 2016-09-30 16:39:07 --> $config['composer_autoload'] is set to TRUE but C:\xampp\htdocs\back_inscribite\application\vendor/autoload.php was not found.
ERROR - 2016-09-30 16:39:07 --> $config['composer_autoload'] is set to TRUE but C:\xampp\htdocs\back_inscribite\application\vendor/autoload.php was not found.
ERROR - 2016-09-30 16:39:07 --> 404 Page Not Found: /index
ERROR - 2016-09-30 16:39:07 --> 404 Page Not Found: /index
ERROR - 2016-09-30 16:39:07 --> 404 Page Not Found: /index
ERROR - 2016-09-30 16:39:07 --> $config['composer_autoload'] is set to TRUE but C:\xampp\htdocs\back_inscribite\application\vendor/autoload.php was not found.
ERROR - 2016-09-30 16:39:07 --> $config['composer_autoload'] is set to TRUE but C:\xampp\htdocs\back_inscribite\application\vendor/autoload.php was not found.
ERROR - 2016-09-30 16:39:07 --> $config['composer_autoload'] is set to TRUE but C:\xampp\htdocs\back_inscribite\application\vendor/autoload.php was not found.
ERROR - 2016-09-30 16:39:07 --> 404 Page Not Found: /index
ERROR - 2016-09-30 16:39:07 --> 404 Page Not Found: /index
ERROR - 2016-09-30 16:39:07 --> 404 Page Not Found: /index
ERROR - 2016-09-30 16:39:07 --> 404 Page Not Found: /index
ERROR - 2016-09-30 16:39:07 --> 404 Page Not Found: /index
ERROR - 2016-09-30 16:39:07 --> 404 Page Not Found: /index
ERROR - 2016-09-30 16:39:07 --> $config['composer_autoload'] is set to TRUE but C:\xampp\htdocs\back_inscribite\application\vendor/autoload.php was not found.
ERROR - 2016-09-30 16:39:07 --> 404 Page Not Found: /index
ERROR - 2016-09-30 16:39:07 --> $config['composer_autoload'] is set to TRUE but C:\xampp\htdocs\back_inscribite\application\vendor/autoload.php was not found.
ERROR - 2016-09-30 16:39:07 --> 404 Page Not Found: /index
ERROR - 2016-09-30 16:39:07 --> $config['composer_autoload'] is set to TRUE but C:\xampp\htdocs\back_inscribite\application\vendor/autoload.php was not found.
ERROR - 2016-09-30 16:39:08 --> 404 Page Not Found: /index
ERROR - 2016-09-30 16:39:08 --> $config['composer_autoload'] is set to TRUE but C:\xampp\htdocs\back_inscribite\application\vendor/autoload.php was not found.
ERROR - 2016-09-30 16:39:08 --> 404 Page Not Found: /index
ERROR - 2016-09-30 16:39:08 --> $config['composer_autoload'] is set to TRUE but C:\xampp\htdocs\back_inscribite\application\vendor/autoload.php was not found.
ERROR - 2016-09-30 16:39:08 --> 404 Page Not Found: /index
ERROR - 2016-09-30 16:39:08 --> $config['composer_autoload'] is set to TRUE but C:\xampp\htdocs\back_inscribite\application\vendor/autoload.php was not found.
ERROR - 2016-09-30 16:39:08 --> 404 Page Not Found: /index
ERROR - 2016-09-30 16:39:08 --> $config['composer_autoload'] is set to TRUE but C:\xampp\htdocs\back_inscribite\application\vendor/autoload.php was not found.
ERROR - 2016-09-30 16:39:08 --> 404 Page Not Found: /index
ERROR - 2016-09-30 16:39:08 --> $config['composer_autoload'] is set to TRUE but C:\xampp\htdocs\back_inscribite\application\vendor/autoload.php was not found.
ERROR - 2016-09-30 16:39:08 --> 404 Page Not Found: /index
ERROR - 2016-09-30 16:39:08 --> $config['composer_autoload'] is set to TRUE but C:\xampp\htdocs\back_inscribite\application\vendor/autoload.php was not found.
ERROR - 2016-09-30 16:39:08 --> 404 Page Not Found: /index
ERROR - 2016-09-30 16:39:08 --> $config['composer_autoload'] is set to TRUE but C:\xampp\htdocs\back_inscribite\application\vendor/autoload.php was not found.
ERROR - 2016-09-30 16:39:08 --> Severity: Error --> Call to undefined function esRol() C:\xampp\htdocs\back_inscribite\application\modules\web\modelo\Pago.php 173
ERROR - 2016-09-30 16:40:17 --> $config['composer_autoload'] is set to TRUE but C:\xampp\htdocs\back_inscribite\application\vendor/autoload.php was not found.
ERROR - 2016-09-30 16:40:18 --> $config['composer_autoload'] is set to TRUE but C:\xampp\htdocs\back_inscribite\application\vendor/autoload.php was not found.
ERROR - 2016-09-30 16:40:18 --> $config['composer_autoload'] is set to TRUE but C:\xampp\htdocs\back_inscribite\application\vendor/autoload.php was not found.
ERROR - 2016-09-30 16:40:18 --> 404 Page Not Found: /index
ERROR - 2016-09-30 16:40:18 --> 404 Page Not Found: /index
ERROR - 2016-09-30 16:40:18 --> $config['composer_autoload'] is set to TRUE but C:\xampp\htdocs\back_inscribite\application\vendor/autoload.php was not found.
ERROR - 2016-09-30 16:40:18 --> 404 Page Not Found: /index
ERROR - 2016-09-30 16:40:18 --> $config['composer_autoload'] is set to TRUE but C:\xampp\htdocs\back_inscribite\application\vendor/autoload.php was not found.
ERROR - 2016-09-30 16:40:18 --> 404 Page Not Found: /index
ERROR - 2016-09-30 16:40:19 --> $config['composer_autoload'] is set to TRUE but C:\xampp\htdocs\back_inscribite\application\vendor/autoload.php was not found.
ERROR - 2016-09-30 16:40:19 --> $config['composer_autoload'] is set to TRUE but C:\xampp\htdocs\back_inscribite\application\vendor/autoload.php was not found.
ERROR - 2016-09-30 16:40:19 --> $config['composer_autoload'] is set to TRUE but C:\xampp\htdocs\back_inscribite\application\vendor/autoload.php was not found.
ERROR - 2016-09-30 16:40:19 --> Severity: Error --> Call to undefined function esRol() C:\xampp\htdocs\back_inscribite\application\modules\web\modelo\Pago.php 173
ERROR - 2016-09-30 16:40:19 --> Severity: Error --> Call to undefined function esRol() C:\xampp\htdocs\back_inscribite\application\modules\web\modelo\Pago.php 173
ERROR - 2016-09-30 16:41:59 --> $config['composer_autoload'] is set to TRUE but C:\xampp\htdocs\back_inscribite\application\vendor/autoload.php was not found.
ERROR - 2016-09-30 16:42:00 --> $config['composer_autoload'] is set to TRUE but C:\xampp\htdocs\back_inscribite\application\vendor/autoload.php was not found.
ERROR - 2016-09-30 16:42:00 --> $config['composer_autoload'] is set to TRUE but C:\xampp\htdocs\back_inscribite\application\vendor/autoload.php was not found.
ERROR - 2016-09-30 16:42:00 --> 404 Page Not Found: /index
ERROR - 2016-09-30 16:42:00 --> 404 Page Not Found: /index
ERROR - 2016-09-30 16:42:00 --> $config['composer_autoload'] is set to TRUE but C:\xampp\htdocs\back_inscribite\application\vendor/autoload.php was not found.
ERROR - 2016-09-30 16:42:00 --> 404 Page Not Found: /index
ERROR - 2016-09-30 16:42:00 --> $config['composer_autoload'] is set to TRUE but C:\xampp\htdocs\back_inscribite\application\vendor/autoload.php was not found.
ERROR - 2016-09-30 16:42:00 --> 404 Page Not Found: /index
ERROR - 2016-09-30 16:42:00 --> $config['composer_autoload'] is set to TRUE but C:\xampp\htdocs\back_inscribite\application\vendor/autoload.php was not found.
ERROR - 2016-09-30 16:42:00 --> $config['composer_autoload'] is set to TRUE but C:\xampp\htdocs\back_inscribite\application\vendor/autoload.php was not found.
ERROR - 2016-09-30 16:42:00 --> $config['composer_autoload'] is set to TRUE but C:\xampp\htdocs\back_inscribite\application\vendor/autoload.php was not found.
ERROR - 2016-09-30 16:42:01 --> Severity: Error --> Call to undefined function esRol() C:\xampp\htdocs\back_inscribite\application\modules\web\modelo\Pago.php 173
ERROR - 2016-09-30 16:42:01 --> Severity: Error --> Call to undefined function esRol() C:\xampp\htdocs\back_inscribite\application\modules\web\modelo\Pago.php 173
ERROR - 2016-09-30 16:42:26 --> $config['composer_autoload'] is set to TRUE but C:\xampp\htdocs\back_inscribite\application\vendor/autoload.php was not found.
ERROR - 2016-09-30 16:42:27 --> $config['composer_autoload'] is set to TRUE but C:\xampp\htdocs\back_inscribite\application\vendor/autoload.php was not found.
ERROR - 2016-09-30 16:42:27 --> $config['composer_autoload'] is set to TRUE but C:\xampp\htdocs\back_inscribite\application\vendor/autoload.php was not found.
ERROR - 2016-09-30 16:42:27 --> 404 Page Not Found: /index
ERROR - 2016-09-30 16:42:27 --> 404 Page Not Found: /index
ERROR - 2016-09-30 16:42:27 --> $config['composer_autoload'] is set to TRUE but C:\xampp\htdocs\back_inscribite\application\vendor/autoload.php was not found.
ERROR - 2016-09-30 16:42:27 --> 404 Page Not Found: /index
ERROR - 2016-09-30 16:42:27 --> $config['composer_autoload'] is set to TRUE but C:\xampp\htdocs\back_inscribite\application\vendor/autoload.php was not found.
ERROR - 2016-09-30 16:42:27 --> 404 Page Not Found: /index
ERROR - 2016-09-30 16:42:27 --> $config['composer_autoload'] is set to TRUE but C:\xampp\htdocs\back_inscribite\application\vendor/autoload.php was not found.
ERROR - 2016-09-30 16:42:27 --> $config['composer_autoload'] is set to TRUE but C:\xampp\htdocs\back_inscribite\application\vendor/autoload.php was not found.
ERROR - 2016-09-30 16:42:27 --> $config['composer_autoload'] is set to TRUE but C:\xampp\htdocs\back_inscribite\application\vendor/autoload.php was not found.
ERROR - 2016-09-30 16:42:28 --> Severity: Error --> Call to undefined function esRol() C:\xampp\htdocs\back_inscribite\application\modules\web\modelo\Pago.php 173
ERROR - 2016-09-30 16:42:28 --> Severity: Error --> Call to undefined function esRol() C:\xampp\htdocs\back_inscribite\application\modules\web\modelo\Pago.php 173
ERROR - 2016-09-30 16:42:39 --> $config['composer_autoload'] is set to TRUE but C:\xampp\htdocs\back_inscribite\application\vendor/autoload.php was not found.
ERROR - 2016-09-30 16:42:39 --> $config['composer_autoload'] is set to TRUE but C:\xampp\htdocs\back_inscribite\application\vendor/autoload.php was not found.
ERROR - 2016-09-30 16:42:39 --> $config['composer_autoload'] is set to TRUE but C:\xampp\htdocs\back_inscribite\application\vendor/autoload.php was not found.
ERROR - 2016-09-30 16:42:39 --> 404 Page Not Found: /index
ERROR - 2016-09-30 16:42:39 --> 404 Page Not Found: /index
ERROR - 2016-09-30 16:42:39 --> $config['composer_autoload'] is set to TRUE but C:\xampp\htdocs\back_inscribite\application\vendor/autoload.php was not found.
ERROR - 2016-09-30 16:42:40 --> 404 Page Not Found: /index
ERROR - 2016-09-30 16:42:40 --> $config['composer_autoload'] is set to TRUE but C:\xampp\htdocs\back_inscribite\application\vendor/autoload.php was not found.
ERROR - 2016-09-30 16:42:40 --> 404 Page Not Found: /index
ERROR - 2016-09-30 16:42:40 --> $config['composer_autoload'] is set to TRUE but C:\xampp\htdocs\back_inscribite\application\vendor/autoload.php was not found.
ERROR - 2016-09-30 16:42:40 --> $config['composer_autoload'] is set to TRUE but C:\xampp\htdocs\back_inscribite\application\vendor/autoload.php was not found.
ERROR - 2016-09-30 16:42:40 --> $config['composer_autoload'] is set to TRUE but C:\xampp\htdocs\back_inscribite\application\vendor/autoload.php was not found.
ERROR - 2016-09-30 16:42:40 --> Severity: Error --> Call to undefined function esRol() C:\xampp\htdocs\back_inscribite\application\modules\web\modelo\Pago.php 173
ERROR - 2016-09-30 16:42:41 --> Severity: Error --> Call to undefined function esRol() C:\xampp\htdocs\back_inscribite\application\modules\web\modelo\Pago.php 173
ERROR - 2016-09-30 17:31:08 --> $config['composer_autoload'] is set to TRUE but C:\xampp\htdocs\back_inscribite\application\vendor/autoload.php was not found.
ERROR - 2016-09-30 17:31:08 --> $config['composer_autoload'] is set to TRUE but C:\xampp\htdocs\back_inscribite\application\vendor/autoload.php was not found.
ERROR - 2016-09-30 17:31:09 --> $config['composer_autoload'] is set to TRUE but C:\xampp\htdocs\back_inscribite\application\vendor/autoload.php was not found.
ERROR - 2016-09-30 17:31:09 --> $config['composer_autoload'] is set to TRUE but C:\xampp\htdocs\back_inscribite\application\vendor/autoload.php was not found.
ERROR - 2016-09-30 17:31:09 --> 404 Page Not Found: /index
ERROR - 2016-09-30 17:31:09 --> 404 Page Not Found: /index
ERROR - 2016-09-30 17:31:09 --> 404 Page Not Found: /index
ERROR - 2016-09-30 17:31:09 --> $config['composer_autoload'] is set to TRUE but C:\xampp\htdocs\back_inscribite\application\vendor/autoload.php was not found.
ERROR - 2016-09-30 17:31:09 --> 404 Page Not Found: /index
ERROR - 2016-09-30 17:31:09 --> $config['composer_autoload'] is set to TRUE but C:\xampp\htdocs\back_inscribite\application\vendor/autoload.php was not found.
ERROR - 2016-09-30 17:31:09 --> 404 Page Not Found: /index
ERROR - 2016-09-30 17:32:08 --> $config['composer_autoload'] is set to TRUE but C:\xampp\htdocs\back_inscribite\application\vendor/autoload.php was not found.
ERROR - 2016-09-30 17:32:08 --> $config['composer_autoload'] is set to TRUE but C:\xampp\htdocs\back_inscribite\application\vendor/autoload.php was not found.
ERROR - 2016-09-30 17:32:08 --> Severity: error --> Exception: An exception occurred while executing 'SELECT t0.vin_id AS vin_id_1, t0.vin_nombre AS vin_nombre_2, t0.vin_bodega AS vin_bodega_3, t0.vin_cosecha AS vin_cosecha_4, t0.vin_region AS vin_region_5, t0.vin_apelacion AS vin_apelacion_6, t0.vin_descripcion AS vin_descripcion_7, t0.vin_pais AS vin_pais_8, t0.vin_variedad AS vin_variedad_9, t0.vin_corte AS vin_corte_10, t0.vin_foto AS vin_foto_11, t0.vin_pts_ws AS vin_pts_ws_12, t0.vin_pts_parker AS vin_pts_parker_13, t0.vin_pts_atkien AS vin_pts_atkien_14, t0.vin_pts_suckling AS vin_pts_suckling_15, t0.vin_pts_stanzer AS vin_pts_stanzer_16, t0.vin_crianza AS vin_crianza_17, t0.vin_alcohol AS vin_alcohol_18, t0.vin_enologo AS vin_enologo_19, t0.vin_precio_sugerido AS vin_precio_sugerido_20, t0.vin_precio AS vin_precio_21, t0.vin_precio_costo AS vin_precio_costo_22, t0.vin_caja AS vin_caja_23, t0.vin_sin_wineid AS vin_sin_wineid_24 FROM vino t0':

SQLSTATE[42S02]: Base table or view not found: 1146 Table 'admin_inscribite.vino' doesn't exist C:\xampp\htdocs\back_inscribite\vendor\doctrine\dbal\lib\Doctrine\DBAL\Driver\AbstractMySQLDriver.php 53
ERROR - 2016-09-30 17:32:18 --> $config['composer_autoload'] is set to TRUE but C:\xampp\htdocs\back_inscribite\application\vendor/autoload.php was not found.
ERROR - 2016-09-30 17:32:18 --> $config['composer_autoload'] is set to TRUE but C:\xampp\htdocs\back_inscribite\application\vendor/autoload.php was not found.
ERROR - 2016-09-30 17:40:55 --> $config['composer_autoload'] is set to TRUE but C:\xampp\htdocs\back_inscribite\application\vendor/autoload.php was not found.
ERROR - 2016-09-30 17:41:10 --> $config['composer_autoload'] is set to TRUE but C:\xampp\htdocs\back_inscribite\application\vendor/autoload.php was not found.
ERROR - 2016-09-30 17:41:10 --> $config['composer_autoload'] is set to TRUE but C:\xampp\htdocs\back_inscribite\application\vendor/autoload.php was not found.
ERROR - 2016-09-30 17:42:35 --> $config['composer_autoload'] is set to TRUE but C:\xampp\htdocs\back_inscribite\application\vendor/autoload.php was not found.
ERROR - 2016-09-30 17:42:36 --> $config['composer_autoload'] is set to TRUE but C:\xampp\htdocs\back_inscribite\application\vendor/autoload.php was not found.
ERROR - 2016-09-30 17:42:36 --> Severity: error --> Exception: The target-entity Cuentaempresa cannot be found in 'Liquidacioncuentas#cuenta'. C:\xampp\htdocs\back_inscribite\vendor\doctrine\orm\lib\Doctrine\ORM\Mapping\MappingException.php 762
ERROR - 2016-09-30 18:10:03 --> $config['composer_autoload'] is set to TRUE but C:\xampp\htdocs\back_inscribite\application\vendor/autoload.php was not found.
ERROR - 2016-09-30 18:10:04 --> $config['composer_autoload'] is set to TRUE but C:\xampp\htdocs\back_inscribite\application\vendor/autoload.php was not found.
ERROR - 2016-09-30 18:10:04 --> $config['composer_autoload'] is set to TRUE but C:\xampp\htdocs\back_inscribite\application\vendor/autoload.php was not found.
ERROR - 2016-09-30 18:10:04 --> 404 Page Not Found: /index
ERROR - 2016-09-30 18:10:04 --> 404 Page Not Found: /index
ERROR - 2016-09-30 18:10:04 --> $config['composer_autoload'] is set to TRUE but C:\xampp\htdocs\back_inscribite\application\vendor/autoload.php was not found.
ERROR - 2016-09-30 18:10:04 --> 404 Page Not Found: /index
ERROR - 2016-09-30 18:10:04 --> $config['composer_autoload'] is set to TRUE but C:\xampp\htdocs\back_inscribite\application\vendor/autoload.php was not found.
ERROR - 2016-09-30 18:10:04 --> 404 Page Not Found: /index
ERROR - 2016-09-30 18:10:04 --> $config['composer_autoload'] is set to TRUE but C:\xampp\htdocs\back_inscribite\application\vendor/autoload.php was not found.
ERROR - 2016-09-30 18:10:05 --> $config['composer_autoload'] is set to TRUE but C:\xampp\htdocs\back_inscribite\application\vendor/autoload.php was not found.
ERROR - 2016-09-30 18:10:05 --> $config['composer_autoload'] is set to TRUE but C:\xampp\htdocs\back_inscribite\application\vendor/autoload.php was not found.
ERROR - 2016-09-30 18:10:05 --> Severity: Error --> Call to undefined function esRol() C:\xampp\htdocs\back_inscribite\application\modules\web\modelo\Pago.php 173
ERROR - 2016-09-30 18:10:05 --> Severity: Error --> Call to undefined function esRol() C:\xampp\htdocs\back_inscribite\application\modules\web\modelo\Pago.php 173
ERROR - 2016-09-30 18:18:12 --> $config['composer_autoload'] is set to TRUE but C:\xampp\htdocs\back_inscribite\application\vendor/autoload.php was not found.
ERROR - 2016-09-30 18:18:34 --> $config['composer_autoload'] is set to TRUE but C:\xampp\htdocs\back_inscribite\application\vendor/autoload.php was not found.
ERROR - 2016-09-30 18:18:34 --> $config['composer_autoload'] is set to TRUE but C:\xampp\htdocs\back_inscribite\application\vendor/autoload.php was not found.
ERROR - 2016-09-30 18:18:34 --> $config['composer_autoload'] is set to TRUE but C:\xampp\htdocs\back_inscribite\application\vendor/autoload.php was not found.
ERROR - 2016-09-30 18:18:34 --> 404 Page Not Found: /index
ERROR - 2016-09-30 18:18:34 --> 404 Page Not Found: /index
ERROR - 2016-09-30 18:18:34 --> $config['composer_autoload'] is set to TRUE but C:\xampp\htdocs\back_inscribite\application\vendor/autoload.php was not found.
ERROR - 2016-09-30 18:18:34 --> 404 Page Not Found: /index
ERROR - 2016-09-30 18:18:34 --> $config['composer_autoload'] is set to TRUE but C:\xampp\htdocs\back_inscribite\application\vendor/autoload.php was not found.
ERROR - 2016-09-30 18:18:34 --> 404 Page Not Found: /index
ERROR - 2016-09-30 18:18:35 --> $config['composer_autoload'] is set to TRUE but C:\xampp\htdocs\back_inscribite\application\vendor/autoload.php was not found.
ERROR - 2016-09-30 18:18:35 --> $config['composer_autoload'] is set to TRUE but C:\xampp\htdocs\back_inscribite\application\vendor/autoload.php was not found.
ERROR - 2016-09-30 18:18:35 --> $config['composer_autoload'] is set to TRUE but C:\xampp\htdocs\back_inscribite\application\vendor/autoload.php was not found.
ERROR - 2016-09-30 18:18:35 --> Severity: Error --> Call to undefined function esRol() C:\xampp\htdocs\back_inscribite\application\modules\web\modelo\Pago.php 173
ERROR - 2016-09-30 18:18:35 --> Severity: Error --> Call to undefined function esRol() C:\xampp\htdocs\back_inscribite\application\modules\web\modelo\Pago.php 173
