ERROR - 2016-11-25 17:38:16 --> $config['composer_autoload'] is set to TRUE but C:\xampp\htdocs\back_inscribite\application\vendor/autoload.php was not found.
ERROR - 2016-11-25 17:38:19 --> $config['composer_autoload'] is set to TRUE but C:\xampp\htdocs\back_inscribite\application\vendor/autoload.php was not found.
ERROR - 2016-11-25 17:38:19 --> $config['composer_autoload'] is set to TRUE but C:\xampp\htdocs\back_inscribite\application\vendor/autoload.php was not found.
ERROR - 2016-11-25 17:38:19 --> $config['composer_autoload'] is set to TRUE but C:\xampp\htdocs\back_inscribite\application\vendor/autoload.php was not found.
ERROR - 2016-11-25 17:38:19 --> $config['composer_autoload'] is set to TRUE but C:\xampp\htdocs\back_inscribite\application\vendor/autoload.php was not found.
ERROR - 2016-11-25 17:38:19 --> 404 Page Not Found: /index
ERROR - 2016-11-25 17:38:19 --> 404 Page Not Found: /index
ERROR - 2016-11-25 17:38:19 --> 404 Page Not Found: /index
ERROR - 2016-11-25 17:38:19 --> 404 Page Not Found: /index
ERROR - 2016-11-25 17:38:19 --> $config['composer_autoload'] is set to TRUE but C:\xampp\htdocs\back_inscribite\application\vendor/autoload.php was not found.
ERROR - 2016-11-25 17:38:19 --> 404 Page Not Found: /index
ERROR - 2016-11-25 17:38:19 --> $config['composer_autoload'] is set to TRUE but C:\xampp\htdocs\back_inscribite\application\vendor/autoload.php was not found.
ERROR - 2016-11-25 17:38:19 --> 404 Page Not Found: /index
ERROR - 2016-11-25 19:16:52 --> $config['composer_autoload'] is set to TRUE but C:\xampp\htdocs\back_inscribite\application\vendor/autoload.php was not found.
ERROR - 2016-11-25 19:16:54 --> $config['composer_autoload'] is set to TRUE but C:\xampp\htdocs\back_inscribite\application\vendor/autoload.php was not found.
ERROR - 2016-11-25 19:16:54 --> $config['composer_autoload'] is set to TRUE but C:\xampp\htdocs\back_inscribite\application\vendor/autoload.php was not found.
ERROR - 2016-11-25 19:16:54 --> $config['composer_autoload'] is set to TRUE but C:\xampp\htdocs\back_inscribite\application\vendor/autoload.php was not found.
ERROR - 2016-11-25 19:16:54 --> $config['composer_autoload'] is set to TRUE but C:\xampp\htdocs\back_inscribite\application\vendor/autoload.php was not found.
ERROR - 2016-11-25 19:16:54 --> 404 Page Not Found: /index
ERROR - 2016-11-25 19:16:54 --> 404 Page Not Found: /index
ERROR - 2016-11-25 19:16:54 --> 404 Page Not Found: /index
ERROR - 2016-11-25 19:16:54 --> 404 Page Not Found: /index
ERROR - 2016-11-25 19:16:54 --> $config['composer_autoload'] is set to TRUE but C:\xampp\htdocs\back_inscribite\application\vendor/autoload.php was not found.
ERROR - 2016-11-25 19:16:54 --> 404 Page Not Found: /index
ERROR - 2016-11-25 19:16:54 --> $config['composer_autoload'] is set to TRUE but C:\xampp\htdocs\back_inscribite\application\vendor/autoload.php was not found.
ERROR - 2016-11-25 19:16:54 --> 404 Page Not Found: /index
ERROR - 2016-11-25 19:17:01 --> $config['composer_autoload'] is set to TRUE but C:\xampp\htdocs\back_inscribite\application\vendor/autoload.php was not found.
ERROR - 2016-11-25 19:17:02 --> $config['composer_autoload'] is set to TRUE but C:\xampp\htdocs\back_inscribite\application\vendor/autoload.php was not found.
ERROR - 2016-11-25 19:17:03 --> $config['composer_autoload'] is set to TRUE but C:\xampp\htdocs\back_inscribite\application\vendor/autoload.php was not found.
ERROR - 2016-11-25 19:17:27 --> $config['composer_autoload'] is set to TRUE but C:\xampp\htdocs\back_inscribite\application\vendor/autoload.php was not found.
ERROR - 2016-11-25 19:17:27 --> Query error: Table 'admin_inscribite.facturas' doesn't exist - Invalid query: select fac_mensualidad,fac_id,dni,fac_cat_id,fac_usu_id,fac_evento_id,fac_op_id from facturas INNER JOIN inscribite_usuarios ON id = fac_usu_id where fac_id =  5704               
ERROR - 2016-11-25 19:18:17 --> $config['composer_autoload'] is set to TRUE but C:\xampp\htdocs\back_inscribite\application\vendor/autoload.php was not found.
ERROR - 2016-11-25 19:18:17 --> Query error: Table 'admin_inscribite.inscribite_usuarios' doesn't exist - Invalid query: select fac_mensualidad,fac_id,dni,fac_cat_id,fac_usu_id,fac_evento_id,fac_op_id from facturas INNER JOIN inscribite_usuarios ON id = fac_usu_id where fac_id =  5704               
ERROR - 2016-11-25 19:19:02 --> $config['composer_autoload'] is set to TRUE but C:\xampp\htdocs\back_inscribite\application\vendor/autoload.php was not found.
ERROR - 2016-11-25 19:19:02 --> Query error: Table 'admin_inscribite.facturas_pagas' doesn't exist - Invalid query: INSERT INTO facturas_pagas(facp_fecha_aplicacion,facp_fecha_acreditacion,facp_monto,facp_fac_id,facp_archivo,facp_avisado) SELECT '2016-11-15','2016-11-16','550.00', 5704               ,'',0 avisado 
ERROR - 2016-11-25 19:19:41 --> $config['composer_autoload'] is set to TRUE but C:\xampp\htdocs\back_inscribite\application\vendor/autoload.php was not found.
ERROR - 2016-11-25 19:19:41 --> Query error: Table 'admin_inscribite.inscribite_inscripciones' doesn't exist - Invalid query: SELECT deusuario FROM inscribite_inscripciones 
                        WHERE deusuario = 29530132
                        AND deevento = (SELECT deevento FROM inscribite_categorias where codigo = 2 
                        and deevento = 2917 and opcion = (select nombre from inscribite_opciones where id = 1529))
ERROR - 2016-11-25 19:20:17 --> $config['composer_autoload'] is set to TRUE but C:\xampp\htdocs\back_inscribite\application\vendor/autoload.php was not found.
ERROR - 2016-11-25 19:20:17 --> Query error: Table 'admin_inscribite.inscribite_categorias' doesn't exist - Invalid query: SELECT deusuario FROM inscribite_inscripciones 
                        WHERE deusuario = 29530132
                        AND deevento = (SELECT deevento FROM inscribite_categorias where codigo = 2 
                        and deevento = 2917 and opcion = (select nombre from inscribite_opciones where id = 1529))
ERROR - 2016-11-25 19:20:41 --> $config['composer_autoload'] is set to TRUE but C:\xampp\htdocs\back_inscribite\application\vendor/autoload.php was not found.
ERROR - 2016-11-25 19:20:41 --> Query error: Table 'admin_inscribite.inscribite_opciones' doesn't exist - Invalid query: SELECT deusuario FROM inscribite_inscripciones 
                        WHERE deusuario = 29530132
                        AND deevento = (SELECT deevento FROM inscribite_categorias where codigo = 2 
                        and deevento = 2917 and opcion = (select nombre from inscribite_opciones where id = 1529))
ERROR - 2016-11-25 19:21:31 --> $config['composer_autoload'] is set to TRUE but C:\xampp\htdocs\back_inscribite\application\vendor/autoload.php was not found.
ERROR - 2016-11-25 19:21:31 --> Severity: Notice --> Undefined variable: pf C:\xampp\htdocs\back_inscribite\application\modules\web\models\decodificador\Decodificador_model.php 46
ERROR - 2016-11-25 19:21:31 --> $config['composer_autoload'] is set to TRUE but C:\xampp\htdocs\back_inscribite\application\vendor/autoload.php was not found.
ERROR - 2016-11-25 19:21:32 --> $config['composer_autoload'] is set to TRUE but C:\xampp\htdocs\back_inscribite\application\vendor/autoload.php was not found.
ERROR - 2016-11-25 19:22:39 --> $config['composer_autoload'] is set to TRUE but C:\xampp\htdocs\back_inscribite\application\vendor/autoload.php was not found.
ERROR - 2016-11-25 19:22:40 --> $config['composer_autoload'] is set to TRUE but C:\xampp\htdocs\back_inscribite\application\vendor/autoload.php was not found.
ERROR - 2016-11-25 19:22:41 --> $config['composer_autoload'] is set to TRUE but C:\xampp\htdocs\back_inscribite\application\vendor/autoload.php was not found.
ERROR - 2016-11-25 19:22:41 --> 404 Page Not Found: /index
ERROR - 2016-11-25 19:23:03 --> $config['composer_autoload'] is set to TRUE but C:\xampp\htdocs\back_inscribite\application\vendor/autoload.php was not found.
ERROR - 2016-11-25 19:23:03 --> 404 Page Not Found: /index
ERROR - 2016-11-25 19:27:44 --> $config['composer_autoload'] is set to TRUE but C:\xampp\htdocs\back_inscribite\application\vendor/autoload.php was not found.
ERROR - 2016-11-25 19:27:45 --> Severity: error --> Exception: [Syntax Error] line 0, col 0: Error: Expected SELECT, UPDATE or DELETE, got 'SELEC' C:\xampp\htdocs\back_inscribite\vendor\doctrine\orm\lib\Doctrine\ORM\Query\QueryException.php 52
ERROR - 2016-11-25 19:31:06 --> $config['composer_autoload'] is set to TRUE but C:\xampp\htdocs\back_inscribite\application\vendor/autoload.php was not found.
ERROR - 2016-11-25 19:31:07 --> $config['composer_autoload'] is set to TRUE but C:\xampp\htdocs\back_inscribite\application\vendor/autoload.php was not found.
ERROR - 2016-11-25 19:31:07 --> $config['composer_autoload'] is set to TRUE but C:\xampp\htdocs\back_inscribite\application\vendor/autoload.php was not found.
ERROR - 2016-11-25 19:31:08 --> $config['composer_autoload'] is set to TRUE but C:\xampp\htdocs\back_inscribite\application\vendor/autoload.php was not found.
ERROR - 2016-11-25 19:31:08 --> 404 Page Not Found: /index
ERROR - 2016-11-25 19:31:10 --> $config['composer_autoload'] is set to TRUE but C:\xampp\htdocs\back_inscribite\application\vendor/autoload.php was not found.
ERROR - 2016-11-25 19:31:10 --> $config['composer_autoload'] is set to TRUE but C:\xampp\htdocs\back_inscribite\application\vendor/autoload.php was not found.
ERROR - 2016-11-25 19:31:10 --> $config['composer_autoload'] is set to TRUE but C:\xampp\htdocs\back_inscribite\application\vendor/autoload.php was not found.
ERROR - 2016-11-25 19:31:12 --> $config['composer_autoload'] is set to TRUE but C:\xampp\htdocs\back_inscribite\application\vendor/autoload.php was not found.
ERROR - 2016-11-25 19:31:12 --> $config['composer_autoload'] is set to TRUE but C:\xampp\htdocs\back_inscribite\application\vendor/autoload.php was not found.
ERROR - 2016-11-25 19:31:12 --> $config['composer_autoload'] is set to TRUE but C:\xampp\htdocs\back_inscribite\application\vendor/autoload.php was not found.
ERROR - 2016-11-25 19:31:13 --> $config['composer_autoload'] is set to TRUE but C:\xampp\htdocs\back_inscribite\application\vendor/autoload.php was not found.
ERROR - 2016-11-25 19:31:14 --> $config['composer_autoload'] is set to TRUE but C:\xampp\htdocs\back_inscribite\application\vendor/autoload.php was not found.
ERROR - 2016-11-25 19:31:14 --> $config['composer_autoload'] is set to TRUE but C:\xampp\htdocs\back_inscribite\application\vendor/autoload.php was not found.
ERROR - 2016-11-25 19:31:14 --> $config['composer_autoload'] is set to TRUE but C:\xampp\htdocs\back_inscribite\application\vendor/autoload.php was not found.
ERROR - 2016-11-25 19:31:15 --> $config['composer_autoload'] is set to TRUE but C:\xampp\htdocs\back_inscribite\application\vendor/autoload.php was not found.
ERROR - 2016-11-25 19:31:15 --> $config['composer_autoload'] is set to TRUE but C:\xampp\htdocs\back_inscribite\application\vendor/autoload.php was not found.
ERROR - 2016-11-25 19:31:15 --> $config['composer_autoload'] is set to TRUE but C:\xampp\htdocs\back_inscribite\application\vendor/autoload.php was not found.
ERROR - 2016-11-25 19:31:15 --> $config['composer_autoload'] is set to TRUE but C:\xampp\htdocs\back_inscribite\application\vendor/autoload.php was not found.
ERROR - 2016-11-25 19:31:16 --> $config['composer_autoload'] is set to TRUE but C:\xampp\htdocs\back_inscribite\application\vendor/autoload.php was not found.
ERROR - 2016-11-25 19:31:16 --> $config['composer_autoload'] is set to TRUE but C:\xampp\htdocs\back_inscribite\application\vendor/autoload.php was not found.
ERROR - 2016-11-25 19:31:16 --> $config['composer_autoload'] is set to TRUE but C:\xampp\htdocs\back_inscribite\application\vendor/autoload.php was not found.
ERROR - 2016-11-25 19:31:17 --> $config['composer_autoload'] is set to TRUE but C:\xampp\htdocs\back_inscribite\application\vendor/autoload.php was not found.
ERROR - 2016-11-25 19:38:14 --> $config['composer_autoload'] is set to TRUE but C:\xampp\htdocs\back_inscribite\application\vendor/autoload.php was not found.
ERROR - 2016-11-25 19:38:14 --> $config['composer_autoload'] is set to TRUE but C:\xampp\htdocs\back_inscribite\application\vendor/autoload.php was not found.
ERROR - 2016-11-25 19:38:15 --> $config['composer_autoload'] is set to TRUE but C:\xampp\htdocs\back_inscribite\application\vendor/autoload.php was not found.
ERROR - 2016-11-25 19:38:15 --> 404 Page Not Found: /index
ERROR - 2016-11-25 19:38:30 --> $config['composer_autoload'] is set to TRUE but C:\xampp\htdocs\back_inscribite\application\vendor/autoload.php was not found.
ERROR - 2016-11-25 19:38:31 --> Severity: Notice --> Undefined variable: pf C:\xampp\htdocs\back_inscribite\application\modules\web\models\decodificador\Decodificador_model.php 46
ERROR - 2016-11-25 19:38:31 --> $config['composer_autoload'] is set to TRUE but C:\xampp\htdocs\back_inscribite\application\vendor/autoload.php was not found.
ERROR - 2016-11-25 19:38:31 --> $config['composer_autoload'] is set to TRUE but C:\xampp\htdocs\back_inscribite\application\vendor/autoload.php was not found.
ERROR - 2016-11-25 19:38:35 --> $config['composer_autoload'] is set to TRUE but C:\xampp\htdocs\back_inscribite\application\vendor/autoload.php was not found.
ERROR - 2016-11-25 19:38:35 --> $config['composer_autoload'] is set to TRUE but C:\xampp\htdocs\back_inscribite\application\vendor/autoload.php was not found.
ERROR - 2016-11-25 19:38:35 --> $config['composer_autoload'] is set to TRUE but C:\xampp\htdocs\back_inscribite\application\vendor/autoload.php was not found.
ERROR - 2016-11-25 19:40:13 --> $config['composer_autoload'] is set to TRUE but C:\xampp\htdocs\back_inscribite\application\vendor/autoload.php was not found.
ERROR - 2016-11-25 19:40:14 --> Severity: Notice --> Undefined variable: pf C:\xampp\htdocs\back_inscribite\application\modules\web\models\decodificador\Decodificador_model.php 46
ERROR - 2016-11-25 19:40:14 --> $config['composer_autoload'] is set to TRUE but C:\xampp\htdocs\back_inscribite\application\vendor/autoload.php was not found.
ERROR - 2016-11-25 19:40:14 --> $config['composer_autoload'] is set to TRUE but C:\xampp\htdocs\back_inscribite\application\vendor/autoload.php was not found.
ERROR - 2016-11-25 19:55:22 --> $config['composer_autoload'] is set to TRUE but C:\xampp\htdocs\back_inscribite\application\vendor/autoload.php was not found.
ERROR - 2016-11-25 19:55:22 --> $config['composer_autoload'] is set to TRUE but C:\xampp\htdocs\back_inscribite\application\vendor/autoload.php was not found.
ERROR - 2016-11-25 19:55:23 --> $config['composer_autoload'] is set to TRUE but C:\xampp\htdocs\back_inscribite\application\vendor/autoload.php was not found.
ERROR - 2016-11-25 19:55:23 --> 404 Page Not Found: /index
ERROR - 2016-11-25 19:55:26 --> $config['composer_autoload'] is set to TRUE but C:\xampp\htdocs\back_inscribite\application\vendor/autoload.php was not found.
ERROR - 2016-11-25 19:55:46 --> $config['composer_autoload'] is set to TRUE but C:\xampp\htdocs\back_inscribite\application\vendor/autoload.php was not found.
ERROR - 2016-11-25 19:55:46 --> $config['composer_autoload'] is set to TRUE but C:\xampp\htdocs\back_inscribite\application\vendor/autoload.php was not found.
ERROR - 2016-11-25 19:55:47 --> $config['composer_autoload'] is set to TRUE but C:\xampp\htdocs\back_inscribite\application\vendor/autoload.php was not found.
ERROR - 2016-11-25 19:55:47 --> $config['composer_autoload'] is set to TRUE but C:\xampp\htdocs\back_inscribite\application\vendor/autoload.php was not found.
ERROR - 2016-11-25 19:55:47 --> $config['composer_autoload'] is set to TRUE but C:\xampp\htdocs\back_inscribite\application\vendor/autoload.php was not found.
ERROR - 2016-11-25 19:55:47 --> 404 Page Not Found: /index
ERROR - 2016-11-25 19:55:49 --> $config['composer_autoload'] is set to TRUE but C:\xampp\htdocs\back_inscribite\application\vendor/autoload.php was not found.
ERROR - 2016-11-25 19:56:50 --> $config['composer_autoload'] is set to TRUE but C:\xampp\htdocs\back_inscribite\application\vendor/autoload.php was not found.
ERROR - 2016-11-25 19:56:51 --> $config['composer_autoload'] is set to TRUE but C:\xampp\htdocs\back_inscribite\application\vendor/autoload.php was not found.
ERROR - 2016-11-25 19:56:51 --> $config['composer_autoload'] is set to TRUE but C:\xampp\htdocs\back_inscribite\application\vendor/autoload.php was not found.
ERROR - 2016-11-25 19:56:51 --> $config['composer_autoload'] is set to TRUE but C:\xampp\htdocs\back_inscribite\application\vendor/autoload.php was not found.
ERROR - 2016-11-25 19:56:51 --> $config['composer_autoload'] is set to TRUE but C:\xampp\htdocs\back_inscribite\application\vendor/autoload.php was not found.
ERROR - 2016-11-25 19:56:51 --> 404 Page Not Found: /index
ERROR - 2016-11-25 19:57:03 --> $config['composer_autoload'] is set to TRUE but C:\xampp\htdocs\back_inscribite\application\vendor/autoload.php was not found.
ERROR - 2016-11-25 19:57:04 --> $config['composer_autoload'] is set to TRUE but C:\xampp\htdocs\back_inscribite\application\vendor/autoload.php was not found.
ERROR - 2016-11-25 19:57:05 --> $config['composer_autoload'] is set to TRUE but C:\xampp\htdocs\back_inscribite\application\vendor/autoload.php was not found.
ERROR - 2016-11-25 19:57:05 --> 404 Page Not Found: /index
ERROR - 2016-11-25 19:57:14 --> $config['composer_autoload'] is set to TRUE but C:\xampp\htdocs\back_inscribite\application\vendor/autoload.php was not found.
ERROR - 2016-11-25 19:57:14 --> $config['composer_autoload'] is set to TRUE but C:\xampp\htdocs\back_inscribite\application\vendor/autoload.php was not found.
ERROR - 2016-11-25 19:57:15 --> $config['composer_autoload'] is set to TRUE but C:\xampp\htdocs\back_inscribite\application\vendor/autoload.php was not found.
ERROR - 2016-11-25 19:57:21 --> $config['composer_autoload'] is set to TRUE but C:\xampp\htdocs\back_inscribite\application\vendor/autoload.php was not found.
ERROR - 2016-11-25 19:57:22 --> Severity: Notice --> Undefined variable: pf C:\xampp\htdocs\back_inscribite\application\modules\web\models\decodificador\Decodificador_model.php 46
ERROR - 2016-11-25 19:57:22 --> $config['composer_autoload'] is set to TRUE but C:\xampp\htdocs\back_inscribite\application\vendor/autoload.php was not found.
ERROR - 2016-11-25 19:57:22 --> $config['composer_autoload'] is set to TRUE but C:\xampp\htdocs\back_inscribite\application\vendor/autoload.php was not found.
ERROR - 2016-11-25 19:57:24 --> $config['composer_autoload'] is set to TRUE but C:\xampp\htdocs\back_inscribite\application\vendor/autoload.php was not found.
ERROR - 2016-11-25 19:57:36 --> $config['composer_autoload'] is set to TRUE but C:\xampp\htdocs\back_inscribite\application\vendor/autoload.php was not found.
ERROR - 2016-11-25 19:57:38 --> $config['composer_autoload'] is set to TRUE but C:\xampp\htdocs\back_inscribite\application\vendor/autoload.php was not found.
ERROR - 2016-11-25 19:57:55 --> $config['composer_autoload'] is set to TRUE but C:\xampp\htdocs\back_inscribite\application\vendor/autoload.php was not found.
ERROR - 2016-11-25 19:58:01 --> $config['composer_autoload'] is set to TRUE but C:\xampp\htdocs\back_inscribite\application\vendor/autoload.php was not found.
ERROR - 2016-11-25 19:58:01 --> Severity: Warning --> Illegal string offset 'query' C:\xampp\htdocs\back_inscribite\application\modules\web\models\decodificador\Decodificador_model.php 524
ERROR - 2016-11-25 19:58:01 --> Severity: Warning --> Illegal string offset 'fields' C:\xampp\htdocs\back_inscribite\application\modules\web\models\decodificador\Decodificador_model.php 526
ERROR - 2016-11-25 19:58:01 --> Severity: Error --> Call to a member function num_rows() on string C:\xampp\htdocs\back_inscribite\application\modules\web\models\decodificador\Decodificador_model.php 528
ERROR - 2016-11-25 19:59:47 --> $config['composer_autoload'] is set to TRUE but C:\xampp\htdocs\back_inscribite\application\vendor/autoload.php was not found.
ERROR - 2016-11-25 19:59:47 --> Severity: Error --> Call to a member function num_rows() on string C:\xampp\htdocs\back_inscribite\application\modules\web\models\decodificador\Decodificador_model.php 531
ERROR - 2016-11-25 20:00:16 --> $config['composer_autoload'] is set to TRUE but C:\xampp\htdocs\back_inscribite\application\vendor/autoload.php was not found.
ERROR - 2016-11-25 20:00:17 --> Severity: Notice --> Trying to get property of non-object C:\xampp\htdocs\back_inscribite\application\modules\web\models\decodificador\Decodificador_model.php 535
ERROR - 2016-11-25 20:00:17 --> Severity: Notice --> Trying to get property of non-object C:\xampp\htdocs\back_inscribite\application\modules\web\models\decodificador\Decodificador_model.php 535
ERROR - 2016-11-25 20:00:17 --> Severity: Notice --> Trying to get property of non-object C:\xampp\htdocs\back_inscribite\application\modules\web\models\decodificador\Decodificador_model.php 535
ERROR - 2016-11-25 20:00:17 --> Severity: Notice --> Trying to get property of non-object C:\xampp\htdocs\back_inscribite\application\modules\web\models\decodificador\Decodificador_model.php 535
ERROR - 2016-11-25 20:00:17 --> Severity: Notice --> Trying to get property of non-object C:\xampp\htdocs\back_inscribite\application\modules\web\models\decodificador\Decodificador_model.php 535
ERROR - 2016-11-25 20:00:17 --> Severity: Notice --> Trying to get property of non-object C:\xampp\htdocs\back_inscribite\application\modules\web\models\decodificador\Decodificador_model.php 535
ERROR - 2016-11-25 20:00:17 --> Severity: Notice --> Trying to get property of non-object C:\xampp\htdocs\back_inscribite\application\modules\web\models\decodificador\Decodificador_model.php 535
ERROR - 2016-11-25 20:00:17 --> Severity: Warning --> Cannot modify header information - headers already sent by (output started at C:\xampp\htdocs\back_inscribite\system\core\Exceptions.php:272) C:\xampp\htdocs\back_inscribite\application\modules\web\models\decodificador\Decodificador_model.php 554
ERROR - 2016-11-25 20:00:17 --> Severity: Warning --> Cannot modify header information - headers already sent by (output started at C:\xampp\htdocs\back_inscribite\system\core\Exceptions.php:272) C:\xampp\htdocs\back_inscribite\application\modules\web\models\decodificador\Decodificador_model.php 555
ERROR - 2016-11-25 20:00:56 --> $config['composer_autoload'] is set to TRUE but C:\xampp\htdocs\back_inscribite\application\vendor/autoload.php was not found.
ERROR - 2016-11-25 20:00:56 --> Severity: Notice --> Trying to get property of non-object C:\xampp\htdocs\back_inscribite\application\modules\web\models\decodificador\Decodificador_model.php 535
ERROR - 2016-11-25 20:01:33 --> $config['composer_autoload'] is set to TRUE but C:\xampp\htdocs\back_inscribite\application\vendor/autoload.php was not found.
ERROR - 2016-11-25 20:01:44 --> $config['composer_autoload'] is set to TRUE but C:\xampp\htdocs\back_inscribite\application\vendor/autoload.php was not found.
ERROR - 2016-11-25 20:01:45 --> $config['composer_autoload'] is set to TRUE but C:\xampp\htdocs\back_inscribite\application\vendor/autoload.php was not found.
ERROR - 2016-11-25 20:01:45 --> $config['composer_autoload'] is set to TRUE but C:\xampp\htdocs\back_inscribite\application\vendor/autoload.php was not found.
ERROR - 2016-11-25 20:01:45 --> 404 Page Not Found: /index
ERROR - 2016-11-25 20:01:45 --> $config['composer_autoload'] is set to TRUE but C:\xampp\htdocs\back_inscribite\application\vendor/autoload.php was not found.
ERROR - 2016-11-25 20:01:46 --> $config['composer_autoload'] is set to TRUE but C:\xampp\htdocs\back_inscribite\application\vendor/autoload.php was not found.
ERROR - 2016-11-25 20:01:47 --> $config['composer_autoload'] is set to TRUE but C:\xampp\htdocs\back_inscribite\application\vendor/autoload.php was not found.
ERROR - 2016-11-25 20:01:47 --> 404 Page Not Found: /index
ERROR - 2016-11-25 20:01:47 --> $config['composer_autoload'] is set to TRUE but C:\xampp\htdocs\back_inscribite\application\vendor/autoload.php was not found.
ERROR - 2016-11-25 20:02:20 --> $config['composer_autoload'] is set to TRUE but C:\xampp\htdocs\back_inscribite\application\vendor/autoload.php was not found.
ERROR - 2016-11-25 20:02:20 --> $config['composer_autoload'] is set to TRUE but C:\xampp\htdocs\back_inscribite\application\vendor/autoload.php was not found.
ERROR - 2016-11-25 20:02:21 --> $config['composer_autoload'] is set to TRUE but C:\xampp\htdocs\back_inscribite\application\vendor/autoload.php was not found.
ERROR - 2016-11-25 20:02:21 --> 404 Page Not Found: /index
ERROR - 2016-11-25 20:02:21 --> $config['composer_autoload'] is set to TRUE but C:\xampp\htdocs\back_inscribite\application\vendor/autoload.php was not found.
ERROR - 2016-11-25 20:05:07 --> $config['composer_autoload'] is set to TRUE but C:\xampp\htdocs\back_inscribite\application\vendor/autoload.php was not found.
ERROR - 2016-11-25 20:05:08 --> $config['composer_autoload'] is set to TRUE but C:\xampp\htdocs\back_inscribite\application\vendor/autoload.php was not found.
ERROR - 2016-11-25 20:05:09 --> $config['composer_autoload'] is set to TRUE but C:\xampp\htdocs\back_inscribite\application\vendor/autoload.php was not found.
ERROR - 2016-11-25 20:05:09 --> 404 Page Not Found: /index
ERROR - 2016-11-25 20:05:10 --> $config['composer_autoload'] is set to TRUE but C:\xampp\htdocs\back_inscribite\application\vendor/autoload.php was not found.
ERROR - 2016-11-25 20:05:17 --> $config['composer_autoload'] is set to TRUE but C:\xampp\htdocs\back_inscribite\application\vendor/autoload.php was not found.
ERROR - 2016-11-25 20:05:17 --> $config['composer_autoload'] is set to TRUE but C:\xampp\htdocs\back_inscribite\application\vendor/autoload.php was not found.
ERROR - 2016-11-25 20:05:17 --> $config['composer_autoload'] is set to TRUE but C:\xampp\htdocs\back_inscribite\application\vendor/autoload.php was not found.
ERROR - 2016-11-25 20:05:18 --> 404 Page Not Found: /index
ERROR - 2016-11-25 20:07:38 --> $config['composer_autoload'] is set to TRUE but C:\xampp\htdocs\back_inscribite\application\vendor/autoload.php was not found.
ERROR - 2016-11-25 20:07:38 --> $config['composer_autoload'] is set to TRUE but C:\xampp\htdocs\back_inscribite\application\vendor/autoload.php was not found.
ERROR - 2016-11-25 20:07:39 --> $config['composer_autoload'] is set to TRUE but C:\xampp\htdocs\back_inscribite\application\vendor/autoload.php was not found.
ERROR - 2016-11-25 20:07:39 --> 404 Page Not Found: /index
ERROR - 2016-11-25 20:08:32 --> $config['composer_autoload'] is set to TRUE but C:\xampp\htdocs\back_inscribite\application\vendor/autoload.php was not found.
ERROR - 2016-11-25 20:08:33 --> $config['composer_autoload'] is set to TRUE but C:\xampp\htdocs\back_inscribite\application\vendor/autoload.php was not found.
ERROR - 2016-11-25 20:11:20 --> $config['composer_autoload'] is set to TRUE but C:\xampp\htdocs\back_inscribite\application\vendor/autoload.php was not found.
ERROR - 2016-11-25 20:11:20 --> $config['composer_autoload'] is set to TRUE but C:\xampp\htdocs\back_inscribite\application\vendor/autoload.php was not found.
ERROR - 2016-11-25 20:11:53 --> $config['composer_autoload'] is set to TRUE but C:\xampp\htdocs\back_inscribite\application\vendor/autoload.php was not found.
ERROR - 2016-11-25 20:11:54 --> $config['composer_autoload'] is set to TRUE but C:\xampp\htdocs\back_inscribite\application\vendor/autoload.php was not found.
ERROR - 2016-11-25 20:11:58 --> $config['composer_autoload'] is set to TRUE but C:\xampp\htdocs\back_inscribite\application\vendor/autoload.php was not found.
ERROR - 2016-11-25 20:11:58 --> 404 Page Not Found: /index
ERROR - 2016-11-25 20:12:03 --> $config['composer_autoload'] is set to TRUE but C:\xampp\htdocs\back_inscribite\application\vendor/autoload.php was not found.
ERROR - 2016-11-25 20:12:03 --> $config['composer_autoload'] is set to TRUE but C:\xampp\htdocs\back_inscribite\application\vendor/autoload.php was not found.
ERROR - 2016-11-25 20:12:11 --> $config['composer_autoload'] is set to TRUE but C:\xampp\htdocs\back_inscribite\application\vendor/autoload.php was not found.
ERROR - 2016-11-25 20:12:12 --> $config['composer_autoload'] is set to TRUE but C:\xampp\htdocs\back_inscribite\application\vendor/autoload.php was not found.
ERROR - 2016-11-25 20:12:33 --> $config['composer_autoload'] is set to TRUE but C:\xampp\htdocs\back_inscribite\application\vendor/autoload.php was not found.
ERROR - 2016-11-25 20:12:33 --> $config['composer_autoload'] is set to TRUE but C:\xampp\htdocs\back_inscribite\application\vendor/autoload.php was not found.
ERROR - 2016-11-25 20:13:02 --> $config['composer_autoload'] is set to TRUE but C:\xampp\htdocs\back_inscribite\application\vendor/autoload.php was not found.
ERROR - 2016-11-25 20:13:02 --> $config['composer_autoload'] is set to TRUE but C:\xampp\htdocs\back_inscribite\application\vendor/autoload.php was not found.
ERROR - 2016-11-25 20:13:42 --> $config['composer_autoload'] is set to TRUE but C:\xampp\htdocs\back_inscribite\application\vendor/autoload.php was not found.
ERROR - 2016-11-25 20:13:43 --> $config['composer_autoload'] is set to TRUE but C:\xampp\htdocs\back_inscribite\application\vendor/autoload.php was not found.
ERROR - 2016-11-25 20:13:46 --> $config['composer_autoload'] is set to TRUE but C:\xampp\htdocs\back_inscribite\application\vendor/autoload.php was not found.
ERROR - 2016-11-25 20:13:46 --> $config['composer_autoload'] is set to TRUE but C:\xampp\htdocs\back_inscribite\application\vendor/autoload.php was not found.
ERROR - 2016-11-25 20:13:46 --> $config['composer_autoload'] is set to TRUE but C:\xampp\htdocs\back_inscribite\application\vendor/autoload.php was not found.
ERROR - 2016-11-25 20:13:52 --> $config['composer_autoload'] is set to TRUE but C:\xampp\htdocs\back_inscribite\application\vendor/autoload.php was not found.
ERROR - 2016-11-25 20:13:53 --> Severity: Notice --> Undefined variable: pf C:\xampp\htdocs\back_inscribite\application\modules\web\models\decodificador\Decodificador_model.php 46
ERROR - 2016-11-25 20:13:53 --> $config['composer_autoload'] is set to TRUE but C:\xampp\htdocs\back_inscribite\application\vendor/autoload.php was not found.
ERROR - 2016-11-25 20:13:53 --> $config['composer_autoload'] is set to TRUE but C:\xampp\htdocs\back_inscribite\application\vendor/autoload.php was not found.
