ERROR - 2016-09-07 13:53:47 --> $config['composer_autoload'] is set to TRUE but C:\xampp\htdocs\wine_fwk\application\vendor/autoload.php was not found.
ERROR - 2016-09-07 13:53:49 --> $config['composer_autoload'] is set to TRUE but C:\xampp\htdocs\wine_fwk\application\vendor/autoload.php was not found.
ERROR - 2016-09-07 13:53:49 --> $config['composer_autoload'] is set to TRUE but C:\xampp\htdocs\wine_fwk\application\vendor/autoload.php was not found.
ERROR - 2016-09-07 13:53:49 --> $config['composer_autoload'] is set to TRUE but C:\xampp\htdocs\wine_fwk\application\vendor/autoload.php was not found.
ERROR - 2016-09-07 13:53:49 --> $config['composer_autoload'] is set to TRUE but C:\xampp\htdocs\wine_fwk\application\vendor/autoload.php was not found.
ERROR - 2016-09-07 13:53:49 --> 404 Page Not Found: /index
ERROR - 2016-09-07 13:53:49 --> 404 Page Not Found: /index
ERROR - 2016-09-07 13:53:49 --> 404 Page Not Found: /index
ERROR - 2016-09-07 13:53:49 --> 404 Page Not Found: /index
ERROR - 2016-09-07 13:53:50 --> $config['composer_autoload'] is set to TRUE but C:\xampp\htdocs\wine_fwk\application\vendor/autoload.php was not found.
ERROR - 2016-09-07 13:53:50 --> 404 Page Not Found: /index
ERROR - 2016-09-07 13:53:51 --> $config['composer_autoload'] is set to TRUE but C:\xampp\htdocs\wine_fwk\application\vendor/autoload.php was not found.
ERROR - 2016-09-07 13:53:51 --> 404 Page Not Found: /index
ERROR - 2016-09-07 13:53:53 --> $config['composer_autoload'] is set to TRUE but C:\xampp\htdocs\wine_fwk\application\vendor/autoload.php was not found.
ERROR - 2016-09-07 13:53:54 --> $config['composer_autoload'] is set to TRUE but C:\xampp\htdocs\wine_fwk\application\vendor/autoload.php was not found.
ERROR - 2016-09-07 13:54:02 --> $config['composer_autoload'] is set to TRUE but C:\xampp\htdocs\wine_fwk\application\vendor/autoload.php was not found.
ERROR - 2016-09-07 13:54:09 --> $config['composer_autoload'] is set to TRUE but C:\xampp\htdocs\wine_fwk\application\vendor/autoload.php was not found.
ERROR - 2016-09-07 13:54:10 --> $config['composer_autoload'] is set to TRUE but C:\xampp\htdocs\wine_fwk\application\vendor/autoload.php was not found.
ERROR - 2016-09-07 13:54:10 --> $config['composer_autoload'] is set to TRUE but C:\xampp\htdocs\wine_fwk\application\vendor/autoload.php was not found.
ERROR - 2016-09-07 13:54:10 --> 404 Page Not Found: /index
ERROR - 2016-09-07 13:54:10 --> 404 Page Not Found: /index
ERROR - 2016-09-07 13:54:11 --> $config['composer_autoload'] is set to TRUE but C:\xampp\htdocs\wine_fwk\application\vendor/autoload.php was not found.
ERROR - 2016-09-07 13:54:11 --> 404 Page Not Found: /index
ERROR - 2016-09-07 13:54:11 --> $config['composer_autoload'] is set to TRUE but C:\xampp\htdocs\wine_fwk\application\vendor/autoload.php was not found.
ERROR - 2016-09-07 13:54:11 --> 404 Page Not Found: /index
ERROR - 2016-09-07 13:54:28 --> $config['composer_autoload'] is set to TRUE but C:\xampp\htdocs\wine_fwk\application\vendor/autoload.php was not found.
ERROR - 2016-09-07 13:54:28 --> 404 Page Not Found: /index
ERROR - 2016-09-07 13:54:29 --> $config['composer_autoload'] is set to TRUE but C:\xampp\htdocs\wine_fwk\application\vendor/autoload.php was not found.
ERROR - 2016-09-07 13:54:30 --> $config['composer_autoload'] is set to TRUE but C:\xampp\htdocs\wine_fwk\application\vendor/autoload.php was not found.
ERROR - 2016-09-07 13:54:30 --> $config['composer_autoload'] is set to TRUE but C:\xampp\htdocs\wine_fwk\application\vendor/autoload.php was not found.
ERROR - 2016-09-07 13:54:30 --> 404 Page Not Found: /index
ERROR - 2016-09-07 13:54:30 --> 404 Page Not Found: /index
ERROR - 2016-09-07 13:54:30 --> $config['composer_autoload'] is set to TRUE but C:\xampp\htdocs\wine_fwk\application\vendor/autoload.php was not found.
ERROR - 2016-09-07 13:54:30 --> 404 Page Not Found: /index
ERROR - 2016-09-07 13:54:30 --> $config['composer_autoload'] is set to TRUE but C:\xampp\htdocs\wine_fwk\application\vendor/autoload.php was not found.
ERROR - 2016-09-07 13:54:30 --> 404 Page Not Found: /index
ERROR - 2016-09-07 13:54:31 --> $config['composer_autoload'] is set to TRUE but C:\xampp\htdocs\wine_fwk\application\vendor/autoload.php was not found.
ERROR - 2016-09-07 13:54:31 --> $config['composer_autoload'] is set to TRUE but C:\xampp\htdocs\wine_fwk\application\vendor/autoload.php was not found.
ERROR - 2016-09-07 13:55:59 --> $config['composer_autoload'] is set to TRUE but C:\xampp\htdocs\wine_fwk\application\vendor/autoload.php was not found.
ERROR - 2016-09-07 13:55:59 --> $config['composer_autoload'] is set to TRUE but C:\xampp\htdocs\wine_fwk\application\vendor/autoload.php was not found.
ERROR - 2016-09-07 13:56:34 --> $config['composer_autoload'] is set to TRUE but C:\xampp\htdocs\wine_fwk\application\vendor/autoload.php was not found.
ERROR - 2016-09-07 13:56:35 --> $config['composer_autoload'] is set to TRUE but C:\xampp\htdocs\wine_fwk\application\vendor/autoload.php was not found.
ERROR - 2016-09-07 14:12:34 --> $config['composer_autoload'] is set to TRUE but C:\xampp\htdocs\wine_fwk\application\vendor/autoload.php was not found.
ERROR - 2016-09-07 14:12:34 --> Severity: error --> Exception: Duplicate definition of column 'vin_apelacion' on entity 'Vino' in a field or discriminator column mapping. C:\xampp\htdocs\wine_fwk\vendor\doctrine\orm\lib\Doctrine\ORM\Mapping\MappingException.php 565
ERROR - 2016-09-07 14:12:57 --> $config['composer_autoload'] is set to TRUE but C:\xampp\htdocs\wine_fwk\application\vendor/autoload.php was not found.
ERROR - 2016-09-07 14:12:57 --> Severity: error --> Exception: An exception occurred while executing 'SELECT t0.vin_id AS vin_id_1, t0.vin_nombre AS vin_nombre_2, t0.vin_bodega AS vin_bodega_3, t0.vin_cosecha AS vin_cosecha_4, t0.vin_region AS vin_region_5, t0.vin_apelacion AS vin_apelacion_6, t0.vin_descripcion AS vin_descripcion_7, t0.vin_pais AS vin_pais_8, t0.vin_variedad AS vin_variedad_9, t0.vin_corte AS vin_corte_10, t0.vin_foto AS vin_foto_11, t0.vin_pts_ws AS vin_pts_ws_12, t0.vin_pts_parker AS vin_pts_parker_13, t0.vin_pts_atkien AS vin_pts_atkien_14, t0.vin_pts_suckling AS vin_pts_suckling_15, t0.vin_pts_stanzer AS vin_pts_stanzer_16, t0.vin_crianza AS vin_crianza_17, t0.vin_alcohol AS vin_alcohol_18, t0.vin_enologo AS vin_enologo_19, t0.vin_precio_sugerido AS vin_precio_sugerido_20, t0.vin_precio AS vin_precio_21, t0.vin_precio_costo AS vin_precio_costo_22, t0.vin_caja AS vin_caja_23, t0.vin_sin_wineid AS vin_sin_wineid_24 FROM vino t0':

SQLSTATE[42S22]: Column not found: 1054 Unknown column 't0.vin_descripcion' in 'field list' C:\xampp\htdocs\wine_fwk\vendor\doctrine\dbal\lib\Doctrine\DBAL\Driver\AbstractMySQLDriver.php 71
ERROR - 2016-09-07 14:13:17 --> $config['composer_autoload'] is set to TRUE but C:\xampp\htdocs\wine_fwk\application\vendor/autoload.php was not found.
ERROR - 2016-09-07 14:13:17 --> Severity: error --> Exception: An exception occurred while executing 'SELECT t0.vin_id AS vin_id_1, t0.vin_nombre AS vin_nombre_2, t0.vin_bodega AS vin_bodega_3, t0.vin_cosecha AS vin_cosecha_4, t0.vin_region AS vin_region_5, t0.vin_apelacion AS vin_apelacion_6, t0.vin_descripcion AS vin_descripcion_7, t0.vin_pais AS vin_pais_8, t0.vin_variedad AS vin_variedad_9, t0.vin_corte AS vin_corte_10, t0.vin_foto AS vin_foto_11, t0.vin_pts_ws AS vin_pts_ws_12, t0.vin_pts_parker AS vin_pts_parker_13, t0.vin_pts_atkien AS vin_pts_atkien_14, t0.vin_pts_suckling AS vin_pts_suckling_15, t0.vin_pts_stanzer AS vin_pts_stanzer_16, t0.vin_crianza AS vin_crianza_17, t0.vin_alcohol AS vin_alcohol_18, t0.vin_enologo AS vin_enologo_19, t0.vin_precio_sugerido AS vin_precio_sugerido_20, t0.vin_precio AS vin_precio_21, t0.vin_precio_costo AS vin_precio_costo_22, t0.vin_caja AS vin_caja_23, t0.vin_sin_wineid AS vin_sin_wineid_24 FROM vino t0':

SQLSTATE[42S22]: Column not found: 1054 Unknown column 't0.vin_alcohol' in 'field list' C:\xampp\htdocs\wine_fwk\vendor\doctrine\dbal\lib\Doctrine\DBAL\Driver\AbstractMySQLDriver.php 71
ERROR - 2016-09-07 14:13:55 --> $config['composer_autoload'] is set to TRUE but C:\xampp\htdocs\wine_fwk\application\vendor/autoload.php was not found.
ERROR - 2016-09-07 14:14:15 --> $config['composer_autoload'] is set to TRUE but C:\xampp\htdocs\wine_fwk\application\vendor/autoload.php was not found.
ERROR - 2016-09-07 14:14:27 --> $config['composer_autoload'] is set to TRUE but C:\xampp\htdocs\wine_fwk\application\vendor/autoload.php was not found.
ERROR - 2016-09-07 14:14:52 --> $config['composer_autoload'] is set to TRUE but C:\xampp\htdocs\wine_fwk\application\vendor/autoload.php was not found.
ERROR - 2016-09-07 14:14:52 --> $config['composer_autoload'] is set to TRUE but C:\xampp\htdocs\wine_fwk\application\vendor/autoload.php was not found.
ERROR - 2016-09-07 14:14:52 --> $config['composer_autoload'] is set to TRUE but C:\xampp\htdocs\wine_fwk\application\vendor/autoload.php was not found.
ERROR - 2016-09-07 14:14:53 --> 404 Page Not Found: /index
ERROR - 2016-09-07 14:14:53 --> 404 Page Not Found: /index
ERROR - 2016-09-07 14:14:53 --> $config['composer_autoload'] is set to TRUE but C:\xampp\htdocs\wine_fwk\application\vendor/autoload.php was not found.
ERROR - 2016-09-07 14:14:53 --> 404 Page Not Found: /index
ERROR - 2016-09-07 14:14:53 --> $config['composer_autoload'] is set to TRUE but C:\xampp\htdocs\wine_fwk\application\vendor/autoload.php was not found.
ERROR - 2016-09-07 14:14:53 --> 404 Page Not Found: /index
ERROR - 2016-09-07 14:15:15 --> $config['composer_autoload'] is set to TRUE but C:\xampp\htdocs\wine_fwk\application\vendor/autoload.php was not found.
ERROR - 2016-09-07 14:15:15 --> $config['composer_autoload'] is set to TRUE but C:\xampp\htdocs\wine_fwk\application\vendor/autoload.php was not found.
ERROR - 2016-09-07 14:15:16 --> $config['composer_autoload'] is set to TRUE but C:\xampp\htdocs\wine_fwk\application\vendor/autoload.php was not found.
ERROR - 2016-09-07 14:15:18 --> $config['composer_autoload'] is set to TRUE but C:\xampp\htdocs\wine_fwk\application\vendor/autoload.php was not found.
ERROR - 2016-09-07 14:15:19 --> $config['composer_autoload'] is set to TRUE but C:\xampp\htdocs\wine_fwk\application\vendor/autoload.php was not found.
ERROR - 2016-09-07 14:15:19 --> $config['composer_autoload'] is set to TRUE but C:\xampp\htdocs\wine_fwk\application\vendor/autoload.php was not found.
ERROR - 2016-09-07 14:15:19 --> 404 Page Not Found: /index
ERROR - 2016-09-07 14:15:19 --> 404 Page Not Found: /index
ERROR - 2016-09-07 14:15:19 --> $config['composer_autoload'] is set to TRUE but C:\xampp\htdocs\wine_fwk\application\vendor/autoload.php was not found.
ERROR - 2016-09-07 14:15:19 --> 404 Page Not Found: /index
ERROR - 2016-09-07 14:15:19 --> $config['composer_autoload'] is set to TRUE but C:\xampp\htdocs\wine_fwk\application\vendor/autoload.php was not found.
ERROR - 2016-09-07 14:15:19 --> 404 Page Not Found: /index
ERROR - 2016-09-07 14:16:28 --> $config['composer_autoload'] is set to TRUE but C:\xampp\htdocs\wine_fwk\application\vendor/autoload.php was not found.
ERROR - 2016-09-07 14:16:29 --> $config['composer_autoload'] is set to TRUE but C:\xampp\htdocs\wine_fwk\application\vendor/autoload.php was not found.
ERROR - 2016-09-07 14:16:29 --> $config['composer_autoload'] is set to TRUE but C:\xampp\htdocs\wine_fwk\application\vendor/autoload.php was not found.
ERROR - 2016-09-07 14:16:31 --> $config['composer_autoload'] is set to TRUE but C:\xampp\htdocs\wine_fwk\application\vendor/autoload.php was not found.
ERROR - 2016-09-07 14:16:32 --> $config['composer_autoload'] is set to TRUE but C:\xampp\htdocs\wine_fwk\application\vendor/autoload.php was not found.
ERROR - 2016-09-07 14:16:32 --> $config['composer_autoload'] is set to TRUE but C:\xampp\htdocs\wine_fwk\application\vendor/autoload.php was not found.
ERROR - 2016-09-07 14:16:32 --> 404 Page Not Found: /index
ERROR - 2016-09-07 14:16:32 --> 404 Page Not Found: /index
ERROR - 2016-09-07 14:16:32 --> $config['composer_autoload'] is set to TRUE but C:\xampp\htdocs\wine_fwk\application\vendor/autoload.php was not found.
ERROR - 2016-09-07 14:16:32 --> 404 Page Not Found: /index
ERROR - 2016-09-07 14:19:08 --> $config['composer_autoload'] is set to TRUE but C:\xampp\htdocs\wine_fwk\application\vendor/autoload.php was not found.
ERROR - 2016-09-07 14:19:09 --> $config['composer_autoload'] is set to TRUE but C:\xampp\htdocs\wine_fwk\application\vendor/autoload.php was not found.
ERROR - 2016-09-07 14:19:23 --> $config['composer_autoload'] is set to TRUE but C:\xampp\htdocs\wine_fwk\application\vendor/autoload.php was not found.
ERROR - 2016-09-07 14:19:23 --> $config['composer_autoload'] is set to TRUE but C:\xampp\htdocs\wine_fwk\application\vendor/autoload.php was not found.
ERROR - 2016-09-07 14:19:46 --> $config['composer_autoload'] is set to TRUE but C:\xampp\htdocs\wine_fwk\application\vendor/autoload.php was not found.
ERROR - 2016-09-07 14:19:47 --> $config['composer_autoload'] is set to TRUE but C:\xampp\htdocs\wine_fwk\application\vendor/autoload.php was not found.
ERROR - 2016-09-07 19:07:32 --> $config['composer_autoload'] is set to TRUE but C:\xampp\htdocs\wine_fwk\application\vendor/autoload.php was not found.
ERROR - 2016-09-07 19:07:33 --> $config['composer_autoload'] is set to TRUE but C:\xampp\htdocs\wine_fwk\application\vendor/autoload.php was not found.
ERROR - 2016-09-07 19:07:33 --> $config['composer_autoload'] is set to TRUE but C:\xampp\htdocs\wine_fwk\application\vendor/autoload.php was not found.
ERROR - 2016-09-07 19:07:33 --> $config['composer_autoload'] is set to TRUE but C:\xampp\htdocs\wine_fwk\application\vendor/autoload.php was not found.
ERROR - 2016-09-07 19:07:33 --> $config['composer_autoload'] is set to TRUE but C:\xampp\htdocs\wine_fwk\application\vendor/autoload.php was not found.
ERROR - 2016-09-07 19:07:33 --> 404 Page Not Found: /index
ERROR - 2016-09-07 19:07:33 --> 404 Page Not Found: /index
ERROR - 2016-09-07 19:07:33 --> 404 Page Not Found: /index
ERROR - 2016-09-07 19:07:33 --> 404 Page Not Found: /index
ERROR - 2016-09-07 19:07:33 --> $config['composer_autoload'] is set to TRUE but C:\xampp\htdocs\wine_fwk\application\vendor/autoload.php was not found.
ERROR - 2016-09-07 19:07:33 --> $config['composer_autoload'] is set to TRUE but C:\xampp\htdocs\wine_fwk\application\vendor/autoload.php was not found.
ERROR - 2016-09-07 19:07:33 --> $config['composer_autoload'] is set to TRUE but C:\xampp\htdocs\wine_fwk\application\vendor/autoload.php was not found.
ERROR - 2016-09-07 19:07:33 --> $config['composer_autoload'] is set to TRUE but C:\xampp\htdocs\wine_fwk\application\vendor/autoload.php was not found.
ERROR - 2016-09-07 19:07:33 --> $config['composer_autoload'] is set to TRUE but C:\xampp\htdocs\wine_fwk\application\vendor/autoload.php was not found.
ERROR - 2016-09-07 19:07:33 --> $config['composer_autoload'] is set to TRUE but C:\xampp\htdocs\wine_fwk\application\vendor/autoload.php was not found.
ERROR - 2016-09-07 19:07:33 --> 404 Page Not Found: /index
ERROR - 2016-09-07 19:07:33 --> 404 Page Not Found: /index
ERROR - 2016-09-07 19:07:33 --> 404 Page Not Found: /index
ERROR - 2016-09-07 19:07:33 --> $config['composer_autoload'] is set to TRUE but C:\xampp\htdocs\wine_fwk\application\vendor/autoload.php was not found.
ERROR - 2016-09-07 19:07:33 --> $config['composer_autoload'] is set to TRUE but C:\xampp\htdocs\wine_fwk\application\vendor/autoload.php was not found.
ERROR - 2016-09-07 19:07:33 --> 404 Page Not Found: /index
ERROR - 2016-09-07 19:07:33 --> 404 Page Not Found: /index
ERROR - 2016-09-07 19:07:33 --> 404 Page Not Found: /index
ERROR - 2016-09-07 19:07:33 --> 404 Page Not Found: /index
ERROR - 2016-09-07 19:07:33 --> 404 Page Not Found: /index
ERROR - 2016-09-07 19:07:33 --> $config['composer_autoload'] is set to TRUE but C:\xampp\htdocs\wine_fwk\application\vendor/autoload.php was not found.
ERROR - 2016-09-07 19:07:33 --> $config['composer_autoload'] is set to TRUE but C:\xampp\htdocs\wine_fwk\application\vendor/autoload.php was not found.
ERROR - 2016-09-07 19:07:33 --> 404 Page Not Found: /index
ERROR - 2016-09-07 19:07:33 --> 404 Page Not Found: /index
ERROR - 2016-09-07 19:07:33 --> $config['composer_autoload'] is set to TRUE but C:\xampp\htdocs\wine_fwk\application\vendor/autoload.php was not found.
ERROR - 2016-09-07 19:07:33 --> 404 Page Not Found: /index
ERROR - 2016-09-07 19:07:34 --> $config['composer_autoload'] is set to TRUE but C:\xampp\htdocs\wine_fwk\application\vendor/autoload.php was not found.
ERROR - 2016-09-07 19:07:34 --> 404 Page Not Found: /index
ERROR - 2016-09-07 19:07:37 --> $config['composer_autoload'] is set to TRUE but C:\xampp\htdocs\wine_fwk\application\vendor/autoload.php was not found.
ERROR - 2016-09-07 19:07:38 --> $config['composer_autoload'] is set to TRUE but C:\xampp\htdocs\wine_fwk\application\vendor/autoload.php was not found.
ERROR - 2016-09-07 19:07:38 --> $config['composer_autoload'] is set to TRUE but C:\xampp\htdocs\wine_fwk\application\vendor/autoload.php was not found.
ERROR - 2016-09-07 19:07:38 --> $config['composer_autoload'] is set to TRUE but C:\xampp\htdocs\wine_fwk\application\vendor/autoload.php was not found.
ERROR - 2016-09-07 19:07:38 --> $config['composer_autoload'] is set to TRUE but C:\xampp\htdocs\wine_fwk\application\vendor/autoload.php was not found.
ERROR - 2016-09-07 19:07:38 --> 404 Page Not Found: /index
ERROR - 2016-09-07 19:07:38 --> 404 Page Not Found: /index
ERROR - 2016-09-07 19:07:38 --> 404 Page Not Found: /index
ERROR - 2016-09-07 19:07:38 --> 404 Page Not Found: /index
ERROR - 2016-09-07 19:07:38 --> $config['composer_autoload'] is set to TRUE but C:\xampp\htdocs\wine_fwk\application\vendor/autoload.php was not found.
ERROR - 2016-09-07 19:07:38 --> 404 Page Not Found: /index
ERROR - 2016-09-07 19:07:40 --> $config['composer_autoload'] is set to TRUE but C:\xampp\htdocs\wine_fwk\application\vendor/autoload.php was not found.
ERROR - 2016-09-07 19:07:41 --> $config['composer_autoload'] is set to TRUE but C:\xampp\htdocs\wine_fwk\application\vendor/autoload.php was not found.
ERROR - 2016-09-07 19:07:42 --> $config['composer_autoload'] is set to TRUE but C:\xampp\htdocs\wine_fwk\application\vendor/autoload.php was not found.
ERROR - 2016-09-07 19:09:14 --> $config['composer_autoload'] is set to TRUE but C:\xampp\htdocs\wine_fwk\application\vendor/autoload.php was not found.
ERROR - 2016-09-07 19:09:17 --> $config['composer_autoload'] is set to TRUE but C:\xampp\htdocs\wine_fwk\application\vendor/autoload.php was not found.
ERROR - 2016-09-07 19:09:35 --> $config['composer_autoload'] is set to TRUE but C:\xampp\htdocs\wine_fwk\application\vendor/autoload.php was not found.
ERROR - 2016-09-07 19:09:35 --> $config['composer_autoload'] is set to TRUE but C:\xampp\htdocs\wine_fwk\application\vendor/autoload.php was not found.
ERROR - 2016-09-07 19:09:35 --> $config['composer_autoload'] is set to TRUE but C:\xampp\htdocs\wine_fwk\application\vendor/autoload.php was not found.
ERROR - 2016-09-07 19:09:35 --> 404 Page Not Found: /index
ERROR - 2016-09-07 19:09:35 --> 404 Page Not Found: /index
ERROR - 2016-09-07 19:09:36 --> $config['composer_autoload'] is set to TRUE but C:\xampp\htdocs\wine_fwk\application\vendor/autoload.php was not found.
ERROR - 2016-09-07 19:09:36 --> 404 Page Not Found: /index
ERROR - 2016-09-07 19:09:36 --> $config['composer_autoload'] is set to TRUE but C:\xampp\htdocs\wine_fwk\application\vendor/autoload.php was not found.
ERROR - 2016-09-07 19:09:36 --> 404 Page Not Found: /index
ERROR - 2016-09-07 19:09:46 --> $config['composer_autoload'] is set to TRUE but C:\xampp\htdocs\wine_fwk\application\vendor/autoload.php was not found.
ERROR - 2016-09-07 19:09:47 --> $config['composer_autoload'] is set to TRUE but C:\xampp\htdocs\wine_fwk\application\vendor/autoload.php was not found.
ERROR - 2016-09-07 19:11:28 --> $config['composer_autoload'] is set to TRUE but C:\xampp\htdocs\wine_fwk\application\vendor/autoload.php was not found.
ERROR - 2016-09-07 19:11:29 --> $config['composer_autoload'] is set to TRUE but C:\xampp\htdocs\wine_fwk\application\vendor/autoload.php was not found.
ERROR - 2016-09-07 19:11:30 --> $config['composer_autoload'] is set to TRUE but C:\xampp\htdocs\wine_fwk\application\vendor/autoload.php was not found.
ERROR - 2016-09-07 19:11:30 --> 404 Page Not Found: /index
ERROR - 2016-09-07 19:11:45 --> $config['composer_autoload'] is set to TRUE but C:\xampp\htdocs\wine_fwk\application\vendor/autoload.php was not found.
ERROR - 2016-09-07 19:11:46 --> $config['composer_autoload'] is set to TRUE but C:\xampp\htdocs\wine_fwk\application\vendor/autoload.php was not found.
ERROR - 2016-09-07 19:11:46 --> $config['composer_autoload'] is set to TRUE but C:\xampp\htdocs\wine_fwk\application\vendor/autoload.php was not found.
ERROR - 2016-09-07 19:11:46 --> 404 Page Not Found: /index
ERROR - 2016-09-07 19:12:06 --> $config['composer_autoload'] is set to TRUE but C:\xampp\htdocs\wine_fwk\application\vendor/autoload.php was not found.
ERROR - 2016-09-07 19:12:06 --> $config['composer_autoload'] is set to TRUE but C:\xampp\htdocs\wine_fwk\application\vendor/autoload.php was not found.
ERROR - 2016-09-07 19:12:29 --> $config['composer_autoload'] is set to TRUE but C:\xampp\htdocs\wine_fwk\application\vendor/autoload.php was not found.
ERROR - 2016-09-07 19:14:34 --> $config['composer_autoload'] is set to TRUE but C:\xampp\htdocs\wine_fwk\application\vendor/autoload.php was not found.
ERROR - 2016-09-07 19:14:34 --> Severity: error --> Exception: The query returned a row containing multiple columns. Change the query or use a different result function like getScalarResult(). C:\xampp\htdocs\wine_fwk\vendor\doctrine\orm\lib\Doctrine\ORM\Internal\Hydration\SingleScalarHydrator.php 51
ERROR - 2016-09-07 19:14:36 --> $config['composer_autoload'] is set to TRUE but C:\xampp\htdocs\wine_fwk\application\vendor/autoload.php was not found.
ERROR - 2016-09-07 19:14:37 --> $config['composer_autoload'] is set to TRUE but C:\xampp\htdocs\wine_fwk\application\vendor/autoload.php was not found.
ERROR - 2016-09-07 19:14:38 --> $config['composer_autoload'] is set to TRUE but C:\xampp\htdocs\wine_fwk\application\vendor/autoload.php was not found.
ERROR - 2016-09-07 19:14:38 --> 404 Page Not Found: /index
ERROR - 2016-09-07 19:14:40 --> $config['composer_autoload'] is set to TRUE but C:\xampp\htdocs\wine_fwk\application\vendor/autoload.php was not found.
ERROR - 2016-09-07 19:14:40 --> Severity: error --> Exception: The query returned a row containing multiple columns. Change the query or use a different result function like getScalarResult(). C:\xampp\htdocs\wine_fwk\vendor\doctrine\orm\lib\Doctrine\ORM\Internal\Hydration\SingleScalarHydrator.php 51
ERROR - 2016-09-07 19:14:48 --> $config['composer_autoload'] is set to TRUE but C:\xampp\htdocs\wine_fwk\application\vendor/autoload.php was not found.
ERROR - 2016-09-07 19:14:48 --> Severity: error --> Exception: The query returned a row containing multiple columns. Change the query or use a different result function like getScalarResult(). C:\xampp\htdocs\wine_fwk\vendor\doctrine\orm\lib\Doctrine\ORM\Internal\Hydration\SingleScalarHydrator.php 51
ERROR - 2016-09-07 19:15:13 --> $config['composer_autoload'] is set to TRUE but C:\xampp\htdocs\wine_fwk\application\vendor/autoload.php was not found.
ERROR - 2016-09-07 19:15:13 --> Severity: error --> Exception: The query returned a row containing multiple columns. Change the query or use a different result function like getScalarResult(). C:\xampp\htdocs\wine_fwk\vendor\doctrine\orm\lib\Doctrine\ORM\Internal\Hydration\SingleScalarHydrator.php 51
ERROR - 2016-09-07 19:16:03 --> $config['composer_autoload'] is set to TRUE but C:\xampp\htdocs\wine_fwk\application\vendor/autoload.php was not found.
ERROR - 2016-09-07 19:16:03 --> Severity: error --> Exception: The query returned a row containing multiple columns. Change the query or use a different result function like getScalarResult(). C:\xampp\htdocs\wine_fwk\vendor\doctrine\orm\lib\Doctrine\ORM\Internal\Hydration\SingleScalarHydrator.php 51
ERROR - 2016-09-07 19:16:41 --> $config['composer_autoload'] is set to TRUE but C:\xampp\htdocs\wine_fwk\application\vendor/autoload.php was not found.
ERROR - 2016-09-07 19:16:44 --> $config['composer_autoload'] is set to TRUE but C:\xampp\htdocs\wine_fwk\application\vendor/autoload.php was not found.
ERROR - 2016-09-07 19:16:48 --> $config['composer_autoload'] is set to TRUE but C:\xampp\htdocs\wine_fwk\application\vendor/autoload.php was not found.
ERROR - 2016-09-07 19:18:23 --> $config['composer_autoload'] is set to TRUE but C:\xampp\htdocs\wine_fwk\application\vendor/autoload.php was not found.
ERROR - 2016-09-07 19:18:23 --> $config['composer_autoload'] is set to TRUE but C:\xampp\htdocs\wine_fwk\application\vendor/autoload.php was not found.
ERROR - 2016-09-07 19:18:23 --> $config['composer_autoload'] is set to TRUE but C:\xampp\htdocs\wine_fwk\application\vendor/autoload.php was not found.
ERROR - 2016-09-07 19:18:23 --> 404 Page Not Found: /index
ERROR - 2016-09-07 19:18:23 --> 404 Page Not Found: /index
ERROR - 2016-09-07 19:18:23 --> $config['composer_autoload'] is set to TRUE but C:\xampp\htdocs\wine_fwk\application\vendor/autoload.php was not found.
ERROR - 2016-09-07 19:18:23 --> 404 Page Not Found: /index
ERROR - 2016-09-07 19:18:23 --> $config['composer_autoload'] is set to TRUE but C:\xampp\htdocs\wine_fwk\application\vendor/autoload.php was not found.
ERROR - 2016-09-07 19:18:24 --> 404 Page Not Found: /index
ERROR - 2016-09-07 19:18:26 --> $config['composer_autoload'] is set to TRUE but C:\xampp\htdocs\wine_fwk\application\vendor/autoload.php was not found.
ERROR - 2016-09-07 19:18:26 --> $config['composer_autoload'] is set to TRUE but C:\xampp\htdocs\wine_fwk\application\vendor/autoload.php was not found.
ERROR - 2016-09-07 19:18:27 --> $config['composer_autoload'] is set to TRUE but C:\xampp\htdocs\wine_fwk\application\vendor/autoload.php was not found.
ERROR - 2016-09-07 19:18:30 --> $config['composer_autoload'] is set to TRUE but C:\xampp\htdocs\wine_fwk\application\vendor/autoload.php was not found.
ERROR - 2016-09-07 19:18:30 --> $config['composer_autoload'] is set to TRUE but C:\xampp\htdocs\wine_fwk\application\vendor/autoload.php was not found.
ERROR - 2016-09-07 19:18:30 --> $config['composer_autoload'] is set to TRUE but C:\xampp\htdocs\wine_fwk\application\vendor/autoload.php was not found.
ERROR - 2016-09-07 19:18:30 --> 404 Page Not Found: /index
ERROR - 2016-09-07 19:18:30 --> 404 Page Not Found: /index
ERROR - 2016-09-07 19:18:33 --> $config['composer_autoload'] is set to TRUE but C:\xampp\htdocs\wine_fwk\application\vendor/autoload.php was not found.
ERROR - 2016-09-07 19:18:34 --> $config['composer_autoload'] is set to TRUE but C:\xampp\htdocs\wine_fwk\application\vendor/autoload.php was not found.
ERROR - 2016-09-07 19:18:34 --> $config['composer_autoload'] is set to TRUE but C:\xampp\htdocs\wine_fwk\application\vendor/autoload.php was not found.
ERROR - 2016-09-07 19:21:24 --> $config['composer_autoload'] is set to TRUE but C:\xampp\htdocs\wine_fwk\application\vendor/autoload.php was not found.
ERROR - 2016-09-07 19:21:25 --> $config['composer_autoload'] is set to TRUE but C:\xampp\htdocs\wine_fwk\application\vendor/autoload.php was not found.
ERROR - 2016-09-07 19:21:27 --> $config['composer_autoload'] is set to TRUE but C:\xampp\htdocs\wine_fwk\application\vendor/autoload.php was not found.
ERROR - 2016-09-07 19:21:27 --> $config['composer_autoload'] is set to TRUE but C:\xampp\htdocs\wine_fwk\application\vendor/autoload.php was not found.
ERROR - 2016-09-07 19:21:27 --> $config['composer_autoload'] is set to TRUE but C:\xampp\htdocs\wine_fwk\application\vendor/autoload.php was not found.
ERROR - 2016-09-07 19:21:27 --> 404 Page Not Found: /index
ERROR - 2016-09-07 19:21:27 --> 404 Page Not Found: /index
ERROR - 2016-09-07 19:21:27 --> $config['composer_autoload'] is set to TRUE but C:\xampp\htdocs\wine_fwk\application\vendor/autoload.php was not found.
ERROR - 2016-09-07 19:21:27 --> 404 Page Not Found: /index
ERROR - 2016-09-07 19:21:27 --> $config['composer_autoload'] is set to TRUE but C:\xampp\htdocs\wine_fwk\application\vendor/autoload.php was not found.
ERROR - 2016-09-07 19:21:27 --> 404 Page Not Found: /index
ERROR - 2016-09-07 19:21:29 --> $config['composer_autoload'] is set to TRUE but C:\xampp\htdocs\wine_fwk\application\vendor/autoload.php was not found.
ERROR - 2016-09-07 19:21:29 --> Severity: Notice --> Undefined index: atr_activo C:\xampp\htdocs\wine_fwk\application\modules\web\models\atributo\Atributo_model.php 88
ERROR - 2016-09-07 19:21:30 --> $config['composer_autoload'] is set to TRUE but C:\xampp\htdocs\wine_fwk\application\vendor/autoload.php was not found.
ERROR - 2016-09-07 19:21:30 --> $config['composer_autoload'] is set to TRUE but C:\xampp\htdocs\wine_fwk\application\vendor/autoload.php was not found.
ERROR - 2016-09-07 19:21:39 --> $config['composer_autoload'] is set to TRUE but C:\xampp\htdocs\wine_fwk\application\vendor/autoload.php was not found.
ERROR - 2016-09-07 19:21:40 --> $config['composer_autoload'] is set to TRUE but C:\xampp\htdocs\wine_fwk\application\vendor/autoload.php was not found.
ERROR - 2016-09-07 19:23:14 --> $config['composer_autoload'] is set to TRUE but C:\xampp\htdocs\wine_fwk\application\vendor/autoload.php was not found.
ERROR - 2016-09-07 19:23:14 --> $config['composer_autoload'] is set to TRUE but C:\xampp\htdocs\wine_fwk\application\vendor/autoload.php was not found.
ERROR - 2016-09-07 19:24:46 --> $config['composer_autoload'] is set to TRUE but C:\xampp\htdocs\wine_fwk\application\vendor/autoload.php was not found.
ERROR - 2016-09-07 19:24:47 --> $config['composer_autoload'] is set to TRUE but C:\xampp\htdocs\wine_fwk\application\vendor/autoload.php was not found.
ERROR - 2016-09-07 19:24:50 --> $config['composer_autoload'] is set to TRUE but C:\xampp\htdocs\wine_fwk\application\vendor/autoload.php was not found.
ERROR - 2016-09-07 19:24:51 --> $config['composer_autoload'] is set to TRUE but C:\xampp\htdocs\wine_fwk\application\vendor/autoload.php was not found.
ERROR - 2016-09-07 19:24:51 --> $config['composer_autoload'] is set to TRUE but C:\xampp\htdocs\wine_fwk\application\vendor/autoload.php was not found.
ERROR - 2016-09-07 19:24:51 --> 404 Page Not Found: /index
ERROR - 2016-09-07 19:24:51 --> 404 Page Not Found: /index
ERROR - 2016-09-07 19:24:51 --> $config['composer_autoload'] is set to TRUE but C:\xampp\htdocs\wine_fwk\application\vendor/autoload.php was not found.
ERROR - 2016-09-07 19:24:51 --> 404 Page Not Found: /index
ERROR - 2016-09-07 19:24:51 --> $config['composer_autoload'] is set to TRUE but C:\xampp\htdocs\wine_fwk\application\vendor/autoload.php was not found.
ERROR - 2016-09-07 19:24:51 --> 404 Page Not Found: /index
ERROR - 2016-09-07 19:24:52 --> $config['composer_autoload'] is set to TRUE but C:\xampp\htdocs\wine_fwk\application\vendor/autoload.php was not found.
ERROR - 2016-09-07 19:24:52 --> $config['composer_autoload'] is set to TRUE but C:\xampp\htdocs\wine_fwk\application\vendor/autoload.php was not found.
ERROR - 2016-09-07 19:24:54 --> $config['composer_autoload'] is set to TRUE but C:\xampp\htdocs\wine_fwk\application\vendor/autoload.php was not found.
ERROR - 2016-09-07 19:24:54 --> 404 Page Not Found: /index
ERROR - 2016-09-07 19:26:57 --> $config['composer_autoload'] is set to TRUE but C:\xampp\htdocs\wine_fwk\application\vendor/autoload.php was not found.
ERROR - 2016-09-07 19:26:57 --> $config['composer_autoload'] is set to TRUE but C:\xampp\htdocs\wine_fwk\application\vendor/autoload.php was not found.
ERROR - 2016-09-07 19:26:57 --> $config['composer_autoload'] is set to TRUE but C:\xampp\htdocs\wine_fwk\application\vendor/autoload.php was not found.
ERROR - 2016-09-07 19:26:58 --> $config['composer_autoload'] is set to TRUE but C:\xampp\htdocs\wine_fwk\application\vendor/autoload.php was not found.
ERROR - 2016-09-07 19:27:05 --> $config['composer_autoload'] is set to TRUE but C:\xampp\htdocs\wine_fwk\application\vendor/autoload.php was not found.
ERROR - 2016-09-07 19:27:05 --> 404 Page Not Found: /index
ERROR - 2016-09-07 19:27:19 --> $config['composer_autoload'] is set to TRUE but C:\xampp\htdocs\wine_fwk\application\vendor/autoload.php was not found.
ERROR - 2016-09-07 19:27:19 --> 404 Page Not Found: /index
ERROR - 2016-09-07 19:27:21 --> $config['composer_autoload'] is set to TRUE but C:\xampp\htdocs\wine_fwk\application\vendor/autoload.php was not found.
ERROR - 2016-09-07 19:27:21 --> 404 Page Not Found: /index
ERROR - 2016-09-07 19:27:59 --> $config['composer_autoload'] is set to TRUE but C:\xampp\htdocs\wine_fwk\application\vendor/autoload.php was not found.
ERROR - 2016-09-07 19:28:00 --> $config['composer_autoload'] is set to TRUE but C:\xampp\htdocs\wine_fwk\application\vendor/autoload.php was not found.
ERROR - 2016-09-07 19:28:00 --> $config['composer_autoload'] is set to TRUE but C:\xampp\htdocs\wine_fwk\application\vendor/autoload.php was not found.
ERROR - 2016-09-07 19:28:01 --> $config['composer_autoload'] is set to TRUE but C:\xampp\htdocs\wine_fwk\application\vendor/autoload.php was not found.
ERROR - 2016-09-07 19:28:01 --> $config['composer_autoload'] is set to TRUE but C:\xampp\htdocs\wine_fwk\application\vendor/autoload.php was not found.
ERROR - 2016-09-07 19:28:02 --> $config['composer_autoload'] is set to TRUE but C:\xampp\htdocs\wine_fwk\application\vendor/autoload.php was not found.
ERROR - 2016-09-07 19:28:02 --> $config['composer_autoload'] is set to TRUE but C:\xampp\htdocs\wine_fwk\application\vendor/autoload.php was not found.
ERROR - 2016-09-07 19:28:20 --> $config['composer_autoload'] is set to TRUE but C:\xampp\htdocs\wine_fwk\application\vendor/autoload.php was not found.
ERROR - 2016-09-07 19:28:20 --> $config['composer_autoload'] is set to TRUE but C:\xampp\htdocs\wine_fwk\application\vendor/autoload.php was not found.
ERROR - 2016-09-07 19:28:22 --> $config['composer_autoload'] is set to TRUE but C:\xampp\htdocs\wine_fwk\application\vendor/autoload.php was not found.
ERROR - 2016-09-07 19:28:22 --> 404 Page Not Found: /index
ERROR - 2016-09-07 19:28:27 --> $config['composer_autoload'] is set to TRUE but C:\xampp\htdocs\wine_fwk\application\vendor/autoload.php was not found.
ERROR - 2016-09-07 19:28:28 --> $config['composer_autoload'] is set to TRUE but C:\xampp\htdocs\wine_fwk\application\vendor/autoload.php was not found.
ERROR - 2016-09-07 19:28:50 --> $config['composer_autoload'] is set to TRUE but C:\xampp\htdocs\wine_fwk\application\vendor/autoload.php was not found.
ERROR - 2016-09-07 19:28:50 --> $config['composer_autoload'] is set to TRUE but C:\xampp\htdocs\wine_fwk\application\vendor/autoload.php was not found.
ERROR - 2016-09-07 19:28:52 --> $config['composer_autoload'] is set to TRUE but C:\xampp\htdocs\wine_fwk\application\vendor/autoload.php was not found.
ERROR - 2016-09-07 19:28:58 --> $config['composer_autoload'] is set to TRUE but C:\xampp\htdocs\wine_fwk\application\vendor/autoload.php was not found.
ERROR - 2016-09-07 19:28:59 --> $config['composer_autoload'] is set to TRUE but C:\xampp\htdocs\wine_fwk\application\vendor/autoload.php was not found.
ERROR - 2016-09-07 19:28:59 --> $config['composer_autoload'] is set to TRUE but C:\xampp\htdocs\wine_fwk\application\vendor/autoload.php was not found.
ERROR - 2016-09-07 19:29:02 --> $config['composer_autoload'] is set to TRUE but C:\xampp\htdocs\wine_fwk\application\vendor/autoload.php was not found.
ERROR - 2016-09-07 19:29:02 --> $config['composer_autoload'] is set to TRUE but C:\xampp\htdocs\wine_fwk\application\vendor/autoload.php was not found.
ERROR - 2016-09-07 19:29:02 --> $config['composer_autoload'] is set to TRUE but C:\xampp\htdocs\wine_fwk\application\vendor/autoload.php was not found.
ERROR - 2016-09-07 19:29:21 --> $config['composer_autoload'] is set to TRUE but C:\xampp\htdocs\wine_fwk\application\vendor/autoload.php was not found.
ERROR - 2016-09-07 19:29:21 --> $config['composer_autoload'] is set to TRUE but C:\xampp\htdocs\wine_fwk\application\vendor/autoload.php was not found.
ERROR - 2016-09-07 19:29:21 --> $config['composer_autoload'] is set to TRUE but C:\xampp\htdocs\wine_fwk\application\vendor/autoload.php was not found.
ERROR - 2016-09-07 19:29:32 --> $config['composer_autoload'] is set to TRUE but C:\xampp\htdocs\wine_fwk\application\vendor/autoload.php was not found.
ERROR - 2016-09-07 19:29:32 --> $config['composer_autoload'] is set to TRUE but C:\xampp\htdocs\wine_fwk\application\vendor/autoload.php was not found.
ERROR - 2016-09-07 19:29:37 --> $config['composer_autoload'] is set to TRUE but C:\xampp\htdocs\wine_fwk\application\vendor/autoload.php was not found.
ERROR - 2016-09-07 19:29:38 --> $config['composer_autoload'] is set to TRUE but C:\xampp\htdocs\wine_fwk\application\vendor/autoload.php was not found.
ERROR - 2016-09-07 19:30:49 --> $config['composer_autoload'] is set to TRUE but C:\xampp\htdocs\wine_fwk\application\vendor/autoload.php was not found.
ERROR - 2016-09-07 19:30:49 --> $config['composer_autoload'] is set to TRUE but C:\xampp\htdocs\wine_fwk\application\vendor/autoload.php was not found.
ERROR - 2016-09-07 19:30:49 --> $config['composer_autoload'] is set to TRUE but C:\xampp\htdocs\wine_fwk\application\vendor/autoload.php was not found.
ERROR - 2016-09-07 19:30:49 --> 404 Page Not Found: /index
ERROR - 2016-09-07 19:30:49 --> 404 Page Not Found: /index
ERROR - 2016-09-07 19:31:14 --> $config['composer_autoload'] is set to TRUE but C:\xampp\htdocs\wine_fwk\application\vendor/autoload.php was not found.
ERROR - 2016-09-07 19:31:15 --> $config['composer_autoload'] is set to TRUE but C:\xampp\htdocs\wine_fwk\application\vendor/autoload.php was not found.
ERROR - 2016-09-07 19:31:15 --> $config['composer_autoload'] is set to TRUE but C:\xampp\htdocs\wine_fwk\application\vendor/autoload.php was not found.
ERROR - 2016-09-07 19:31:15 --> 404 Page Not Found: /index
ERROR - 2016-09-07 19:31:15 --> 404 Page Not Found: /index
ERROR - 2016-09-07 19:31:15 --> $config['composer_autoload'] is set to TRUE but C:\xampp\htdocs\wine_fwk\application\vendor/autoload.php was not found.
ERROR - 2016-09-07 19:31:15 --> 404 Page Not Found: /index
ERROR - 2016-09-07 19:31:15 --> $config['composer_autoload'] is set to TRUE but C:\xampp\htdocs\wine_fwk\application\vendor/autoload.php was not found.
ERROR - 2016-09-07 19:31:15 --> 404 Page Not Found: /index
ERROR - 2016-09-07 19:31:17 --> $config['composer_autoload'] is set to TRUE but C:\xampp\htdocs\wine_fwk\application\vendor/autoload.php was not found.
ERROR - 2016-09-07 19:31:18 --> $config['composer_autoload'] is set to TRUE but C:\xampp\htdocs\wine_fwk\application\vendor/autoload.php was not found.
ERROR - 2016-09-07 19:31:20 --> $config['composer_autoload'] is set to TRUE but C:\xampp\htdocs\wine_fwk\application\vendor/autoload.php was not found.
ERROR - 2016-09-07 19:31:20 --> $config['composer_autoload'] is set to TRUE but C:\xampp\htdocs\wine_fwk\application\vendor/autoload.php was not found.
ERROR - 2016-09-07 19:31:43 --> $config['composer_autoload'] is set to TRUE but C:\xampp\htdocs\wine_fwk\application\vendor/autoload.php was not found.
ERROR - 2016-09-07 19:31:45 --> $config['composer_autoload'] is set to TRUE but C:\xampp\htdocs\wine_fwk\application\vendor/autoload.php was not found.
ERROR - 2016-09-07 19:31:52 --> $config['composer_autoload'] is set to TRUE but C:\xampp\htdocs\wine_fwk\application\vendor/autoload.php was not found.
ERROR - 2016-09-07 19:31:53 --> $config['composer_autoload'] is set to TRUE but C:\xampp\htdocs\wine_fwk\application\vendor/autoload.php was not found.
ERROR - 2016-09-07 19:32:23 --> $config['composer_autoload'] is set to TRUE but C:\xampp\htdocs\wine_fwk\application\vendor/autoload.php was not found.
ERROR - 2016-09-07 19:32:23 --> $config['composer_autoload'] is set to TRUE but C:\xampp\htdocs\wine_fwk\application\vendor/autoload.php was not found.
ERROR - 2016-09-07 19:32:30 --> $config['composer_autoload'] is set to TRUE but C:\xampp\htdocs\wine_fwk\application\vendor/autoload.php was not found.
ERROR - 2016-09-07 19:32:30 --> $config['composer_autoload'] is set to TRUE but C:\xampp\htdocs\wine_fwk\application\vendor/autoload.php was not found.
ERROR - 2016-09-07 19:32:30 --> $config['composer_autoload'] is set to TRUE but C:\xampp\htdocs\wine_fwk\application\vendor/autoload.php was not found.
ERROR - 2016-09-07 19:32:30 --> 404 Page Not Found: /index
ERROR - 2016-09-07 19:32:30 --> 404 Page Not Found: /index
ERROR - 2016-09-07 19:32:30 --> $config['composer_autoload'] is set to TRUE but C:\xampp\htdocs\wine_fwk\application\vendor/autoload.php was not found.
ERROR - 2016-09-07 19:32:30 --> 404 Page Not Found: /index
ERROR - 2016-09-07 19:32:30 --> $config['composer_autoload'] is set to TRUE but C:\xampp\htdocs\wine_fwk\application\vendor/autoload.php was not found.
ERROR - 2016-09-07 19:32:30 --> 404 Page Not Found: /index
ERROR - 2016-09-07 19:32:56 --> $config['composer_autoload'] is set to TRUE but C:\xampp\htdocs\wine_fwk\application\vendor/autoload.php was not found.
ERROR - 2016-09-07 19:32:57 --> $config['composer_autoload'] is set to TRUE but C:\xampp\htdocs\wine_fwk\application\vendor/autoload.php was not found.
ERROR - 2016-09-07 19:33:03 --> $config['composer_autoload'] is set to TRUE but C:\xampp\htdocs\wine_fwk\application\vendor/autoload.php was not found.
ERROR - 2016-09-07 19:33:03 --> $config['composer_autoload'] is set to TRUE but C:\xampp\htdocs\wine_fwk\application\vendor/autoload.php was not found.
ERROR - 2016-09-07 19:33:03 --> $config['composer_autoload'] is set to TRUE but C:\xampp\htdocs\wine_fwk\application\vendor/autoload.php was not found.
ERROR - 2016-09-07 19:33:03 --> 404 Page Not Found: /index
ERROR - 2016-09-07 19:33:03 --> 404 Page Not Found: /index
ERROR - 2016-09-07 19:33:03 --> $config['composer_autoload'] is set to TRUE but C:\xampp\htdocs\wine_fwk\application\vendor/autoload.php was not found.
ERROR - 2016-09-07 19:33:03 --> 404 Page Not Found: /index
ERROR - 2016-09-07 19:33:03 --> $config['composer_autoload'] is set to TRUE but C:\xampp\htdocs\wine_fwk\application\vendor/autoload.php was not found.
ERROR - 2016-09-07 19:33:03 --> 404 Page Not Found: /index
ERROR - 2016-09-07 19:33:07 --> $config['composer_autoload'] is set to TRUE but C:\xampp\htdocs\wine_fwk\application\vendor/autoload.php was not found.
ERROR - 2016-09-07 19:33:08 --> $config['composer_autoload'] is set to TRUE but C:\xampp\htdocs\wine_fwk\application\vendor/autoload.php was not found.
ERROR - 2016-09-07 19:33:15 --> $config['composer_autoload'] is set to TRUE but C:\xampp\htdocs\wine_fwk\application\vendor/autoload.php was not found.
ERROR - 2016-09-07 19:33:16 --> $config['composer_autoload'] is set to TRUE but C:\xampp\htdocs\wine_fwk\application\vendor/autoload.php was not found.
ERROR - 2016-09-07 19:52:33 --> $config['composer_autoload'] is set to TRUE but C:\xampp\htdocs\wine_fwk\application\vendor/autoload.php was not found.
ERROR - 2016-09-07 19:52:34 --> $config['composer_autoload'] is set to TRUE but C:\xampp\htdocs\wine_fwk\application\vendor/autoload.php was not found.
ERROR - 2016-09-07 19:52:36 --> $config['composer_autoload'] is set to TRUE but C:\xampp\htdocs\wine_fwk\application\vendor/autoload.php was not found.
ERROR - 2016-09-07 19:52:37 --> $config['composer_autoload'] is set to TRUE but C:\xampp\htdocs\wine_fwk\application\vendor/autoload.php was not found.
