ERROR - 2016-12-30 18:07:58 --> $config['composer_autoload'] is set to TRUE but C:\xampp\htdocs\back_inscribite\application\vendor/autoload.php was not found.
ERROR - 2016-12-30 18:07:59 --> $config['composer_autoload'] is set to TRUE but C:\xampp\htdocs\back_inscribite\application\vendor/autoload.php was not found.
ERROR - 2016-12-30 18:08:00 --> $config['composer_autoload'] is set to TRUE but C:\xampp\htdocs\back_inscribite\application\vendor/autoload.php was not found.
ERROR - 2016-12-30 18:08:00 --> $config['composer_autoload'] is set to TRUE but C:\xampp\htdocs\back_inscribite\application\vendor/autoload.php was not found.
ERROR - 2016-12-30 18:08:00 --> $config['composer_autoload'] is set to TRUE but C:\xampp\htdocs\back_inscribite\application\vendor/autoload.php was not found.
ERROR - 2016-12-30 18:08:00 --> $config['composer_autoload'] is set to TRUE but C:\xampp\htdocs\back_inscribite\application\vendor/autoload.php was not found.
ERROR - 2016-12-30 18:08:00 --> 404 Page Not Found: /index
ERROR - 2016-12-30 18:08:00 --> 404 Page Not Found: /index
ERROR - 2016-12-30 18:08:00 --> 404 Page Not Found: /index
ERROR - 2016-12-30 18:08:00 --> 404 Page Not Found: /index
ERROR - 2016-12-30 18:08:00 --> $config['composer_autoload'] is set to TRUE but C:\xampp\htdocs\back_inscribite\application\vendor/autoload.php was not found.
ERROR - 2016-12-30 18:08:00 --> 404 Page Not Found: /index
ERROR - 2016-12-30 18:08:00 --> $config['composer_autoload'] is set to TRUE but C:\xampp\htdocs\back_inscribite\application\vendor/autoload.php was not found.
ERROR - 2016-12-30 18:08:00 --> 404 Page Not Found: /index
ERROR - 2016-12-30 18:08:07 --> $config['composer_autoload'] is set to TRUE but C:\xampp\htdocs\back_inscribite\application\vendor/autoload.php was not found.
ERROR - 2016-12-30 18:08:08 --> $config['composer_autoload'] is set to TRUE but C:\xampp\htdocs\back_inscribite\application\vendor/autoload.php was not found.
ERROR - 2016-12-30 18:08:09 --> $config['composer_autoload'] is set to TRUE but C:\xampp\htdocs\back_inscribite\application\vendor/autoload.php was not found.
ERROR - 2016-12-30 18:08:22 --> $config['composer_autoload'] is set to TRUE but C:\xampp\htdocs\back_inscribite\application\vendor/autoload.php was not found.
ERROR - 2016-12-30 18:08:23 --> $config['composer_autoload'] is set to TRUE but C:\xampp\htdocs\back_inscribite\application\vendor/autoload.php was not found.
ERROR - 2016-12-30 18:08:23 --> Severity: error --> Exception: An exception occurred while executing 'SELECT c0_.cob_id AS cob_id_0, c0_.cob_fecha AS cob_fecha_1, c0_.cob_recibo AS cob_recibo_2, c0_.cob_adjunto AS cob_adjunto_3, c0_.cob_cantregistros AS cob_cantregistros_4, c0_.cob_importe AS cob_importe_5, c0_.cob_retenciones AS cob_retenciones_6, c0_.cob_ajustes AS cob_ajustes_7, c0_.cob_mediopago AS cob_mediopago_8 FROM cobro c0_ LIMIT 20 OFFSET 0':

SQLSTATE[42S22]: Column not found: 1054 Unknown column 'c0_.cob_id' in 'field list' C:\xampp\htdocs\back_inscribite\vendor\doctrine\dbal\lib\Doctrine\DBAL\Driver\AbstractMySQLDriver.php 71
ERROR - 2016-12-30 18:45:25 --> $config['composer_autoload'] is set to TRUE but C:\xampp\htdocs\back_inscribite\application\vendor/autoload.php was not found.
ERROR - 2016-12-30 18:45:26 --> $config['composer_autoload'] is set to TRUE but C:\xampp\htdocs\back_inscribite\application\vendor/autoload.php was not found.
ERROR - 2016-12-30 18:45:26 --> Severity: error --> Exception: Unknown column type "double" requested. Any Doctrine type that you use has to be registered with \Doctrine\DBAL\Types\Type::addType(). You can get a list of all the known types with \Doctrine\DBAL\Types\Type::getTypesMap(). If this error occurs during database introspection then you might have forgot to register all database types for a Doctrine Type. Use AbstractPlatform#registerDoctrineTypeMapping() or have your custom types implement Type#getMappedDatabaseTypes(). If the type name is empty you might have a problem with the cache or forgot some mapping information. C:\xampp\htdocs\back_inscribite\vendor\doctrine\dbal\lib\Doctrine\DBAL\DBALException.php 228
ERROR - 2016-12-30 18:45:27 --> $config['composer_autoload'] is set to TRUE but C:\xampp\htdocs\back_inscribite\application\vendor/autoload.php was not found.
ERROR - 2016-12-30 18:45:27 --> 404 Page Not Found: /index
ERROR - 2016-12-30 18:45:43 --> $config['composer_autoload'] is set to TRUE but C:\xampp\htdocs\back_inscribite\application\vendor/autoload.php was not found.
ERROR - 2016-12-30 18:45:43 --> $config['composer_autoload'] is set to TRUE but C:\xampp\htdocs\back_inscribite\application\vendor/autoload.php was not found.
ERROR - 2016-12-30 18:45:43 --> Severity: error --> Exception: Unknown column type "double" requested. Any Doctrine type that you use has to be registered with \Doctrine\DBAL\Types\Type::addType(). You can get a list of all the known types with \Doctrine\DBAL\Types\Type::getTypesMap(). If this error occurs during database introspection then you might have forgot to register all database types for a Doctrine Type. Use AbstractPlatform#registerDoctrineTypeMapping() or have your custom types implement Type#getMappedDatabaseTypes(). If the type name is empty you might have a problem with the cache or forgot some mapping information. C:\xampp\htdocs\back_inscribite\vendor\doctrine\dbal\lib\Doctrine\DBAL\DBALException.php 228
ERROR - 2016-12-30 18:45:43 --> $config['composer_autoload'] is set to TRUE but C:\xampp\htdocs\back_inscribite\application\vendor/autoload.php was not found.
ERROR - 2016-12-30 18:45:43 --> 404 Page Not Found: /index
ERROR - 2016-12-30 18:45:55 --> $config['composer_autoload'] is set to TRUE but C:\xampp\htdocs\back_inscribite\application\vendor/autoload.php was not found.
ERROR - 2016-12-30 18:45:55 --> $config['composer_autoload'] is set to TRUE but C:\xampp\htdocs\back_inscribite\application\vendor/autoload.php was not found.
ERROR - 2016-12-30 18:45:55 --> Severity: error --> Exception: Unknown column type "double" requested. Any Doctrine type that you use has to be registered with \Doctrine\DBAL\Types\Type::addType(). You can get a list of all the known types with \Doctrine\DBAL\Types\Type::getTypesMap(). If this error occurs during database introspection then you might have forgot to register all database types for a Doctrine Type. Use AbstractPlatform#registerDoctrineTypeMapping() or have your custom types implement Type#getMappedDatabaseTypes(). If the type name is empty you might have a problem with the cache or forgot some mapping information. C:\xampp\htdocs\back_inscribite\vendor\doctrine\dbal\lib\Doctrine\DBAL\DBALException.php 228
ERROR - 2016-12-30 18:45:56 --> $config['composer_autoload'] is set to TRUE but C:\xampp\htdocs\back_inscribite\application\vendor/autoload.php was not found.
ERROR - 2016-12-30 18:45:56 --> 404 Page Not Found: /index
ERROR - 2016-12-30 18:46:10 --> $config['composer_autoload'] is set to TRUE but C:\xampp\htdocs\back_inscribite\application\vendor/autoload.php was not found.
ERROR - 2016-12-30 18:46:10 --> Severity: error --> Exception: Unknown column type "double" requested. Any Doctrine type that you use has to be registered with \Doctrine\DBAL\Types\Type::addType(). You can get a list of all the known types with \Doctrine\DBAL\Types\Type::getTypesMap(). If this error occurs during database introspection then you might have forgot to register all database types for a Doctrine Type. Use AbstractPlatform#registerDoctrineTypeMapping() or have your custom types implement Type#getMappedDatabaseTypes(). If the type name is empty you might have a problem with the cache or forgot some mapping information. C:\xampp\htdocs\back_inscribite\vendor\doctrine\dbal\lib\Doctrine\DBAL\DBALException.php 228
ERROR - 2016-12-30 18:46:36 --> $config['composer_autoload'] is set to TRUE but C:\xampp\htdocs\back_inscribite\application\vendor/autoload.php was not found.
ERROR - 2016-12-30 18:46:36 --> Severity: error --> Exception: An exception occurred while executing 'INSERT INTO cobro (cob_fecha, cob_adjunto, cob_cantregistros, cob_importe, cob_retenciones, cob_ajustes, cob_med_tipo, cob_pagado) VALUES (?, ?, ?, ?, ?, ?, ?, ?)' with params ["2016-12-30", null, null, "1000", "0", "0", "pf", null]:

SQLSTATE[23000]: Integrity constraint violation: 1048 Column 'cob_cantregistros' cannot be null C:\xampp\htdocs\back_inscribite\vendor\doctrine\dbal\lib\Doctrine\DBAL\Driver\AbstractMySQLDriver.php 112
ERROR - 2016-12-30 18:46:57 --> $config['composer_autoload'] is set to TRUE but C:\xampp\htdocs\back_inscribite\application\vendor/autoload.php was not found.
ERROR - 2016-12-30 18:46:57 --> Severity: error --> Exception: An exception occurred while executing 'INSERT INTO cobro (cob_fecha, cob_adjunto, cob_cantregistros, cob_importe, cob_retenciones, cob_ajustes, cob_med_tipo, cob_pagado) VALUES (?, ?, ?, ?, ?, ?, ?, ?)' with params ["2016-12-30", null, null, "1000", "0", "0", "pf", null]:

SQLSTATE[23000]: Integrity constraint violation: 1048 Column 'cob_pagado' cannot be null C:\xampp\htdocs\back_inscribite\vendor\doctrine\dbal\lib\Doctrine\DBAL\Driver\AbstractMySQLDriver.php 112
ERROR - 2016-12-30 18:47:32 --> $config['composer_autoload'] is set to TRUE but C:\xampp\htdocs\back_inscribite\application\vendor/autoload.php was not found.
ERROR - 2016-12-30 18:47:32 --> Severity: 4096 --> Object of class Cobro could not be converted to string C:\xampp\htdocs\back_inscribite\vendor\doctrine\dbal\lib\Doctrine\DBAL\Driver\PDOStatement.php 91
ERROR - 2016-12-30 18:47:32 --> Severity: Notice --> Object of class Cobro to string conversion C:\xampp\htdocs\back_inscribite\vendor\doctrine\dbal\lib\Doctrine\DBAL\Driver\PDOStatement.php 91
ERROR - 2016-12-30 18:47:32 --> Severity: Warning --> Cannot modify header information - headers already sent by (output started at C:\xampp\htdocs\back_inscribite\system\core\Exceptions.php:272) C:\xampp\htdocs\back_inscribite\system\helpers\url_helper.php 564
ERROR - 2016-12-30 18:48:37 --> $config['composer_autoload'] is set to TRUE but C:\xampp\htdocs\back_inscribite\application\vendor/autoload.php was not found.
ERROR - 2016-12-30 18:48:38 --> $config['composer_autoload'] is set to TRUE but C:\xampp\htdocs\back_inscribite\application\vendor/autoload.php was not found.
ERROR - 2016-12-30 18:48:38 --> $config['composer_autoload'] is set to TRUE but C:\xampp\htdocs\back_inscribite\application\vendor/autoload.php was not found.
ERROR - 2016-12-30 18:48:39 --> $config['composer_autoload'] is set to TRUE but C:\xampp\htdocs\back_inscribite\application\vendor/autoload.php was not found.
ERROR - 2016-12-30 18:48:39 --> 404 Page Not Found: /index
ERROR - 2016-12-30 18:49:13 --> $config['composer_autoload'] is set to TRUE but C:\xampp\htdocs\back_inscribite\application\vendor/autoload.php was not found.
ERROR - 2016-12-30 18:49:13 --> Query error: You have an error in your SQL syntax; check the manual that corresponds to your MySQL server version for the right syntax to use near ')' at line 1 - Invalid query: insert into cobro_renglones(cor_cob_id,cor_dec_id)select '2' cob_id,dec_id from decodificado_renglones where dec_id in()
ERROR - 2016-12-30 18:50:30 --> $config['composer_autoload'] is set to TRUE but C:\xampp\htdocs\back_inscribite\application\vendor/autoload.php was not found.
ERROR - 2016-12-30 18:50:30 --> $config['composer_autoload'] is set to TRUE but C:\xampp\htdocs\back_inscribite\application\vendor/autoload.php was not found.
ERROR - 2016-12-30 18:50:30 --> $config['composer_autoload'] is set to TRUE but C:\xampp\htdocs\back_inscribite\application\vendor/autoload.php was not found.
ERROR - 2016-12-30 18:50:31 --> $config['composer_autoload'] is set to TRUE but C:\xampp\htdocs\back_inscribite\application\vendor/autoload.php was not found.
ERROR - 2016-12-30 18:50:31 --> 404 Page Not Found: /index
ERROR - 2016-12-30 18:50:48 --> $config['composer_autoload'] is set to TRUE but C:\xampp\htdocs\back_inscribite\application\vendor/autoload.php was not found.
ERROR - 2016-12-30 18:50:48 --> $config['composer_autoload'] is set to TRUE but C:\xampp\htdocs\back_inscribite\application\vendor/autoload.php was not found.
ERROR - 2016-12-30 18:50:48 --> $config['composer_autoload'] is set to TRUE but C:\xampp\htdocs\back_inscribite\application\vendor/autoload.php was not found.
ERROR - 2016-12-30 18:54:59 --> $config['composer_autoload'] is set to TRUE but C:\xampp\htdocs\back_inscribite\application\vendor/autoload.php was not found.
ERROR - 2016-12-30 18:55:00 --> $config['composer_autoload'] is set to TRUE but C:\xampp\htdocs\back_inscribite\application\vendor/autoload.php was not found.
ERROR - 2016-12-30 18:55:01 --> $config['composer_autoload'] is set to TRUE but C:\xampp\htdocs\back_inscribite\application\vendor/autoload.php was not found.
ERROR - 2016-12-30 18:55:01 --> 404 Page Not Found: /index
ERROR - 2016-12-30 18:55:12 --> $config['composer_autoload'] is set to TRUE but C:\xampp\htdocs\back_inscribite\application\vendor/autoload.php was not found.
ERROR - 2016-12-30 18:55:13 --> $config['composer_autoload'] is set to TRUE but C:\xampp\htdocs\back_inscribite\application\vendor/autoload.php was not found.
ERROR - 2016-12-30 18:56:50 --> $config['composer_autoload'] is set to TRUE but C:\xampp\htdocs\back_inscribite\application\vendor/autoload.php was not found.
ERROR - 2016-12-30 18:56:50 --> $config['composer_autoload'] is set to TRUE but C:\xampp\htdocs\back_inscribite\application\vendor/autoload.php was not found.
