ERROR - 2016-08-30 17:13:59 --> $config['composer_autoload'] is set to TRUE but C:\xampp\htdocs\wine_fwk\application\vendor/autoload.php was not found.
ERROR - 2016-08-30 17:14:02 --> $config['composer_autoload'] is set to TRUE but C:\xampp\htdocs\wine_fwk\application\vendor/autoload.php was not found.
ERROR - 2016-08-30 17:14:02 --> $config['composer_autoload'] is set to TRUE but C:\xampp\htdocs\wine_fwk\application\vendor/autoload.php was not found.
ERROR - 2016-08-30 17:14:02 --> $config['composer_autoload'] is set to TRUE but C:\xampp\htdocs\wine_fwk\application\vendor/autoload.php was not found.
ERROR - 2016-08-30 17:14:02 --> $config['composer_autoload'] is set to TRUE but C:\xampp\htdocs\wine_fwk\application\vendor/autoload.php was not found.
ERROR - 2016-08-30 17:14:02 --> $config['composer_autoload'] is set to TRUE but C:\xampp\htdocs\wine_fwk\application\vendor/autoload.php was not found.
ERROR - 2016-08-30 17:14:02 --> 404 Page Not Found: /index
ERROR - 2016-08-30 17:14:02 --> 404 Page Not Found: /index
ERROR - 2016-08-30 17:14:02 --> 404 Page Not Found: /index
ERROR - 2016-08-30 17:14:02 --> 404 Page Not Found: /index
ERROR - 2016-08-30 17:14:02 --> 404 Page Not Found: /index
ERROR - 2016-08-30 17:14:02 --> $config['composer_autoload'] is set to TRUE but C:\xampp\htdocs\wine_fwk\application\vendor/autoload.php was not found.
ERROR - 2016-08-30 17:14:03 --> 404 Page Not Found: /index
ERROR - 2016-08-30 17:14:07 --> $config['composer_autoload'] is set to TRUE but C:\xampp\htdocs\wine_fwk\application\vendor/autoload.php was not found.
ERROR - 2016-08-30 17:14:11 --> $config['composer_autoload'] is set to TRUE but C:\xampp\htdocs\wine_fwk\application\vendor/autoload.php was not found.
ERROR - 2016-08-30 17:14:11 --> $config['composer_autoload'] is set to TRUE but C:\xampp\htdocs\wine_fwk\application\vendor/autoload.php was not found.
ERROR - 2016-08-30 17:14:11 --> $config['composer_autoload'] is set to TRUE but C:\xampp\htdocs\wine_fwk\application\vendor/autoload.php was not found.
ERROR - 2016-08-30 17:14:11 --> $config['composer_autoload'] is set to TRUE but C:\xampp\htdocs\wine_fwk\application\vendor/autoload.php was not found.
ERROR - 2016-08-30 17:14:11 --> $config['composer_autoload'] is set to TRUE but C:\xampp\htdocs\wine_fwk\application\vendor/autoload.php was not found.
ERROR - 2016-08-30 17:14:11 --> $config['composer_autoload'] is set to TRUE but C:\xampp\htdocs\wine_fwk\application\vendor/autoload.php was not found.
ERROR - 2016-08-30 17:14:11 --> 404 Page Not Found: /index
ERROR - 2016-08-30 17:14:11 --> 404 Page Not Found: /index
ERROR - 2016-08-30 17:14:11 --> 404 Page Not Found: /index
ERROR - 2016-08-30 17:14:11 --> 404 Page Not Found: /index
ERROR - 2016-08-30 17:14:11 --> 404 Page Not Found: /index
ERROR - 2016-08-30 17:14:11 --> $config['composer_autoload'] is set to TRUE but C:\xampp\htdocs\wine_fwk\application\vendor/autoload.php was not found.
ERROR - 2016-08-30 17:14:11 --> 404 Page Not Found: /index
ERROR - 2016-08-30 17:14:19 --> $config['composer_autoload'] is set to TRUE but C:\xampp\htdocs\wine_fwk\application\vendor/autoload.php was not found.
ERROR - 2016-08-30 17:14:19 --> $config['composer_autoload'] is set to TRUE but C:\xampp\htdocs\wine_fwk\application\vendor/autoload.php was not found.
ERROR - 2016-08-30 17:14:20 --> $config['composer_autoload'] is set to TRUE but C:\xampp\htdocs\wine_fwk\application\vendor/autoload.php was not found.
ERROR - 2016-08-30 17:14:20 --> $config['composer_autoload'] is set to TRUE but C:\xampp\htdocs\wine_fwk\application\vendor/autoload.php was not found.
ERROR - 2016-08-30 17:14:21 --> 404 Page Not Found: /index
ERROR - 2016-08-30 17:21:02 --> $config['composer_autoload'] is set to TRUE but C:\xampp\htdocs\wine_fwk\application\vendor/autoload.php was not found.
ERROR - 2016-08-30 17:21:03 --> $config['composer_autoload'] is set to TRUE but C:\xampp\htdocs\wine_fwk\application\vendor/autoload.php was not found.
ERROR - 2016-08-30 17:21:06 --> $config['composer_autoload'] is set to TRUE but C:\xampp\htdocs\wine_fwk\application\vendor/autoload.php was not found.
ERROR - 2016-08-30 17:21:06 --> $config['composer_autoload'] is set to TRUE but C:\xampp\htdocs\wine_fwk\application\vendor/autoload.php was not found.
ERROR - 2016-08-30 17:21:06 --> $config['composer_autoload'] is set to TRUE but C:\xampp\htdocs\wine_fwk\application\vendor/autoload.php was not found.
ERROR - 2016-08-30 17:21:06 --> 404 Page Not Found: /index
ERROR - 2016-08-30 17:21:06 --> 404 Page Not Found: /index
ERROR - 2016-08-30 17:21:19 --> $config['composer_autoload'] is set to TRUE but C:\xampp\htdocs\wine_fwk\application\vendor/autoload.php was not found.
ERROR - 2016-08-30 17:21:19 --> $config['composer_autoload'] is set to TRUE but C:\xampp\htdocs\wine_fwk\application\vendor/autoload.php was not found.
ERROR - 2016-08-30 17:21:20 --> $config['composer_autoload'] is set to TRUE but C:\xampp\htdocs\wine_fwk\application\vendor/autoload.php was not found.
ERROR - 2016-08-30 17:21:20 --> 404 Page Not Found: /index
ERROR - 2016-08-30 17:21:20 --> 404 Page Not Found: /index
ERROR - 2016-08-30 17:21:20 --> $config['composer_autoload'] is set to TRUE but C:\xampp\htdocs\wine_fwk\application\vendor/autoload.php was not found.
ERROR - 2016-08-30 17:21:20 --> 404 Page Not Found: /index
ERROR - 2016-08-30 17:21:20 --> $config['composer_autoload'] is set to TRUE but C:\xampp\htdocs\wine_fwk\application\vendor/autoload.php was not found.
ERROR - 2016-08-30 17:21:20 --> 404 Page Not Found: /index
ERROR - 2016-08-30 17:21:21 --> $config['composer_autoload'] is set to TRUE but C:\xampp\htdocs\wine_fwk\application\vendor/autoload.php was not found.
ERROR - 2016-08-30 17:21:21 --> 404 Page Not Found: /index
ERROR - 2016-08-30 17:21:23 --> $config['composer_autoload'] is set to TRUE but C:\xampp\htdocs\wine_fwk\application\vendor/autoload.php was not found.
ERROR - 2016-08-30 17:21:23 --> Severity: Notice --> Undefined index: atr_fijo C:\xampp\htdocs\wine_fwk\application\modules\web\models\atributo\Atributo_model.php 88
ERROR - 2016-08-30 17:21:23 --> $config['composer_autoload'] is set to TRUE but C:\xampp\htdocs\wine_fwk\application\vendor/autoload.php was not found.
ERROR - 2016-08-30 17:21:24 --> $config['composer_autoload'] is set to TRUE but C:\xampp\htdocs\wine_fwk\application\vendor/autoload.php was not found.
ERROR - 2016-08-30 17:21:26 --> $config['composer_autoload'] is set to TRUE but C:\xampp\htdocs\wine_fwk\application\vendor/autoload.php was not found.
ERROR - 2016-08-30 17:21:26 --> $config['composer_autoload'] is set to TRUE but C:\xampp\htdocs\wine_fwk\application\vendor/autoload.php was not found.
ERROR - 2016-08-30 17:21:26 --> $config['composer_autoload'] is set to TRUE but C:\xampp\htdocs\wine_fwk\application\vendor/autoload.php was not found.
ERROR - 2016-08-30 17:21:26 --> 404 Page Not Found: /index
ERROR - 2016-08-30 17:21:26 --> 404 Page Not Found: /index
ERROR - 2016-08-30 17:21:29 --> $config['composer_autoload'] is set to TRUE but C:\xampp\htdocs\wine_fwk\application\vendor/autoload.php was not found.
ERROR - 2016-08-30 17:21:30 --> Severity: Notice --> Undefined index: atr_fijo C:\xampp\htdocs\wine_fwk\application\modules\web\models\atributo\Atributo_model.php 88
ERROR - 2016-08-30 17:21:30 --> $config['composer_autoload'] is set to TRUE but C:\xampp\htdocs\wine_fwk\application\vendor/autoload.php was not found.
ERROR - 2016-08-30 17:21:30 --> $config['composer_autoload'] is set to TRUE but C:\xampp\htdocs\wine_fwk\application\vendor/autoload.php was not found.
ERROR - 2016-08-30 17:21:32 --> $config['composer_autoload'] is set to TRUE but C:\xampp\htdocs\wine_fwk\application\vendor/autoload.php was not found.
ERROR - 2016-08-30 17:21:32 --> $config['composer_autoload'] is set to TRUE but C:\xampp\htdocs\wine_fwk\application\vendor/autoload.php was not found.
ERROR - 2016-08-30 17:21:32 --> $config['composer_autoload'] is set to TRUE but C:\xampp\htdocs\wine_fwk\application\vendor/autoload.php was not found.
ERROR - 2016-08-30 17:21:32 --> 404 Page Not Found: /index
ERROR - 2016-08-30 17:21:32 --> 404 Page Not Found: /index
ERROR - 2016-08-30 17:21:32 --> $config['composer_autoload'] is set to TRUE but C:\xampp\htdocs\wine_fwk\application\vendor/autoload.php was not found.
ERROR - 2016-08-30 17:21:32 --> 404 Page Not Found: /index
ERROR - 2016-08-30 17:21:54 --> $config['composer_autoload'] is set to TRUE but C:\xampp\htdocs\wine_fwk\application\vendor/autoload.php was not found.
ERROR - 2016-08-30 17:21:54 --> Severity: Notice --> Undefined index: atr_fijo C:\xampp\htdocs\wine_fwk\application\modules\web\models\atributo\Atributo_model.php 88
ERROR - 2016-08-30 17:21:54 --> $config['composer_autoload'] is set to TRUE but C:\xampp\htdocs\wine_fwk\application\vendor/autoload.php was not found.
ERROR - 2016-08-30 17:21:54 --> $config['composer_autoload'] is set to TRUE but C:\xampp\htdocs\wine_fwk\application\vendor/autoload.php was not found.
ERROR - 2016-08-30 17:22:15 --> $config['composer_autoload'] is set to TRUE but C:\xampp\htdocs\wine_fwk\application\vendor/autoload.php was not found.
ERROR - 2016-08-30 17:22:16 --> $config['composer_autoload'] is set to TRUE but C:\xampp\htdocs\wine_fwk\application\vendor/autoload.php was not found.
ERROR - 2016-08-30 17:22:16 --> $config['composer_autoload'] is set to TRUE but C:\xampp\htdocs\wine_fwk\application\vendor/autoload.php was not found.
ERROR - 2016-08-30 17:22:16 --> 404 Page Not Found: /index
ERROR - 2016-08-30 17:22:16 --> 404 Page Not Found: /index
ERROR - 2016-08-30 17:22:16 --> $config['composer_autoload'] is set to TRUE but C:\xampp\htdocs\wine_fwk\application\vendor/autoload.php was not found.
ERROR - 2016-08-30 17:22:16 --> 404 Page Not Found: /index
ERROR - 2016-08-30 17:22:18 --> $config['composer_autoload'] is set to TRUE but C:\xampp\htdocs\wine_fwk\application\vendor/autoload.php was not found.
ERROR - 2016-08-30 17:22:42 --> $config['composer_autoload'] is set to TRUE but C:\xampp\htdocs\wine_fwk\application\vendor/autoload.php was not found.
ERROR - 2016-08-30 17:22:42 --> Severity: Notice --> Undefined index: atr_fijo C:\xampp\htdocs\wine_fwk\application\modules\web\models\atributo\Atributo_model.php 88
ERROR - 2016-08-30 17:22:42 --> $config['composer_autoload'] is set to TRUE but C:\xampp\htdocs\wine_fwk\application\vendor/autoload.php was not found.
ERROR - 2016-08-30 17:22:43 --> $config['composer_autoload'] is set to TRUE but C:\xampp\htdocs\wine_fwk\application\vendor/autoload.php was not found.
ERROR - 2016-08-30 17:22:44 --> $config['composer_autoload'] is set to TRUE but C:\xampp\htdocs\wine_fwk\application\vendor/autoload.php was not found.
ERROR - 2016-08-30 17:22:44 --> 404 Page Not Found: /index
ERROR - 2016-08-30 17:22:45 --> $config['composer_autoload'] is set to TRUE but C:\xampp\htdocs\wine_fwk\application\vendor/autoload.php was not found.
ERROR - 2016-08-30 17:22:45 --> $config['composer_autoload'] is set to TRUE but C:\xampp\htdocs\wine_fwk\application\vendor/autoload.php was not found.
ERROR - 2016-08-30 17:22:45 --> $config['composer_autoload'] is set to TRUE but C:\xampp\htdocs\wine_fwk\application\vendor/autoload.php was not found.
ERROR - 2016-08-30 17:22:45 --> 404 Page Not Found: /index
ERROR - 2016-08-30 17:22:45 --> 404 Page Not Found: /index
ERROR - 2016-08-30 17:22:47 --> $config['composer_autoload'] is set to TRUE but C:\xampp\htdocs\wine_fwk\application\vendor/autoload.php was not found.
ERROR - 2016-08-30 17:22:48 --> $config['composer_autoload'] is set to TRUE but C:\xampp\htdocs\wine_fwk\application\vendor/autoload.php was not found.
ERROR - 2016-08-30 17:22:48 --> $config['composer_autoload'] is set to TRUE but C:\xampp\htdocs\wine_fwk\application\vendor/autoload.php was not found.
ERROR - 2016-08-30 17:22:54 --> $config['composer_autoload'] is set to TRUE but C:\xampp\htdocs\wine_fwk\application\vendor/autoload.php was not found.
ERROR - 2016-08-30 17:22:54 --> $config['composer_autoload'] is set to TRUE but C:\xampp\htdocs\wine_fwk\application\vendor/autoload.php was not found.
ERROR - 2016-08-30 17:22:54 --> $config['composer_autoload'] is set to TRUE but C:\xampp\htdocs\wine_fwk\application\vendor/autoload.php was not found.
ERROR - 2016-08-30 17:22:54 --> 404 Page Not Found: /index
ERROR - 2016-08-30 17:22:54 --> 404 Page Not Found: /index
ERROR - 2016-08-30 17:22:57 --> $config['composer_autoload'] is set to TRUE but C:\xampp\htdocs\wine_fwk\application\vendor/autoload.php was not found.
ERROR - 2016-08-30 17:22:57 --> $config['composer_autoload'] is set to TRUE but C:\xampp\htdocs\wine_fwk\application\vendor/autoload.php was not found.
ERROR - 2016-08-30 17:22:59 --> $config['composer_autoload'] is set to TRUE but C:\xampp\htdocs\wine_fwk\application\vendor/autoload.php was not found.
ERROR - 2016-08-30 17:22:59 --> $config['composer_autoload'] is set to TRUE but C:\xampp\htdocs\wine_fwk\application\vendor/autoload.php was not found.
ERROR - 2016-08-30 17:22:59 --> $config['composer_autoload'] is set to TRUE but C:\xampp\htdocs\wine_fwk\application\vendor/autoload.php was not found.
ERROR - 2016-08-30 17:22:59 --> 404 Page Not Found: /index
ERROR - 2016-08-30 17:22:59 --> 404 Page Not Found: /index
ERROR - 2016-08-30 17:23:02 --> $config['composer_autoload'] is set to TRUE but C:\xampp\htdocs\wine_fwk\application\vendor/autoload.php was not found.
ERROR - 2016-08-30 17:23:02 --> $config['composer_autoload'] is set to TRUE but C:\xampp\htdocs\wine_fwk\application\vendor/autoload.php was not found.
ERROR - 2016-08-30 17:23:02 --> $config['composer_autoload'] is set to TRUE but C:\xampp\htdocs\wine_fwk\application\vendor/autoload.php was not found.
ERROR - 2016-08-30 17:23:57 --> $config['composer_autoload'] is set to TRUE but C:\xampp\htdocs\wine_fwk\application\vendor/autoload.php was not found.
ERROR - 2016-08-30 17:23:57 --> $config['composer_autoload'] is set to TRUE but C:\xampp\htdocs\wine_fwk\application\vendor/autoload.php was not found.
ERROR - 2016-08-30 17:23:57 --> $config['composer_autoload'] is set to TRUE but C:\xampp\htdocs\wine_fwk\application\vendor/autoload.php was not found.
ERROR - 2016-08-30 17:23:57 --> 404 Page Not Found: /index
ERROR - 2016-08-30 17:23:57 --> 404 Page Not Found: /index
ERROR - 2016-08-30 17:23:57 --> $config['composer_autoload'] is set to TRUE but C:\xampp\htdocs\wine_fwk\application\vendor/autoload.php was not found.
ERROR - 2016-08-30 17:23:57 --> 404 Page Not Found: /index
ERROR - 2016-08-30 17:23:57 --> $config['composer_autoload'] is set to TRUE but C:\xampp\htdocs\wine_fwk\application\vendor/autoload.php was not found.
ERROR - 2016-08-30 17:23:57 --> 404 Page Not Found: /index
ERROR - 2016-08-30 17:23:59 --> $config['composer_autoload'] is set to TRUE but C:\xampp\htdocs\wine_fwk\application\vendor/autoload.php was not found.
ERROR - 2016-08-30 17:24:00 --> $config['composer_autoload'] is set to TRUE but C:\xampp\htdocs\wine_fwk\application\vendor/autoload.php was not found.
ERROR - 2016-08-30 17:24:01 --> $config['composer_autoload'] is set to TRUE but C:\xampp\htdocs\wine_fwk\application\vendor/autoload.php was not found.
ERROR - 2016-08-30 17:24:01 --> $config['composer_autoload'] is set to TRUE but C:\xampp\htdocs\wine_fwk\application\vendor/autoload.php was not found.
ERROR - 2016-08-30 17:24:01 --> $config['composer_autoload'] is set to TRUE but C:\xampp\htdocs\wine_fwk\application\vendor/autoload.php was not found.
ERROR - 2016-08-30 17:24:01 --> 404 Page Not Found: /index
ERROR - 2016-08-30 17:24:01 --> 404 Page Not Found: /index
ERROR - 2016-08-30 17:24:04 --> $config['composer_autoload'] is set to TRUE but C:\xampp\htdocs\wine_fwk\application\vendor/autoload.php was not found.
ERROR - 2016-08-30 17:24:04 --> $config['composer_autoload'] is set to TRUE but C:\xampp\htdocs\wine_fwk\application\vendor/autoload.php was not found.
ERROR - 2016-08-30 17:24:07 --> $config['composer_autoload'] is set to TRUE but C:\xampp\htdocs\wine_fwk\application\vendor/autoload.php was not found.
ERROR - 2016-08-30 17:24:07 --> $config['composer_autoload'] is set to TRUE but C:\xampp\htdocs\wine_fwk\application\vendor/autoload.php was not found.
ERROR - 2016-08-30 17:24:07 --> $config['composer_autoload'] is set to TRUE but C:\xampp\htdocs\wine_fwk\application\vendor/autoload.php was not found.
ERROR - 2016-08-30 17:24:07 --> 404 Page Not Found: /index
ERROR - 2016-08-30 17:24:07 --> 404 Page Not Found: /index
ERROR - 2016-08-30 17:24:08 --> $config['composer_autoload'] is set to TRUE but C:\xampp\htdocs\wine_fwk\application\vendor/autoload.php was not found.
ERROR - 2016-08-30 17:24:09 --> $config['composer_autoload'] is set to TRUE but C:\xampp\htdocs\wine_fwk\application\vendor/autoload.php was not found.
ERROR - 2016-08-30 17:24:21 --> $config['composer_autoload'] is set to TRUE but C:\xampp\htdocs\wine_fwk\application\vendor/autoload.php was not found.
ERROR - 2016-08-30 17:24:22 --> $config['composer_autoload'] is set to TRUE but C:\xampp\htdocs\wine_fwk\application\vendor/autoload.php was not found.
ERROR - 2016-08-30 17:24:22 --> $config['composer_autoload'] is set to TRUE but C:\xampp\htdocs\wine_fwk\application\vendor/autoload.php was not found.
ERROR - 2016-08-30 17:24:22 --> 404 Page Not Found: /index
ERROR - 2016-08-30 17:24:22 --> 404 Page Not Found: /index
ERROR - 2016-08-30 17:24:50 --> $config['composer_autoload'] is set to TRUE but C:\xampp\htdocs\wine_fwk\application\vendor/autoload.php was not found.
ERROR - 2016-08-30 17:24:51 --> $config['composer_autoload'] is set to TRUE but C:\xampp\htdocs\wine_fwk\application\vendor/autoload.php was not found.
ERROR - 2016-08-30 17:24:51 --> $config['composer_autoload'] is set to TRUE but C:\xampp\htdocs\wine_fwk\application\vendor/autoload.php was not found.
ERROR - 2016-08-30 17:24:51 --> 404 Page Not Found: /index
ERROR - 2016-08-30 17:24:51 --> 404 Page Not Found: /index
ERROR - 2016-08-30 17:24:51 --> $config['composer_autoload'] is set to TRUE but C:\xampp\htdocs\wine_fwk\application\vendor/autoload.php was not found.
ERROR - 2016-08-30 17:24:51 --> 404 Page Not Found: /index
ERROR - 2016-08-30 17:24:51 --> $config['composer_autoload'] is set to TRUE but C:\xampp\htdocs\wine_fwk\application\vendor/autoload.php was not found.
ERROR - 2016-08-30 17:24:51 --> 404 Page Not Found: /index
ERROR - 2016-08-30 17:24:58 --> $config['composer_autoload'] is set to TRUE but C:\xampp\htdocs\wine_fwk\application\vendor/autoload.php was not found.
ERROR - 2016-08-30 17:24:58 --> $config['composer_autoload'] is set to TRUE but C:\xampp\htdocs\wine_fwk\application\vendor/autoload.php was not found.
ERROR - 2016-08-30 17:24:58 --> $config['composer_autoload'] is set to TRUE but C:\xampp\htdocs\wine_fwk\application\vendor/autoload.php was not found.
ERROR - 2016-08-30 17:24:58 --> 404 Page Not Found: /index
ERROR - 2016-08-30 17:24:58 --> 404 Page Not Found: /index
ERROR - 2016-08-30 17:24:58 --> $config['composer_autoload'] is set to TRUE but C:\xampp\htdocs\wine_fwk\application\vendor/autoload.php was not found.
ERROR - 2016-08-30 17:24:58 --> 404 Page Not Found: /index
ERROR - 2016-08-30 17:24:58 --> $config['composer_autoload'] is set to TRUE but C:\xampp\htdocs\wine_fwk\application\vendor/autoload.php was not found.
ERROR - 2016-08-30 17:24:58 --> 404 Page Not Found: /index
ERROR - 2016-08-30 17:24:59 --> $config['composer_autoload'] is set to TRUE but C:\xampp\htdocs\wine_fwk\application\vendor/autoload.php was not found.
ERROR - 2016-08-30 17:24:59 --> 404 Page Not Found: /index
ERROR - 2016-08-30 17:24:59 --> $config['composer_autoload'] is set to TRUE but C:\xampp\htdocs\wine_fwk\application\vendor/autoload.php was not found.
ERROR - 2016-08-30 17:25:00 --> $config['composer_autoload'] is set to TRUE but C:\xampp\htdocs\wine_fwk\application\vendor/autoload.php was not found.
ERROR - 2016-08-30 20:44:39 --> $config['composer_autoload'] is set to TRUE but C:\xampp\htdocs\wine_fwk\application\vendor/autoload.php was not found.
ERROR - 2016-08-30 20:44:40 --> $config['composer_autoload'] is set to TRUE but C:\xampp\htdocs\wine_fwk\application\vendor/autoload.php was not found.
ERROR - 2016-08-30 20:44:40 --> $config['composer_autoload'] is set to TRUE but C:\xampp\htdocs\wine_fwk\application\vendor/autoload.php was not found.
ERROR - 2016-08-30 20:44:40 --> $config['composer_autoload'] is set to TRUE but C:\xampp\htdocs\wine_fwk\application\vendor/autoload.php was not found.
ERROR - 2016-08-30 20:44:40 --> $config['composer_autoload'] is set to TRUE but C:\xampp\htdocs\wine_fwk\application\vendor/autoload.php was not found.
ERROR - 2016-08-30 20:44:40 --> $config['composer_autoload'] is set to TRUE but C:\xampp\htdocs\wine_fwk\application\vendor/autoload.php was not found.
ERROR - 2016-08-30 20:44:40 --> 404 Page Not Found: /index
ERROR - 2016-08-30 20:44:40 --> 404 Page Not Found: /index
ERROR - 2016-08-30 20:44:40 --> 404 Page Not Found: /index
ERROR - 2016-08-30 20:44:40 --> 404 Page Not Found: /index
ERROR - 2016-08-30 20:44:40 --> 404 Page Not Found: /index
ERROR - 2016-08-30 20:44:40 --> $config['composer_autoload'] is set to TRUE but C:\xampp\htdocs\wine_fwk\application\vendor/autoload.php was not found.
ERROR - 2016-08-30 20:44:40 --> 404 Page Not Found: /index
ERROR - 2016-08-30 20:45:06 --> $config['composer_autoload'] is set to TRUE but C:\xampp\htdocs\wine_fwk\application\vendor/autoload.php was not found.
ERROR - 2016-08-30 20:45:06 --> $config['composer_autoload'] is set to TRUE but C:\xampp\htdocs\wine_fwk\application\vendor/autoload.php was not found.
ERROR - 2016-08-30 20:45:06 --> $config['composer_autoload'] is set to TRUE but C:\xampp\htdocs\wine_fwk\application\vendor/autoload.php was not found.
ERROR - 2016-08-30 20:45:06 --> $config['composer_autoload'] is set to TRUE but C:\xampp\htdocs\wine_fwk\application\vendor/autoload.php was not found.
ERROR - 2016-08-30 20:45:06 --> $config['composer_autoload'] is set to TRUE but C:\xampp\htdocs\wine_fwk\application\vendor/autoload.php was not found.
ERROR - 2016-08-30 20:45:06 --> $config['composer_autoload'] is set to TRUE but C:\xampp\htdocs\wine_fwk\application\vendor/autoload.php was not found.
ERROR - 2016-08-30 20:45:06 --> 404 Page Not Found: /index
ERROR - 2016-08-30 20:45:06 --> 404 Page Not Found: /index
ERROR - 2016-08-30 20:45:06 --> 404 Page Not Found: /index
ERROR - 2016-08-30 20:45:06 --> 404 Page Not Found: /index
ERROR - 2016-08-30 20:45:06 --> 404 Page Not Found: /index
ERROR - 2016-08-30 20:45:07 --> $config['composer_autoload'] is set to TRUE but C:\xampp\htdocs\wine_fwk\application\vendor/autoload.php was not found.
ERROR - 2016-08-30 20:45:07 --> 404 Page Not Found: /index
ERROR - 2016-08-30 20:46:19 --> $config['composer_autoload'] is set to TRUE but C:\xampp\htdocs\wine_fwk\application\vendor/autoload.php was not found.
ERROR - 2016-08-30 20:46:19 --> $config['composer_autoload'] is set to TRUE but C:\xampp\htdocs\wine_fwk\application\vendor/autoload.php was not found.
ERROR - 2016-08-30 20:46:19 --> $config['composer_autoload'] is set to TRUE but C:\xampp\htdocs\wine_fwk\application\vendor/autoload.php was not found.
ERROR - 2016-08-30 20:46:19 --> $config['composer_autoload'] is set to TRUE but C:\xampp\htdocs\wine_fwk\application\vendor/autoload.php was not found.
ERROR - 2016-08-30 20:46:19 --> $config['composer_autoload'] is set to TRUE but C:\xampp\htdocs\wine_fwk\application\vendor/autoload.php was not found.
ERROR - 2016-08-30 20:46:19 --> 404 Page Not Found: /index
ERROR - 2016-08-30 20:46:19 --> 404 Page Not Found: /index
ERROR - 2016-08-30 20:46:19 --> 404 Page Not Found: /index
ERROR - 2016-08-30 20:46:19 --> 404 Page Not Found: /index
ERROR - 2016-08-30 20:46:24 --> $config['composer_autoload'] is set to TRUE but C:\xampp\htdocs\wine_fwk\application\vendor/autoload.php was not found.
ERROR - 2016-08-30 20:46:24 --> 404 Page Not Found: /index
ERROR - 2016-08-30 20:46:29 --> $config['composer_autoload'] is set to TRUE but C:\xampp\htdocs\wine_fwk\application\vendor/autoload.php was not found.
ERROR - 2016-08-30 20:46:29 --> 404 Page Not Found: /index
ERROR - 2016-08-30 20:46:31 --> $config['composer_autoload'] is set to TRUE but C:\xampp\htdocs\wine_fwk\application\vendor/autoload.php was not found.
ERROR - 2016-08-30 20:46:31 --> $config['composer_autoload'] is set to TRUE but C:\xampp\htdocs\wine_fwk\application\vendor/autoload.php was not found.
ERROR - 2016-08-30 20:46:31 --> $config['composer_autoload'] is set to TRUE but C:\xampp\htdocs\wine_fwk\application\vendor/autoload.php was not found.
ERROR - 2016-08-30 20:46:31 --> $config['composer_autoload'] is set to TRUE but C:\xampp\htdocs\wine_fwk\application\vendor/autoload.php was not found.
ERROR - 2016-08-30 20:46:31 --> $config['composer_autoload'] is set to TRUE but C:\xampp\htdocs\wine_fwk\application\vendor/autoload.php was not found.
ERROR - 2016-08-30 20:46:31 --> 404 Page Not Found: /index
ERROR - 2016-08-30 20:46:31 --> 404 Page Not Found: /index
ERROR - 2016-08-30 20:46:31 --> 404 Page Not Found: /index
ERROR - 2016-08-30 20:46:31 --> 404 Page Not Found: /index
ERROR - 2016-08-30 20:46:31 --> $config['composer_autoload'] is set to TRUE but C:\xampp\htdocs\wine_fwk\application\vendor/autoload.php was not found.
ERROR - 2016-08-30 20:46:31 --> 404 Page Not Found: /index
ERROR - 2016-08-30 20:46:32 --> $config['composer_autoload'] is set to TRUE but C:\xampp\htdocs\wine_fwk\application\vendor/autoload.php was not found.
ERROR - 2016-08-30 20:46:32 --> 404 Page Not Found: /index
ERROR - 2016-08-30 20:47:12 --> $config['composer_autoload'] is set to TRUE but C:\xampp\htdocs\wine_fwk\application\vendor/autoload.php was not found.
ERROR - 2016-08-30 20:47:13 --> $config['composer_autoload'] is set to TRUE but C:\xampp\htdocs\wine_fwk\application\vendor/autoload.php was not found.
ERROR - 2016-08-30 20:47:13 --> $config['composer_autoload'] is set to TRUE but C:\xampp\htdocs\wine_fwk\application\vendor/autoload.php was not found.
ERROR - 2016-08-30 20:47:13 --> $config['composer_autoload'] is set to TRUE but C:\xampp\htdocs\wine_fwk\application\vendor/autoload.php was not found.
ERROR - 2016-08-30 20:47:13 --> $config['composer_autoload'] is set to TRUE but C:\xampp\htdocs\wine_fwk\application\vendor/autoload.php was not found.
ERROR - 2016-08-30 20:47:13 --> 404 Page Not Found: /index
ERROR - 2016-08-30 20:47:13 --> 404 Page Not Found: /index
ERROR - 2016-08-30 20:47:13 --> 404 Page Not Found: /index
ERROR - 2016-08-30 20:47:13 --> 404 Page Not Found: /index
ERROR - 2016-08-30 20:47:13 --> $config['composer_autoload'] is set to TRUE but C:\xampp\htdocs\wine_fwk\application\vendor/autoload.php was not found.
ERROR - 2016-08-30 20:47:13 --> 404 Page Not Found: /index
ERROR - 2016-08-30 20:47:14 --> $config['composer_autoload'] is set to TRUE but C:\xampp\htdocs\wine_fwk\application\vendor/autoload.php was not found.
ERROR - 2016-08-30 20:47:14 --> 404 Page Not Found: /index
ERROR - 2016-08-30 20:47:32 --> $config['composer_autoload'] is set to TRUE but C:\xampp\htdocs\wine_fwk\application\vendor/autoload.php was not found.
ERROR - 2016-08-30 20:47:33 --> $config['composer_autoload'] is set to TRUE but C:\xampp\htdocs\wine_fwk\application\vendor/autoload.php was not found.
ERROR - 2016-08-30 20:47:34 --> $config['composer_autoload'] is set to TRUE but C:\xampp\htdocs\wine_fwk\application\vendor/autoload.php was not found.
ERROR - 2016-08-30 20:50:37 --> $config['composer_autoload'] is set to TRUE but C:\xampp\htdocs\wine_fwk\application\vendor/autoload.php was not found.
ERROR - 2016-08-30 20:50:39 --> $config['composer_autoload'] is set to TRUE but C:\xampp\htdocs\wine_fwk\application\vendor/autoload.php was not found.
ERROR - 2016-08-30 20:50:39 --> Severity: Notice --> Undefined index: search C:\xampp\htdocs\wine_fwk\application\modules\web\models\vino\Vino_model.php 68
ERROR - 2016-08-30 20:50:40 --> $config['composer_autoload'] is set to TRUE but C:\xampp\htdocs\wine_fwk\application\vendor/autoload.php was not found.
ERROR - 2016-08-30 20:50:40 --> 404 Page Not Found: /index
ERROR - 2016-08-30 20:50:47 --> $config['composer_autoload'] is set to TRUE but C:\xampp\htdocs\wine_fwk\application\vendor/autoload.php was not found.
ERROR - 2016-08-30 20:50:48 --> Severity: Notice --> Undefined index: search C:\xampp\htdocs\wine_fwk\application\modules\web\models\vino\Vino_model.php 68
ERROR - 2016-08-30 20:51:03 --> $config['composer_autoload'] is set to TRUE but C:\xampp\htdocs\wine_fwk\application\vendor/autoload.php was not found.
ERROR - 2016-08-30 20:51:08 --> $config['composer_autoload'] is set to TRUE but C:\xampp\htdocs\wine_fwk\application\vendor/autoload.php was not found.
ERROR - 2016-08-30 20:51:08 --> Severity: error --> Exception: Too few parameters: the query defines 1 parameters but you only bound 0 C:\xampp\htdocs\wine_fwk\vendor\doctrine\orm\lib\Doctrine\ORM\Query\QueryException.php 114
ERROR - 2016-08-30 21:00:41 --> $config['composer_autoload'] is set to TRUE but C:\xampp\htdocs\wine_fwk\application\vendor/autoload.php was not found.
ERROR - 2016-08-30 21:00:41 --> Severity: error --> Exception: Too few parameters: the query defines 1 parameters but you only bound 0 C:\xampp\htdocs\wine_fwk\vendor\doctrine\orm\lib\Doctrine\ORM\Query\QueryException.php 114
ERROR - 2016-08-30 21:01:24 --> $config['composer_autoload'] is set to TRUE but C:\xampp\htdocs\wine_fwk\application\vendor/autoload.php was not found.
ERROR - 2016-08-30 21:01:24 --> Severity: error --> Exception: Too few parameters: the query defines 1 parameters but you only bound 0 C:\xampp\htdocs\wine_fwk\vendor\doctrine\orm\lib\Doctrine\ORM\Query\QueryException.php 114
ERROR - 2016-08-30 21:03:23 --> $config['composer_autoload'] is set to TRUE but C:\xampp\htdocs\wine_fwk\application\vendor/autoload.php was not found.
ERROR - 2016-08-30 21:03:23 --> Severity: error --> Exception: Too few parameters: the query defines 1 parameters but you only bound 0 C:\xampp\htdocs\wine_fwk\vendor\doctrine\orm\lib\Doctrine\ORM\Query\QueryException.php 114
ERROR - 2016-08-30 21:05:47 --> $config['composer_autoload'] is set to TRUE but C:\xampp\htdocs\wine_fwk\application\vendor/autoload.php was not found.
ERROR - 2016-08-30 21:05:47 --> Severity: error --> Exception: [Syntax Error] line 0, col 41: Error: Expected StateFieldPathExpression | string | InputParameter | FunctionsReturningStrings | AggregateExpression, got '"' C:\xampp\htdocs\wine_fwk\vendor\doctrine\orm\lib\Doctrine\ORM\Query\QueryException.php 52
ERROR - 2016-08-30 21:09:04 --> $config['composer_autoload'] is set to TRUE but C:\xampp\htdocs\wine_fwk\application\vendor/autoload.php was not found.
ERROR - 2016-08-30 21:09:27 --> $config['composer_autoload'] is set to TRUE but C:\xampp\htdocs\wine_fwk\application\vendor/autoload.php was not found.
ERROR - 2016-08-30 21:09:27 --> Severity: error --> Exception: Too few parameters: the query defines 1 parameters but you only bound 0 C:\xampp\htdocs\wine_fwk\vendor\doctrine\orm\lib\Doctrine\ORM\Query\QueryException.php 114
ERROR - 2016-08-30 21:10:04 --> $config['composer_autoload'] is set to TRUE but C:\xampp\htdocs\wine_fwk\application\vendor/autoload.php was not found.
ERROR - 2016-08-30 21:10:05 --> Severity: error --> Exception: Too few parameters: the query defines 1 parameters but you only bound 0 C:\xampp\htdocs\wine_fwk\vendor\doctrine\orm\lib\Doctrine\ORM\Query\QueryException.php 114
ERROR - 2016-08-30 21:11:28 --> $config['composer_autoload'] is set to TRUE but C:\xampp\htdocs\wine_fwk\application\vendor/autoload.php was not found.
ERROR - 2016-08-30 21:11:52 --> $config['composer_autoload'] is set to TRUE but C:\xampp\htdocs\wine_fwk\application\vendor/autoload.php was not found.
ERROR - 2016-08-30 21:12:05 --> $config['composer_autoload'] is set to TRUE but C:\xampp\htdocs\wine_fwk\application\vendor/autoload.php was not found.
ERROR - 2016-08-30 21:13:26 --> $config['composer_autoload'] is set to TRUE but C:\xampp\htdocs\wine_fwk\application\vendor/autoload.php was not found.
ERROR - 2016-08-30 21:21:49 --> $config['composer_autoload'] is set to TRUE but C:\xampp\htdocs\wine_fwk\application\vendor/autoload.php was not found.
ERROR - 2016-08-30 21:21:50 --> Severity: Notice --> Undefined variable: atribuos C:\xampp\htdocs\wine_fwk\application\modules\web\views\vino\vino_formulario.php 134
ERROR - 2016-08-30 21:21:50 --> Severity: Warning --> Invalid argument supplied for foreach() C:\xampp\htdocs\wine_fwk\application\modules\web\views\vino\vino_formulario.php 134
ERROR - 2016-08-30 21:21:51 --> $config['composer_autoload'] is set to TRUE but C:\xampp\htdocs\wine_fwk\application\vendor/autoload.php was not found.
ERROR - 2016-08-30 21:21:52 --> $config['composer_autoload'] is set to TRUE but C:\xampp\htdocs\wine_fwk\application\vendor/autoload.php was not found.
ERROR - 2016-08-30 21:21:52 --> 404 Page Not Found: /index
ERROR - 2016-08-30 21:22:06 --> $config['composer_autoload'] is set to TRUE but C:\xampp\htdocs\wine_fwk\application\vendor/autoload.php was not found.
ERROR - 2016-08-30 21:22:07 --> Severity: Notice --> Undefined variable: atribuos C:\xampp\htdocs\wine_fwk\application\modules\web\views\vino\vino_formulario.php 137
ERROR - 2016-08-30 21:22:07 --> Severity: Error --> Call to a member function getNombre() on null C:\xampp\htdocs\wine_fwk\application\modules\web\views\vino\vino_formulario.php 137
ERROR - 2016-08-30 21:22:07 --> $config['composer_autoload'] is set to TRUE but C:\xampp\htdocs\wine_fwk\application\vendor/autoload.php was not found.
ERROR - 2016-08-30 21:22:07 --> 404 Page Not Found: /index
ERROR - 2016-08-30 21:22:43 --> $config['composer_autoload'] is set to TRUE but C:\xampp\htdocs\wine_fwk\application\vendor/autoload.php was not found.
ERROR - 2016-08-30 21:22:44 --> $config['composer_autoload'] is set to TRUE but C:\xampp\htdocs\wine_fwk\application\vendor/autoload.php was not found.
ERROR - 2016-08-30 21:22:46 --> $config['composer_autoload'] is set to TRUE but C:\xampp\htdocs\wine_fwk\application\vendor/autoload.php was not found.
ERROR - 2016-08-30 21:22:46 --> 404 Page Not Found: /index
ERROR - 2016-08-30 21:23:28 --> $config['composer_autoload'] is set to TRUE but C:\xampp\htdocs\wine_fwk\application\vendor/autoload.php was not found.
ERROR - 2016-08-30 21:23:29 --> $config['composer_autoload'] is set to TRUE but C:\xampp\htdocs\wine_fwk\application\vendor/autoload.php was not found.
ERROR - 2016-08-30 21:23:30 --> $config['composer_autoload'] is set to TRUE but C:\xampp\htdocs\wine_fwk\application\vendor/autoload.php was not found.
ERROR - 2016-08-30 21:23:30 --> 404 Page Not Found: /index
ERROR - 2016-08-30 21:24:29 --> $config['composer_autoload'] is set to TRUE but C:\xampp\htdocs\wine_fwk\application\vendor/autoload.php was not found.
ERROR - 2016-08-30 21:24:30 --> $config['composer_autoload'] is set to TRUE but C:\xampp\htdocs\wine_fwk\application\vendor/autoload.php was not found.
ERROR - 2016-08-30 21:24:50 --> $config['composer_autoload'] is set to TRUE but C:\xampp\htdocs\wine_fwk\application\vendor/autoload.php was not found.
ERROR - 2016-08-30 21:24:51 --> $config['composer_autoload'] is set to TRUE but C:\xampp\htdocs\wine_fwk\application\vendor/autoload.php was not found.
ERROR - 2016-08-30 21:25:02 --> $config['composer_autoload'] is set to TRUE but C:\xampp\htdocs\wine_fwk\application\vendor/autoload.php was not found.
ERROR - 2016-08-30 21:25:03 --> $config['composer_autoload'] is set to TRUE but C:\xampp\htdocs\wine_fwk\application\vendor/autoload.php was not found.
ERROR - 2016-08-30 21:25:48 --> $config['composer_autoload'] is set to TRUE but C:\xampp\htdocs\wine_fwk\application\vendor/autoload.php was not found.
ERROR - 2016-08-30 21:25:50 --> $config['composer_autoload'] is set to TRUE but C:\xampp\htdocs\wine_fwk\application\vendor/autoload.php was not found.
ERROR - 2016-08-30 21:26:26 --> $config['composer_autoload'] is set to TRUE but C:\xampp\htdocs\wine_fwk\application\vendor/autoload.php was not found.
ERROR - 2016-08-30 21:26:27 --> $config['composer_autoload'] is set to TRUE but C:\xampp\htdocs\wine_fwk\application\vendor/autoload.php was not found.
ERROR - 2016-08-30 21:31:27 --> $config['composer_autoload'] is set to TRUE but C:\xampp\htdocs\wine_fwk\application\vendor/autoload.php was not found.
ERROR - 2016-08-30 21:31:28 --> Severity: Notice --> Undefined variable: vino C:\xampp\htdocs\wine_fwk\application\modules\web\views\vino\vino_formulario.php 140
ERROR - 2016-08-30 21:31:28 --> Severity: Error --> Call to a member function getValores_atributos() on null C:\xampp\htdocs\wine_fwk\application\modules\web\views\vino\vino_formulario.php 140
ERROR - 2016-08-30 21:31:29 --> $config['composer_autoload'] is set to TRUE but C:\xampp\htdocs\wine_fwk\application\vendor/autoload.php was not found.
ERROR - 2016-08-30 21:31:29 --> 404 Page Not Found: /index
ERROR - 2016-08-30 21:32:39 --> $config['composer_autoload'] is set to TRUE but C:\xampp\htdocs\wine_fwk\application\vendor/autoload.php was not found.
ERROR - 2016-08-30 21:32:40 --> $config['composer_autoload'] is set to TRUE but C:\xampp\htdocs\wine_fwk\application\vendor/autoload.php was not found.
ERROR - 2016-08-30 21:32:41 --> $config['composer_autoload'] is set to TRUE but C:\xampp\htdocs\wine_fwk\application\vendor/autoload.php was not found.
ERROR - 2016-08-30 21:32:41 --> 404 Page Not Found: /index
ERROR - 2016-08-30 21:32:46 --> $config['composer_autoload'] is set to TRUE but C:\xampp\htdocs\wine_fwk\application\vendor/autoload.php was not found.
ERROR - 2016-08-30 21:32:46 --> $config['composer_autoload'] is set to TRUE but C:\xampp\htdocs\wine_fwk\application\vendor/autoload.php was not found.
ERROR - 2016-08-30 21:32:46 --> $config['composer_autoload'] is set to TRUE but C:\xampp\htdocs\wine_fwk\application\vendor/autoload.php was not found.
ERROR - 2016-08-30 21:32:46 --> 404 Page Not Found: /index
ERROR - 2016-08-30 21:32:46 --> 404 Page Not Found: /index
ERROR - 2016-08-30 21:32:47 --> $config['composer_autoload'] is set to TRUE but C:\xampp\htdocs\wine_fwk\application\vendor/autoload.php was not found.
ERROR - 2016-08-30 21:32:47 --> 404 Page Not Found: /index
