ERROR - 2017-01-11 09:06:31 --> $config['composer_autoload'] is set to TRUE but C:\xampp\htdocs\back_inscribite\application\vendor/autoload.php was not found.
ERROR - 2017-01-11 09:06:31 --> $config['composer_autoload'] is set to TRUE but C:\xampp\htdocs\back_inscribite\application\vendor/autoload.php was not found.
ERROR - 2017-01-11 09:06:33 --> $config['composer_autoload'] is set to TRUE but C:\xampp\htdocs\back_inscribite\application\vendor/autoload.php was not found.
ERROR - 2017-01-11 09:06:33 --> $config['composer_autoload'] is set to TRUE but C:\xampp\htdocs\back_inscribite\application\vendor/autoload.php was not found.
ERROR - 2017-01-11 09:06:33 --> $config['composer_autoload'] is set to TRUE but C:\xampp\htdocs\back_inscribite\application\vendor/autoload.php was not found.
ERROR - 2017-01-11 09:06:33 --> $config['composer_autoload'] is set to TRUE but C:\xampp\htdocs\back_inscribite\application\vendor/autoload.php was not found.
ERROR - 2017-01-11 09:06:33 --> 404 Page Not Found: /index
ERROR - 2017-01-11 09:06:33 --> 404 Page Not Found: /index
ERROR - 2017-01-11 09:06:33 --> 404 Page Not Found: /index
ERROR - 2017-01-11 09:06:33 --> 404 Page Not Found: /index
ERROR - 2017-01-11 09:06:33 --> $config['composer_autoload'] is set to TRUE but C:\xampp\htdocs\back_inscribite\application\vendor/autoload.php was not found.
ERROR - 2017-01-11 09:06:33 --> 404 Page Not Found: /index
ERROR - 2017-01-11 09:06:39 --> $config['composer_autoload'] is set to TRUE but C:\xampp\htdocs\back_inscribite\application\vendor/autoload.php was not found.
ERROR - 2017-01-11 09:06:40 --> $config['composer_autoload'] is set to TRUE but C:\xampp\htdocs\back_inscribite\application\vendor/autoload.php was not found.
ERROR - 2017-01-11 09:06:41 --> $config['composer_autoload'] is set to TRUE but C:\xampp\htdocs\back_inscribite\application\vendor/autoload.php was not found.
ERROR - 2017-01-11 09:07:16 --> $config['composer_autoload'] is set to TRUE but C:\xampp\htdocs\back_inscribite\application\vendor/autoload.php was not found.
ERROR - 2017-01-11 09:07:17 --> $config['composer_autoload'] is set to TRUE but C:\xampp\htdocs\back_inscribite\application\vendor/autoload.php was not found.
ERROR - 2017-01-11 09:07:17 --> $config['composer_autoload'] is set to TRUE but C:\xampp\htdocs\back_inscribite\application\vendor/autoload.php was not found.
ERROR - 2017-01-11 09:07:20 --> $config['composer_autoload'] is set to TRUE but C:\xampp\htdocs\back_inscribite\application\vendor/autoload.php was not found.
ERROR - 2017-01-11 09:07:20 --> $config['composer_autoload'] is set to TRUE but C:\xampp\htdocs\back_inscribite\application\vendor/autoload.php was not found.
ERROR - 2017-01-11 09:20:39 --> $config['composer_autoload'] is set to TRUE but C:\xampp\htdocs\back_inscribite\application\vendor/autoload.php was not found.
ERROR - 2017-01-11 09:20:40 --> $config['composer_autoload'] is set to TRUE but C:\xampp\htdocs\back_inscribite\application\vendor/autoload.php was not found.
ERROR - 2017-01-11 09:20:41 --> $config['composer_autoload'] is set to TRUE but C:\xampp\htdocs\back_inscribite\application\vendor/autoload.php was not found.
ERROR - 2017-01-11 09:20:41 --> 404 Page Not Found: /index
ERROR - 2017-01-11 09:21:02 --> $config['composer_autoload'] is set to TRUE but C:\xampp\htdocs\back_inscribite\application\vendor/autoload.php was not found.
ERROR - 2017-01-11 09:21:02 --> $config['composer_autoload'] is set to TRUE but C:\xampp\htdocs\back_inscribite\application\vendor/autoload.php was not found.
ERROR - 2017-01-11 09:21:03 --> $config['composer_autoload'] is set to TRUE but C:\xampp\htdocs\back_inscribite\application\vendor/autoload.php was not found.
ERROR - 2017-01-11 09:21:03 --> 404 Page Not Found: /index
ERROR - 2017-01-11 09:21:30 --> $config['composer_autoload'] is set to TRUE but C:\xampp\htdocs\back_inscribite\application\vendor/autoload.php was not found.
ERROR - 2017-01-11 09:21:31 --> $config['composer_autoload'] is set to TRUE but C:\xampp\htdocs\back_inscribite\application\vendor/autoload.php was not found.
ERROR - 2017-01-11 09:21:31 --> $config['composer_autoload'] is set to TRUE but C:\xampp\htdocs\back_inscribite\application\vendor/autoload.php was not found.
ERROR - 2017-01-11 09:21:31 --> 404 Page Not Found: /index
ERROR - 2017-01-11 09:21:49 --> $config['composer_autoload'] is set to TRUE but C:\xampp\htdocs\back_inscribite\application\vendor/autoload.php was not found.
ERROR - 2017-01-11 09:21:49 --> $config['composer_autoload'] is set to TRUE but C:\xampp\htdocs\back_inscribite\application\vendor/autoload.php was not found.
ERROR - 2017-01-11 09:21:56 --> $config['composer_autoload'] is set to TRUE but C:\xampp\htdocs\back_inscribite\application\vendor/autoload.php was not found.
ERROR - 2017-01-11 09:21:56 --> $config['composer_autoload'] is set to TRUE but C:\xampp\htdocs\back_inscribite\application\vendor/autoload.php was not found.
ERROR - 2017-01-11 10:53:16 --> $config['composer_autoload'] is set to TRUE but C:\xampp\htdocs\back_inscribite\application\vendor/autoload.php was not found.
ERROR - 2017-01-11 10:53:17 --> $config['composer_autoload'] is set to TRUE but C:\xampp\htdocs\back_inscribite\application\vendor/autoload.php was not found.
ERROR - 2017-01-11 10:53:28 --> $config['composer_autoload'] is set to TRUE but C:\xampp\htdocs\back_inscribite\application\vendor/autoload.php was not found.
ERROR - 2017-01-11 10:53:30 --> $config['composer_autoload'] is set to TRUE but C:\xampp\htdocs\back_inscribite\application\vendor/autoload.php was not found.
ERROR - 2017-01-11 10:53:31 --> $config['composer_autoload'] is set to TRUE but C:\xampp\htdocs\back_inscribite\application\vendor/autoload.php was not found.
ERROR - 2017-01-11 11:08:15 --> $config['composer_autoload'] is set to TRUE but C:\xampp\htdocs\back_inscribite\application\vendor/autoload.php was not found.
ERROR - 2017-01-11 11:08:15 --> Severity: Notice --> Undefined variable: pfi C:\xampp\htdocs\back_inscribite\application\modules\web\models\decodificador\Decodificador_model.php 149
ERROR - 2017-01-11 11:08:15 --> Severity: Notice --> Undefined variable: rp C:\xampp\htdocs\back_inscribite\application\modules\web\models\decodificador\Decodificador_model.php 150
ERROR - 2017-01-11 11:08:15 --> Severity: Notice --> Undefined variable: pmc C:\xampp\htdocs\back_inscribite\application\modules\web\models\decodificador\Decodificador_model.php 151
ERROR - 2017-01-11 11:08:15 --> $config['composer_autoload'] is set to TRUE but C:\xampp\htdocs\back_inscribite\application\vendor/autoload.php was not found.
ERROR - 2017-01-11 11:08:16 --> $config['composer_autoload'] is set to TRUE but C:\xampp\htdocs\back_inscribite\application\vendor/autoload.php was not found.
ERROR - 2017-01-11 11:08:38 --> $config['composer_autoload'] is set to TRUE but C:\xampp\htdocs\back_inscribite\application\vendor/autoload.php was not found.
ERROR - 2017-01-11 11:08:38 --> Severity: Notice --> Undefined variable: pfi C:\xampp\htdocs\back_inscribite\application\modules\web\models\decodificador\Decodificador_model.php 149
ERROR - 2017-01-11 11:08:38 --> Severity: Notice --> Undefined variable: rp C:\xampp\htdocs\back_inscribite\application\modules\web\models\decodificador\Decodificador_model.php 150
ERROR - 2017-01-11 11:08:38 --> Severity: Notice --> Undefined variable: pmc C:\xampp\htdocs\back_inscribite\application\modules\web\models\decodificador\Decodificador_model.php 151
ERROR - 2017-01-11 11:08:38 --> $config['composer_autoload'] is set to TRUE but C:\xampp\htdocs\back_inscribite\application\vendor/autoload.php was not found.
ERROR - 2017-01-11 11:08:38 --> $config['composer_autoload'] is set to TRUE but C:\xampp\htdocs\back_inscribite\application\vendor/autoload.php was not found.
ERROR - 2017-01-11 11:08:45 --> $config['composer_autoload'] is set to TRUE but C:\xampp\htdocs\back_inscribite\application\vendor/autoload.php was not found.
ERROR - 2017-01-11 11:08:46 --> $config['composer_autoload'] is set to TRUE but C:\xampp\htdocs\back_inscribite\application\vendor/autoload.php was not found.
ERROR - 2017-01-11 11:08:47 --> $config['composer_autoload'] is set to TRUE but C:\xampp\htdocs\back_inscribite\application\vendor/autoload.php was not found.
ERROR - 2017-01-11 11:08:47 --> 404 Page Not Found: /index
ERROR - 2017-01-11 11:08:49 --> $config['composer_autoload'] is set to TRUE but C:\xampp\htdocs\back_inscribite\application\vendor/autoload.php was not found.
ERROR - 2017-01-11 11:08:50 --> Severity: Notice --> Undefined variable: pfi C:\xampp\htdocs\back_inscribite\application\modules\web\models\decodificador\Decodificador_model.php 149
ERROR - 2017-01-11 11:08:50 --> Severity: Notice --> Undefined variable: rp C:\xampp\htdocs\back_inscribite\application\modules\web\models\decodificador\Decodificador_model.php 150
ERROR - 2017-01-11 11:08:50 --> Severity: Notice --> Undefined variable: pmc C:\xampp\htdocs\back_inscribite\application\modules\web\models\decodificador\Decodificador_model.php 151
ERROR - 2017-01-11 11:08:50 --> $config['composer_autoload'] is set to TRUE but C:\xampp\htdocs\back_inscribite\application\vendor/autoload.php was not found.
ERROR - 2017-01-11 11:08:50 --> $config['composer_autoload'] is set to TRUE but C:\xampp\htdocs\back_inscribite\application\vendor/autoload.php was not found.
ERROR - 2017-01-11 11:09:03 --> $config['composer_autoload'] is set to TRUE but C:\xampp\htdocs\back_inscribite\application\vendor/autoload.php was not found.
ERROR - 2017-01-11 11:10:26 --> $config['composer_autoload'] is set to TRUE but C:\xampp\htdocs\back_inscribite\application\vendor/autoload.php was not found.
ERROR - 2017-01-11 11:10:38 --> $config['composer_autoload'] is set to TRUE but C:\xampp\htdocs\back_inscribite\application\vendor/autoload.php was not found.
ERROR - 2017-01-11 11:10:38 --> Severity: Parsing Error --> syntax error, unexpected 'if' (T_IF) C:\xampp\htdocs\back_inscribite\application\modules\web\models\decodificador\Decodificador_model.php 242
ERROR - 2017-01-11 11:10:43 --> $config['composer_autoload'] is set to TRUE but C:\xampp\htdocs\back_inscribite\application\vendor/autoload.php was not found.
ERROR - 2017-01-11 11:11:32 --> $config['composer_autoload'] is set to TRUE but C:\xampp\htdocs\back_inscribite\application\vendor/autoload.php was not found.
ERROR - 2017-01-11 11:11:32 --> Query error: Unknown column 'meu_id' in 'field list' - Invalid query: SELECT fac_id,meu_id FROM facturas WHERE fac_usu_id = (select id from inscribite_usuarios where dni = 41352567) and fac_mensualidad = 55 and (fac_tipo = 2 or fac_tipo= 3) 
ERROR - 2017-01-11 11:16:28 --> $config['composer_autoload'] is set to TRUE but C:\xampp\htdocs\back_inscribite\application\vendor/autoload.php was not found.
ERROR - 2017-01-11 11:16:28 --> $config['composer_autoload'] is set to TRUE but C:\xampp\htdocs\back_inscribite\application\vendor/autoload.php was not found.
ERROR - 2017-01-11 11:16:29 --> $config['composer_autoload'] is set to TRUE but C:\xampp\htdocs\back_inscribite\application\vendor/autoload.php was not found.
ERROR - 2017-01-11 11:16:29 --> 404 Page Not Found: /index
ERROR - 2017-01-11 11:16:30 --> $config['composer_autoload'] is set to TRUE but C:\xampp\htdocs\back_inscribite\application\vendor/autoload.php was not found.
ERROR - 2017-01-11 11:16:30 --> $config['composer_autoload'] is set to TRUE but C:\xampp\htdocs\back_inscribite\application\vendor/autoload.php was not found.
ERROR - 2017-01-11 11:16:34 --> $config['composer_autoload'] is set to TRUE but C:\xampp\htdocs\back_inscribite\application\vendor/autoload.php was not found.
ERROR - 2017-01-11 11:16:34 --> Severity: Notice --> Trying to get property of non-object C:\xampp\htdocs\back_inscribite\application\modules\web\models\decodificador\Decodificador_model.php 265
ERROR - 2017-01-11 11:16:34 --> Severity: Notice --> Undefined variable: usuario C:\xampp\htdocs\back_inscribite\application\modules\web\models\decodificador\Decodificador_model.php 283
ERROR - 2017-01-11 11:16:34 --> Severity: Notice --> Trying to get property of non-object C:\xampp\htdocs\back_inscribite\application\modules\web\models\decodificador\Decodificador_model.php 296
ERROR - 2017-01-11 11:16:34 --> Severity: Notice --> Trying to get property of non-object C:\xampp\htdocs\back_inscribite\application\modules\web\models\decodificador\Decodificador_model.php 298
ERROR - 2017-01-11 11:16:34 --> Severity: Notice --> Trying to get property of non-object C:\xampp\htdocs\back_inscribite\application\modules\web\models\decodificador\Decodificador_model.php 342
ERROR - 2017-01-11 11:16:34 --> Severity: Notice --> Trying to get property of non-object C:\xampp\htdocs\back_inscribite\application\modules\web\models\decodificador\Decodificador_model.php 343
ERROR - 2017-01-11 11:16:34 --> Severity: Notice --> Trying to get property of non-object C:\xampp\htdocs\back_inscribite\application\modules\web\models\decodificador\Decodificador_model.php 345
ERROR - 2017-01-11 11:16:34 --> Severity: Notice --> Trying to get property of non-object C:\xampp\htdocs\back_inscribite\application\modules\web\models\decodificador\Decodificador_model.php 348
ERROR - 2017-01-11 11:16:34 --> Severity: Notice --> Undefined variable: usuario C:\xampp\htdocs\back_inscribite\application\modules\web\models\decodificador\Decodificador_model.php 364
ERROR - 2017-01-11 11:16:34 --> Severity: Notice --> Trying to get property of non-object C:\xampp\htdocs\back_inscribite\application\modules\web\models\decodificador\Decodificador_model.php 364
ERROR - 2017-01-11 11:16:34 --> Severity: Notice --> Undefined variable: usuario C:\xampp\htdocs\back_inscribite\application\modules\web\models\decodificador\Decodificador_model.php 364
ERROR - 2017-01-11 11:16:34 --> Severity: Notice --> Trying to get property of non-object C:\xampp\htdocs\back_inscribite\application\modules\web\models\decodificador\Decodificador_model.php 364
ERROR - 2017-01-11 11:16:34 --> Severity: Warning --> Creating default object from empty value C:\xampp\htdocs\back_inscribite\application\modules\web\models\decodificador\Decodificador_model.php 364
ERROR - 2017-01-11 11:16:34 --> Severity: Notice --> Undefined property: stdClass::$email C:\xampp\htdocs\back_inscribite\application\modules\web\models\decodificador\Decodificador_model.php 365
ERROR - 2017-01-11 11:16:34 --> Severity: Notice --> Undefined property: stdClass::$dni C:\xampp\htdocs\back_inscribite\application\modules\web\models\decodificador\Decodificador_model.php 366
ERROR - 2017-01-11 11:16:34 --> Severity: Warning --> Creating default object from empty value C:\xampp\htdocs\back_inscribite\application\modules\web\models\decodificador\Decodificador_model.php 367
ERROR - 2017-01-11 11:16:34 --> Severity: Notice --> Undefined property: stdClass::$id C:\xampp\htdocs\back_inscribite\application\modules\web\models\decodificador\Decodificador_model.php 386
ERROR - 2017-01-11 11:16:34 --> Severity: Notice --> Undefined property: stdClass::$dni C:\xampp\htdocs\back_inscribite\application\modules\web\models\decodificador\Decodificador_model.php 409
ERROR - 2017-01-11 11:16:34 --> Severity: Notice --> Undefined property: stdClass::$nombre C:\xampp\htdocs\back_inscribite\application\modules\web\models\decodificador\Decodificador_model.php 409
ERROR - 2017-01-11 11:16:34 --> Severity: Notice --> Undefined variable: pfi C:\xampp\htdocs\back_inscribite\application\modules\web\models\decodificador\Decodificador_model.php 149
ERROR - 2017-01-11 11:16:34 --> Severity: Notice --> Undefined variable: rp C:\xampp\htdocs\back_inscribite\application\modules\web\models\decodificador\Decodificador_model.php 150
ERROR - 2017-01-11 11:16:34 --> Severity: Notice --> Undefined variable: pmc C:\xampp\htdocs\back_inscribite\application\modules\web\models\decodificador\Decodificador_model.php 151
ERROR - 2017-01-11 11:16:34 --> Severity: Warning --> Cannot modify header information - headers already sent by (output started at C:\xampp\htdocs\back_inscribite\system\core\Exceptions.php:272) C:\xampp\htdocs\back_inscribite\system\helpers\url_helper.php 564
ERROR - 2017-01-11 11:17:36 --> $config['composer_autoload'] is set to TRUE but C:\xampp\htdocs\back_inscribite\application\vendor/autoload.php was not found.
ERROR - 2017-01-11 11:17:37 --> Severity: Notice --> Undefined variable: usuario C:\xampp\htdocs\back_inscribite\application\modules\web\models\decodificador\Decodificador_model.php 283
ERROR - 2017-01-11 11:17:37 --> Severity: Notice --> Trying to get property of non-object C:\xampp\htdocs\back_inscribite\application\modules\web\models\decodificador\Decodificador_model.php 296
ERROR - 2017-01-11 11:17:37 --> Severity: Notice --> Trying to get property of non-object C:\xampp\htdocs\back_inscribite\application\modules\web\models\decodificador\Decodificador_model.php 298
ERROR - 2017-01-11 11:17:37 --> Severity: Notice --> Trying to get property of non-object C:\xampp\htdocs\back_inscribite\application\modules\web\models\decodificador\Decodificador_model.php 342
ERROR - 2017-01-11 11:17:37 --> Severity: Notice --> Trying to get property of non-object C:\xampp\htdocs\back_inscribite\application\modules\web\models\decodificador\Decodificador_model.php 343
ERROR - 2017-01-11 11:17:37 --> Severity: Notice --> Trying to get property of non-object C:\xampp\htdocs\back_inscribite\application\modules\web\models\decodificador\Decodificador_model.php 345
ERROR - 2017-01-11 11:17:37 --> Severity: Notice --> Trying to get property of non-object C:\xampp\htdocs\back_inscribite\application\modules\web\models\decodificador\Decodificador_model.php 348
ERROR - 2017-01-11 11:17:37 --> Severity: Notice --> Undefined variable: usuario C:\xampp\htdocs\back_inscribite\application\modules\web\models\decodificador\Decodificador_model.php 364
ERROR - 2017-01-11 11:17:37 --> Severity: Notice --> Trying to get property of non-object C:\xampp\htdocs\back_inscribite\application\modules\web\models\decodificador\Decodificador_model.php 364
ERROR - 2017-01-11 11:17:37 --> Severity: Notice --> Undefined variable: usuario C:\xampp\htdocs\back_inscribite\application\modules\web\models\decodificador\Decodificador_model.php 364
ERROR - 2017-01-11 11:17:37 --> Severity: Notice --> Trying to get property of non-object C:\xampp\htdocs\back_inscribite\application\modules\web\models\decodificador\Decodificador_model.php 364
ERROR - 2017-01-11 11:17:37 --> Severity: Warning --> Creating default object from empty value C:\xampp\htdocs\back_inscribite\application\modules\web\models\decodificador\Decodificador_model.php 364
ERROR - 2017-01-11 11:17:37 --> Severity: Notice --> Undefined property: stdClass::$email C:\xampp\htdocs\back_inscribite\application\modules\web\models\decodificador\Decodificador_model.php 365
ERROR - 2017-01-11 11:17:37 --> Severity: Notice --> Undefined property: stdClass::$dni C:\xampp\htdocs\back_inscribite\application\modules\web\models\decodificador\Decodificador_model.php 366
ERROR - 2017-01-11 11:17:37 --> Severity: Warning --> Creating default object from empty value C:\xampp\htdocs\back_inscribite\application\modules\web\models\decodificador\Decodificador_model.php 367
ERROR - 2017-01-11 11:17:37 --> Severity: Notice --> Undefined property: stdClass::$id C:\xampp\htdocs\back_inscribite\application\modules\web\models\decodificador\Decodificador_model.php 386
ERROR - 2017-01-11 11:17:37 --> Severity: Notice --> Undefined property: stdClass::$dni C:\xampp\htdocs\back_inscribite\application\modules\web\models\decodificador\Decodificador_model.php 409
ERROR - 2017-01-11 11:17:37 --> Severity: Notice --> Undefined property: stdClass::$nombre C:\xampp\htdocs\back_inscribite\application\modules\web\models\decodificador\Decodificador_model.php 409
ERROR - 2017-01-11 11:17:37 --> Severity: Notice --> Undefined variable: pfi C:\xampp\htdocs\back_inscribite\application\modules\web\models\decodificador\Decodificador_model.php 149
ERROR - 2017-01-11 11:17:37 --> Severity: Notice --> Undefined variable: rp C:\xampp\htdocs\back_inscribite\application\modules\web\models\decodificador\Decodificador_model.php 150
ERROR - 2017-01-11 11:17:37 --> Severity: Notice --> Undefined variable: pmc C:\xampp\htdocs\back_inscribite\application\modules\web\models\decodificador\Decodificador_model.php 151
ERROR - 2017-01-11 11:17:37 --> Severity: Warning --> Cannot modify header information - headers already sent by (output started at C:\xampp\htdocs\back_inscribite\system\core\Exceptions.php:272) C:\xampp\htdocs\back_inscribite\system\helpers\url_helper.php 564
ERROR - 2017-01-11 11:19:10 --> $config['composer_autoload'] is set to TRUE but C:\xampp\htdocs\back_inscribite\application\vendor/autoload.php was not found.
ERROR - 2017-01-11 11:19:10 --> Severity: Notice --> Trying to get property of non-object C:\xampp\htdocs\back_inscribite\application\modules\web\models\decodificador\Decodificador_model.php 295
ERROR - 2017-01-11 11:19:10 --> Severity: Notice --> Trying to get property of non-object C:\xampp\htdocs\back_inscribite\application\modules\web\models\decodificador\Decodificador_model.php 297
ERROR - 2017-01-11 11:19:10 --> Severity: Notice --> Trying to get property of non-object C:\xampp\htdocs\back_inscribite\application\modules\web\models\decodificador\Decodificador_model.php 341
ERROR - 2017-01-11 11:19:10 --> Severity: Notice --> Trying to get property of non-object C:\xampp\htdocs\back_inscribite\application\modules\web\models\decodificador\Decodificador_model.php 342
ERROR - 2017-01-11 11:19:10 --> Severity: Notice --> Trying to get property of non-object C:\xampp\htdocs\back_inscribite\application\modules\web\models\decodificador\Decodificador_model.php 344
ERROR - 2017-01-11 11:19:10 --> Severity: Notice --> Trying to get property of non-object C:\xampp\htdocs\back_inscribite\application\modules\web\models\decodificador\Decodificador_model.php 347
ERROR - 2017-01-11 11:19:10 --> Severity: Notice --> Undefined variable: pfi C:\xampp\htdocs\back_inscribite\application\modules\web\models\decodificador\Decodificador_model.php 149
ERROR - 2017-01-11 11:19:10 --> Severity: Notice --> Undefined variable: rp C:\xampp\htdocs\back_inscribite\application\modules\web\models\decodificador\Decodificador_model.php 150
ERROR - 2017-01-11 11:19:10 --> Severity: Notice --> Undefined variable: pmc C:\xampp\htdocs\back_inscribite\application\modules\web\models\decodificador\Decodificador_model.php 151
ERROR - 2017-01-11 11:19:10 --> Severity: Warning --> Cannot modify header information - headers already sent by (output started at C:\xampp\htdocs\back_inscribite\system\core\Exceptions.php:272) C:\xampp\htdocs\back_inscribite\system\helpers\url_helper.php 564
ERROR - 2017-01-11 11:20:51 --> $config['composer_autoload'] is set to TRUE but C:\xampp\htdocs\back_inscribite\application\vendor/autoload.php was not found.
ERROR - 2017-01-11 11:23:46 --> $config['composer_autoload'] is set to TRUE but C:\xampp\htdocs\back_inscribite\application\vendor/autoload.php was not found.
ERROR - 2017-01-11 11:40:39 --> $config['composer_autoload'] is set to TRUE but C:\xampp\htdocs\back_inscribite\application\vendor/autoload.php was not found.
ERROR - 2017-01-11 11:40:40 --> Severity: Notice --> Trying to get property of non-object C:\xampp\htdocs\back_inscribite\application\modules\web\models\decodificador\Decodificador_model.php 361
ERROR - 2017-01-11 11:40:40 --> Severity: Notice --> Trying to get property of non-object C:\xampp\htdocs\back_inscribite\application\modules\web\models\decodificador\Decodificador_model.php 362
ERROR - 2017-01-11 11:40:40 --> Severity: Notice --> Trying to get property of non-object C:\xampp\htdocs\back_inscribite\application\modules\web\models\decodificador\Decodificador_model.php 364
ERROR - 2017-01-11 11:40:40 --> Severity: Notice --> Trying to get property of non-object C:\xampp\htdocs\back_inscribite\application\modules\web\models\decodificador\Decodificador_model.php 367
ERROR - 2017-01-11 11:40:40 --> Severity: Notice --> Undefined variable: pfi C:\xampp\htdocs\back_inscribite\application\modules\web\models\decodificador\Decodificador_model.php 149
ERROR - 2017-01-11 11:40:40 --> Severity: Notice --> Undefined variable: rp C:\xampp\htdocs\back_inscribite\application\modules\web\models\decodificador\Decodificador_model.php 150
ERROR - 2017-01-11 11:40:40 --> Severity: Notice --> Undefined variable: pmc C:\xampp\htdocs\back_inscribite\application\modules\web\models\decodificador\Decodificador_model.php 151
ERROR - 2017-01-11 11:40:40 --> Severity: Warning --> Cannot modify header information - headers already sent by (output started at C:\xampp\htdocs\back_inscribite\system\core\Exceptions.php:272) C:\xampp\htdocs\back_inscribite\system\helpers\url_helper.php 564
ERROR - 2017-01-11 11:41:47 --> $config['composer_autoload'] is set to TRUE but C:\xampp\htdocs\back_inscribite\application\vendor/autoload.php was not found.
ERROR - 2017-01-11 11:41:47 --> Severity: Notice --> Trying to get property of non-object C:\xampp\htdocs\back_inscribite\application\modules\web\models\decodificador\Decodificador_model.php 358
ERROR - 2017-01-11 11:41:47 --> Severity: Notice --> Trying to get property of non-object C:\xampp\htdocs\back_inscribite\application\modules\web\models\decodificador\Decodificador_model.php 361
ERROR - 2017-01-11 11:41:47 --> Severity: Notice --> Undefined property: stdClass::$deudor_nombre C:\xampp\htdocs\back_inscribite\application\modules\web\models\decodificador\Decodificador_model.php 382
ERROR - 2017-01-11 11:41:47 --> Severity: Notice --> Undefined property: stdClass::$cupon_codigodebarras C:\xampp\htdocs\back_inscribite\application\modules\web\models\decodificador\Decodificador_model.php 383
ERROR - 2017-01-11 11:41:47 --> Severity: Notice --> Undefined property: stdClass::$cobro_monto C:\xampp\htdocs\back_inscribite\application\modules\web\models\decodificador\Decodificador_model.php 385
ERROR - 2017-01-11 11:41:47 --> Severity: Notice --> Undefined variable: pfi C:\xampp\htdocs\back_inscribite\application\modules\web\models\decodificador\Decodificador_model.php 149
ERROR - 2017-01-11 11:41:47 --> Severity: Notice --> Undefined variable: rp C:\xampp\htdocs\back_inscribite\application\modules\web\models\decodificador\Decodificador_model.php 150
ERROR - 2017-01-11 11:41:47 --> Severity: Notice --> Undefined variable: pmc C:\xampp\htdocs\back_inscribite\application\modules\web\models\decodificador\Decodificador_model.php 151
ERROR - 2017-01-11 11:41:47 --> Severity: Warning --> Cannot modify header information - headers already sent by (output started at C:\xampp\htdocs\back_inscribite\system\core\Exceptions.php:272) C:\xampp\htdocs\back_inscribite\system\helpers\url_helper.php 564
ERROR - 2017-01-11 11:42:01 --> $config['composer_autoload'] is set to TRUE but C:\xampp\htdocs\back_inscribite\application\vendor/autoload.php was not found.
ERROR - 2017-01-11 11:42:02 --> Severity: Notice --> Undefined property: stdClass::$deudor_nombre C:\xampp\htdocs\back_inscribite\application\modules\web\models\decodificador\Decodificador_model.php 376
ERROR - 2017-01-11 11:42:02 --> Severity: Notice --> Undefined property: stdClass::$cupon_codigodebarras C:\xampp\htdocs\back_inscribite\application\modules\web\models\decodificador\Decodificador_model.php 377
ERROR - 2017-01-11 11:42:02 --> Severity: Notice --> Undefined property: stdClass::$cobro_monto C:\xampp\htdocs\back_inscribite\application\modules\web\models\decodificador\Decodificador_model.php 379
ERROR - 2017-01-11 11:42:02 --> Severity: Notice --> Undefined variable: pfi C:\xampp\htdocs\back_inscribite\application\modules\web\models\decodificador\Decodificador_model.php 149
ERROR - 2017-01-11 11:42:02 --> Severity: Notice --> Undefined variable: rp C:\xampp\htdocs\back_inscribite\application\modules\web\models\decodificador\Decodificador_model.php 150
ERROR - 2017-01-11 11:42:02 --> Severity: Notice --> Undefined variable: pmc C:\xampp\htdocs\back_inscribite\application\modules\web\models\decodificador\Decodificador_model.php 151
ERROR - 2017-01-11 11:42:02 --> Severity: Warning --> Cannot modify header information - headers already sent by (output started at C:\xampp\htdocs\back_inscribite\system\core\Exceptions.php:272) C:\xampp\htdocs\back_inscribite\system\helpers\url_helper.php 564
ERROR - 2017-01-11 11:42:37 --> $config['composer_autoload'] is set to TRUE but C:\xampp\htdocs\back_inscribite\application\vendor/autoload.php was not found.
ERROR - 2017-01-11 11:42:38 --> Severity: Notice --> Undefined variable: pfi C:\xampp\htdocs\back_inscribite\application\modules\web\models\decodificador\Decodificador_model.php 149
ERROR - 2017-01-11 11:42:38 --> Severity: Notice --> Undefined variable: rp C:\xampp\htdocs\back_inscribite\application\modules\web\models\decodificador\Decodificador_model.php 150
ERROR - 2017-01-11 11:42:38 --> Severity: Notice --> Undefined variable: pmc C:\xampp\htdocs\back_inscribite\application\modules\web\models\decodificador\Decodificador_model.php 151
ERROR - 2017-01-11 11:42:38 --> $config['composer_autoload'] is set to TRUE but C:\xampp\htdocs\back_inscribite\application\vendor/autoload.php was not found.
ERROR - 2017-01-11 11:42:39 --> $config['composer_autoload'] is set to TRUE but C:\xampp\htdocs\back_inscribite\application\vendor/autoload.php was not found.
ERROR - 2017-01-11 11:42:39 --> $config['composer_autoload'] is set to TRUE but C:\xampp\htdocs\back_inscribite\application\vendor/autoload.php was not found.
ERROR - 2017-01-11 11:42:39 --> 404 Page Not Found: /index
ERROR - 2017-01-11 11:43:16 --> $config['composer_autoload'] is set to TRUE but C:\xampp\htdocs\back_inscribite\application\vendor/autoload.php was not found.
ERROR - 2017-01-11 11:43:17 --> $config['composer_autoload'] is set to TRUE but C:\xampp\htdocs\back_inscribite\application\vendor/autoload.php was not found.
ERROR - 2017-01-11 11:43:20 --> $config['composer_autoload'] is set to TRUE but C:\xampp\htdocs\back_inscribite\application\vendor/autoload.php was not found.
ERROR - 2017-01-11 11:43:23 --> $config['composer_autoload'] is set to TRUE but C:\xampp\htdocs\back_inscribite\application\vendor/autoload.php was not found.
ERROR - 2017-01-11 11:43:23 --> $config['composer_autoload'] is set to TRUE but C:\xampp\htdocs\back_inscribite\application\vendor/autoload.php was not found.
