ERROR - 2017-01-02 17:31:39 --> $config['composer_autoload'] is set to TRUE but C:\xampp\htdocs\back_inscribite\application\vendor/autoload.php was not found.
ERROR - 2017-01-02 17:31:39 --> $config['composer_autoload'] is set to TRUE but C:\xampp\htdocs\back_inscribite\application\vendor/autoload.php was not found.
ERROR - 2017-01-02 17:31:42 --> $config['composer_autoload'] is set to TRUE but C:\xampp\htdocs\back_inscribite\application\vendor/autoload.php was not found.
ERROR - 2017-01-02 17:31:42 --> $config['composer_autoload'] is set to TRUE but C:\xampp\htdocs\back_inscribite\application\vendor/autoload.php was not found.
ERROR - 2017-01-02 17:31:42 --> $config['composer_autoload'] is set to TRUE but C:\xampp\htdocs\back_inscribite\application\vendor/autoload.php was not found.
ERROR - 2017-01-02 17:31:42 --> $config['composer_autoload'] is set to TRUE but C:\xampp\htdocs\back_inscribite\application\vendor/autoload.php was not found.
ERROR - 2017-01-02 17:31:42 --> 404 Page Not Found: /index
ERROR - 2017-01-02 17:31:42 --> 404 Page Not Found: /index
ERROR - 2017-01-02 17:31:42 --> 404 Page Not Found: /index
ERROR - 2017-01-02 17:31:42 --> 404 Page Not Found: /index
ERROR - 2017-01-02 17:31:42 --> $config['composer_autoload'] is set to TRUE but C:\xampp\htdocs\back_inscribite\application\vendor/autoload.php was not found.
ERROR - 2017-01-02 17:31:42 --> 404 Page Not Found: /index
ERROR - 2017-01-02 17:31:42 --> $config['composer_autoload'] is set to TRUE but C:\xampp\htdocs\back_inscribite\application\vendor/autoload.php was not found.
ERROR - 2017-01-02 17:31:42 --> 404 Page Not Found: /index
ERROR - 2017-01-02 17:31:49 --> $config['composer_autoload'] is set to TRUE but C:\xampp\htdocs\back_inscribite\application\vendor/autoload.php was not found.
ERROR - 2017-01-02 17:31:50 --> $config['composer_autoload'] is set to TRUE but C:\xampp\htdocs\back_inscribite\application\vendor/autoload.php was not found.
ERROR - 2017-01-02 17:31:51 --> $config['composer_autoload'] is set to TRUE but C:\xampp\htdocs\back_inscribite\application\vendor/autoload.php was not found.
ERROR - 2017-01-02 17:31:59 --> $config['composer_autoload'] is set to TRUE but C:\xampp\htdocs\back_inscribite\application\vendor/autoload.php was not found.
ERROR - 2017-01-02 17:32:06 --> $config['composer_autoload'] is set to TRUE but C:\xampp\htdocs\back_inscribite\application\vendor/autoload.php was not found.
ERROR - 2017-01-02 17:32:06 --> $config['composer_autoload'] is set to TRUE but C:\xampp\htdocs\back_inscribite\application\vendor/autoload.php was not found.
ERROR - 2017-01-02 17:32:06 --> $config['composer_autoload'] is set to TRUE but C:\xampp\htdocs\back_inscribite\application\vendor/autoload.php was not found.
ERROR - 2017-01-02 17:32:07 --> $config['composer_autoload'] is set to TRUE but C:\xampp\htdocs\back_inscribite\application\vendor/autoload.php was not found.
ERROR - 2017-01-02 17:32:07 --> $config['composer_autoload'] is set to TRUE but C:\xampp\htdocs\back_inscribite\application\vendor/autoload.php was not found.
ERROR - 2017-01-02 17:32:30 --> $config['composer_autoload'] is set to TRUE but C:\xampp\htdocs\back_inscribite\application\vendor/autoload.php was not found.
ERROR - 2017-01-02 17:32:39 --> $config['composer_autoload'] is set to TRUE but C:\xampp\htdocs\back_inscribite\application\vendor/autoload.php was not found.
ERROR - 2017-01-02 17:32:46 --> $config['composer_autoload'] is set to TRUE but C:\xampp\htdocs\back_inscribite\application\vendor/autoload.php was not found.
ERROR - 2017-01-02 17:32:47 --> $config['composer_autoload'] is set to TRUE but C:\xampp\htdocs\back_inscribite\application\vendor/autoload.php was not found.
ERROR - 2017-01-02 21:14:28 --> $config['composer_autoload'] is set to TRUE but C:\xampp\htdocs\back_inscribite\application\vendor/autoload.php was not found.
ERROR - 2017-01-02 21:14:29 --> $config['composer_autoload'] is set to TRUE but C:\xampp\htdocs\back_inscribite\application\vendor/autoload.php was not found.
ERROR - 2017-01-02 21:14:31 --> $config['composer_autoload'] is set to TRUE but C:\xampp\htdocs\back_inscribite\application\vendor/autoload.php was not found.
ERROR - 2017-01-02 21:14:31 --> $config['composer_autoload'] is set to TRUE but C:\xampp\htdocs\back_inscribite\application\vendor/autoload.php was not found.
ERROR - 2017-01-02 21:14:31 --> $config['composer_autoload'] is set to TRUE but C:\xampp\htdocs\back_inscribite\application\vendor/autoload.php was not found.
ERROR - 2017-01-02 21:14:31 --> $config['composer_autoload'] is set to TRUE but C:\xampp\htdocs\back_inscribite\application\vendor/autoload.php was not found.
ERROR - 2017-01-02 21:14:31 --> 404 Page Not Found: /index
ERROR - 2017-01-02 21:14:31 --> 404 Page Not Found: /index
ERROR - 2017-01-02 21:14:31 --> 404 Page Not Found: /index
ERROR - 2017-01-02 21:14:31 --> 404 Page Not Found: /index
ERROR - 2017-01-02 21:14:31 --> $config['composer_autoload'] is set to TRUE but C:\xampp\htdocs\back_inscribite\application\vendor/autoload.php was not found.
ERROR - 2017-01-02 21:14:31 --> 404 Page Not Found: /index
ERROR - 2017-01-02 21:14:31 --> $config['composer_autoload'] is set to TRUE but C:\xampp\htdocs\back_inscribite\application\vendor/autoload.php was not found.
ERROR - 2017-01-02 21:14:31 --> 404 Page Not Found: /index
ERROR - 2017-01-02 21:14:42 --> $config['composer_autoload'] is set to TRUE but C:\xampp\htdocs\back_inscribite\application\vendor/autoload.php was not found.
ERROR - 2017-01-02 21:14:43 --> $config['composer_autoload'] is set to TRUE but C:\xampp\htdocs\back_inscribite\application\vendor/autoload.php was not found.
ERROR - 2017-01-02 21:14:44 --> $config['composer_autoload'] is set to TRUE but C:\xampp\htdocs\back_inscribite\application\vendor/autoload.php was not found.
ERROR - 2017-01-02 21:14:45 --> $config['composer_autoload'] is set to TRUE but C:\xampp\htdocs\back_inscribite\application\vendor/autoload.php was not found.
ERROR - 2017-01-02 21:14:46 --> $config['composer_autoload'] is set to TRUE but C:\xampp\htdocs\back_inscribite\application\vendor/autoload.php was not found.
ERROR - 2017-01-02 21:17:48 --> $config['composer_autoload'] is set to TRUE but C:\xampp\htdocs\back_inscribite\application\vendor/autoload.php was not found.
ERROR - 2017-01-02 21:17:48 --> Severity: Notice --> Undefined variable: control C:\xampp\htdocs\back_inscribite\application\modules\web\models\admin\Formulario_model.php 378
ERROR - 2017-01-02 21:17:48 --> Severity: Notice --> Undefined variable: controles C:\xampp\htdocs\back_inscribite\application\modules\web\models\admin\Formulario_model.php 13
ERROR - 2017-01-02 21:41:03 --> $config['composer_autoload'] is set to TRUE but C:\xampp\htdocs\back_inscribite\application\vendor/autoload.php was not found.
ERROR - 2017-01-02 21:41:06 --> $config['composer_autoload'] is set to TRUE but C:\xampp\htdocs\back_inscribite\application\vendor/autoload.php was not found.
ERROR - 2017-01-02 21:41:06 --> $config['composer_autoload'] is set to TRUE but C:\xampp\htdocs\back_inscribite\application\vendor/autoload.php was not found.
ERROR - 2017-01-02 21:41:06 --> Severity: error --> Exception: Entity of type 'Provincia' for IDs id(0) was not found C:\xampp\htdocs\back_inscribite\vendor\doctrine\orm\lib\Doctrine\ORM\EntityNotFoundException.php 47
ERROR - 2017-01-02 21:45:06 --> $config['composer_autoload'] is set to TRUE but C:\xampp\htdocs\back_inscribite\application\vendor/autoload.php was not found.
ERROR - 2017-01-02 21:45:07 --> $config['composer_autoload'] is set to TRUE but C:\xampp\htdocs\back_inscribite\application\vendor/autoload.php was not found.
ERROR - 2017-01-02 21:45:07 --> Severity: error --> Exception: Entity of type 'Provincia' for IDs id(0) was not found C:\xampp\htdocs\back_inscribite\vendor\doctrine\orm\lib\Doctrine\ORM\EntityNotFoundException.php 47
ERROR - 2017-01-02 21:45:13 --> $config['composer_autoload'] is set to TRUE but C:\xampp\htdocs\back_inscribite\application\vendor/autoload.php was not found.
ERROR - 2017-01-02 21:45:13 --> Severity: error --> Exception: Entity of type 'Provincia' for IDs id(0) was not found C:\xampp\htdocs\back_inscribite\vendor\doctrine\orm\lib\Doctrine\ORM\EntityNotFoundException.php 47
ERROR - 2017-01-02 21:47:20 --> $config['composer_autoload'] is set to TRUE but C:\xampp\htdocs\back_inscribite\application\vendor/autoload.php was not found.
ERROR - 2017-01-02 21:47:21 --> $config['composer_autoload'] is set to TRUE but C:\xampp\htdocs\back_inscribite\application\vendor/autoload.php was not found.
ERROR - 2017-01-02 21:47:22 --> Severity: error --> Exception: Entity of type 'Provincia' for IDs id(0) was not found C:\xampp\htdocs\back_inscribite\vendor\doctrine\orm\lib\Doctrine\ORM\EntityNotFoundException.php 47
ERROR - 2017-01-02 21:47:43 --> $config['composer_autoload'] is set to TRUE but C:\xampp\htdocs\back_inscribite\application\vendor/autoload.php was not found.
ERROR - 2017-01-02 21:47:43 --> Severity: Notice --> Undefined offset: 0 C:\xampp\htdocs\back_inscribite\application\modules\web\models\empresa\EmpresaModel.php 47
ERROR - 2017-01-02 21:47:43 --> Severity: Error --> Call to a member function getNombre() on null C:\xampp\htdocs\back_inscribite\application\modules\web\models\empresa\EmpresaModel.php 47
ERROR - 2017-01-02 21:48:34 --> $config['composer_autoload'] is set to TRUE but C:\xampp\htdocs\back_inscribite\application\vendor/autoload.php was not found.
ERROR - 2017-01-02 21:48:34 --> $config['composer_autoload'] is set to TRUE but C:\xampp\htdocs\back_inscribite\application\vendor/autoload.php was not found.
ERROR - 2017-01-02 21:48:44 --> $config['composer_autoload'] is set to TRUE but C:\xampp\htdocs\back_inscribite\application\vendor/autoload.php was not found.
ERROR - 2017-01-02 21:48:45 --> $config['composer_autoload'] is set to TRUE but C:\xampp\htdocs\back_inscribite\application\vendor/autoload.php was not found.
ERROR - 2017-01-02 21:49:38 --> $config['composer_autoload'] is set to TRUE but C:\xampp\htdocs\back_inscribite\application\vendor/autoload.php was not found.
ERROR - 2017-01-02 21:49:38 --> $config['composer_autoload'] is set to TRUE but C:\xampp\htdocs\back_inscribite\application\vendor/autoload.php was not found.
ERROR - 2017-01-02 21:49:39 --> $config['composer_autoload'] is set to TRUE but C:\xampp\htdocs\back_inscribite\application\vendor/autoload.php was not found.
ERROR - 2017-01-02 21:49:39 --> $config['composer_autoload'] is set to TRUE but C:\xampp\htdocs\back_inscribite\application\vendor/autoload.php was not found.
