ERROR - 2017-02-07 11:03:10 --> $config['composer_autoload'] is set to TRUE but C:\xampp\htdocs\back_inscribite\application\vendor/autoload.php was not found.
ERROR - 2017-02-07 11:03:12 --> $config['composer_autoload'] is set to TRUE but C:\xampp\htdocs\back_inscribite\application\vendor/autoload.php was not found.
ERROR - 2017-02-07 11:03:12 --> $config['composer_autoload'] is set to TRUE but C:\xampp\htdocs\back_inscribite\application\vendor/autoload.php was not found.
ERROR - 2017-02-07 11:03:12 --> $config['composer_autoload'] is set to TRUE but C:\xampp\htdocs\back_inscribite\application\vendor/autoload.php was not found.
ERROR - 2017-02-07 11:03:12 --> $config['composer_autoload'] is set to TRUE but C:\xampp\htdocs\back_inscribite\application\vendor/autoload.php was not found.
ERROR - 2017-02-07 11:03:12 --> 404 Page Not Found: /index
ERROR - 2017-02-07 11:03:12 --> 404 Page Not Found: /index
ERROR - 2017-02-07 11:03:12 --> 404 Page Not Found: /index
ERROR - 2017-02-07 11:03:12 --> 404 Page Not Found: /index
ERROR - 2017-02-07 11:03:12 --> $config['composer_autoload'] is set to TRUE but C:\xampp\htdocs\back_inscribite\application\vendor/autoload.php was not found.
ERROR - 2017-02-07 11:03:12 --> 404 Page Not Found: /index
ERROR - 2017-02-07 11:03:12 --> $config['composer_autoload'] is set to TRUE but C:\xampp\htdocs\back_inscribite\application\vendor/autoload.php was not found.
ERROR - 2017-02-07 11:03:12 --> 404 Page Not Found: /index
ERROR - 2017-02-07 11:03:21 --> $config['composer_autoload'] is set to TRUE but C:\xampp\htdocs\back_inscribite\application\vendor/autoload.php was not found.
ERROR - 2017-02-07 11:03:22 --> $config['composer_autoload'] is set to TRUE but C:\xampp\htdocs\back_inscribite\application\vendor/autoload.php was not found.
ERROR - 2017-02-07 11:03:24 --> $config['composer_autoload'] is set to TRUE but C:\xampp\htdocs\back_inscribite\application\vendor/autoload.php was not found.
ERROR - 2017-02-07 11:19:57 --> $config['composer_autoload'] is set to TRUE but C:\xampp\htdocs\back_inscribite\application\vendor/autoload.php was not found.
ERROR - 2017-02-07 11:19:58 --> $config['composer_autoload'] is set to TRUE but C:\xampp\htdocs\back_inscribite\application\vendor/autoload.php was not found.
ERROR - 2017-02-07 11:21:24 --> $config['composer_autoload'] is set to TRUE but C:\xampp\htdocs\back_inscribite\application\vendor/autoload.php was not found.
ERROR - 2017-02-07 11:21:24 --> $config['composer_autoload'] is set to TRUE but C:\xampp\htdocs\back_inscribite\application\vendor/autoload.php was not found.
ERROR - 2017-02-07 11:21:56 --> $config['composer_autoload'] is set to TRUE but C:\xampp\htdocs\back_inscribite\application\vendor/autoload.php was not found.
ERROR - 2017-02-07 11:21:57 --> $config['composer_autoload'] is set to TRUE but C:\xampp\htdocs\back_inscribite\application\vendor/autoload.php was not found.
ERROR - 2017-02-07 11:22:27 --> $config['composer_autoload'] is set to TRUE but C:\xampp\htdocs\back_inscribite\application\vendor/autoload.php was not found.
ERROR - 2017-02-07 11:22:28 --> $config['composer_autoload'] is set to TRUE but C:\xampp\htdocs\back_inscribite\application\vendor/autoload.php was not found.
ERROR - 2017-02-07 11:22:28 --> $config['composer_autoload'] is set to TRUE but C:\xampp\htdocs\back_inscribite\application\vendor/autoload.php was not found.
ERROR - 2017-02-07 11:22:34 --> $config['composer_autoload'] is set to TRUE but C:\xampp\htdocs\back_inscribite\application\vendor/autoload.php was not found.
ERROR - 2017-02-07 11:22:34 --> $config['composer_autoload'] is set to TRUE but C:\xampp\htdocs\back_inscribite\application\vendor/autoload.php was not found.
ERROR - 2017-02-07 11:22:53 --> $config['composer_autoload'] is set to TRUE but C:\xampp\htdocs\back_inscribite\application\vendor/autoload.php was not found.
ERROR - 2017-02-07 11:22:53 --> $config['composer_autoload'] is set to TRUE but C:\xampp\htdocs\back_inscribite\application\vendor/autoload.php was not found.
ERROR - 2017-02-07 11:22:53 --> $config['composer_autoload'] is set to TRUE but C:\xampp\htdocs\back_inscribite\application\vendor/autoload.php was not found.
ERROR - 2017-02-07 11:23:20 --> $config['composer_autoload'] is set to TRUE but C:\xampp\htdocs\back_inscribite\application\vendor/autoload.php was not found.
ERROR - 2017-02-07 11:23:20 --> $config['composer_autoload'] is set to TRUE but C:\xampp\htdocs\back_inscribite\application\vendor/autoload.php was not found.
ERROR - 2017-02-07 11:24:36 --> $config['composer_autoload'] is set to TRUE but C:\xampp\htdocs\back_inscribite\application\vendor/autoload.php was not found.
ERROR - 2017-02-07 11:24:36 --> $config['composer_autoload'] is set to TRUE but C:\xampp\htdocs\back_inscribite\application\vendor/autoload.php was not found.
ERROR - 2017-02-07 11:25:00 --> $config['composer_autoload'] is set to TRUE but C:\xampp\htdocs\back_inscribite\application\vendor/autoload.php was not found.
ERROR - 2017-02-07 11:25:00 --> $config['composer_autoload'] is set to TRUE but C:\xampp\htdocs\back_inscribite\application\vendor/autoload.php was not found.
ERROR - 2017-02-07 11:25:09 --> $config['composer_autoload'] is set to TRUE but C:\xampp\htdocs\back_inscribite\application\vendor/autoload.php was not found.
ERROR - 2017-02-07 11:25:10 --> $config['composer_autoload'] is set to TRUE but C:\xampp\htdocs\back_inscribite\application\vendor/autoload.php was not found.
ERROR - 2017-02-07 11:26:02 --> $config['composer_autoload'] is set to TRUE but C:\xampp\htdocs\back_inscribite\application\vendor/autoload.php was not found.
ERROR - 2017-02-07 11:26:02 --> $config['composer_autoload'] is set to TRUE but C:\xampp\htdocs\back_inscribite\application\vendor/autoload.php was not found.
ERROR - 2017-02-07 11:26:09 --> $config['composer_autoload'] is set to TRUE but C:\xampp\htdocs\back_inscribite\application\vendor/autoload.php was not found.
ERROR - 2017-02-07 11:26:10 --> $config['composer_autoload'] is set to TRUE but C:\xampp\htdocs\back_inscribite\application\vendor/autoload.php was not found.
ERROR - 2017-02-07 11:26:32 --> $config['composer_autoload'] is set to TRUE but C:\xampp\htdocs\back_inscribite\application\vendor/autoload.php was not found.
ERROR - 2017-02-07 11:26:33 --> $config['composer_autoload'] is set to TRUE but C:\xampp\htdocs\back_inscribite\application\vendor/autoload.php was not found.
ERROR - 2017-02-07 11:26:42 --> $config['composer_autoload'] is set to TRUE but C:\xampp\htdocs\back_inscribite\application\vendor/autoload.php was not found.
ERROR - 2017-02-07 11:26:43 --> $config['composer_autoload'] is set to TRUE but C:\xampp\htdocs\back_inscribite\application\vendor/autoload.php was not found.
ERROR - 2017-02-07 16:15:21 --> $config['composer_autoload'] is set to TRUE but C:\xampp\htdocs\back_inscribite\application\vendor/autoload.php was not found.
ERROR - 2017-02-07 16:15:21 --> $config['composer_autoload'] is set to TRUE but C:\xampp\htdocs\back_inscribite\application\vendor/autoload.php was not found.
ERROR - 2017-02-07 16:15:21 --> 404 Page Not Found: ../modules/web/controllers//index
ERROR - 2017-02-07 16:42:36 --> $config['composer_autoload'] is set to TRUE but C:\xampp\htdocs\back_inscribite\application\vendor/autoload.php was not found.
ERROR - 2017-02-07 16:42:36 --> $config['composer_autoload'] is set to TRUE but C:\xampp\htdocs\back_inscribite\application\vendor/autoload.php was not found.
ERROR - 2017-02-07 16:42:36 --> $config['composer_autoload'] is set to TRUE but C:\xampp\htdocs\back_inscribite\application\vendor/autoload.php was not found.
ERROR - 2017-02-07 16:42:36 --> $config['composer_autoload'] is set to TRUE but C:\xampp\htdocs\back_inscribite\application\vendor/autoload.php was not found.
ERROR - 2017-02-07 16:42:36 --> 404 Page Not Found: /index
ERROR - 2017-02-07 16:42:36 --> $config['composer_autoload'] is set to TRUE but C:\xampp\htdocs\back_inscribite\application\vendor/autoload.php was not found.
ERROR - 2017-02-07 16:42:36 --> 404 Page Not Found: /index
ERROR - 2017-02-07 16:42:36 --> 404 Page Not Found: /index
ERROR - 2017-02-07 16:42:36 --> 404 Page Not Found: /index
ERROR - 2017-02-07 16:42:37 --> $config['composer_autoload'] is set to TRUE but C:\xampp\htdocs\back_inscribite\application\vendor/autoload.php was not found.
ERROR - 2017-02-07 16:42:37 --> 404 Page Not Found: /index
ERROR - 2017-02-07 16:42:41 --> $config['composer_autoload'] is set to TRUE but C:\xampp\htdocs\back_inscribite\application\vendor/autoload.php was not found.
ERROR - 2017-02-07 16:42:41 --> $config['composer_autoload'] is set to TRUE but C:\xampp\htdocs\back_inscribite\application\vendor/autoload.php was not found.
ERROR - 2017-02-07 16:42:42 --> $config['composer_autoload'] is set to TRUE but C:\xampp\htdocs\back_inscribite\application\vendor/autoload.php was not found.
ERROR - 2017-02-07 16:42:43 --> $config['composer_autoload'] is set to TRUE but C:\xampp\htdocs\back_inscribite\application\vendor/autoload.php was not found.
ERROR - 2017-02-07 16:42:43 --> $config['composer_autoload'] is set to TRUE but C:\xampp\htdocs\back_inscribite\application\vendor/autoload.php was not found.
ERROR - 2017-02-07 16:44:03 --> $config['composer_autoload'] is set to TRUE but C:\xampp\htdocs\back_inscribite\application\vendor/autoload.php was not found.
ERROR - 2017-02-07 16:44:04 --> $config['composer_autoload'] is set to TRUE but C:\xampp\htdocs\back_inscribite\application\vendor/autoload.php was not found.
ERROR - 2017-02-07 16:44:04 --> $config['composer_autoload'] is set to TRUE but C:\xampp\htdocs\back_inscribite\application\vendor/autoload.php was not found.
ERROR - 2017-02-07 16:48:05 --> $config['composer_autoload'] is set to TRUE but C:\xampp\htdocs\back_inscribite\application\vendor/autoload.php was not found.
ERROR - 2017-02-07 16:51:43 --> $config['composer_autoload'] is set to TRUE but C:\xampp\htdocs\back_inscribite\application\vendor/autoload.php was not found.
ERROR - 2017-02-07 16:51:58 --> $config['composer_autoload'] is set to TRUE but C:\xampp\htdocs\back_inscribite\application\vendor/autoload.php was not found.
ERROR - 2017-02-07 16:55:05 --> $config['composer_autoload'] is set to TRUE but C:\xampp\htdocs\back_inscribite\application\vendor/autoload.php was not found.
ERROR - 2017-02-07 16:55:05 --> $config['composer_autoload'] is set to TRUE but C:\xampp\htdocs\back_inscribite\application\vendor/autoload.php was not found.
ERROR - 2017-02-07 16:55:05 --> $config['composer_autoload'] is set to TRUE but C:\xampp\htdocs\back_inscribite\application\vendor/autoload.php was not found.
ERROR - 2017-02-07 16:55:06 --> $config['composer_autoload'] is set to TRUE but C:\xampp\htdocs\back_inscribite\application\vendor/autoload.php was not found.
ERROR - 2017-02-07 16:55:07 --> $config['composer_autoload'] is set to TRUE but C:\xampp\htdocs\back_inscribite\application\vendor/autoload.php was not found.
ERROR - 2017-02-07 16:55:07 --> $config['composer_autoload'] is set to TRUE but C:\xampp\htdocs\back_inscribite\application\vendor/autoload.php was not found.
ERROR - 2017-02-07 16:55:08 --> $config['composer_autoload'] is set to TRUE but C:\xampp\htdocs\back_inscribite\application\vendor/autoload.php was not found.
ERROR - 2017-02-07 16:55:08 --> $config['composer_autoload'] is set to TRUE but C:\xampp\htdocs\back_inscribite\application\vendor/autoload.php was not found.
ERROR - 2017-02-07 16:55:09 --> $config['composer_autoload'] is set to TRUE but C:\xampp\htdocs\back_inscribite\application\vendor/autoload.php was not found.
ERROR - 2017-02-07 16:55:16 --> $config['composer_autoload'] is set to TRUE but C:\xampp\htdocs\back_inscribite\application\vendor/autoload.php was not found.
ERROR - 2017-02-07 16:55:17 --> $config['composer_autoload'] is set to TRUE but C:\xampp\htdocs\back_inscribite\application\vendor/autoload.php was not found.
ERROR - 2017-02-07 16:55:17 --> $config['composer_autoload'] is set to TRUE but C:\xampp\htdocs\back_inscribite\application\vendor/autoload.php was not found.
ERROR - 2017-02-07 16:55:58 --> $config['composer_autoload'] is set to TRUE but C:\xampp\htdocs\back_inscribite\application\vendor/autoload.php was not found.
ERROR - 2017-02-07 16:55:59 --> $config['composer_autoload'] is set to TRUE but C:\xampp\htdocs\back_inscribite\application\vendor/autoload.php was not found.
ERROR - 2017-02-07 16:55:59 --> $config['composer_autoload'] is set to TRUE but C:\xampp\htdocs\back_inscribite\application\vendor/autoload.php was not found.
ERROR - 2017-02-07 16:56:06 --> $config['composer_autoload'] is set to TRUE but C:\xampp\htdocs\back_inscribite\application\vendor/autoload.php was not found.
ERROR - 2017-02-07 16:56:06 --> $config['composer_autoload'] is set to TRUE but C:\xampp\htdocs\back_inscribite\application\vendor/autoload.php was not found.
ERROR - 2017-02-07 16:56:06 --> $config['composer_autoload'] is set to TRUE but C:\xampp\htdocs\back_inscribite\application\vendor/autoload.php was not found.
ERROR - 2017-02-07 16:56:27 --> $config['composer_autoload'] is set to TRUE but C:\xampp\htdocs\back_inscribite\application\vendor/autoload.php was not found.
ERROR - 2017-02-07 16:56:27 --> $config['composer_autoload'] is set to TRUE but C:\xampp\htdocs\back_inscribite\application\vendor/autoload.php was not found.
ERROR - 2017-02-07 16:56:28 --> $config['composer_autoload'] is set to TRUE but C:\xampp\htdocs\back_inscribite\application\vendor/autoload.php was not found.
ERROR - 2017-02-07 16:56:29 --> $config['composer_autoload'] is set to TRUE but C:\xampp\htdocs\back_inscribite\application\vendor/autoload.php was not found.
ERROR - 2017-02-07 16:56:29 --> $config['composer_autoload'] is set to TRUE but C:\xampp\htdocs\back_inscribite\application\vendor/autoload.php was not found.
ERROR - 2017-02-07 16:56:39 --> $config['composer_autoload'] is set to TRUE but C:\xampp\htdocs\back_inscribite\application\vendor/autoload.php was not found.
ERROR - 2017-02-07 16:56:39 --> $config['composer_autoload'] is set to TRUE but C:\xampp\htdocs\back_inscribite\application\vendor/autoload.php was not found.
ERROR - 2017-02-07 16:56:39 --> $config['composer_autoload'] is set to TRUE but C:\xampp\htdocs\back_inscribite\application\vendor/autoload.php was not found.
ERROR - 2017-02-07 16:56:40 --> $config['composer_autoload'] is set to TRUE but C:\xampp\htdocs\back_inscribite\application\vendor/autoload.php was not found.
ERROR - 2017-02-07 16:56:40 --> $config['composer_autoload'] is set to TRUE but C:\xampp\htdocs\back_inscribite\application\vendor/autoload.php was not found.
ERROR - 2017-02-07 17:00:18 --> $config['composer_autoload'] is set to TRUE but C:\xampp\htdocs\back_inscribite\application\vendor/autoload.php was not found.
ERROR - 2017-02-07 17:00:19 --> $config['composer_autoload'] is set to TRUE but C:\xampp\htdocs\back_inscribite\application\vendor/autoload.php was not found.
ERROR - 2017-02-07 17:00:19 --> $config['composer_autoload'] is set to TRUE but C:\xampp\htdocs\back_inscribite\application\vendor/autoload.php was not found.
ERROR - 2017-02-07 17:00:19 --> 404 Page Not Found: /index
ERROR - 2017-02-07 17:00:26 --> $config['composer_autoload'] is set to TRUE but C:\xampp\htdocs\back_inscribite\application\vendor/autoload.php was not found.
ERROR - 2017-02-07 17:00:26 --> Severity: Error --> Call to undefined method Pago::setComision() C:\xampp\htdocs\back_inscribite\application\modules\web\models\cobro\Cobro_model.php 165
ERROR - 2017-02-07 17:02:43 --> $config['composer_autoload'] is set to TRUE but C:\xampp\htdocs\back_inscribite\application\vendor/autoload.php was not found.
ERROR - 2017-02-07 17:02:43 --> $config['composer_autoload'] is set to TRUE but C:\xampp\htdocs\back_inscribite\application\vendor/autoload.php was not found.
ERROR - 2017-02-07 17:02:43 --> $config['composer_autoload'] is set to TRUE but C:\xampp\htdocs\back_inscribite\application\vendor/autoload.php was not found.
ERROR - 2017-02-07 17:03:36 --> $config['composer_autoload'] is set to TRUE but C:\xampp\htdocs\back_inscribite\application\vendor/autoload.php was not found.
ERROR - 2017-02-07 17:03:36 --> $config['composer_autoload'] is set to TRUE but C:\xampp\htdocs\back_inscribite\application\vendor/autoload.php was not found.
ERROR - 2017-02-07 17:03:36 --> $config['composer_autoload'] is set to TRUE but C:\xampp\htdocs\back_inscribite\application\vendor/autoload.php was not found.
ERROR - 2017-02-07 17:03:37 --> $config['composer_autoload'] is set to TRUE but C:\xampp\htdocs\back_inscribite\application\vendor/autoload.php was not found.
ERROR - 2017-02-07 17:03:37 --> $config['composer_autoload'] is set to TRUE but C:\xampp\htdocs\back_inscribite\application\vendor/autoload.php was not found.
ERROR - 2017-02-07 17:03:37 --> $config['composer_autoload'] is set to TRUE but C:\xampp\htdocs\back_inscribite\application\vendor/autoload.php was not found.
ERROR - 2017-02-07 17:04:10 --> $config['composer_autoload'] is set to TRUE but C:\xampp\htdocs\back_inscribite\application\vendor/autoload.php was not found.
ERROR - 2017-02-07 17:04:10 --> $config['composer_autoload'] is set to TRUE but C:\xampp\htdocs\back_inscribite\application\vendor/autoload.php was not found.
ERROR - 2017-02-07 17:04:10 --> $config['composer_autoload'] is set to TRUE but C:\xampp\htdocs\back_inscribite\application\vendor/autoload.php was not found.
ERROR - 2017-02-07 17:05:35 --> $config['composer_autoload'] is set to TRUE but C:\xampp\htdocs\back_inscribite\application\vendor/autoload.php was not found.
ERROR - 2017-02-07 17:05:35 --> $config['composer_autoload'] is set to TRUE but C:\xampp\htdocs\back_inscribite\application\vendor/autoload.php was not found.
ERROR - 2017-02-07 17:05:38 --> $config['composer_autoload'] is set to TRUE but C:\xampp\htdocs\back_inscribite\application\vendor/autoload.php was not found.
ERROR - 2017-02-07 17:05:38 --> $config['composer_autoload'] is set to TRUE but C:\xampp\htdocs\back_inscribite\application\vendor/autoload.php was not found.
ERROR - 2017-02-07 17:06:03 --> $config['composer_autoload'] is set to TRUE but C:\xampp\htdocs\back_inscribite\application\vendor/autoload.php was not found.
ERROR - 2017-02-07 17:06:04 --> $config['composer_autoload'] is set to TRUE but C:\xampp\htdocs\back_inscribite\application\vendor/autoload.php was not found.
ERROR - 2017-02-07 17:06:12 --> $config['composer_autoload'] is set to TRUE but C:\xampp\htdocs\back_inscribite\application\vendor/autoload.php was not found.
ERROR - 2017-02-07 17:06:13 --> Query error: You have an error in your SQL syntax; check the manual that corresponds to your MySQL server version for the right syntax to use near '4)' at line 1 - Invalid query: insert into cobro_renglones(cor_cob_id,cor_dec_id)select '7' cob_id,dec_id from decodificado_renglones where dec_id in(,4)
ERROR - 2017-02-07 17:06:22 --> $config['composer_autoload'] is set to TRUE but C:\xampp\htdocs\back_inscribite\application\vendor/autoload.php was not found.
ERROR - 2017-02-07 17:06:22 --> $config['composer_autoload'] is set to TRUE but C:\xampp\htdocs\back_inscribite\application\vendor/autoload.php was not found.
ERROR - 2017-02-07 17:06:25 --> $config['composer_autoload'] is set to TRUE but C:\xampp\htdocs\back_inscribite\application\vendor/autoload.php was not found.
ERROR - 2017-02-07 17:06:25 --> $config['composer_autoload'] is set to TRUE but C:\xampp\htdocs\back_inscribite\application\vendor/autoload.php was not found.
ERROR - 2017-02-07 17:06:31 --> $config['composer_autoload'] is set to TRUE but C:\xampp\htdocs\back_inscribite\application\vendor/autoload.php was not found.
ERROR - 2017-02-07 17:06:31 --> $config['composer_autoload'] is set to TRUE but C:\xampp\htdocs\back_inscribite\application\vendor/autoload.php was not found.
ERROR - 2017-02-07 17:06:32 --> $config['composer_autoload'] is set to TRUE but C:\xampp\htdocs\back_inscribite\application\vendor/autoload.php was not found.
ERROR - 2017-02-07 17:06:32 --> $config['composer_autoload'] is set to TRUE but C:\xampp\htdocs\back_inscribite\application\vendor/autoload.php was not found.
ERROR - 2017-02-07 17:06:33 --> $config['composer_autoload'] is set to TRUE but C:\xampp\htdocs\back_inscribite\application\vendor/autoload.php was not found.
ERROR - 2017-02-07 17:06:33 --> $config['composer_autoload'] is set to TRUE but C:\xampp\htdocs\back_inscribite\application\vendor/autoload.php was not found.
ERROR - 2017-02-07 17:07:48 --> $config['composer_autoload'] is set to TRUE but C:\xampp\htdocs\back_inscribite\application\vendor/autoload.php was not found.
ERROR - 2017-02-07 17:07:55 --> $config['composer_autoload'] is set to TRUE but C:\xampp\htdocs\back_inscribite\application\vendor/autoload.php was not found.
ERROR - 2017-02-07 17:07:55 --> Query error: You have an error in your SQL syntax; check the manual that corresponds to your MySQL server version for the right syntax to use near 'total from cobro
                    inner join cobro_renglones on cor_cob_id=c' at line 1 - Invalid query: select emp_id,SUM(dec_importe),ev.id pag_evt_id,'inscripciones' tipo_pago total from cobro
                    inner join cobro_renglones on cor_cob_id=cob_id
                    inner join decodificado_renglones on dec_id=cor_dec_id
                    inner join inscribite_usuarios usu on dni=dec_dni
                    inner join facturas on fac_id=dec_codigo
                    inner join inscribite_eventos ev on ev.codigo=fac_evento_id
                    inner join empresa on ev.empresa=emp_nombre
                    where fac_mensualidad <=0 and cor_cob_id=9 and (cor_pag_id is null or cor_pag_id=0)
                    group by emp_id,ev.id
                    UNION ALL
                   select emp_id,SUM(dec_importe) total,men_id pag_evt_id,'mensualidades' tipo_pago from cobro
                    inner join cobro_renglones on cor_cob_id=cob_id
                    inner join decodificado_renglones on dec_id=cor_dec_id
                    inner join inscribite_usuarios usu on dni=dec_dni
                    inner join facturas on fac_id=dec_codigo
                    inner join mensualidad_cuotas on mec_id=fac_mensualidad
                    inner join mensualidades on men_id=mec_men_id
                    inner join empresa on emp_id=men_empresa	
                    where cob_id=9 and fac_mensualidad > 0 and (cor_pag_id is null or cor_pag_id=0)
                    group by emp_id,men_id 
ERROR - 2017-02-07 17:08:08 --> $config['composer_autoload'] is set to TRUE but C:\xampp\htdocs\back_inscribite\application\vendor/autoload.php was not found.
ERROR - 2017-02-07 17:08:09 --> $config['composer_autoload'] is set to TRUE but C:\xampp\htdocs\back_inscribite\application\vendor/autoload.php was not found.
ERROR - 2017-02-07 17:09:54 --> $config['composer_autoload'] is set to TRUE but C:\xampp\htdocs\back_inscribite\application\vendor/autoload.php was not found.
ERROR - 2017-02-07 17:09:54 --> $config['composer_autoload'] is set to TRUE but C:\xampp\htdocs\back_inscribite\application\vendor/autoload.php was not found.
ERROR - 2017-02-07 17:09:55 --> $config['composer_autoload'] is set to TRUE but C:\xampp\htdocs\back_inscribite\application\vendor/autoload.php was not found.
ERROR - 2017-02-07 17:09:55 --> $config['composer_autoload'] is set to TRUE but C:\xampp\htdocs\back_inscribite\application\vendor/autoload.php was not found.
ERROR - 2017-02-07 17:09:55 --> $config['composer_autoload'] is set to TRUE but C:\xampp\htdocs\back_inscribite\application\vendor/autoload.php was not found.
ERROR - 2017-02-07 17:09:56 --> $config['composer_autoload'] is set to TRUE but C:\xampp\htdocs\back_inscribite\application\vendor/autoload.php was not found.
ERROR - 2017-02-07 17:10:04 --> $config['composer_autoload'] is set to TRUE but C:\xampp\htdocs\back_inscribite\application\vendor/autoload.php was not found.
ERROR - 2017-02-07 17:10:04 --> Query error: You have an error in your SQL syntax; check the manual that corresponds to your MySQL server version for the right syntax to use near 'total from cobro
                    inner join cobro_renglones on cor_cob_id=c' at line 1 - Invalid query: select emp_id,SUM(dec_importe),ev.id pag_evt_id,'inscripciones' tipo_pago total from cobro
                    inner join cobro_renglones on cor_cob_id=cob_id
                    inner join decodificado_renglones on dec_id=cor_dec_id
                    inner join inscribite_usuarios usu on dni=dec_dni
                    inner join facturas on fac_id=dec_codigo
                    inner join inscribite_eventos ev on ev.codigo=fac_evento_id
                    inner join empresa on ev.empresa=emp_nombre
                    where fac_mensualidad <=0 and cor_cob_id=10 and (cor_pag_id is null or cor_pag_id=0)
                    group by emp_id,ev.id
                    UNION ALL
                   select emp_id,SUM(dec_importe) total,men_id pag_evt_id,'mensualidades' tipo_pago from cobro
                    inner join cobro_renglones on cor_cob_id=cob_id
                    inner join decodificado_renglones on dec_id=cor_dec_id
                    inner join inscribite_usuarios usu on dni=dec_dni
                    inner join facturas on fac_id=dec_codigo
                    inner join mensualidad_cuotas on mec_id=fac_mensualidad
                    inner join mensualidades on men_id=mec_men_id
                    inner join empresa on emp_id=men_empresa	
                    where cob_id=10 and fac_mensualidad > 0 and (cor_pag_id is null or cor_pag_id=0)
                    group by emp_id,men_id 
ERROR - 2017-02-07 17:10:07 --> $config['composer_autoload'] is set to TRUE but C:\xampp\htdocs\back_inscribite\application\vendor/autoload.php was not found.
ERROR - 2017-02-07 17:10:07 --> $config['composer_autoload'] is set to TRUE but C:\xampp\htdocs\back_inscribite\application\vendor/autoload.php was not found.
ERROR - 2017-02-07 17:13:13 --> $config['composer_autoload'] is set to TRUE but C:\xampp\htdocs\back_inscribite\application\vendor/autoload.php was not found.
ERROR - 2017-02-07 17:13:13 --> $config['composer_autoload'] is set to TRUE but C:\xampp\htdocs\back_inscribite\application\vendor/autoload.php was not found.
ERROR - 2017-02-07 17:13:14 --> $config['composer_autoload'] is set to TRUE but C:\xampp\htdocs\back_inscribite\application\vendor/autoload.php was not found.
ERROR - 2017-02-07 17:13:24 --> $config['composer_autoload'] is set to TRUE but C:\xampp\htdocs\back_inscribite\application\vendor/autoload.php was not found.
ERROR - 2017-02-07 17:13:24 --> Query error: You have an error in your SQL syntax; check the manual that corresponds to your MySQL server version for the right syntax to use near 'total from cobro
                    inner join cobro_renglones on cor_cob_id=c' at line 1 - Invalid query: select emp_id,SUM(dec_importe),ev.id pag_evt_id,'inscripciones' tipo_pago total from cobro
                    inner join cobro_renglones on cor_cob_id=cob_id
                    inner join decodificado_renglones on dec_id=cor_dec_id
                    inner join inscribite_usuarios usu on dni=dec_dni
                    inner join facturas on fac_id=dec_codigo
                    inner join inscribite_eventos ev on ev.codigo=fac_evento_id
                    inner join empresa on ev.empresa=emp_nombre
                    where fac_mensualidad <=0 and cor_cob_id=11 and (cor_pag_id is null or cor_pag_id=0)
                    group by emp_id,ev.id
                    UNION ALL
                   select emp_id,SUM(dec_importe) total,men_id pag_evt_id,'mensualidades' tipo_pago from cobro
                    inner join cobro_renglones on cor_cob_id=cob_id
                    inner join decodificado_renglones on dec_id=cor_dec_id
                    inner join inscribite_usuarios usu on dni=dec_dni
                    inner join facturas on fac_id=dec_codigo
                    inner join mensualidad_cuotas on mec_id=fac_mensualidad
                    inner join mensualidades on men_id=mec_men_id
                    inner join empresa on emp_id=men_empresa	
                    where cob_id=11 and fac_mensualidad > 0 and (cor_pag_id is null or cor_pag_id=0)
                    group by emp_id,men_id 
ERROR - 2017-02-07 17:13:52 --> $config['composer_autoload'] is set to TRUE but C:\xampp\htdocs\back_inscribite\application\vendor/autoload.php was not found.
ERROR - 2017-02-07 17:15:13 --> $config['composer_autoload'] is set to TRUE but C:\xampp\htdocs\back_inscribite\application\vendor/autoload.php was not found.
ERROR - 2017-02-07 17:15:32 --> $config['composer_autoload'] is set to TRUE but C:\xampp\htdocs\back_inscribite\application\vendor/autoload.php was not found.
ERROR - 2017-02-07 17:15:32 --> Query error: You have an error in your SQL syntax; check the manual that corresponds to your MySQL server version for the right syntax to use near 'total from cobro
                    inner join cobro_renglones on cor_cob_id=c' at line 1 - Invalid query: select emp_id,SUM(dec_importe),ev.id pag_evt_id,'inscripciones' tipo_pago total from cobro
                    inner join cobro_renglones on cor_cob_id=cob_id
                    inner join decodificado_renglones on dec_id=cor_dec_id
                    inner join inscribite_usuarios usu on dni=dec_dni
                    inner join facturas on fac_id=dec_codigo
                    inner join inscribite_eventos ev on ev.codigo=fac_evento_id
                    inner join empresa on ev.empresa=emp_nombre
                    where fac_mensualidad <=0 and cor_cob_id=1 and (cor_pag_id is null or cor_pag_id=0)
                    group by emp_id,ev.id
                    UNION ALL
                   select emp_id,SUM(dec_importe) total,men_id pag_evt_id,'mensualidades' tipo_pago from cobro
                    inner join cobro_renglones on cor_cob_id=cob_id
                    inner join decodificado_renglones on dec_id=cor_dec_id
                    inner join inscribite_usuarios usu on dni=dec_dni
                    inner join facturas on fac_id=dec_codigo
                    inner join mensualidad_cuotas on mec_id=fac_mensualidad
                    inner join mensualidades on men_id=mec_men_id
                    inner join empresa on emp_id=men_empresa	
                    where cob_id=1 and fac_mensualidad > 0 and (cor_pag_id is null or cor_pag_id=0)
                    group by emp_id,men_id 
ERROR - 2017-02-07 17:16:02 --> $config['composer_autoload'] is set to TRUE but C:\xampp\htdocs\back_inscribite\application\vendor/autoload.php was not found.
ERROR - 2017-02-07 17:18:28 --> $config['composer_autoload'] is set to TRUE but C:\xampp\htdocs\back_inscribite\application\vendor/autoload.php was not found.
ERROR - 2017-02-07 17:18:31 --> $config['composer_autoload'] is set to TRUE but C:\xampp\htdocs\back_inscribite\application\vendor/autoload.php was not found.
ERROR - 2017-02-07 17:18:31 --> $config['composer_autoload'] is set to TRUE but C:\xampp\htdocs\back_inscribite\application\vendor/autoload.php was not found.
ERROR - 2017-02-07 17:18:34 --> $config['composer_autoload'] is set to TRUE but C:\xampp\htdocs\back_inscribite\application\vendor/autoload.php was not found.
ERROR - 2017-02-07 17:18:34 --> $config['composer_autoload'] is set to TRUE but C:\xampp\htdocs\back_inscribite\application\vendor/autoload.php was not found.
ERROR - 2017-02-07 17:18:34 --> $config['composer_autoload'] is set to TRUE but C:\xampp\htdocs\back_inscribite\application\vendor/autoload.php was not found.
ERROR - 2017-02-07 17:18:35 --> $config['composer_autoload'] is set to TRUE but C:\xampp\htdocs\back_inscribite\application\vendor/autoload.php was not found.
ERROR - 2017-02-07 17:18:35 --> $config['composer_autoload'] is set to TRUE but C:\xampp\htdocs\back_inscribite\application\vendor/autoload.php was not found.
ERROR - 2017-02-07 17:18:35 --> $config['composer_autoload'] is set to TRUE but C:\xampp\htdocs\back_inscribite\application\vendor/autoload.php was not found.
ERROR - 2017-02-07 17:18:36 --> $config['composer_autoload'] is set to TRUE but C:\xampp\htdocs\back_inscribite\application\vendor/autoload.php was not found.
ERROR - 2017-02-07 17:18:36 --> $config['composer_autoload'] is set to TRUE but C:\xampp\htdocs\back_inscribite\application\vendor/autoload.php was not found.
ERROR - 2017-02-07 17:18:36 --> $config['composer_autoload'] is set to TRUE but C:\xampp\htdocs\back_inscribite\application\vendor/autoload.php was not found.
ERROR - 2017-02-07 17:18:48 --> $config['composer_autoload'] is set to TRUE but C:\xampp\htdocs\back_inscribite\application\vendor/autoload.php was not found.
ERROR - 2017-02-07 17:18:51 --> $config['composer_autoload'] is set to TRUE but C:\xampp\htdocs\back_inscribite\application\vendor/autoload.php was not found.
ERROR - 2017-02-07 17:18:51 --> $config['composer_autoload'] is set to TRUE but C:\xampp\htdocs\back_inscribite\application\vendor/autoload.php was not found.
ERROR - 2017-02-07 17:18:55 --> $config['composer_autoload'] is set to TRUE but C:\xampp\htdocs\back_inscribite\application\vendor/autoload.php was not found.
ERROR - 2017-02-07 17:18:56 --> $config['composer_autoload'] is set to TRUE but C:\xampp\htdocs\back_inscribite\application\vendor/autoload.php was not found.
ERROR - 2017-02-07 17:18:56 --> $config['composer_autoload'] is set to TRUE but C:\xampp\htdocs\back_inscribite\application\vendor/autoload.php was not found.
ERROR - 2017-02-07 17:18:58 --> $config['composer_autoload'] is set to TRUE but C:\xampp\htdocs\back_inscribite\application\vendor/autoload.php was not found.
ERROR - 2017-02-07 17:18:59 --> $config['composer_autoload'] is set to TRUE but C:\xampp\htdocs\back_inscribite\application\vendor/autoload.php was not found.
ERROR - 2017-02-07 17:18:59 --> $config['composer_autoload'] is set to TRUE but C:\xampp\htdocs\back_inscribite\application\vendor/autoload.php was not found.
ERROR - 2017-02-07 17:18:59 --> $config['composer_autoload'] is set to TRUE but C:\xampp\htdocs\back_inscribite\application\vendor/autoload.php was not found.
ERROR - 2017-02-07 17:19:00 --> $config['composer_autoload'] is set to TRUE but C:\xampp\htdocs\back_inscribite\application\vendor/autoload.php was not found.
ERROR - 2017-02-07 17:19:00 --> $config['composer_autoload'] is set to TRUE but C:\xampp\htdocs\back_inscribite\application\vendor/autoload.php was not found.
ERROR - 2017-02-07 17:19:01 --> $config['composer_autoload'] is set to TRUE but C:\xampp\htdocs\back_inscribite\application\vendor/autoload.php was not found.
ERROR - 2017-02-07 17:19:01 --> $config['composer_autoload'] is set to TRUE but C:\xampp\htdocs\back_inscribite\application\vendor/autoload.php was not found.
ERROR - 2017-02-07 17:19:02 --> $config['composer_autoload'] is set to TRUE but C:\xampp\htdocs\back_inscribite\application\vendor/autoload.php was not found.
ERROR - 2017-02-07 17:19:02 --> $config['composer_autoload'] is set to TRUE but C:\xampp\htdocs\back_inscribite\application\vendor/autoload.php was not found.
ERROR - 2017-02-07 17:19:02 --> $config['composer_autoload'] is set to TRUE but C:\xampp\htdocs\back_inscribite\application\vendor/autoload.php was not found.
ERROR - 2017-02-07 17:19:02 --> $config['composer_autoload'] is set to TRUE but C:\xampp\htdocs\back_inscribite\application\vendor/autoload.php was not found.
ERROR - 2017-02-07 17:19:03 --> $config['composer_autoload'] is set to TRUE but C:\xampp\htdocs\back_inscribite\application\vendor/autoload.php was not found.
ERROR - 2017-02-07 17:19:04 --> $config['composer_autoload'] is set to TRUE but C:\xampp\htdocs\back_inscribite\application\vendor/autoload.php was not found.
ERROR - 2017-02-07 17:19:10 --> $config['composer_autoload'] is set to TRUE but C:\xampp\htdocs\back_inscribite\application\vendor/autoload.php was not found.
ERROR - 2017-02-07 17:19:10 --> $config['composer_autoload'] is set to TRUE but C:\xampp\htdocs\back_inscribite\application\vendor/autoload.php was not found.
ERROR - 2017-02-07 17:19:10 --> $config['composer_autoload'] is set to TRUE but C:\xampp\htdocs\back_inscribite\application\vendor/autoload.php was not found.
ERROR - 2017-02-07 17:19:20 --> $config['composer_autoload'] is set to TRUE but C:\xampp\htdocs\back_inscribite\application\vendor/autoload.php was not found.
ERROR - 2017-02-07 17:19:20 --> $config['composer_autoload'] is set to TRUE but C:\xampp\htdocs\back_inscribite\application\vendor/autoload.php was not found.
ERROR - 2017-02-07 17:19:23 --> $config['composer_autoload'] is set to TRUE but C:\xampp\htdocs\back_inscribite\application\vendor/autoload.php was not found.
ERROR - 2017-02-07 17:19:23 --> $config['composer_autoload'] is set to TRUE but C:\xampp\htdocs\back_inscribite\application\vendor/autoload.php was not found.
