ERROR - 2017-01-30 08:58:56 --> $config['composer_autoload'] is set to TRUE but C:\xampp\htdocs\back_inscribite\application\vendor/autoload.php was not found.
ERROR - 2017-01-30 08:58:56 --> $config['composer_autoload'] is set to TRUE but C:\xampp\htdocs\back_inscribite\application\vendor/autoload.php was not found.
ERROR - 2017-01-30 08:58:56 --> $config['composer_autoload'] is set to TRUE but C:\xampp\htdocs\back_inscribite\application\vendor/autoload.php was not found.
ERROR - 2017-01-30 08:58:56 --> $config['composer_autoload'] is set to TRUE but C:\xampp\htdocs\back_inscribite\application\vendor/autoload.php was not found.
ERROR - 2017-01-30 08:58:56 --> $config['composer_autoload'] is set to TRUE but C:\xampp\htdocs\back_inscribite\application\vendor/autoload.php was not found.
ERROR - 2017-01-30 08:58:56 --> 404 Page Not Found: /index
ERROR - 2017-01-30 08:58:56 --> 404 Page Not Found: /index
ERROR - 2017-01-30 08:58:56 --> 404 Page Not Found: /index
ERROR - 2017-01-30 08:58:56 --> 404 Page Not Found: /index
ERROR - 2017-01-30 08:58:56 --> $config['composer_autoload'] is set to TRUE but C:\xampp\htdocs\back_inscribite\application\vendor/autoload.php was not found.
ERROR - 2017-01-30 08:58:56 --> 404 Page Not Found: /index
ERROR - 2017-01-30 08:58:57 --> $config['composer_autoload'] is set to TRUE but C:\xampp\htdocs\back_inscribite\application\vendor/autoload.php was not found.
ERROR - 2017-01-30 08:58:57 --> 404 Page Not Found: /index
ERROR - 2017-01-30 08:59:02 --> $config['composer_autoload'] is set to TRUE but C:\xampp\htdocs\back_inscribite\application\vendor/autoload.php was not found.
ERROR - 2017-01-30 08:59:03 --> $config['composer_autoload'] is set to TRUE but C:\xampp\htdocs\back_inscribite\application\vendor/autoload.php was not found.
ERROR - 2017-01-30 08:59:04 --> $config['composer_autoload'] is set to TRUE but C:\xampp\htdocs\back_inscribite\application\vendor/autoload.php was not found.
ERROR - 2017-01-30 08:59:04 --> $config['composer_autoload'] is set to TRUE but C:\xampp\htdocs\back_inscribite\application\vendor/autoload.php was not found.
ERROR - 2017-01-30 08:59:04 --> $config['composer_autoload'] is set to TRUE but C:\xampp\htdocs\back_inscribite\application\vendor/autoload.php was not found.
ERROR - 2017-01-30 08:59:04 --> $config['composer_autoload'] is set to TRUE but C:\xampp\htdocs\back_inscribite\application\vendor/autoload.php was not found.
ERROR - 2017-01-30 08:59:04 --> 404 Page Not Found: /index
ERROR - 2017-01-30 08:59:04 --> 404 Page Not Found: /index
ERROR - 2017-01-30 08:59:04 --> 404 Page Not Found: /index
ERROR - 2017-01-30 08:59:04 --> 404 Page Not Found: /index
ERROR - 2017-01-30 08:59:04 --> $config['composer_autoload'] is set to TRUE but C:\xampp\htdocs\back_inscribite\application\vendor/autoload.php was not found.
ERROR - 2017-01-30 08:59:04 --> 404 Page Not Found: /index
ERROR - 2017-01-30 08:59:07 --> $config['composer_autoload'] is set to TRUE but C:\xampp\htdocs\back_inscribite\application\vendor/autoload.php was not found.
ERROR - 2017-01-30 08:59:07 --> $config['composer_autoload'] is set to TRUE but C:\xampp\htdocs\back_inscribite\application\vendor/autoload.php was not found.
ERROR - 2017-01-30 08:59:08 --> $config['composer_autoload'] is set to TRUE but C:\xampp\htdocs\back_inscribite\application\vendor/autoload.php was not found.
ERROR - 2017-01-30 09:00:03 --> $config['composer_autoload'] is set to TRUE but C:\xampp\htdocs\back_inscribite\application\vendor/autoload.php was not found.
ERROR - 2017-01-30 09:00:04 --> $config['composer_autoload'] is set to TRUE but C:\xampp\htdocs\back_inscribite\application\vendor/autoload.php was not found.
ERROR - 2017-01-30 09:00:29 --> $config['composer_autoload'] is set to TRUE but C:\xampp\htdocs\back_inscribite\application\vendor/autoload.php was not found.
ERROR - 2017-01-30 09:00:29 --> $config['composer_autoload'] is set to TRUE but C:\xampp\htdocs\back_inscribite\application\vendor/autoload.php was not found.
ERROR - 2017-01-30 09:00:35 --> $config['composer_autoload'] is set to TRUE but C:\xampp\htdocs\back_inscribite\application\vendor/autoload.php was not found.
ERROR - 2017-01-30 09:00:35 --> $config['composer_autoload'] is set to TRUE but C:\xampp\htdocs\back_inscribite\application\vendor/autoload.php was not found.
ERROR - 2017-01-30 09:00:41 --> $config['composer_autoload'] is set to TRUE but C:\xampp\htdocs\back_inscribite\application\vendor/autoload.php was not found.
ERROR - 2017-01-30 09:00:41 --> $config['composer_autoload'] is set to TRUE but C:\xampp\htdocs\back_inscribite\application\vendor/autoload.php was not found.
ERROR - 2017-01-30 09:00:41 --> $config['composer_autoload'] is set to TRUE but C:\xampp\htdocs\back_inscribite\application\vendor/autoload.php was not found.
ERROR - 2017-01-30 09:01:00 --> $config['composer_autoload'] is set to TRUE but C:\xampp\htdocs\back_inscribite\application\vendor/autoload.php was not found.
ERROR - 2017-01-30 09:01:01 --> $config['composer_autoload'] is set to TRUE but C:\xampp\htdocs\back_inscribite\application\vendor/autoload.php was not found.
ERROR - 2017-01-30 09:01:29 --> $config['composer_autoload'] is set to TRUE but C:\xampp\htdocs\back_inscribite\application\vendor/autoload.php was not found.
ERROR - 2017-01-30 09:01:30 --> $config['composer_autoload'] is set to TRUE but C:\xampp\htdocs\back_inscribite\application\vendor/autoload.php was not found.
ERROR - 2017-01-30 09:01:30 --> $config['composer_autoload'] is set to TRUE but C:\xampp\htdocs\back_inscribite\application\vendor/autoload.php was not found.
ERROR - 2017-01-30 09:01:43 --> $config['composer_autoload'] is set to TRUE but C:\xampp\htdocs\back_inscribite\application\vendor/autoload.php was not found.
ERROR - 2017-01-30 09:01:44 --> $config['composer_autoload'] is set to TRUE but C:\xampp\htdocs\back_inscribite\application\vendor/autoload.php was not found.
ERROR - 2017-01-30 09:02:27 --> $config['composer_autoload'] is set to TRUE but C:\xampp\htdocs\back_inscribite\application\vendor/autoload.php was not found.
ERROR - 2017-01-30 09:02:28 --> $config['composer_autoload'] is set to TRUE but C:\xampp\htdocs\back_inscribite\application\vendor/autoload.php was not found.
ERROR - 2017-01-30 09:02:28 --> $config['composer_autoload'] is set to TRUE but C:\xampp\htdocs\back_inscribite\application\vendor/autoload.php was not found.
ERROR - 2017-01-30 09:02:46 --> $config['composer_autoload'] is set to TRUE but C:\xampp\htdocs\back_inscribite\application\vendor/autoload.php was not found.
ERROR - 2017-01-30 09:02:47 --> $config['composer_autoload'] is set to TRUE but C:\xampp\htdocs\back_inscribite\application\vendor/autoload.php was not found.
ERROR - 2017-01-30 09:04:12 --> $config['composer_autoload'] is set to TRUE but C:\xampp\htdocs\back_inscribite\application\vendor/autoload.php was not found.
ERROR - 2017-01-30 09:04:13 --> $config['composer_autoload'] is set to TRUE but C:\xampp\htdocs\back_inscribite\application\vendor/autoload.php was not found.
ERROR - 2017-01-30 09:04:18 --> $config['composer_autoload'] is set to TRUE but C:\xampp\htdocs\back_inscribite\application\vendor/autoload.php was not found.
ERROR - 2017-01-30 09:04:19 --> $config['composer_autoload'] is set to TRUE but C:\xampp\htdocs\back_inscribite\application\vendor/autoload.php was not found.
ERROR - 2017-01-30 09:05:34 --> $config['composer_autoload'] is set to TRUE but C:\xampp\htdocs\back_inscribite\application\vendor/autoload.php was not found.
ERROR - 2017-01-30 09:05:35 --> $config['composer_autoload'] is set to TRUE but C:\xampp\htdocs\back_inscribite\application\vendor/autoload.php was not found.
ERROR - 2017-01-30 09:05:53 --> $config['composer_autoload'] is set to TRUE but C:\xampp\htdocs\back_inscribite\application\vendor/autoload.php was not found.
ERROR - 2017-01-30 09:05:54 --> $config['composer_autoload'] is set to TRUE but C:\xampp\htdocs\back_inscribite\application\vendor/autoload.php was not found.
ERROR - 2017-01-30 09:06:12 --> $config['composer_autoload'] is set to TRUE but C:\xampp\htdocs\back_inscribite\application\vendor/autoload.php was not found.
ERROR - 2017-01-30 09:06:12 --> $config['composer_autoload'] is set to TRUE but C:\xampp\htdocs\back_inscribite\application\vendor/autoload.php was not found.
ERROR - 2017-01-30 09:08:06 --> $config['composer_autoload'] is set to TRUE but C:\xampp\htdocs\back_inscribite\application\vendor/autoload.php was not found.
ERROR - 2017-01-30 09:08:06 --> $config['composer_autoload'] is set to TRUE but C:\xampp\htdocs\back_inscribite\application\vendor/autoload.php was not found.
ERROR - 2017-01-30 09:08:11 --> $config['composer_autoload'] is set to TRUE but C:\xampp\htdocs\back_inscribite\application\vendor/autoload.php was not found.
ERROR - 2017-01-30 09:08:11 --> $config['composer_autoload'] is set to TRUE but C:\xampp\htdocs\back_inscribite\application\vendor/autoload.php was not found.
ERROR - 2017-01-30 09:09:07 --> $config['composer_autoload'] is set to TRUE but C:\xampp\htdocs\back_inscribite\application\vendor/autoload.php was not found.
ERROR - 2017-01-30 09:09:08 --> $config['composer_autoload'] is set to TRUE but C:\xampp\htdocs\back_inscribite\application\vendor/autoload.php was not found.
ERROR - 2017-01-30 09:29:05 --> $config['composer_autoload'] is set to TRUE but C:\xampp\htdocs\back_inscribite\application\vendor/autoload.php was not found.
ERROR - 2017-01-30 09:29:06 --> $config['composer_autoload'] is set to TRUE but C:\xampp\htdocs\back_inscribite\application\vendor/autoload.php was not found.
ERROR - 2017-01-30 09:31:57 --> $config['composer_autoload'] is set to TRUE but C:\xampp\htdocs\back_inscribite\application\vendor/autoload.php was not found.
ERROR - 2017-01-30 09:33:56 --> $config['composer_autoload'] is set to TRUE but C:\xampp\htdocs\back_inscribite\application\vendor/autoload.php was not found.
ERROR - 2017-01-30 09:33:56 --> Severity: Notice --> Undefined variable: controles C:\xampp\htdocs\back_inscribite\application\modules\web\models\admin\Formulario_model.php 13
ERROR - 2017-01-30 09:40:23 --> $config['composer_autoload'] is set to TRUE but C:\xampp\htdocs\back_inscribite\application\vendor/autoload.php was not found.
ERROR - 2017-01-30 09:40:23 --> $config['composer_autoload'] is set to TRUE but C:\xampp\htdocs\back_inscribite\application\vendor/autoload.php was not found.
ERROR - 2017-01-30 09:40:24 --> $config['composer_autoload'] is set to TRUE but C:\xampp\htdocs\back_inscribite\application\vendor/autoload.php was not found.
ERROR - 2017-01-30 09:40:25 --> $config['composer_autoload'] is set to TRUE but C:\xampp\htdocs\back_inscribite\application\vendor/autoload.php was not found.
ERROR - 2017-01-30 09:41:21 --> $config['composer_autoload'] is set to TRUE but C:\xampp\htdocs\back_inscribite\application\vendor/autoload.php was not found.
ERROR - 2017-01-30 09:41:21 --> $config['composer_autoload'] is set to TRUE but C:\xampp\htdocs\back_inscribite\application\vendor/autoload.php was not found.
ERROR - 2017-01-30 09:41:38 --> $config['composer_autoload'] is set to TRUE but C:\xampp\htdocs\back_inscribite\application\vendor/autoload.php was not found.
ERROR - 2017-01-30 09:41:38 --> $config['composer_autoload'] is set to TRUE but C:\xampp\htdocs\back_inscribite\application\vendor/autoload.php was not found.
ERROR - 2017-01-30 09:41:40 --> $config['composer_autoload'] is set to TRUE but C:\xampp\htdocs\back_inscribite\application\vendor/autoload.php was not found.
ERROR - 2017-01-30 09:41:44 --> $config['composer_autoload'] is set to TRUE but C:\xampp\htdocs\back_inscribite\application\vendor/autoload.php was not found.
ERROR - 2017-01-30 09:41:45 --> $config['composer_autoload'] is set to TRUE but C:\xampp\htdocs\back_inscribite\application\vendor/autoload.php was not found.
ERROR - 2017-01-30 10:26:22 --> $config['composer_autoload'] is set to TRUE but C:\xampp\htdocs\back_inscribite\application\vendor/autoload.php was not found.
ERROR - 2017-01-30 10:26:23 --> $config['composer_autoload'] is set to TRUE but C:\xampp\htdocs\back_inscribite\application\vendor/autoload.php was not found.
ERROR - 2017-01-30 10:30:26 --> $config['composer_autoload'] is set to TRUE but C:\xampp\htdocs\back_inscribite\application\vendor/autoload.php was not found.
ERROR - 2017-01-30 10:30:27 --> $config['composer_autoload'] is set to TRUE but C:\xampp\htdocs\back_inscribite\application\vendor/autoload.php was not found.
ERROR - 2017-01-30 10:57:23 --> $config['composer_autoload'] is set to TRUE but C:\xampp\htdocs\back_inscribite\application\vendor/autoload.php was not found.
ERROR - 2017-01-30 10:57:24 --> $config['composer_autoload'] is set to TRUE but C:\xampp\htdocs\back_inscribite\application\vendor/autoload.php was not found.
ERROR - 2017-01-30 10:57:25 --> Severity: Error --> Call to undefined method Liquidacion::getFecha_desde() C:\xampp\htdocs\back_inscribite\application\modules\web\modelo\Liquidacion.php 155
ERROR - 2017-01-30 10:57:39 --> $config['composer_autoload'] is set to TRUE but C:\xampp\htdocs\back_inscribite\application\vendor/autoload.php was not found.
ERROR - 2017-01-30 10:57:39 --> $config['composer_autoload'] is set to TRUE but C:\xampp\htdocs\back_inscribite\application\vendor/autoload.php was not found.
ERROR - 2017-01-30 10:57:40 --> Severity: Error --> Call to undefined method Liquidacion::getFecha_desde() C:\xampp\htdocs\back_inscribite\application\modules\web\modelo\Liquidacion.php 155
ERROR - 2017-01-30 10:57:48 --> $config['composer_autoload'] is set to TRUE but C:\xampp\htdocs\back_inscribite\application\vendor/autoload.php was not found.
ERROR - 2017-01-30 10:57:49 --> $config['composer_autoload'] is set to TRUE but C:\xampp\htdocs\back_inscribite\application\vendor/autoload.php was not found.
ERROR - 2017-01-30 10:57:49 --> Severity: Error --> Call to undefined method Liquidacion::getFecha_desde() C:\xampp\htdocs\back_inscribite\application\modules\web\modelo\Liquidacion.php 155
ERROR - 2017-01-30 10:58:14 --> $config['composer_autoload'] is set to TRUE but C:\xampp\htdocs\back_inscribite\application\vendor/autoload.php was not found.
ERROR - 2017-01-30 10:58:14 --> Severity: Error --> Call to undefined method Liquidacion::getFecha_desde() C:\xampp\htdocs\back_inscribite\application\modules\web\modelo\Liquidacion.php 155
ERROR - 2017-01-30 10:58:27 --> $config['composer_autoload'] is set to TRUE but C:\xampp\htdocs\back_inscribite\application\vendor/autoload.php was not found.
ERROR - 2017-01-30 10:58:28 --> $config['composer_autoload'] is set to TRUE but C:\xampp\htdocs\back_inscribite\application\vendor/autoload.php was not found.
ERROR - 2017-01-30 10:59:03 --> $config['composer_autoload'] is set to TRUE but C:\xampp\htdocs\back_inscribite\application\vendor/autoload.php was not found.
ERROR - 2017-01-30 10:59:03 --> $config['composer_autoload'] is set to TRUE but C:\xampp\htdocs\back_inscribite\application\vendor/autoload.php was not found.
ERROR - 2017-01-30 10:59:14 --> $config['composer_autoload'] is set to TRUE but C:\xampp\htdocs\back_inscribite\application\vendor/autoload.php was not found.
ERROR - 2017-01-30 10:59:15 --> $config['composer_autoload'] is set to TRUE but C:\xampp\htdocs\back_inscribite\application\vendor/autoload.php was not found.
ERROR - 2017-01-30 11:02:17 --> $config['composer_autoload'] is set to TRUE but C:\xampp\htdocs\back_inscribite\application\vendor/autoload.php was not found.
ERROR - 2017-01-30 11:02:18 --> $config['composer_autoload'] is set to TRUE but C:\xampp\htdocs\back_inscribite\application\vendor/autoload.php was not found.
ERROR - 2017-01-30 11:02:25 --> $config['composer_autoload'] is set to TRUE but C:\xampp\htdocs\back_inscribite\application\vendor/autoload.php was not found.
ERROR - 2017-01-30 11:02:25 --> Severity: error --> Exception: Could not resolve type of column "liq_id" of class "Mensualidad" C:\xampp\htdocs\back_inscribite\vendor\doctrine\orm\lib\Doctrine\ORM\Utility\PersisterHelper.php 130
ERROR - 2017-01-30 11:03:41 --> $config['composer_autoload'] is set to TRUE but C:\xampp\htdocs\back_inscribite\application\vendor/autoload.php was not found.
ERROR - 2017-01-30 11:03:41 --> $config['composer_autoload'] is set to TRUE but C:\xampp\htdocs\back_inscribite\application\vendor/autoload.php was not found.
ERROR - 2017-01-30 11:03:42 --> $config['composer_autoload'] is set to TRUE but C:\xampp\htdocs\back_inscribite\application\vendor/autoload.php was not found.
ERROR - 2017-01-30 11:04:26 --> $config['composer_autoload'] is set to TRUE but C:\xampp\htdocs\back_inscribite\application\vendor/autoload.php was not found.
ERROR - 2017-01-30 11:04:27 --> $config['composer_autoload'] is set to TRUE but C:\xampp\htdocs\back_inscribite\application\vendor/autoload.php was not found.
ERROR - 2017-01-30 11:04:34 --> $config['composer_autoload'] is set to TRUE but C:\xampp\htdocs\back_inscribite\application\vendor/autoload.php was not found.
ERROR - 2017-01-30 11:04:34 --> Query error: You have an error in your SQL syntax; check the manual that corresponds to your MySQL server version for the right syntax to use near 'AND cob_fecha <= '2017-01-20'
                group by tipo,transaction_id,pag_' at line 13 - Invalid query: select aux.pag_emp_id,aux.tipo,aux.transaction_id from (select pag_emp_id,'inscripcion' tipo,pag_evt_id transaction_id
                from pago 
                inner join cobro_renglones on cor_pag_id=pag_id
                inner join cobro on cob_id=cor_cob_id
                where pag_liq_id is null and pag_men_id is null
                AND cob_fecha <= '2017-01-20'
                union all
                select pag_emp_id,'mensualidad' tipo,pag_men_id transaction_id
                from pago 
                inner join cobro_renglones on cor_pag_id=pag_id
                inner join cobro on cob_id=cor_cob_id
                where pag_liq_id is null and pag_evt_id is null) aux
                AND cob_fecha <= '2017-01-20'
                group by tipo,transaction_id,pag_emp_id
                
ERROR - 2017-01-30 11:05:30 --> $config['composer_autoload'] is set to TRUE but C:\xampp\htdocs\back_inscribite\application\vendor/autoload.php was not found.
ERROR - 2017-01-30 11:05:30 --> Query error: You have an error in your SQL syntax; check the manual that corresponds to your MySQL server version for the right syntax to use near 'WHERE pag_evt_id=689 AND pag_emp_id=115 AND pag_liq_is IS NULL' at line 1 - Invalid query: UPDATE pago set pag_liq_id= WHERE pag_evt_id=689 AND pag_emp_id=115 AND pag_liq_is IS NULL
ERROR - 2017-01-30 11:05:51 --> $config['composer_autoload'] is set to TRUE but C:\xampp\htdocs\back_inscribite\application\vendor/autoload.php was not found.
ERROR - 2017-01-30 11:05:51 --> $config['composer_autoload'] is set to TRUE but C:\xampp\htdocs\back_inscribite\application\vendor/autoload.php was not found.
ERROR - 2017-01-30 11:05:57 --> $config['composer_autoload'] is set to TRUE but C:\xampp\htdocs\back_inscribite\application\vendor/autoload.php was not found.
ERROR - 2017-01-30 11:05:58 --> Severity: error --> Exception: An exception occurred while executing 'INSERT INTO liquidacion (liq_fecha, liq_fecha_pagada, liq_fecha_visible_cliente, liq_fecha_hasta, liq_emp_id, liq_evt_id, liq_men_id) VALUES (?, ?, ?, ?, ?, ?, ?)' with params ["2017-01-30", null, null, null, null, null, null]:

SQLSTATE[23000]: Integrity constraint violation: 1048 Column 'liq_emp_id' cannot be null C:\xampp\htdocs\back_inscribite\vendor\doctrine\dbal\lib\Doctrine\DBAL\Driver\AbstractMySQLDriver.php 112
ERROR - 2017-01-30 11:06:21 --> $config['composer_autoload'] is set to TRUE but C:\xampp\htdocs\back_inscribite\application\vendor/autoload.php was not found.
ERROR - 2017-01-30 11:06:22 --> Severity: error --> Exception: An exception occurred while executing 'INSERT INTO liquidacion (liq_fecha, liq_fecha_pagada, liq_fecha_visible_cliente, liq_fecha_hasta, liq_emp_id, liq_evt_id, liq_men_id) VALUES (?, ?, ?, ?, ?, ?, ?)' with params ["2017-01-30", null, null, null, 115, null, null]:

SQLSTATE[23000]: Integrity constraint violation: 1048 Column 'liq_evt_id' cannot be null C:\xampp\htdocs\back_inscribite\vendor\doctrine\dbal\lib\Doctrine\DBAL\Driver\AbstractMySQLDriver.php 112
ERROR - 2017-01-30 11:06:41 --> $config['composer_autoload'] is set to TRUE but C:\xampp\htdocs\back_inscribite\application\vendor/autoload.php was not found.
ERROR - 2017-01-30 11:06:41 --> Query error: Unknown column 'pag_liq_is' in 'where clause' - Invalid query: UPDATE pago set pag_liq_id=3 WHERE pag_evt_id=689 AND pag_emp_id=115 AND pag_liq_is IS NULL
ERROR - 2017-01-30 11:06:57 --> $config['composer_autoload'] is set to TRUE but C:\xampp\htdocs\back_inscribite\application\vendor/autoload.php was not found.
ERROR - 2017-01-30 11:06:58 --> $config['composer_autoload'] is set to TRUE but C:\xampp\htdocs\back_inscribite\application\vendor/autoload.php was not found.
ERROR - 2017-01-30 11:06:58 --> Severity: Error --> Call to a member function format() on null C:\xampp\htdocs\back_inscribite\application\modules\web\modelo\Liquidacion.php 153
ERROR - 2017-01-30 11:07:08 --> $config['composer_autoload'] is set to TRUE but C:\xampp\htdocs\back_inscribite\application\vendor/autoload.php was not found.
ERROR - 2017-01-30 11:07:08 --> $config['composer_autoload'] is set to TRUE but C:\xampp\htdocs\back_inscribite\application\vendor/autoload.php was not found.
ERROR - 2017-01-30 11:07:09 --> $config['composer_autoload'] is set to TRUE but C:\xampp\htdocs\back_inscribite\application\vendor/autoload.php was not found.
ERROR - 2017-01-30 11:07:44 --> $config['composer_autoload'] is set to TRUE but C:\xampp\htdocs\back_inscribite\application\vendor/autoload.php was not found.
ERROR - 2017-01-30 11:07:45 --> $config['composer_autoload'] is set to TRUE but C:\xampp\htdocs\back_inscribite\application\vendor/autoload.php was not found.
ERROR - 2017-01-30 11:07:46 --> $config['composer_autoload'] is set to TRUE but C:\xampp\htdocs\back_inscribite\application\vendor/autoload.php was not found.
ERROR - 2017-01-30 11:07:55 --> $config['composer_autoload'] is set to TRUE but C:\xampp\htdocs\back_inscribite\application\vendor/autoload.php was not found.
ERROR - 2017-01-30 11:07:55 --> $config['composer_autoload'] is set to TRUE but C:\xampp\htdocs\back_inscribite\application\vendor/autoload.php was not found.
ERROR - 2017-01-30 11:07:56 --> $config['composer_autoload'] is set to TRUE but C:\xampp\htdocs\back_inscribite\application\vendor/autoload.php was not found.
ERROR - 2017-01-30 11:09:46 --> $config['composer_autoload'] is set to TRUE but C:\xampp\htdocs\back_inscribite\application\vendor/autoload.php was not found.
ERROR - 2017-01-30 11:09:47 --> $config['composer_autoload'] is set to TRUE but C:\xampp\htdocs\back_inscribite\application\vendor/autoload.php was not found.
ERROR - 2017-01-30 11:09:47 --> $config['composer_autoload'] is set to TRUE but C:\xampp\htdocs\back_inscribite\application\vendor/autoload.php was not found.
ERROR - 2017-01-30 11:09:47 --> Severity: error --> Exception: An exception occurred while executing 'SELECT s0_.sot_id AS sot_id_0, s0_.sot_fecha_in AS sot_fecha_in_1, s0_.sot_observaciones AS sot_observaciones_2, s0_.sot_pag_id AS sot_pag_id_3 FROM solicitud_transferencias s0_ LIMIT 20 OFFSET 0':

SQLSTATE[42S02]: Base table or view not found: 1146 Table 'admin_inscribite.solicitud_transferencias' doesn't exist C:\xampp\htdocs\back_inscribite\vendor\doctrine\dbal\lib\Doctrine\DBAL\Driver\AbstractMySQLDriver.php 53
ERROR - 2017-01-30 11:10:21 --> $config['composer_autoload'] is set to TRUE but C:\xampp\htdocs\back_inscribite\application\vendor/autoload.php was not found.
ERROR - 2017-01-30 11:10:21 --> $config['composer_autoload'] is set to TRUE but C:\xampp\htdocs\back_inscribite\application\vendor/autoload.php was not found.
ERROR - 2017-01-30 11:20:10 --> $config['composer_autoload'] is set to TRUE but C:\xampp\htdocs\back_inscribite\application\vendor/autoload.php was not found.
ERROR - 2017-01-30 11:20:11 --> $config['composer_autoload'] is set to TRUE but C:\xampp\htdocs\back_inscribite\application\vendor/autoload.php was not found.
ERROR - 2017-01-30 11:20:11 --> $config['composer_autoload'] is set to TRUE but C:\xampp\htdocs\back_inscribite\application\vendor/autoload.php was not found.
ERROR - 2017-01-30 11:20:11 --> 404 Page Not Found: /index
ERROR - 2017-01-30 11:20:15 --> $config['composer_autoload'] is set to TRUE but C:\xampp\htdocs\back_inscribite\application\vendor/autoload.php was not found.
ERROR - 2017-01-30 11:20:16 --> $config['composer_autoload'] is set to TRUE but C:\xampp\htdocs\back_inscribite\application\vendor/autoload.php was not found.
ERROR - 2017-01-30 11:20:16 --> $config['composer_autoload'] is set to TRUE but C:\xampp\htdocs\back_inscribite\application\vendor/autoload.php was not found.
ERROR - 2017-01-30 11:20:16 --> Severity: error --> Exception: An exception occurred while executing 'SELECT t0.pag_id AS pag_id_1, t0.pag_fecha_in AS pag_fecha_in_2, t0.pag_fecha AS pag_fecha_3, t0.pag_pagado_fecha AS pag_pagado_fecha_4, t0.pag_tipo AS pag_tipo_5, t0.liq_comision AS liq_comision_6, t0.pag_emp_id AS pag_emp_id_7, t0.pag_evt_id AS pag_evt_id_8, t0.pag_men_id AS pag_men_id_9, t0.pag_liq_id AS pag_liq_id_10 FROM pago t0 WHERE t0.pag_liq_id = ?' with params [1]:

SQLSTATE[42S22]: Column not found: 1054 Unknown column 't0.liq_comision' in 'field list' C:\xampp\htdocs\back_inscribite\vendor\doctrine\dbal\lib\Doctrine\DBAL\Driver\AbstractMySQLDriver.php 71
ERROR - 2017-01-30 11:29:32 --> $config['composer_autoload'] is set to TRUE but C:\xampp\htdocs\back_inscribite\application\vendor/autoload.php was not found.
ERROR - 2017-01-30 11:29:33 --> $config['composer_autoload'] is set to TRUE but C:\xampp\htdocs\back_inscribite\application\vendor/autoload.php was not found.
ERROR - 2017-01-30 11:30:21 --> $config['composer_autoload'] is set to TRUE but C:\xampp\htdocs\back_inscribite\application\vendor/autoload.php was not found.
ERROR - 2017-01-30 11:30:22 --> $config['composer_autoload'] is set to TRUE but C:\xampp\htdocs\back_inscribite\application\vendor/autoload.php was not found.
ERROR - 2017-01-30 11:30:23 --> Severity: error --> Exception: An exception occurred while executing 'SELECT t0.pag_id AS pag_id_1, t0.pag_fecha_in AS pag_fecha_in_2, t0.pag_fecha AS pag_fecha_3, t0.pag_pagado_fecha AS pag_pagado_fecha_4, t0.pag_tipo AS pag_tipo_5, t0.liq_comision AS liq_comision_6, t0.pag_comision AS pag_comision_7, t0.pag_emp_id AS pag_emp_id_8, t0.pag_evt_id AS pag_evt_id_9, t0.pag_men_id AS pag_men_id_10, t0.pag_liq_id AS pag_liq_id_11 FROM pago t0 WHERE t0.pag_liq_id = ?' with params [1]:

SQLSTATE[42S22]: Column not found: 1054 Unknown column 't0.liq_comision' in 'field list' C:\xampp\htdocs\back_inscribite\vendor\doctrine\dbal\lib\Doctrine\DBAL\Driver\AbstractMySQLDriver.php 71
ERROR - 2017-01-30 11:31:14 --> $config['composer_autoload'] is set to TRUE but C:\xampp\htdocs\back_inscribite\application\vendor/autoload.php was not found.
ERROR - 2017-01-30 11:31:14 --> $config['composer_autoload'] is set to TRUE but C:\xampp\htdocs\back_inscribite\application\vendor/autoload.php was not found.
ERROR - 2017-01-30 11:31:58 --> $config['composer_autoload'] is set to TRUE but C:\xampp\htdocs\back_inscribite\application\vendor/autoload.php was not found.
ERROR - 2017-01-30 11:31:59 --> $config['composer_autoload'] is set to TRUE but C:\xampp\htdocs\back_inscribite\application\vendor/autoload.php was not found.
ERROR - 2017-01-30 11:32:00 --> $config['composer_autoload'] is set to TRUE but C:\xampp\htdocs\back_inscribite\application\vendor/autoload.php was not found.
ERROR - 2017-01-30 11:32:01 --> $config['composer_autoload'] is set to TRUE but C:\xampp\htdocs\back_inscribite\application\vendor/autoload.php was not found.
ERROR - 2017-01-30 11:32:01 --> $config['composer_autoload'] is set to TRUE but C:\xampp\htdocs\back_inscribite\application\vendor/autoload.php was not found.
ERROR - 2017-01-30 11:32:03 --> $config['composer_autoload'] is set to TRUE but C:\xampp\htdocs\back_inscribite\application\vendor/autoload.php was not found.
ERROR - 2017-01-30 11:32:04 --> $config['composer_autoload'] is set to TRUE but C:\xampp\htdocs\back_inscribite\application\vendor/autoload.php was not found.
ERROR - 2017-01-30 11:32:04 --> $config['composer_autoload'] is set to TRUE but C:\xampp\htdocs\back_inscribite\application\vendor/autoload.php was not found.
ERROR - 2017-01-30 11:32:04 --> $config['composer_autoload'] is set to TRUE but C:\xampp\htdocs\back_inscribite\application\vendor/autoload.php was not found.
ERROR - 2017-01-30 11:32:05 --> $config['composer_autoload'] is set to TRUE but C:\xampp\htdocs\back_inscribite\application\vendor/autoload.php was not found.
ERROR - 2017-01-30 11:32:22 --> $config['composer_autoload'] is set to TRUE but C:\xampp\htdocs\back_inscribite\application\vendor/autoload.php was not found.
ERROR - 2017-01-30 11:32:23 --> Severity: Notice --> Undefined variable: total C:\xampp\htdocs\back_inscribite\application\modules\web\models\cobro\Cobro_model.php 41
ERROR - 2017-01-30 11:32:23 --> Severity: Notice --> Undefined variable: total C:\xampp\htdocs\back_inscribite\application\modules\web\models\cobro\Cobro_model.php 42
ERROR - 2017-01-30 11:32:23 --> Severity: Notice --> Undefined variable: total C:\xampp\htdocs\back_inscribite\application\modules\web\models\cobro\Cobro_model.php 45
ERROR - 2017-01-30 11:32:23 --> Severity: error --> Exception: An exception occurred while executing 'INSERT INTO cobro (cob_fecha, cob_adjunto, cob_cantregistros, cob_importe, cob_neto, cob_iva, cob_comisiones, cob_retenciones, cob_ajustes, cob_cant_pagos, cob_med_tipo, cob_pagado, cob_porc_comision, cob_porc_efectivo) VALUES (?, ?, ?, ?, ?, ?, ?, ?, ?, ?, ?, ?, ?, ?)' with params ["2017-01-20", null, null, null, "60917", 0, 0, 0, "", null, "pf", 0, null, null]:

SQLSTATE[23000]: Integrity constraint violation: 1048 Column 'cob_importe' cannot be null C:\xampp\htdocs\back_inscribite\vendor\doctrine\dbal\lib\Doctrine\DBAL\Driver\AbstractMySQLDriver.php 112
ERROR - 2017-01-30 11:32:27 --> $config['composer_autoload'] is set to TRUE but C:\xampp\htdocs\back_inscribite\application\vendor/autoload.php was not found.
ERROR - 2017-01-30 11:32:27 --> $config['composer_autoload'] is set to TRUE but C:\xampp\htdocs\back_inscribite\application\vendor/autoload.php was not found.
ERROR - 2017-01-30 11:59:54 --> $config['composer_autoload'] is set to TRUE but C:\xampp\htdocs\back_inscribite\application\vendor/autoload.php was not found.
ERROR - 2017-01-30 11:59:54 --> $config['composer_autoload'] is set to TRUE but C:\xampp\htdocs\back_inscribite\application\vendor/autoload.php was not found.
ERROR - 2017-01-30 11:59:54 --> $config['composer_autoload'] is set to TRUE but C:\xampp\htdocs\back_inscribite\application\vendor/autoload.php was not found.
ERROR - 2017-01-30 11:59:54 --> $config['composer_autoload'] is set to TRUE but C:\xampp\htdocs\back_inscribite\application\vendor/autoload.php was not found.
ERROR - 2017-01-30 11:59:54 --> $config['composer_autoload'] is set to TRUE but C:\xampp\htdocs\back_inscribite\application\vendor/autoload.php was not found.
ERROR - 2017-01-30 11:59:54 --> 404 Page Not Found: /index
ERROR - 2017-01-30 11:59:54 --> 404 Page Not Found: /index
ERROR - 2017-01-30 11:59:54 --> 404 Page Not Found: /index
ERROR - 2017-01-30 11:59:54 --> 404 Page Not Found: /index
ERROR - 2017-01-30 11:59:54 --> $config['composer_autoload'] is set to TRUE but C:\xampp\htdocs\back_inscribite\application\vendor/autoload.php was not found.
ERROR - 2017-01-30 11:59:54 --> 404 Page Not Found: /index
ERROR - 2017-01-30 11:59:54 --> $config['composer_autoload'] is set to TRUE but C:\xampp\htdocs\back_inscribite\application\vendor/autoload.php was not found.
ERROR - 2017-01-30 11:59:54 --> 404 Page Not Found: /index
ERROR - 2017-01-30 11:59:59 --> $config['composer_autoload'] is set to TRUE but C:\xampp\htdocs\back_inscribite\application\vendor/autoload.php was not found.
ERROR - 2017-01-30 11:59:59 --> $config['composer_autoload'] is set to TRUE but C:\xampp\htdocs\back_inscribite\application\vendor/autoload.php was not found.
ERROR - 2017-01-30 12:00:00 --> $config['composer_autoload'] is set to TRUE but C:\xampp\htdocs\back_inscribite\application\vendor/autoload.php was not found.
ERROR - 2017-01-30 12:00:04 --> $config['composer_autoload'] is set to TRUE but C:\xampp\htdocs\back_inscribite\application\vendor/autoload.php was not found.
