ERROR - 2016-09-21 14:16:32 --> $config['composer_autoload'] is set to TRUE but C:\xampp\htdocs\wine_fwk\application\vendor/autoload.php was not found.
ERROR - 2016-09-21 14:16:34 --> $config['composer_autoload'] is set to TRUE but C:\xampp\htdocs\wine_fwk\application\vendor/autoload.php was not found.
ERROR - 2016-09-21 14:16:34 --> $config['composer_autoload'] is set to TRUE but C:\xampp\htdocs\wine_fwk\application\vendor/autoload.php was not found.
ERROR - 2016-09-21 14:16:34 --> $config['composer_autoload'] is set to TRUE but C:\xampp\htdocs\wine_fwk\application\vendor/autoload.php was not found.
ERROR - 2016-09-21 14:16:35 --> $config['composer_autoload'] is set to TRUE but C:\xampp\htdocs\wine_fwk\application\vendor/autoload.php was not found.
ERROR - 2016-09-21 14:16:35 --> 404 Page Not Found: /index
ERROR - 2016-09-21 14:16:35 --> 404 Page Not Found: /index
ERROR - 2016-09-21 14:16:35 --> 404 Page Not Found: /index
ERROR - 2016-09-21 14:16:35 --> 404 Page Not Found: /index
ERROR - 2016-09-21 14:16:35 --> $config['composer_autoload'] is set to TRUE but C:\xampp\htdocs\wine_fwk\application\vendor/autoload.php was not found.
ERROR - 2016-09-21 14:16:35 --> 404 Page Not Found: /index
ERROR - 2016-09-21 14:16:35 --> $config['composer_autoload'] is set to TRUE but C:\xampp\htdocs\wine_fwk\application\vendor/autoload.php was not found.
ERROR - 2016-09-21 14:16:35 --> 404 Page Not Found: /index
ERROR - 2016-09-21 14:16:39 --> $config['composer_autoload'] is set to TRUE but C:\xampp\htdocs\wine_fwk\application\vendor/autoload.php was not found.
ERROR - 2016-09-21 14:16:40 --> $config['composer_autoload'] is set to TRUE but C:\xampp\htdocs\wine_fwk\application\vendor/autoload.php was not found.
ERROR - 2016-09-21 14:16:41 --> $config['composer_autoload'] is set to TRUE but C:\xampp\htdocs\wine_fwk\application\vendor/autoload.php was not found.
ERROR - 2016-09-21 14:17:24 --> $config['composer_autoload'] is set to TRUE but C:\xampp\htdocs\wine_fwk\application\vendor/autoload.php was not found.
ERROR - 2016-09-21 14:17:25 --> $config['composer_autoload'] is set to TRUE but C:\xampp\htdocs\wine_fwk\application\vendor/autoload.php was not found.
ERROR - 2016-09-21 14:17:26 --> $config['composer_autoload'] is set to TRUE but C:\xampp\htdocs\wine_fwk\application\vendor/autoload.php was not found.
ERROR - 2016-09-21 14:17:28 --> $config['composer_autoload'] is set to TRUE but C:\xampp\htdocs\wine_fwk\application\vendor/autoload.php was not found.
ERROR - 2016-09-21 14:17:29 --> $config['composer_autoload'] is set to TRUE but C:\xampp\htdocs\wine_fwk\application\vendor/autoload.php was not found.
ERROR - 2016-09-21 14:17:34 --> $config['composer_autoload'] is set to TRUE but C:\xampp\htdocs\wine_fwk\application\vendor/autoload.php was not found.
ERROR - 2016-09-21 14:21:12 --> $config['composer_autoload'] is set to TRUE but C:\xampp\htdocs\wine_fwk\application\vendor/autoload.php was not found.
ERROR - 2016-09-21 14:21:40 --> $config['composer_autoload'] is set to TRUE but C:\xampp\htdocs\wine_fwk\application\vendor/autoload.php was not found.
ERROR - 2016-09-21 14:21:41 --> $config['composer_autoload'] is set to TRUE but C:\xampp\htdocs\wine_fwk\application\vendor/autoload.php was not found.
ERROR - 2016-09-21 14:21:41 --> Severity: Notice --> Undefined index: sort C:\xampp\htdocs\wine_fwk\application\modules\web\models\vino\Vino_model.php 75
ERROR - 2016-09-21 14:22:12 --> $config['composer_autoload'] is set to TRUE but C:\xampp\htdocs\wine_fwk\application\vendor/autoload.php was not found.
ERROR - 2016-09-21 14:22:13 --> $config['composer_autoload'] is set to TRUE but C:\xampp\htdocs\wine_fwk\application\vendor/autoload.php was not found.
ERROR - 2016-09-21 14:22:16 --> $config['composer_autoload'] is set to TRUE but C:\xampp\htdocs\wine_fwk\application\vendor/autoload.php was not found.
ERROR - 2016-09-21 14:22:18 --> $config['composer_autoload'] is set to TRUE but C:\xampp\htdocs\wine_fwk\application\vendor/autoload.php was not found.
ERROR - 2016-09-21 14:22:25 --> $config['composer_autoload'] is set to TRUE but C:\xampp\htdocs\wine_fwk\application\vendor/autoload.php was not found.
ERROR - 2016-09-21 14:22:45 --> $config['composer_autoload'] is set to TRUE but C:\xampp\htdocs\wine_fwk\application\vendor/autoload.php was not found.
ERROR - 2016-09-21 14:22:46 --> $config['composer_autoload'] is set to TRUE but C:\xampp\htdocs\wine_fwk\application\vendor/autoload.php was not found.
ERROR - 2016-09-21 14:22:46 --> Severity: error --> Exception: [Semantical Error] line 0, col 31 near 'nombre ASC': Error: 'nombre' is not defined. C:\xampp\htdocs\wine_fwk\vendor\doctrine\orm\lib\Doctrine\ORM\Query\QueryException.php 63
ERROR - 2016-09-21 14:23:04 --> $config['composer_autoload'] is set to TRUE but C:\xampp\htdocs\wine_fwk\application\vendor/autoload.php was not found.
ERROR - 2016-09-21 14:23:04 --> $config['composer_autoload'] is set to TRUE but C:\xampp\htdocs\wine_fwk\application\vendor/autoload.php was not found.
ERROR - 2016-09-21 14:23:09 --> $config['composer_autoload'] is set to TRUE but C:\xampp\htdocs\wine_fwk\application\vendor/autoload.php was not found.
ERROR - 2016-09-21 14:23:10 --> $config['composer_autoload'] is set to TRUE but C:\xampp\htdocs\wine_fwk\application\vendor/autoload.php was not found.
ERROR - 2016-09-21 14:23:16 --> $config['composer_autoload'] is set to TRUE but C:\xampp\htdocs\wine_fwk\application\vendor/autoload.php was not found.
ERROR - 2016-09-21 14:23:18 --> $config['composer_autoload'] is set to TRUE but C:\xampp\htdocs\wine_fwk\application\vendor/autoload.php was not found.
ERROR - 2016-09-21 14:23:19 --> $config['composer_autoload'] is set to TRUE but C:\xampp\htdocs\wine_fwk\application\vendor/autoload.php was not found.
ERROR - 2016-09-21 14:23:20 --> $config['composer_autoload'] is set to TRUE but C:\xampp\htdocs\wine_fwk\application\vendor/autoload.php was not found.
ERROR - 2016-09-21 14:23:27 --> $config['composer_autoload'] is set to TRUE but C:\xampp\htdocs\wine_fwk\application\vendor/autoload.php was not found.
ERROR - 2016-09-21 14:23:28 --> $config['composer_autoload'] is set to TRUE but C:\xampp\htdocs\wine_fwk\application\vendor/autoload.php was not found.
ERROR - 2016-09-21 14:23:31 --> $config['composer_autoload'] is set to TRUE but C:\xampp\htdocs\wine_fwk\application\vendor/autoload.php was not found.
ERROR - 2016-09-21 14:23:33 --> $config['composer_autoload'] is set to TRUE but C:\xampp\htdocs\wine_fwk\application\vendor/autoload.php was not found.
ERROR - 2016-09-21 14:27:39 --> $config['composer_autoload'] is set to TRUE but C:\xampp\htdocs\wine_fwk\application\vendor/autoload.php was not found.
ERROR - 2016-09-21 14:27:40 --> $config['composer_autoload'] is set to TRUE but C:\xampp\htdocs\wine_fwk\application\vendor/autoload.php was not found.
ERROR - 2016-09-21 14:27:41 --> $config['composer_autoload'] is set to TRUE but C:\xampp\htdocs\wine_fwk\application\vendor/autoload.php was not found.
ERROR - 2016-09-21 14:27:41 --> 404 Page Not Found: /index
ERROR - 2016-09-21 14:30:35 --> $config['composer_autoload'] is set to TRUE but C:\xampp\htdocs\wine_fwk\application\vendor/autoload.php was not found.
ERROR - 2016-09-21 14:30:36 --> $config['composer_autoload'] is set to TRUE but C:\xampp\htdocs\wine_fwk\application\vendor/autoload.php was not found.
ERROR - 2016-09-21 14:30:37 --> $config['composer_autoload'] is set to TRUE but C:\xampp\htdocs\wine_fwk\application\vendor/autoload.php was not found.
ERROR - 2016-09-21 14:30:37 --> 404 Page Not Found: /index
ERROR - 2016-09-21 14:30:41 --> $config['composer_autoload'] is set to TRUE but C:\xampp\htdocs\wine_fwk\application\vendor/autoload.php was not found.
ERROR - 2016-09-21 14:30:50 --> $config['composer_autoload'] is set to TRUE but C:\xampp\htdocs\wine_fwk\application\vendor/autoload.php was not found.
ERROR - 2016-09-21 14:30:56 --> $config['composer_autoload'] is set to TRUE but C:\xampp\htdocs\wine_fwk\application\vendor/autoload.php was not found.
ERROR - 2016-09-21 14:31:58 --> $config['composer_autoload'] is set to TRUE but C:\xampp\htdocs\wine_fwk\application\vendor/autoload.php was not found.
ERROR - 2016-09-21 14:31:59 --> $config['composer_autoload'] is set to TRUE but C:\xampp\htdocs\wine_fwk\application\vendor/autoload.php was not found.
ERROR - 2016-09-21 14:32:01 --> $config['composer_autoload'] is set to TRUE but C:\xampp\htdocs\wine_fwk\application\vendor/autoload.php was not found.
ERROR - 2016-09-21 14:32:22 --> $config['composer_autoload'] is set to TRUE but C:\xampp\htdocs\wine_fwk\application\vendor/autoload.php was not found.
ERROR - 2016-09-21 14:32:22 --> $config['composer_autoload'] is set to TRUE but C:\xampp\htdocs\wine_fwk\application\vendor/autoload.php was not found.
ERROR - 2016-09-21 14:32:24 --> $config['composer_autoload'] is set to TRUE but C:\xampp\htdocs\wine_fwk\application\vendor/autoload.php was not found.
ERROR - 2016-09-21 14:32:30 --> $config['composer_autoload'] is set to TRUE but C:\xampp\htdocs\wine_fwk\application\vendor/autoload.php was not found.
ERROR - 2016-09-21 14:33:12 --> $config['composer_autoload'] is set to TRUE but C:\xampp\htdocs\wine_fwk\application\vendor/autoload.php was not found.
ERROR - 2016-09-21 14:33:13 --> $config['composer_autoload'] is set to TRUE but C:\xampp\htdocs\wine_fwk\application\vendor/autoload.php was not found.
ERROR - 2016-09-21 14:33:15 --> $config['composer_autoload'] is set to TRUE but C:\xampp\htdocs\wine_fwk\application\vendor/autoload.php was not found.
ERROR - 2016-09-21 14:37:34 --> $config['composer_autoload'] is set to TRUE but C:\xampp\htdocs\wine_fwk\application\vendor/autoload.php was not found.
ERROR - 2016-09-21 14:37:36 --> $config['composer_autoload'] is set to TRUE but C:\xampp\htdocs\wine_fwk\application\vendor/autoload.php was not found.
ERROR - 2016-09-21 14:37:38 --> $config['composer_autoload'] is set to TRUE but C:\xampp\htdocs\wine_fwk\application\vendor/autoload.php was not found.
ERROR - 2016-09-21 18:04:24 --> $config['composer_autoload'] is set to TRUE but C:\xampp\htdocs\wine_fwk\application\vendor/autoload.php was not found.
ERROR - 2016-09-21 18:04:24 --> $config['composer_autoload'] is set to TRUE but C:\xampp\htdocs\wine_fwk\application\vendor/autoload.php was not found.
ERROR - 2016-09-21 18:04:24 --> $config['composer_autoload'] is set to TRUE but C:\xampp\htdocs\wine_fwk\application\vendor/autoload.php was not found.
ERROR - 2016-09-21 18:04:24 --> $config['composer_autoload'] is set to TRUE but C:\xampp\htdocs\wine_fwk\application\vendor/autoload.php was not found.
ERROR - 2016-09-21 18:04:24 --> $config['composer_autoload'] is set to TRUE but C:\xampp\htdocs\wine_fwk\application\vendor/autoload.php was not found.
ERROR - 2016-09-21 18:04:24 --> 404 Page Not Found: /index
ERROR - 2016-09-21 18:04:24 --> 404 Page Not Found: /index
ERROR - 2016-09-21 18:04:24 --> 404 Page Not Found: /index
ERROR - 2016-09-21 18:04:24 --> 404 Page Not Found: /index
ERROR - 2016-09-21 18:04:24 --> $config['composer_autoload'] is set to TRUE but C:\xampp\htdocs\wine_fwk\application\vendor/autoload.php was not found.
ERROR - 2016-09-21 18:04:24 --> 404 Page Not Found: /index
ERROR - 2016-09-21 18:04:25 --> $config['composer_autoload'] is set to TRUE but C:\xampp\htdocs\wine_fwk\application\vendor/autoload.php was not found.
ERROR - 2016-09-21 18:04:25 --> 404 Page Not Found: /index
ERROR - 2016-09-21 18:04:26 --> $config['composer_autoload'] is set to TRUE but C:\xampp\htdocs\wine_fwk\application\vendor/autoload.php was not found.
ERROR - 2016-09-21 18:04:26 --> $config['composer_autoload'] is set to TRUE but C:\xampp\htdocs\wine_fwk\application\vendor/autoload.php was not found.
ERROR - 2016-09-21 18:04:27 --> $config['composer_autoload'] is set to TRUE but C:\xampp\htdocs\wine_fwk\application\vendor/autoload.php was not found.
ERROR - 2016-09-21 18:04:58 --> $config['composer_autoload'] is set to TRUE but C:\xampp\htdocs\wine_fwk\application\vendor/autoload.php was not found.
ERROR - 2016-09-21 18:04:58 --> $config['composer_autoload'] is set to TRUE but C:\xampp\htdocs\wine_fwk\application\vendor/autoload.php was not found.
ERROR - 2016-09-21 18:05:44 --> $config['composer_autoload'] is set to TRUE but C:\xampp\htdocs\wine_fwk\application\vendor/autoload.php was not found.
ERROR - 2016-09-21 18:06:38 --> $config['composer_autoload'] is set to TRUE but C:\xampp\htdocs\wine_fwk\application\vendor/autoload.php was not found.
ERROR - 2016-09-21 18:06:41 --> $config['composer_autoload'] is set to TRUE but C:\xampp\htdocs\wine_fwk\application\vendor/autoload.php was not found.
ERROR - 2016-09-21 18:06:42 --> $config['composer_autoload'] is set to TRUE but C:\xampp\htdocs\wine_fwk\application\vendor/autoload.php was not found.
ERROR - 2016-09-21 18:06:45 --> $config['composer_autoload'] is set to TRUE but C:\xampp\htdocs\wine_fwk\application\vendor/autoload.php was not found.
ERROR - 2016-09-21 18:06:55 --> $config['composer_autoload'] is set to TRUE but C:\xampp\htdocs\wine_fwk\application\vendor/autoload.php was not found.
ERROR - 2016-09-21 18:08:04 --> $config['composer_autoload'] is set to TRUE but C:\xampp\htdocs\wine_fwk\application\vendor/autoload.php was not found.
ERROR - 2016-09-21 18:08:05 --> $config['composer_autoload'] is set to TRUE but C:\xampp\htdocs\wine_fwk\application\vendor/autoload.php was not found.
ERROR - 2016-09-21 18:08:14 --> $config['composer_autoload'] is set to TRUE but C:\xampp\htdocs\wine_fwk\application\vendor/autoload.php was not found.
ERROR - 2016-09-21 18:08:18 --> $config['composer_autoload'] is set to TRUE but C:\xampp\htdocs\wine_fwk\application\vendor/autoload.php was not found.
ERROR - 2016-09-21 18:08:23 --> $config['composer_autoload'] is set to TRUE but C:\xampp\htdocs\wine_fwk\application\vendor/autoload.php was not found.
ERROR - 2016-09-21 18:08:27 --> $config['composer_autoload'] is set to TRUE but C:\xampp\htdocs\wine_fwk\application\vendor/autoload.php was not found.
ERROR - 2016-09-21 18:08:52 --> $config['composer_autoload'] is set to TRUE but C:\xampp\htdocs\wine_fwk\application\vendor/autoload.php was not found.
ERROR - 2016-09-21 18:08:53 --> $config['composer_autoload'] is set to TRUE but C:\xampp\htdocs\wine_fwk\application\vendor/autoload.php was not found.
ERROR - 2016-09-21 18:08:58 --> $config['composer_autoload'] is set to TRUE but C:\xampp\htdocs\wine_fwk\application\vendor/autoload.php was not found.
ERROR - 2016-09-21 18:09:46 --> $config['composer_autoload'] is set to TRUE but C:\xampp\htdocs\wine_fwk\application\vendor/autoload.php was not found.
ERROR - 2016-09-21 18:09:47 --> $config['composer_autoload'] is set to TRUE but C:\xampp\htdocs\wine_fwk\application\vendor/autoload.php was not found.
ERROR - 2016-09-21 18:09:47 --> Severity: Notice --> Undefined index: sin_caja C:\xampp\htdocs\wine_fwk\application\modules\web\models\vino\Vino_model.php 104
ERROR - 2016-09-21 18:09:57 --> $config['composer_autoload'] is set to TRUE but C:\xampp\htdocs\wine_fwk\application\vendor/autoload.php was not found.
ERROR - 2016-09-21 18:09:57 --> $config['composer_autoload'] is set to TRUE but C:\xampp\htdocs\wine_fwk\application\vendor/autoload.php was not found.
ERROR - 2016-09-21 18:10:00 --> $config['composer_autoload'] is set to TRUE but C:\xampp\htdocs\wine_fwk\application\vendor/autoload.php was not found.
ERROR - 2016-09-21 18:10:03 --> $config['composer_autoload'] is set to TRUE but C:\xampp\htdocs\wine_fwk\application\vendor/autoload.php was not found.
ERROR - 2016-09-21 18:10:04 --> $config['composer_autoload'] is set to TRUE but C:\xampp\htdocs\wine_fwk\application\vendor/autoload.php was not found.
ERROR - 2016-09-21 18:10:05 --> $config['composer_autoload'] is set to TRUE but C:\xampp\htdocs\wine_fwk\application\vendor/autoload.php was not found.
ERROR - 2016-09-21 18:10:07 --> $config['composer_autoload'] is set to TRUE but C:\xampp\htdocs\wine_fwk\application\vendor/autoload.php was not found.
ERROR - 2016-09-21 18:12:08 --> $config['composer_autoload'] is set to TRUE but C:\xampp\htdocs\wine_fwk\application\vendor/autoload.php was not found.
ERROR - 2016-09-21 18:12:09 --> $config['composer_autoload'] is set to TRUE but C:\xampp\htdocs\wine_fwk\application\vendor/autoload.php was not found.
ERROR - 2016-09-21 18:12:10 --> $config['composer_autoload'] is set to TRUE but C:\xampp\htdocs\wine_fwk\application\vendor/autoload.php was not found.
ERROR - 2016-09-21 18:12:10 --> 404 Page Not Found: /index
ERROR - 2016-09-21 18:12:15 --> $config['composer_autoload'] is set to TRUE but C:\xampp\htdocs\wine_fwk\application\vendor/autoload.php was not found.
ERROR - 2016-09-21 18:12:16 --> $config['composer_autoload'] is set to TRUE but C:\xampp\htdocs\wine_fwk\application\vendor/autoload.php was not found.
ERROR - 2016-09-21 18:12:16 --> $config['composer_autoload'] is set to TRUE but C:\xampp\htdocs\wine_fwk\application\vendor/autoload.php was not found.
ERROR - 2016-09-21 18:12:16 --> 404 Page Not Found: /index
ERROR - 2016-09-21 18:12:20 --> $config['composer_autoload'] is set to TRUE but C:\xampp\htdocs\wine_fwk\application\vendor/autoload.php was not found.
ERROR - 2016-09-21 18:12:20 --> $config['composer_autoload'] is set to TRUE but C:\xampp\htdocs\wine_fwk\application\vendor/autoload.php was not found.
ERROR - 2016-09-21 18:12:20 --> $config['composer_autoload'] is set to TRUE but C:\xampp\htdocs\wine_fwk\application\vendor/autoload.php was not found.
ERROR - 2016-09-21 18:12:20 --> 404 Page Not Found: /index
ERROR - 2016-09-21 18:12:20 --> 404 Page Not Found: /index
ERROR - 2016-09-21 18:12:20 --> $config['composer_autoload'] is set to TRUE but C:\xampp\htdocs\wine_fwk\application\vendor/autoload.php was not found.
ERROR - 2016-09-21 18:12:20 --> 404 Page Not Found: /index
ERROR - 2016-09-21 18:12:20 --> $config['composer_autoload'] is set to TRUE but C:\xampp\htdocs\wine_fwk\application\vendor/autoload.php was not found.
ERROR - 2016-09-21 18:12:20 --> 404 Page Not Found: /index
ERROR - 2016-09-21 18:12:26 --> $config['composer_autoload'] is set to TRUE but C:\xampp\htdocs\wine_fwk\application\vendor/autoload.php was not found.
ERROR - 2016-09-21 18:12:26 --> $config['composer_autoload'] is set to TRUE but C:\xampp\htdocs\wine_fwk\application\vendor/autoload.php was not found.
ERROR - 2016-09-21 18:12:54 --> $config['composer_autoload'] is set to TRUE but C:\xampp\htdocs\wine_fwk\application\vendor/autoload.php was not found.
ERROR - 2016-09-21 18:12:55 --> $config['composer_autoload'] is set to TRUE but C:\xampp\htdocs\wine_fwk\application\vendor/autoload.php was not found.
ERROR - 2016-09-21 18:12:55 --> $config['composer_autoload'] is set to TRUE but C:\xampp\htdocs\wine_fwk\application\vendor/autoload.php was not found.
ERROR - 2016-09-21 18:12:55 --> 404 Page Not Found: /index
ERROR - 2016-09-21 18:12:58 --> $config['composer_autoload'] is set to TRUE but C:\xampp\htdocs\wine_fwk\application\vendor/autoload.php was not found.
ERROR - 2016-09-21 18:12:59 --> $config['composer_autoload'] is set to TRUE but C:\xampp\htdocs\wine_fwk\application\vendor/autoload.php was not found.
ERROR - 2016-09-21 18:13:01 --> $config['composer_autoload'] is set to TRUE but C:\xampp\htdocs\wine_fwk\application\vendor/autoload.php was not found.
ERROR - 2016-09-21 18:13:03 --> $config['composer_autoload'] is set to TRUE but C:\xampp\htdocs\wine_fwk\application\vendor/autoload.php was not found.
ERROR - 2016-09-21 18:13:28 --> $config['composer_autoload'] is set to TRUE but C:\xampp\htdocs\wine_fwk\application\vendor/autoload.php was not found.
ERROR - 2016-09-21 18:13:29 --> $config['composer_autoload'] is set to TRUE but C:\xampp\htdocs\wine_fwk\application\vendor/autoload.php was not found.
ERROR - 2016-09-21 18:13:29 --> $config['composer_autoload'] is set to TRUE but C:\xampp\htdocs\wine_fwk\application\vendor/autoload.php was not found.
ERROR - 2016-09-21 18:13:29 --> 404 Page Not Found: /index
ERROR - 2016-09-21 18:13:30 --> $config['composer_autoload'] is set to TRUE but C:\xampp\htdocs\wine_fwk\application\vendor/autoload.php was not found.
ERROR - 2016-09-21 18:13:32 --> $config['composer_autoload'] is set to TRUE but C:\xampp\htdocs\wine_fwk\application\vendor/autoload.php was not found.
ERROR - 2016-09-21 18:15:18 --> $config['composer_autoload'] is set to TRUE but C:\xampp\htdocs\wine_fwk\application\vendor/autoload.php was not found.
ERROR - 2016-09-21 18:15:20 --> $config['composer_autoload'] is set to TRUE but C:\xampp\htdocs\wine_fwk\application\vendor/autoload.php was not found.
ERROR - 2016-09-21 18:15:20 --> $config['composer_autoload'] is set to TRUE but C:\xampp\htdocs\wine_fwk\application\vendor/autoload.php was not found.
ERROR - 2016-09-21 18:15:21 --> 404 Page Not Found: /index
ERROR - 2016-09-21 18:15:37 --> $config['composer_autoload'] is set to TRUE but C:\xampp\htdocs\wine_fwk\application\vendor/autoload.php was not found.
ERROR - 2016-09-21 18:15:37 --> $config['composer_autoload'] is set to TRUE but C:\xampp\htdocs\wine_fwk\application\vendor/autoload.php was not found.
ERROR - 2016-09-21 18:15:38 --> $config['composer_autoload'] is set to TRUE but C:\xampp\htdocs\wine_fwk\application\vendor/autoload.php was not found.
ERROR - 2016-09-21 18:15:38 --> 404 Page Not Found: /index
ERROR - 2016-09-21 18:16:56 --> $config['composer_autoload'] is set to TRUE but C:\xampp\htdocs\wine_fwk\application\vendor/autoload.php was not found.
ERROR - 2016-09-21 18:16:57 --> $config['composer_autoload'] is set to TRUE but C:\xampp\htdocs\wine_fwk\application\vendor/autoload.php was not found.
ERROR - 2016-09-21 18:16:57 --> $config['composer_autoload'] is set to TRUE but C:\xampp\htdocs\wine_fwk\application\vendor/autoload.php was not found.
ERROR - 2016-09-21 18:16:57 --> 404 Page Not Found: /index
ERROR - 2016-09-21 18:18:25 --> $config['composer_autoload'] is set to TRUE but C:\xampp\htdocs\wine_fwk\application\vendor/autoload.php was not found.
ERROR - 2016-09-21 18:18:26 --> $config['composer_autoload'] is set to TRUE but C:\xampp\htdocs\wine_fwk\application\vendor/autoload.php was not found.
ERROR - 2016-09-21 18:18:27 --> $config['composer_autoload'] is set to TRUE but C:\xampp\htdocs\wine_fwk\application\vendor/autoload.php was not found.
ERROR - 2016-09-21 18:18:27 --> 404 Page Not Found: /index
ERROR - 2016-09-21 18:19:23 --> $config['composer_autoload'] is set to TRUE but C:\xampp\htdocs\wine_fwk\application\vendor/autoload.php was not found.
ERROR - 2016-09-21 18:19:24 --> $config['composer_autoload'] is set to TRUE but C:\xampp\htdocs\wine_fwk\application\vendor/autoload.php was not found.
ERROR - 2016-09-21 18:19:24 --> $config['composer_autoload'] is set to TRUE but C:\xampp\htdocs\wine_fwk\application\vendor/autoload.php was not found.
ERROR - 2016-09-21 18:19:24 --> 404 Page Not Found: /index
ERROR - 2016-09-21 18:19:35 --> $config['composer_autoload'] is set to TRUE but C:\xampp\htdocs\wine_fwk\application\vendor/autoload.php was not found.
ERROR - 2016-09-21 18:19:36 --> $config['composer_autoload'] is set to TRUE but C:\xampp\htdocs\wine_fwk\application\vendor/autoload.php was not found.
ERROR - 2016-09-21 18:19:36 --> $config['composer_autoload'] is set to TRUE but C:\xampp\htdocs\wine_fwk\application\vendor/autoload.php was not found.
ERROR - 2016-09-21 18:19:36 --> 404 Page Not Found: /index
ERROR - 2016-09-21 18:21:41 --> $config['composer_autoload'] is set to TRUE but C:\xampp\htdocs\wine_fwk\application\vendor/autoload.php was not found.
ERROR - 2016-09-21 18:21:42 --> $config['composer_autoload'] is set to TRUE but C:\xampp\htdocs\wine_fwk\application\vendor/autoload.php was not found.
ERROR - 2016-09-21 18:21:42 --> $config['composer_autoload'] is set to TRUE but C:\xampp\htdocs\wine_fwk\application\vendor/autoload.php was not found.
ERROR - 2016-09-21 18:21:42 --> 404 Page Not Found: /index
ERROR - 2016-09-21 18:22:36 --> $config['composer_autoload'] is set to TRUE but C:\xampp\htdocs\wine_fwk\application\vendor/autoload.php was not found.
ERROR - 2016-09-21 18:22:37 --> $config['composer_autoload'] is set to TRUE but C:\xampp\htdocs\wine_fwk\application\vendor/autoload.php was not found.
ERROR - 2016-09-21 18:22:37 --> $config['composer_autoload'] is set to TRUE but C:\xampp\htdocs\wine_fwk\application\vendor/autoload.php was not found.
ERROR - 2016-09-21 18:22:37 --> 404 Page Not Found: /index
ERROR - 2016-09-21 18:23:23 --> $config['composer_autoload'] is set to TRUE but C:\xampp\htdocs\wine_fwk\application\vendor/autoload.php was not found.
ERROR - 2016-09-21 18:23:24 --> $config['composer_autoload'] is set to TRUE but C:\xampp\htdocs\wine_fwk\application\vendor/autoload.php was not found.
ERROR - 2016-09-21 18:23:52 --> $config['composer_autoload'] is set to TRUE but C:\xampp\htdocs\wine_fwk\application\vendor/autoload.php was not found.
ERROR - 2016-09-21 18:23:52 --> $config['composer_autoload'] is set to TRUE but C:\xampp\htdocs\wine_fwk\application\vendor/autoload.php was not found.
ERROR - 2016-09-21 18:24:19 --> $config['composer_autoload'] is set to TRUE but C:\xampp\htdocs\wine_fwk\application\vendor/autoload.php was not found.
ERROR - 2016-09-21 18:24:30 --> $config['composer_autoload'] is set to TRUE but C:\xampp\htdocs\wine_fwk\application\vendor/autoload.php was not found.
ERROR - 2016-09-21 18:25:29 --> $config['composer_autoload'] is set to TRUE but C:\xampp\htdocs\wine_fwk\application\vendor/autoload.php was not found.
ERROR - 2016-09-21 18:25:29 --> $config['composer_autoload'] is set to TRUE but C:\xampp\htdocs\wine_fwk\application\vendor/autoload.php was not found.
ERROR - 2016-09-21 18:25:30 --> $config['composer_autoload'] is set to TRUE but C:\xampp\htdocs\wine_fwk\application\vendor/autoload.php was not found.
ERROR - 2016-09-21 18:25:30 --> 404 Page Not Found: /index
ERROR - 2016-09-21 18:25:43 --> $config['composer_autoload'] is set to TRUE but C:\xampp\htdocs\wine_fwk\application\vendor/autoload.php was not found.
ERROR - 2016-09-21 18:25:44 --> $config['composer_autoload'] is set to TRUE but C:\xampp\htdocs\wine_fwk\application\vendor/autoload.php was not found.
ERROR - 2016-09-21 18:29:10 --> $config['composer_autoload'] is set to TRUE but C:\xampp\htdocs\wine_fwk\application\vendor/autoload.php was not found.
ERROR - 2016-09-21 18:29:11 --> $config['composer_autoload'] is set to TRUE but C:\xampp\htdocs\wine_fwk\application\vendor/autoload.php was not found.
ERROR - 2016-09-21 18:29:12 --> $config['composer_autoload'] is set to TRUE but C:\xampp\htdocs\wine_fwk\application\vendor/autoload.php was not found.
ERROR - 2016-09-21 18:29:12 --> 404 Page Not Found: /index
ERROR - 2016-09-21 18:29:17 --> $config['composer_autoload'] is set to TRUE but C:\xampp\htdocs\wine_fwk\application\vendor/autoload.php was not found.
ERROR - 2016-09-21 18:29:17 --> $config['composer_autoload'] is set to TRUE but C:\xampp\htdocs\wine_fwk\application\vendor/autoload.php was not found.
ERROR - 2016-09-21 18:29:18 --> $config['composer_autoload'] is set to TRUE but C:\xampp\htdocs\wine_fwk\application\vendor/autoload.php was not found.
ERROR - 2016-09-21 18:29:18 --> $config['composer_autoload'] is set to TRUE but C:\xampp\htdocs\wine_fwk\application\vendor/autoload.php was not found.
ERROR - 2016-09-21 18:29:19 --> $config['composer_autoload'] is set to TRUE but C:\xampp\htdocs\wine_fwk\application\vendor/autoload.php was not found.
ERROR - 2016-09-21 18:29:19 --> $config['composer_autoload'] is set to TRUE but C:\xampp\htdocs\wine_fwk\application\vendor/autoload.php was not found.
ERROR - 2016-09-21 18:29:38 --> $config['composer_autoload'] is set to TRUE but C:\xampp\htdocs\wine_fwk\application\vendor/autoload.php was not found.
ERROR - 2016-09-21 18:29:38 --> $config['composer_autoload'] is set to TRUE but C:\xampp\htdocs\wine_fwk\application\vendor/autoload.php was not found.
ERROR - 2016-09-21 18:29:39 --> $config['composer_autoload'] is set to TRUE but C:\xampp\htdocs\wine_fwk\application\vendor/autoload.php was not found.
ERROR - 2016-09-21 18:29:39 --> 404 Page Not Found: /index
ERROR - 2016-09-21 18:31:55 --> $config['composer_autoload'] is set to TRUE but C:\xampp\htdocs\wine_fwk\application\vendor/autoload.php was not found.
ERROR - 2016-09-21 18:31:57 --> $config['composer_autoload'] is set to TRUE but C:\xampp\htdocs\wine_fwk\application\vendor/autoload.php was not found.
ERROR - 2016-09-21 18:31:57 --> $config['composer_autoload'] is set to TRUE but C:\xampp\htdocs\wine_fwk\application\vendor/autoload.php was not found.
ERROR - 2016-09-21 18:31:58 --> 404 Page Not Found: /index
ERROR - 2016-09-21 18:32:17 --> $config['composer_autoload'] is set to TRUE but C:\xampp\htdocs\wine_fwk\application\vendor/autoload.php was not found.
ERROR - 2016-09-21 18:32:18 --> $config['composer_autoload'] is set to TRUE but C:\xampp\htdocs\wine_fwk\application\vendor/autoload.php was not found.
ERROR - 2016-09-21 18:32:18 --> $config['composer_autoload'] is set to TRUE but C:\xampp\htdocs\wine_fwk\application\vendor/autoload.php was not found.
ERROR - 2016-09-21 18:32:18 --> 404 Page Not Found: /index
ERROR - 2016-09-21 18:32:54 --> $config['composer_autoload'] is set to TRUE but C:\xampp\htdocs\wine_fwk\application\vendor/autoload.php was not found.
ERROR - 2016-09-21 18:32:54 --> $config['composer_autoload'] is set to TRUE but C:\xampp\htdocs\wine_fwk\application\vendor/autoload.php was not found.
ERROR - 2016-09-21 18:33:08 --> $config['composer_autoload'] is set to TRUE but C:\xampp\htdocs\wine_fwk\application\vendor/autoload.php was not found.
ERROR - 2016-09-21 18:33:09 --> $config['composer_autoload'] is set to TRUE but C:\xampp\htdocs\wine_fwk\application\vendor/autoload.php was not found.
ERROR - 2016-09-21 18:33:09 --> $config['composer_autoload'] is set to TRUE but C:\xampp\htdocs\wine_fwk\application\vendor/autoload.php was not found.
ERROR - 2016-09-21 18:33:09 --> 404 Page Not Found: /index
ERROR - 2016-09-21 18:34:03 --> $config['composer_autoload'] is set to TRUE but C:\xampp\htdocs\wine_fwk\application\vendor/autoload.php was not found.
ERROR - 2016-09-21 18:34:04 --> $config['composer_autoload'] is set to TRUE but C:\xampp\htdocs\wine_fwk\application\vendor/autoload.php was not found.
ERROR - 2016-09-21 18:34:04 --> $config['composer_autoload'] is set to TRUE but C:\xampp\htdocs\wine_fwk\application\vendor/autoload.php was not found.
ERROR - 2016-09-21 18:34:04 --> 404 Page Not Found: /index
ERROR - 2016-09-21 18:34:08 --> $config['composer_autoload'] is set to TRUE but C:\xampp\htdocs\wine_fwk\application\vendor/autoload.php was not found.
ERROR - 2016-09-21 18:34:08 --> $config['composer_autoload'] is set to TRUE but C:\xampp\htdocs\wine_fwk\application\vendor/autoload.php was not found.
ERROR - 2016-09-21 18:34:10 --> $config['composer_autoload'] is set to TRUE but C:\xampp\htdocs\wine_fwk\application\vendor/autoload.php was not found.
ERROR - 2016-09-21 18:34:10 --> $config['composer_autoload'] is set to TRUE but C:\xampp\htdocs\wine_fwk\application\vendor/autoload.php was not found.
ERROR - 2016-09-21 18:34:11 --> $config['composer_autoload'] is set to TRUE but C:\xampp\htdocs\wine_fwk\application\vendor/autoload.php was not found.
ERROR - 2016-09-21 18:34:12 --> $config['composer_autoload'] is set to TRUE but C:\xampp\htdocs\wine_fwk\application\vendor/autoload.php was not found.
ERROR - 2016-09-21 18:37:54 --> $config['composer_autoload'] is set to TRUE but C:\xampp\htdocs\wine_fwk\application\vendor/autoload.php was not found.
ERROR - 2016-09-21 18:37:55 --> $config['composer_autoload'] is set to TRUE but C:\xampp\htdocs\wine_fwk\application\vendor/autoload.php was not found.
ERROR - 2016-09-21 18:37:56 --> $config['composer_autoload'] is set to TRUE but C:\xampp\htdocs\wine_fwk\application\vendor/autoload.php was not found.
ERROR - 2016-09-21 18:37:56 --> 404 Page Not Found: /index
ERROR - 2016-09-21 18:39:03 --> $config['composer_autoload'] is set to TRUE but C:\xampp\htdocs\wine_fwk\application\vendor/autoload.php was not found.
ERROR - 2016-09-21 18:39:04 --> $config['composer_autoload'] is set to TRUE but C:\xampp\htdocs\wine_fwk\application\vendor/autoload.php was not found.
ERROR - 2016-09-21 18:39:19 --> $config['composer_autoload'] is set to TRUE but C:\xampp\htdocs\wine_fwk\application\vendor/autoload.php was not found.
ERROR - 2016-09-21 18:39:20 --> $config['composer_autoload'] is set to TRUE but C:\xampp\htdocs\wine_fwk\application\vendor/autoload.php was not found.
ERROR - 2016-09-21 18:39:20 --> 404 Page Not Found: /index
ERROR - 2016-09-21 18:39:54 --> $config['composer_autoload'] is set to TRUE but C:\xampp\htdocs\wine_fwk\application\vendor/autoload.php was not found.
ERROR - 2016-09-21 18:39:55 --> $config['composer_autoload'] is set to TRUE but C:\xampp\htdocs\wine_fwk\application\vendor/autoload.php was not found.
ERROR - 2016-09-21 18:39:55 --> $config['composer_autoload'] is set to TRUE but C:\xampp\htdocs\wine_fwk\application\vendor/autoload.php was not found.
ERROR - 2016-09-21 18:39:55 --> 404 Page Not Found: /index
ERROR - 2016-09-21 18:40:23 --> $config['composer_autoload'] is set to TRUE but C:\xampp\htdocs\wine_fwk\application\vendor/autoload.php was not found.
ERROR - 2016-09-21 18:40:24 --> $config['composer_autoload'] is set to TRUE but C:\xampp\htdocs\wine_fwk\application\vendor/autoload.php was not found.
ERROR - 2016-09-21 18:40:24 --> $config['composer_autoload'] is set to TRUE but C:\xampp\htdocs\wine_fwk\application\vendor/autoload.php was not found.
ERROR - 2016-09-21 18:40:24 --> 404 Page Not Found: /index
ERROR - 2016-09-21 18:40:37 --> $config['composer_autoload'] is set to TRUE but C:\xampp\htdocs\wine_fwk\application\vendor/autoload.php was not found.
ERROR - 2016-09-21 18:40:37 --> $config['composer_autoload'] is set to TRUE but C:\xampp\htdocs\wine_fwk\application\vendor/autoload.php was not found.
ERROR - 2016-09-21 18:40:37 --> $config['composer_autoload'] is set to TRUE but C:\xampp\htdocs\wine_fwk\application\vendor/autoload.php was not found.
ERROR - 2016-09-21 18:40:37 --> 404 Page Not Found: /index
ERROR - 2016-09-21 18:40:37 --> 404 Page Not Found: /index
ERROR - 2016-09-21 18:40:38 --> $config['composer_autoload'] is set to TRUE but C:\xampp\htdocs\wine_fwk\application\vendor/autoload.php was not found.
ERROR - 2016-09-21 18:40:38 --> 404 Page Not Found: /index
ERROR - 2016-09-21 18:40:38 --> $config['composer_autoload'] is set to TRUE but C:\xampp\htdocs\wine_fwk\application\vendor/autoload.php was not found.
ERROR - 2016-09-21 18:40:38 --> 404 Page Not Found: /index
