ERROR - 2016-12-28 17:46:41 --> $config['composer_autoload'] is set to TRUE but C:\xampp\htdocs\back_inscribite\application\vendor/autoload.php was not found.
ERROR - 2016-12-28 17:46:41 --> $config['composer_autoload'] is set to TRUE but C:\xampp\htdocs\back_inscribite\application\vendor/autoload.php was not found.
ERROR - 2016-12-28 17:46:41 --> $config['composer_autoload'] is set to TRUE but C:\xampp\htdocs\back_inscribite\application\vendor/autoload.php was not found.
ERROR - 2016-12-28 17:46:41 --> $config['composer_autoload'] is set to TRUE but C:\xampp\htdocs\back_inscribite\application\vendor/autoload.php was not found.
ERROR - 2016-12-28 17:46:41 --> $config['composer_autoload'] is set to TRUE but C:\xampp\htdocs\back_inscribite\application\vendor/autoload.php was not found.
ERROR - 2016-12-28 17:46:41 --> 404 Page Not Found: /index
ERROR - 2016-12-28 17:46:41 --> 404 Page Not Found: /index
ERROR - 2016-12-28 17:46:41 --> 404 Page Not Found: /index
ERROR - 2016-12-28 17:46:41 --> 404 Page Not Found: /index
ERROR - 2016-12-28 17:46:41 --> $config['composer_autoload'] is set to TRUE but C:\xampp\htdocs\back_inscribite\application\vendor/autoload.php was not found.
ERROR - 2016-12-28 17:46:41 --> 404 Page Not Found: /index
ERROR - 2016-12-28 17:46:42 --> $config['composer_autoload'] is set to TRUE but C:\xampp\htdocs\back_inscribite\application\vendor/autoload.php was not found.
ERROR - 2016-12-28 17:46:42 --> 404 Page Not Found: /index
ERROR - 2016-12-28 17:46:48 --> $config['composer_autoload'] is set to TRUE but C:\xampp\htdocs\back_inscribite\application\vendor/autoload.php was not found.
ERROR - 2016-12-28 17:46:48 --> $config['composer_autoload'] is set to TRUE but C:\xampp\htdocs\back_inscribite\application\vendor/autoload.php was not found.
ERROR - 2016-12-28 17:46:48 --> $config['composer_autoload'] is set to TRUE but C:\xampp\htdocs\back_inscribite\application\vendor/autoload.php was not found.
ERROR - 2016-12-28 17:46:53 --> $config['composer_autoload'] is set to TRUE but C:\xampp\htdocs\back_inscribite\application\vendor/autoload.php was not found.
ERROR - 2016-12-28 17:46:54 --> Severity: Notice --> Trying to get property of non-object C:\xampp\htdocs\back_inscribite\application\modules\web\models\decodificador\Decodificador_model.php 255
ERROR - 2016-12-28 17:46:54 --> Severity: Notice --> Trying to get property of non-object C:\xampp\htdocs\back_inscribite\application\modules\web\models\decodificador\Decodificador_model.php 255
ERROR - 2016-12-28 17:46:54 --> Severity: Warning --> Creating default object from empty value C:\xampp\htdocs\back_inscribite\application\modules\web\models\decodificador\Decodificador_model.php 255
ERROR - 2016-12-28 17:46:54 --> Severity: Notice --> Undefined property: stdClass::$email C:\xampp\htdocs\back_inscribite\application\modules\web\models\decodificador\Decodificador_model.php 256
ERROR - 2016-12-28 17:46:54 --> Severity: Notice --> Undefined property: stdClass::$dni C:\xampp\htdocs\back_inscribite\application\modules\web\models\decodificador\Decodificador_model.php 257
ERROR - 2016-12-28 17:46:54 --> Severity: Warning --> Creating default object from empty value C:\xampp\htdocs\back_inscribite\application\modules\web\models\decodificador\Decodificador_model.php 258
ERROR - 2016-12-28 17:46:54 --> Severity: Notice --> Undefined property: stdClass::$id C:\xampp\htdocs\back_inscribite\application\modules\web\models\decodificador\Decodificador_model.php 277
ERROR - 2016-12-28 17:46:54 --> Severity: Notice --> Undefined property: stdClass::$dni C:\xampp\htdocs\back_inscribite\application\modules\web\models\decodificador\Decodificador_model.php 300
ERROR - 2016-12-28 17:46:54 --> Severity: Notice --> Undefined property: stdClass::$nombre C:\xampp\htdocs\back_inscribite\application\modules\web\models\decodificador\Decodificador_model.php 300
ERROR - 2016-12-28 17:46:54 --> Severity: Notice --> Trying to get property of non-object C:\xampp\htdocs\back_inscribite\application\modules\web\models\decodificador\Decodificador_model.php 255
ERROR - 2016-12-28 17:46:54 --> Severity: Notice --> Trying to get property of non-object C:\xampp\htdocs\back_inscribite\application\modules\web\models\decodificador\Decodificador_model.php 255
ERROR - 2016-12-28 17:46:54 --> Severity: Warning --> Creating default object from empty value C:\xampp\htdocs\back_inscribite\application\modules\web\models\decodificador\Decodificador_model.php 255
ERROR - 2016-12-28 17:46:54 --> Severity: Notice --> Undefined property: stdClass::$email C:\xampp\htdocs\back_inscribite\application\modules\web\models\decodificador\Decodificador_model.php 256
ERROR - 2016-12-28 17:46:54 --> Severity: Notice --> Undefined property: stdClass::$dni C:\xampp\htdocs\back_inscribite\application\modules\web\models\decodificador\Decodificador_model.php 257
ERROR - 2016-12-28 17:46:54 --> Severity: Warning --> Creating default object from empty value C:\xampp\htdocs\back_inscribite\application\modules\web\models\decodificador\Decodificador_model.php 258
ERROR - 2016-12-28 17:46:54 --> Severity: Notice --> Undefined property: stdClass::$id C:\xampp\htdocs\back_inscribite\application\modules\web\models\decodificador\Decodificador_model.php 277
ERROR - 2016-12-28 17:46:54 --> Severity: Notice --> Undefined property: stdClass::$dni C:\xampp\htdocs\back_inscribite\application\modules\web\models\decodificador\Decodificador_model.php 300
ERROR - 2016-12-28 17:46:54 --> Severity: Notice --> Undefined property: stdClass::$nombre C:\xampp\htdocs\back_inscribite\application\modules\web\models\decodificador\Decodificador_model.php 300
ERROR - 2016-12-28 17:46:54 --> Severity: Notice --> Trying to get property of non-object C:\xampp\htdocs\back_inscribite\application\modules\web\models\decodificador\Decodificador_model.php 222
ERROR - 2016-12-28 17:46:54 --> Severity: Notice --> Trying to get property of non-object C:\xampp\htdocs\back_inscribite\application\modules\web\models\decodificador\Decodificador_model.php 223
ERROR - 2016-12-28 17:46:54 --> Severity: Notice --> Trying to get property of non-object C:\xampp\htdocs\back_inscribite\application\modules\web\models\decodificador\Decodificador_model.php 225
ERROR - 2016-12-28 17:46:54 --> Severity: Notice --> Trying to get property of non-object C:\xampp\htdocs\back_inscribite\application\modules\web\models\decodificador\Decodificador_model.php 228
ERROR - 2016-12-28 17:46:54 --> Severity: Notice --> Trying to get property of non-object C:\xampp\htdocs\back_inscribite\application\modules\web\models\decodificador\Decodificador_model.php 247
ERROR - 2016-12-28 17:46:54 --> Query error: You have an error in your SQL syntax; check the manual that corresponds to your MySQL server version for the right syntax to use near 'WHERE dni = '25097611' OR dni = '25097611'' at line 1 - Invalid query: UPDATE inscribite_usuarios SET puntos = puntos+ WHERE dni = '25097611' OR dni = '25097611' 
ERROR - 2016-12-28 17:46:54 --> Severity: Warning --> Cannot modify header information - headers already sent by (output started at C:\xampp\htdocs\back_inscribite\system\core\Exceptions.php:272) C:\xampp\htdocs\back_inscribite\system\core\Common.php 573
ERROR - 2016-12-28 17:48:09 --> $config['composer_autoload'] is set to TRUE but C:\xampp\htdocs\back_inscribite\application\vendor/autoload.php was not found.
ERROR - 2016-12-28 17:48:21 --> $config['composer_autoload'] is set to TRUE but C:\xampp\htdocs\back_inscribite\application\vendor/autoload.php was not found.
ERROR - 2016-12-28 17:48:40 --> $config['composer_autoload'] is set to TRUE but C:\xampp\htdocs\back_inscribite\application\vendor/autoload.php was not found.
ERROR - 2016-12-28 17:48:47 --> $config['composer_autoload'] is set to TRUE but C:\xampp\htdocs\back_inscribite\application\vendor/autoload.php was not found.
ERROR - 2016-12-28 17:49:08 --> $config['composer_autoload'] is set to TRUE but C:\xampp\htdocs\back_inscribite\application\vendor/autoload.php was not found.
ERROR - 2016-12-28 17:49:08 --> Severity: Parsing Error --> syntax error, unexpected '$medio_pago' (T_VARIABLE), expecting function (T_FUNCTION) C:\xampp\htdocs\back_inscribite\application\modules\web\models\decodificador\Decodificador_model.php 316
ERROR - 2016-12-28 17:50:43 --> $config['composer_autoload'] is set to TRUE but C:\xampp\htdocs\back_inscribite\application\vendor/autoload.php was not found.
ERROR - 2016-12-28 17:51:17 --> $config['composer_autoload'] is set to TRUE but C:\xampp\htdocs\back_inscribite\application\vendor/autoload.php was not found.
ERROR - 2016-12-28 17:52:53 --> $config['composer_autoload'] is set to TRUE but C:\xampp\htdocs\back_inscribite\application\vendor/autoload.php was not found.
ERROR - 2016-12-28 17:52:54 --> Severity: Notice --> Trying to get property of non-object C:\xampp\htdocs\back_inscribite\application\modules\web\models\decodificador\Decodificador_model.php 229
ERROR - 2016-12-28 17:52:54 --> Severity: Notice --> Trying to get property of non-object C:\xampp\htdocs\back_inscribite\application\modules\web\models\decodificador\Decodificador_model.php 230
ERROR - 2016-12-28 17:52:54 --> Severity: Notice --> Trying to get property of non-object C:\xampp\htdocs\back_inscribite\application\modules\web\models\decodificador\Decodificador_model.php 232
ERROR - 2016-12-28 17:52:54 --> Severity: Notice --> Trying to get property of non-object C:\xampp\htdocs\back_inscribite\application\modules\web\models\decodificador\Decodificador_model.php 235
ERROR - 2016-12-28 17:52:54 --> Severity: Notice --> Trying to get property of non-object C:\xampp\htdocs\back_inscribite\application\modules\web\models\decodificador\Decodificador_model.php 254
ERROR - 2016-12-28 17:52:54 --> Query error: You have an error in your SQL syntax; check the manual that corresponds to your MySQL server version for the right syntax to use near 'WHERE dni = '25097611' OR dni = '25097611'' at line 1 - Invalid query: UPDATE inscribite_usuarios SET puntos = puntos+ WHERE dni = '25097611' OR dni = '25097611' 
ERROR - 2016-12-28 17:52:54 --> Severity: Warning --> Cannot modify header information - headers already sent by (output started at C:\xampp\htdocs\back_inscribite\system\core\Exceptions.php:272) C:\xampp\htdocs\back_inscribite\system\core\Common.php 573
ERROR - 2016-12-28 17:55:34 --> $config['composer_autoload'] is set to TRUE but C:\xampp\htdocs\back_inscribite\application\vendor/autoload.php was not found.
ERROR - 2016-12-28 17:55:37 --> Severity: Notice --> Undefined variable: rp C:\xampp\htdocs\back_inscribite\application\modules\web\models\decodificador\Decodificador_model.php 47
ERROR - 2016-12-28 17:55:37 --> Severity: Notice --> Undefined variable: pmc C:\xampp\htdocs\back_inscribite\application\modules\web\models\decodificador\Decodificador_model.php 48
ERROR - 2016-12-28 17:55:37 --> $config['composer_autoload'] is set to TRUE but C:\xampp\htdocs\back_inscribite\application\vendor/autoload.php was not found.
ERROR - 2016-12-28 17:55:38 --> $config['composer_autoload'] is set to TRUE but C:\xampp\htdocs\back_inscribite\application\vendor/autoload.php was not found.
ERROR - 2016-12-28 17:55:40 --> $config['composer_autoload'] is set to TRUE but C:\xampp\htdocs\back_inscribite\application\vendor/autoload.php was not found.
ERROR - 2016-12-28 17:55:40 --> 404 Page Not Found: /index
ERROR - 2016-12-28 17:55:53 --> $config['composer_autoload'] is set to TRUE but C:\xampp\htdocs\back_inscribite\application\vendor/autoload.php was not found.
ERROR - 2016-12-28 17:55:57 --> Severity: Notice --> Undefined variable: rp C:\xampp\htdocs\back_inscribite\application\modules\web\models\decodificador\Decodificador_model.php 47
ERROR - 2016-12-28 17:55:57 --> Severity: Notice --> Undefined variable: pmc C:\xampp\htdocs\back_inscribite\application\modules\web\models\decodificador\Decodificador_model.php 48
ERROR - 2016-12-28 17:55:57 --> $config['composer_autoload'] is set to TRUE but C:\xampp\htdocs\back_inscribite\application\vendor/autoload.php was not found.
ERROR - 2016-12-28 17:55:57 --> $config['composer_autoload'] is set to TRUE but C:\xampp\htdocs\back_inscribite\application\vendor/autoload.php was not found.
