ERROR - 2016-10-14 17:31:30 --> $config['composer_autoload'] is set to TRUE but C:\xampp\htdocs\back_inscribite\application\vendor/autoload.php was not found.
ERROR - 2016-10-14 17:31:30 --> $config['composer_autoload'] is set to TRUE but C:\xampp\htdocs\back_inscribite\application\vendor/autoload.php was not found.
ERROR - 2016-10-14 17:31:30 --> $config['composer_autoload'] is set to TRUE but C:\xampp\htdocs\back_inscribite\application\vendor/autoload.php was not found.
ERROR - 2016-10-14 17:31:30 --> $config['composer_autoload'] is set to TRUE but C:\xampp\htdocs\back_inscribite\application\vendor/autoload.php was not found.
ERROR - 2016-10-14 17:31:30 --> $config['composer_autoload'] is set to TRUE but C:\xampp\htdocs\back_inscribite\application\vendor/autoload.php was not found.
ERROR - 2016-10-14 17:31:30 --> 404 Page Not Found: /index
ERROR - 2016-10-14 17:31:30 --> 404 Page Not Found: /index
ERROR - 2016-10-14 17:31:30 --> 404 Page Not Found: /index
ERROR - 2016-10-14 17:31:30 --> 404 Page Not Found: /index
ERROR - 2016-10-14 17:31:30 --> $config['composer_autoload'] is set to TRUE but C:\xampp\htdocs\back_inscribite\application\vendor/autoload.php was not found.
ERROR - 2016-10-14 17:31:30 --> 404 Page Not Found: /index
ERROR - 2016-10-14 17:31:31 --> $config['composer_autoload'] is set to TRUE but C:\xampp\htdocs\back_inscribite\application\vendor/autoload.php was not found.
ERROR - 2016-10-14 17:31:31 --> 404 Page Not Found: /index
ERROR - 2016-10-14 17:31:38 --> $config['composer_autoload'] is set to TRUE but C:\xampp\htdocs\back_inscribite\application\vendor/autoload.php was not found.
ERROR - 2016-10-14 17:31:38 --> $config['composer_autoload'] is set to TRUE but C:\xampp\htdocs\back_inscribite\application\vendor/autoload.php was not found.
ERROR - 2016-10-14 17:31:38 --> $config['composer_autoload'] is set to TRUE but C:\xampp\htdocs\back_inscribite\application\vendor/autoload.php was not found.
ERROR - 2016-10-14 17:31:38 --> $config['composer_autoload'] is set to TRUE but C:\xampp\htdocs\back_inscribite\application\vendor/autoload.php was not found.
ERROR - 2016-10-14 17:31:38 --> $config['composer_autoload'] is set to TRUE but C:\xampp\htdocs\back_inscribite\application\vendor/autoload.php was not found.
ERROR - 2016-10-14 17:31:38 --> $config['composer_autoload'] is set to TRUE but C:\xampp\htdocs\back_inscribite\application\vendor/autoload.php was not found.
ERROR - 2016-10-14 17:31:38 --> 404 Page Not Found: /index
ERROR - 2016-10-14 17:31:38 --> 404 Page Not Found: /index
ERROR - 2016-10-14 17:31:38 --> 404 Page Not Found: /index
ERROR - 2016-10-14 17:31:38 --> 404 Page Not Found: /index
ERROR - 2016-10-14 17:31:38 --> $config['composer_autoload'] is set to TRUE but C:\xampp\htdocs\back_inscribite\application\vendor/autoload.php was not found.
ERROR - 2016-10-14 17:31:38 --> 404 Page Not Found: /index
ERROR - 2016-10-14 17:32:17 --> $config['composer_autoload'] is set to TRUE but C:\xampp\htdocs\back_inscribite\application\vendor/autoload.php was not found.
ERROR - 2016-10-14 17:32:17 --> $config['composer_autoload'] is set to TRUE but C:\xampp\htdocs\back_inscribite\application\vendor/autoload.php was not found.
ERROR - 2016-10-14 17:32:17 --> Severity: error --> Exception: An exception occurred while executing 'SELECT t0.vin_id AS vin_id_1, t0.vin_nombre AS vin_nombre_2, t0.vin_bodega AS vin_bodega_3, t0.vin_cosecha AS vin_cosecha_4, t0.vin_region AS vin_region_5, t0.vin_apelacion AS vin_apelacion_6, t0.vin_descripcion AS vin_descripcion_7, t0.vin_pais AS vin_pais_8, t0.vin_variedad AS vin_variedad_9, t0.vin_corte AS vin_corte_10, t0.vin_foto AS vin_foto_11, t0.vin_pts_ws AS vin_pts_ws_12, t0.vin_pts_parker AS vin_pts_parker_13, t0.vin_pts_atkien AS vin_pts_atkien_14, t0.vin_pts_suckling AS vin_pts_suckling_15, t0.vin_pts_stanzer AS vin_pts_stanzer_16, t0.vin_crianza AS vin_crianza_17, t0.vin_alcohol AS vin_alcohol_18, t0.vin_enologo AS vin_enologo_19, t0.vin_precio_sugerido AS vin_precio_sugerido_20, t0.vin_precio AS vin_precio_21, t0.vin_precio_costo AS vin_precio_costo_22, t0.vin_caja AS vin_caja_23, t0.vin_sin_wineid AS vin_sin_wineid_24 FROM vino t0':

SQLSTATE[42S02]: Base table or view not found: 1146 Table 'admin_inscribite.vino' doesn't exist C:\xampp\htdocs\back_inscribite\vendor\doctrine\dbal\lib\Doctrine\DBAL\Driver\AbstractMySQLDriver.php 53
ERROR - 2016-10-14 17:32:28 --> $config['composer_autoload'] is set to TRUE but C:\xampp\htdocs\back_inscribite\application\vendor/autoload.php was not found.
ERROR - 2016-10-14 17:32:28 --> $config['composer_autoload'] is set to TRUE but C:\xampp\htdocs\back_inscribite\application\vendor/autoload.php was not found.
ERROR - 2016-10-14 17:32:28 --> $config['composer_autoload'] is set to TRUE but C:\xampp\htdocs\back_inscribite\application\vendor/autoload.php was not found.
ERROR - 2016-10-14 17:32:28 --> 404 Page Not Found: /index
ERROR - 2016-10-14 17:32:28 --> 404 Page Not Found: /index
ERROR - 2016-10-14 17:32:29 --> $config['composer_autoload'] is set to TRUE but C:\xampp\htdocs\back_inscribite\application\vendor/autoload.php was not found.
ERROR - 2016-10-14 17:32:29 --> 404 Page Not Found: /index
ERROR - 2016-10-14 17:32:29 --> $config['composer_autoload'] is set to TRUE but C:\xampp\htdocs\back_inscribite\application\vendor/autoload.php was not found.
ERROR - 2016-10-14 17:32:29 --> 404 Page Not Found: /index
ERROR - 2016-10-14 17:32:29 --> $config['composer_autoload'] is set to TRUE but C:\xampp\htdocs\back_inscribite\application\vendor/autoload.php was not found.
ERROR - 2016-10-14 17:32:29 --> $config['composer_autoload'] is set to TRUE but C:\xampp\htdocs\back_inscribite\application\vendor/autoload.php was not found.
ERROR - 2016-10-14 17:32:29 --> $config['composer_autoload'] is set to TRUE but C:\xampp\htdocs\back_inscribite\application\vendor/autoload.php was not found.
ERROR - 2016-10-14 17:32:29 --> Severity: Error --> Call to undefined function esRol() C:\xampp\htdocs\back_inscribite\application\modules\web\modelo\Pago.php 173
ERROR - 2016-10-14 17:32:29 --> Severity: Error --> Call to undefined function esRol() C:\xampp\htdocs\back_inscribite\application\modules\web\modelo\Pago.php 173
ERROR - 2016-10-14 17:32:47 --> $config['composer_autoload'] is set to TRUE but C:\xampp\htdocs\back_inscribite\application\vendor/autoload.php was not found.
ERROR - 2016-10-14 17:32:48 --> $config['composer_autoload'] is set to TRUE but C:\xampp\htdocs\back_inscribite\application\vendor/autoload.php was not found.
ERROR - 2016-10-14 17:32:48 --> $config['composer_autoload'] is set to TRUE but C:\xampp\htdocs\back_inscribite\application\vendor/autoload.php was not found.
ERROR - 2016-10-14 17:32:48 --> 404 Page Not Found: /index
ERROR - 2016-10-14 17:32:48 --> 404 Page Not Found: /index
ERROR - 2016-10-14 17:32:48 --> $config['composer_autoload'] is set to TRUE but C:\xampp\htdocs\back_inscribite\application\vendor/autoload.php was not found.
ERROR - 2016-10-14 17:32:48 --> 404 Page Not Found: /index
ERROR - 2016-10-14 17:32:48 --> $config['composer_autoload'] is set to TRUE but C:\xampp\htdocs\back_inscribite\application\vendor/autoload.php was not found.
ERROR - 2016-10-14 17:32:48 --> 404 Page Not Found: /index
ERROR - 2016-10-14 17:32:48 --> $config['composer_autoload'] is set to TRUE but C:\xampp\htdocs\back_inscribite\application\vendor/autoload.php was not found.
ERROR - 2016-10-14 17:32:48 --> $config['composer_autoload'] is set to TRUE but C:\xampp\htdocs\back_inscribite\application\vendor/autoload.php was not found.
ERROR - 2016-10-14 17:32:48 --> $config['composer_autoload'] is set to TRUE but C:\xampp\htdocs\back_inscribite\application\vendor/autoload.php was not found.
ERROR - 2016-10-14 17:32:49 --> Severity: Error --> Call to undefined function esRol() C:\xampp\htdocs\back_inscribite\application\modules\web\modelo\Pago.php 173
ERROR - 2016-10-14 17:32:49 --> Severity: Error --> Call to undefined function esRol() C:\xampp\htdocs\back_inscribite\application\modules\web\modelo\Pago.php 173
ERROR - 2016-10-14 17:33:05 --> $config['composer_autoload'] is set to TRUE but C:\xampp\htdocs\back_inscribite\application\vendor/autoload.php was not found.
ERROR - 2016-10-14 17:33:06 --> $config['composer_autoload'] is set to TRUE but C:\xampp\htdocs\back_inscribite\application\vendor/autoload.php was not found.
ERROR - 2016-10-14 17:33:06 --> $config['composer_autoload'] is set to TRUE but C:\xampp\htdocs\back_inscribite\application\vendor/autoload.php was not found.
ERROR - 2016-10-14 17:33:06 --> 404 Page Not Found: /index
ERROR - 2016-10-14 17:33:06 --> 404 Page Not Found: /index
ERROR - 2016-10-14 17:33:06 --> $config['composer_autoload'] is set to TRUE but C:\xampp\htdocs\back_inscribite\application\vendor/autoload.php was not found.
ERROR - 2016-10-14 17:33:06 --> 404 Page Not Found: /index
ERROR - 2016-10-14 17:33:06 --> $config['composer_autoload'] is set to TRUE but C:\xampp\htdocs\back_inscribite\application\vendor/autoload.php was not found.
ERROR - 2016-10-14 17:33:06 --> 404 Page Not Found: /index
ERROR - 2016-10-14 17:33:06 --> $config['composer_autoload'] is set to TRUE but C:\xampp\htdocs\back_inscribite\application\vendor/autoload.php was not found.
ERROR - 2016-10-14 17:33:06 --> $config['composer_autoload'] is set to TRUE but C:\xampp\htdocs\back_inscribite\application\vendor/autoload.php was not found.
ERROR - 2016-10-14 17:33:06 --> $config['composer_autoload'] is set to TRUE but C:\xampp\htdocs\back_inscribite\application\vendor/autoload.php was not found.
ERROR - 2016-10-14 17:33:06 --> Severity: Error --> Call to undefined function esRol() C:\xampp\htdocs\back_inscribite\application\modules\web\modelo\Pago.php 173
ERROR - 2016-10-14 17:33:06 --> Severity: Error --> Call to undefined function esRol() C:\xampp\htdocs\back_inscribite\application\modules\web\modelo\Pago.php 173
ERROR - 2016-10-14 17:33:07 --> $config['composer_autoload'] is set to TRUE but C:\xampp\htdocs\back_inscribite\application\vendor/autoload.php was not found.
ERROR - 2016-10-14 17:33:07 --> 404 Page Not Found: /index
ERROR - 2016-10-14 17:33:18 --> $config['composer_autoload'] is set to TRUE but C:\xampp\htdocs\back_inscribite\application\vendor/autoload.php was not found.
ERROR - 2016-10-14 17:33:19 --> $config['composer_autoload'] is set to TRUE but C:\xampp\htdocs\back_inscribite\application\vendor/autoload.php was not found.
ERROR - 2016-10-14 17:33:19 --> $config['composer_autoload'] is set to TRUE but C:\xampp\htdocs\back_inscribite\application\vendor/autoload.php was not found.
ERROR - 2016-10-14 17:33:19 --> 404 Page Not Found: /index
ERROR - 2016-10-14 17:33:19 --> 404 Page Not Found: /index
ERROR - 2016-10-14 17:33:19 --> $config['composer_autoload'] is set to TRUE but C:\xampp\htdocs\back_inscribite\application\vendor/autoload.php was not found.
ERROR - 2016-10-14 17:33:19 --> 404 Page Not Found: /index
ERROR - 2016-10-14 17:33:19 --> $config['composer_autoload'] is set to TRUE but C:\xampp\htdocs\back_inscribite\application\vendor/autoload.php was not found.
ERROR - 2016-10-14 17:33:19 --> 404 Page Not Found: /index
ERROR - 2016-10-14 17:33:19 --> $config['composer_autoload'] is set to TRUE but C:\xampp\htdocs\back_inscribite\application\vendor/autoload.php was not found.
ERROR - 2016-10-14 17:33:19 --> $config['composer_autoload'] is set to TRUE but C:\xampp\htdocs\back_inscribite\application\vendor/autoload.php was not found.
ERROR - 2016-10-14 17:33:19 --> 404 Page Not Found: /index
ERROR - 2016-10-14 17:33:25 --> $config['composer_autoload'] is set to TRUE but C:\xampp\htdocs\back_inscribite\application\vendor/autoload.php was not found.
ERROR - 2016-10-14 17:33:25 --> $config['composer_autoload'] is set to TRUE but C:\xampp\htdocs\back_inscribite\application\vendor/autoload.php was not found.
ERROR - 2016-10-14 17:33:25 --> $config['composer_autoload'] is set to TRUE but C:\xampp\htdocs\back_inscribite\application\vendor/autoload.php was not found.
ERROR - 2016-10-14 17:33:25 --> 404 Page Not Found: /index
ERROR - 2016-10-14 17:33:25 --> 404 Page Not Found: /index
ERROR - 2016-10-14 17:33:25 --> $config['composer_autoload'] is set to TRUE but C:\xampp\htdocs\back_inscribite\application\vendor/autoload.php was not found.
ERROR - 2016-10-14 17:33:25 --> 404 Page Not Found: /index
ERROR - 2016-10-14 17:33:25 --> $config['composer_autoload'] is set to TRUE but C:\xampp\htdocs\back_inscribite\application\vendor/autoload.php was not found.
ERROR - 2016-10-14 17:33:26 --> $config['composer_autoload'] is set to TRUE but C:\xampp\htdocs\back_inscribite\application\vendor/autoload.php was not found.
ERROR - 2016-10-14 17:33:27 --> $config['composer_autoload'] is set to TRUE but C:\xampp\htdocs\back_inscribite\application\vendor/autoload.php was not found.
ERROR - 2016-10-14 17:33:29 --> $config['composer_autoload'] is set to TRUE but C:\xampp\htdocs\back_inscribite\application\vendor/autoload.php was not found.
ERROR - 2016-10-14 17:33:29 --> $config['composer_autoload'] is set to TRUE but C:\xampp\htdocs\back_inscribite\application\vendor/autoload.php was not found.
ERROR - 2016-10-14 17:33:29 --> $config['composer_autoload'] is set to TRUE but C:\xampp\htdocs\back_inscribite\application\vendor/autoload.php was not found.
ERROR - 2016-10-14 17:33:29 --> 404 Page Not Found: /index
ERROR - 2016-10-14 17:33:29 --> 404 Page Not Found: /index
ERROR - 2016-10-14 17:33:29 --> $config['composer_autoload'] is set to TRUE but C:\xampp\htdocs\back_inscribite\application\vendor/autoload.php was not found.
ERROR - 2016-10-14 17:33:29 --> 404 Page Not Found: /index
ERROR - 2016-10-14 17:33:29 --> $config['composer_autoload'] is set to TRUE but C:\xampp\htdocs\back_inscribite\application\vendor/autoload.php was not found.
ERROR - 2016-10-14 17:34:38 --> $config['composer_autoload'] is set to TRUE but C:\xampp\htdocs\back_inscribite\application\vendor/autoload.php was not found.
ERROR - 2016-10-14 17:34:38 --> $config['composer_autoload'] is set to TRUE but C:\xampp\htdocs\back_inscribite\application\vendor/autoload.php was not found.
ERROR - 2016-10-14 17:34:38 --> $config['composer_autoload'] is set to TRUE but C:\xampp\htdocs\back_inscribite\application\vendor/autoload.php was not found.
ERROR - 2016-10-14 17:34:38 --> 404 Page Not Found: /index
ERROR - 2016-10-14 17:34:38 --> 404 Page Not Found: /index
ERROR - 2016-10-14 17:34:38 --> $config['composer_autoload'] is set to TRUE but C:\xampp\htdocs\back_inscribite\application\vendor/autoload.php was not found.
ERROR - 2016-10-14 17:34:39 --> 404 Page Not Found: /index
ERROR - 2016-10-14 17:34:39 --> $config['composer_autoload'] is set to TRUE but C:\xampp\htdocs\back_inscribite\application\vendor/autoload.php was not found.
ERROR - 2016-10-14 17:34:39 --> 404 Page Not Found: /index
ERROR - 2016-10-14 17:34:39 --> $config['composer_autoload'] is set to TRUE but C:\xampp\htdocs\back_inscribite\application\vendor/autoload.php was not found.
ERROR - 2016-10-14 17:34:39 --> $config['composer_autoload'] is set to TRUE but C:\xampp\htdocs\back_inscribite\application\vendor/autoload.php was not found.
ERROR - 2016-10-14 17:34:39 --> $config['composer_autoload'] is set to TRUE but C:\xampp\htdocs\back_inscribite\application\vendor/autoload.php was not found.
ERROR - 2016-10-14 17:34:39 --> $config['composer_autoload'] is set to TRUE but C:\xampp\htdocs\back_inscribite\application\vendor/autoload.php was not found.
ERROR - 2016-10-14 17:34:39 --> 404 Page Not Found: /index
ERROR - 2016-10-14 17:35:36 --> $config['composer_autoload'] is set to TRUE but C:\xampp\htdocs\back_inscribite\application\vendor/autoload.php was not found.
ERROR - 2016-10-14 17:35:36 --> $config['composer_autoload'] is set to TRUE but C:\xampp\htdocs\back_inscribite\application\vendor/autoload.php was not found.
ERROR - 2016-10-14 17:35:36 --> $config['composer_autoload'] is set to TRUE but C:\xampp\htdocs\back_inscribite\application\vendor/autoload.php was not found.
ERROR - 2016-10-14 17:35:36 --> 404 Page Not Found: /index
ERROR - 2016-10-14 17:35:36 --> 404 Page Not Found: /index
ERROR - 2016-10-14 17:35:36 --> $config['composer_autoload'] is set to TRUE but C:\xampp\htdocs\back_inscribite\application\vendor/autoload.php was not found.
ERROR - 2016-10-14 17:35:36 --> 404 Page Not Found: /index
ERROR - 2016-10-14 17:35:36 --> $config['composer_autoload'] is set to TRUE but C:\xampp\htdocs\back_inscribite\application\vendor/autoload.php was not found.
ERROR - 2016-10-14 17:35:36 --> 404 Page Not Found: /index
ERROR - 2016-10-14 17:35:36 --> $config['composer_autoload'] is set to TRUE but C:\xampp\htdocs\back_inscribite\application\vendor/autoload.php was not found.
ERROR - 2016-10-14 17:35:37 --> $config['composer_autoload'] is set to TRUE but C:\xampp\htdocs\back_inscribite\application\vendor/autoload.php was not found.
ERROR - 2016-10-14 17:35:37 --> 404 Page Not Found: /index
ERROR - 2016-10-14 17:35:56 --> $config['composer_autoload'] is set to TRUE but C:\xampp\htdocs\back_inscribite\application\vendor/autoload.php was not found.
ERROR - 2016-10-14 17:35:56 --> $config['composer_autoload'] is set to TRUE but C:\xampp\htdocs\back_inscribite\application\vendor/autoload.php was not found.
ERROR - 2016-10-14 17:35:56 --> $config['composer_autoload'] is set to TRUE but C:\xampp\htdocs\back_inscribite\application\vendor/autoload.php was not found.
ERROR - 2016-10-14 17:35:56 --> 404 Page Not Found: /index
ERROR - 2016-10-14 17:35:56 --> 404 Page Not Found: /index
ERROR - 2016-10-14 17:35:57 --> $config['composer_autoload'] is set to TRUE but C:\xampp\htdocs\back_inscribite\application\vendor/autoload.php was not found.
ERROR - 2016-10-14 17:35:57 --> 404 Page Not Found: /index
ERROR - 2016-10-14 17:35:57 --> $config['composer_autoload'] is set to TRUE but C:\xampp\htdocs\back_inscribite\application\vendor/autoload.php was not found.
ERROR - 2016-10-14 17:35:57 --> 404 Page Not Found: /index
ERROR - 2016-10-14 17:35:57 --> $config['composer_autoload'] is set to TRUE but C:\xampp\htdocs\back_inscribite\application\vendor/autoload.php was not found.
ERROR - 2016-10-14 17:35:57 --> $config['composer_autoload'] is set to TRUE but C:\xampp\htdocs\back_inscribite\application\vendor/autoload.php was not found.
ERROR - 2016-10-14 17:35:57 --> 404 Page Not Found: /index
ERROR - 2016-10-14 17:36:25 --> $config['composer_autoload'] is set to TRUE but C:\xampp\htdocs\back_inscribite\application\vendor/autoload.php was not found.
ERROR - 2016-10-14 17:36:25 --> $config['composer_autoload'] is set to TRUE but C:\xampp\htdocs\back_inscribite\application\vendor/autoload.php was not found.
ERROR - 2016-10-14 17:36:25 --> $config['composer_autoload'] is set to TRUE but C:\xampp\htdocs\back_inscribite\application\vendor/autoload.php was not found.
ERROR - 2016-10-14 17:36:26 --> 404 Page Not Found: /index
ERROR - 2016-10-14 17:36:26 --> 404 Page Not Found: /index
ERROR - 2016-10-14 17:36:27 --> $config['composer_autoload'] is set to TRUE but C:\xampp\htdocs\back_inscribite\application\vendor/autoload.php was not found.
ERROR - 2016-10-14 17:36:27 --> 404 Page Not Found: /index
ERROR - 2016-10-14 17:36:27 --> $config['composer_autoload'] is set to TRUE but C:\xampp\htdocs\back_inscribite\application\vendor/autoload.php was not found.
ERROR - 2016-10-14 17:36:27 --> 404 Page Not Found: /index
ERROR - 2016-10-14 17:36:27 --> $config['composer_autoload'] is set to TRUE but C:\xampp\htdocs\back_inscribite\application\vendor/autoload.php was not found.
ERROR - 2016-10-14 17:36:27 --> $config['composer_autoload'] is set to TRUE but C:\xampp\htdocs\back_inscribite\application\vendor/autoload.php was not found.
ERROR - 2016-10-14 17:36:27 --> 404 Page Not Found: /index
ERROR - 2016-10-14 17:36:35 --> $config['composer_autoload'] is set to TRUE but C:\xampp\htdocs\back_inscribite\application\vendor/autoload.php was not found.
ERROR - 2016-10-14 17:36:35 --> $config['composer_autoload'] is set to TRUE but C:\xampp\htdocs\back_inscribite\application\vendor/autoload.php was not found.
ERROR - 2016-10-14 17:36:35 --> $config['composer_autoload'] is set to TRUE but C:\xampp\htdocs\back_inscribite\application\vendor/autoload.php was not found.
ERROR - 2016-10-14 17:36:35 --> 404 Page Not Found: /index
ERROR - 2016-10-14 17:36:35 --> 404 Page Not Found: /index
ERROR - 2016-10-14 17:36:35 --> $config['composer_autoload'] is set to TRUE but C:\xampp\htdocs\back_inscribite\application\vendor/autoload.php was not found.
ERROR - 2016-10-14 17:36:35 --> 404 Page Not Found: /index
ERROR - 2016-10-14 17:36:35 --> $config['composer_autoload'] is set to TRUE but C:\xampp\htdocs\back_inscribite\application\vendor/autoload.php was not found.
ERROR - 2016-10-14 17:36:35 --> 404 Page Not Found: /index
ERROR - 2016-10-14 17:36:35 --> $config['composer_autoload'] is set to TRUE but C:\xampp\htdocs\back_inscribite\application\vendor/autoload.php was not found.
ERROR - 2016-10-14 17:36:35 --> $config['composer_autoload'] is set to TRUE but C:\xampp\htdocs\back_inscribite\application\vendor/autoload.php was not found.
ERROR - 2016-10-14 17:36:36 --> 404 Page Not Found: /index
ERROR - 2016-10-14 17:36:48 --> $config['composer_autoload'] is set to TRUE but C:\xampp\htdocs\back_inscribite\application\vendor/autoload.php was not found.
ERROR - 2016-10-14 17:36:48 --> $config['composer_autoload'] is set to TRUE but C:\xampp\htdocs\back_inscribite\application\vendor/autoload.php was not found.
ERROR - 2016-10-14 17:36:48 --> $config['composer_autoload'] is set to TRUE but C:\xampp\htdocs\back_inscribite\application\vendor/autoload.php was not found.
ERROR - 2016-10-14 17:36:48 --> 404 Page Not Found: /index
ERROR - 2016-10-14 17:36:48 --> 404 Page Not Found: /index
ERROR - 2016-10-14 17:36:48 --> $config['composer_autoload'] is set to TRUE but C:\xampp\htdocs\back_inscribite\application\vendor/autoload.php was not found.
ERROR - 2016-10-14 17:36:48 --> 404 Page Not Found: /index
ERROR - 2016-10-14 17:36:48 --> $config['composer_autoload'] is set to TRUE but C:\xampp\htdocs\back_inscribite\application\vendor/autoload.php was not found.
ERROR - 2016-10-14 17:36:48 --> 404 Page Not Found: /index
ERROR - 2016-10-14 17:36:48 --> $config['composer_autoload'] is set to TRUE but C:\xampp\htdocs\back_inscribite\application\vendor/autoload.php was not found.
ERROR - 2016-10-14 17:36:50 --> $config['composer_autoload'] is set to TRUE but C:\xampp\htdocs\back_inscribite\application\vendor/autoload.php was not found.
ERROR - 2016-10-14 17:36:50 --> $config['composer_autoload'] is set to TRUE but C:\xampp\htdocs\back_inscribite\application\vendor/autoload.php was not found.
ERROR - 2016-10-14 17:37:22 --> $config['composer_autoload'] is set to TRUE but C:\xampp\htdocs\back_inscribite\application\vendor/autoload.php was not found.
ERROR - 2016-10-14 17:40:13 --> $config['composer_autoload'] is set to TRUE but C:\xampp\htdocs\back_inscribite\application\vendor/autoload.php was not found.
ERROR - 2016-10-14 17:40:15 --> $config['composer_autoload'] is set to TRUE but C:\xampp\htdocs\back_inscribite\application\vendor/autoload.php was not found.
ERROR - 2016-10-14 17:40:15 --> 404 Page Not Found: /index
ERROR - 2016-10-14 17:40:45 --> $config['composer_autoload'] is set to TRUE but C:\xampp\htdocs\back_inscribite\application\vendor/autoload.php was not found.
ERROR - 2016-10-14 17:40:46 --> $config['composer_autoload'] is set to TRUE but C:\xampp\htdocs\back_inscribite\application\vendor/autoload.php was not found.
ERROR - 2016-10-14 17:40:46 --> 404 Page Not Found: /index
ERROR - 2016-10-14 17:41:36 --> $config['composer_autoload'] is set to TRUE but C:\xampp\htdocs\back_inscribite\application\vendor/autoload.php was not found.
ERROR - 2016-10-14 17:41:37 --> $config['composer_autoload'] is set to TRUE but C:\xampp\htdocs\back_inscribite\application\vendor/autoload.php was not found.
ERROR - 2016-10-14 17:41:46 --> $config['composer_autoload'] is set to TRUE but C:\xampp\htdocs\back_inscribite\application\vendor/autoload.php was not found.
ERROR - 2016-10-14 17:41:46 --> $config['composer_autoload'] is set to TRUE but C:\xampp\htdocs\back_inscribite\application\vendor/autoload.php was not found.
ERROR - 2016-10-14 17:41:46 --> Severity: error --> Exception: The target-entity Cuentaempresa cannot be found in 'Liquidacioncuentas#cuenta'. C:\xampp\htdocs\back_inscribite\vendor\doctrine\orm\lib\Doctrine\ORM\Mapping\MappingException.php 762
ERROR - 2016-10-14 17:41:47 --> $config['composer_autoload'] is set to TRUE but C:\xampp\htdocs\back_inscribite\application\vendor/autoload.php was not found.
ERROR - 2016-10-14 17:41:48 --> $config['composer_autoload'] is set to TRUE but C:\xampp\htdocs\back_inscribite\application\vendor/autoload.php was not found.
ERROR - 2016-10-14 17:41:48 --> $config['composer_autoload'] is set to TRUE but C:\xampp\htdocs\back_inscribite\application\vendor/autoload.php was not found.
ERROR - 2016-10-14 17:41:48 --> 404 Page Not Found: /index
ERROR - 2016-10-14 17:41:48 --> 404 Page Not Found: /index
ERROR - 2016-10-14 17:41:48 --> $config['composer_autoload'] is set to TRUE but C:\xampp\htdocs\back_inscribite\application\vendor/autoload.php was not found.
ERROR - 2016-10-14 17:42:12 --> $config['composer_autoload'] is set to TRUE but C:\xampp\htdocs\back_inscribite\application\vendor/autoload.php was not found.
ERROR - 2016-10-14 17:42:12 --> $config['composer_autoload'] is set to TRUE but C:\xampp\htdocs\back_inscribite\application\vendor/autoload.php was not found.
ERROR - 2016-10-14 17:42:12 --> $config['composer_autoload'] is set to TRUE but C:\xampp\htdocs\back_inscribite\application\vendor/autoload.php was not found.
ERROR - 2016-10-14 17:42:12 --> 404 Page Not Found: /index
ERROR - 2016-10-14 17:42:12 --> 404 Page Not Found: /index
ERROR - 2016-10-14 17:42:13 --> $config['composer_autoload'] is set to TRUE but C:\xampp\htdocs\back_inscribite\application\vendor/autoload.php was not found.
ERROR - 2016-10-14 17:42:13 --> 404 Page Not Found: /index
ERROR - 2016-10-14 17:42:13 --> $config['composer_autoload'] is set to TRUE but C:\xampp\htdocs\back_inscribite\application\vendor/autoload.php was not found.
ERROR - 2016-10-14 17:42:13 --> 404 Page Not Found: /index
ERROR - 2016-10-14 17:42:14 --> $config['composer_autoload'] is set to TRUE but C:\xampp\htdocs\back_inscribite\application\vendor/autoload.php was not found.
ERROR - 2016-10-14 17:42:14 --> $config['composer_autoload'] is set to TRUE but C:\xampp\htdocs\back_inscribite\application\vendor/autoload.php was not found.
ERROR - 2016-10-14 17:42:14 --> 404 Page Not Found: /index
ERROR - 2016-10-14 17:42:15 --> $config['composer_autoload'] is set to TRUE but C:\xampp\htdocs\back_inscribite\application\vendor/autoload.php was not found.
ERROR - 2016-10-14 17:42:15 --> 404 Page Not Found: /index
ERROR - 2016-10-14 17:42:16 --> $config['composer_autoload'] is set to TRUE but C:\xampp\htdocs\back_inscribite\application\vendor/autoload.php was not found.
ERROR - 2016-10-14 17:42:16 --> $config['composer_autoload'] is set to TRUE but C:\xampp\htdocs\back_inscribite\application\vendor/autoload.php was not found.
ERROR - 2016-10-14 17:42:16 --> $config['composer_autoload'] is set to TRUE but C:\xampp\htdocs\back_inscribite\application\vendor/autoload.php was not found.
ERROR - 2016-10-14 17:42:16 --> 404 Page Not Found: /index
ERROR - 2016-10-14 17:42:16 --> 404 Page Not Found: /index
ERROR - 2016-10-14 17:42:16 --> $config['composer_autoload'] is set to TRUE but C:\xampp\htdocs\back_inscribite\application\vendor/autoload.php was not found.
ERROR - 2016-10-14 17:42:16 --> 404 Page Not Found: /index
ERROR - 2016-10-14 17:42:16 --> $config['composer_autoload'] is set to TRUE but C:\xampp\htdocs\back_inscribite\application\vendor/autoload.php was not found.
ERROR - 2016-10-14 17:42:16 --> 404 Page Not Found: /index
ERROR - 2016-10-14 17:42:24 --> $config['composer_autoload'] is set to TRUE but C:\xampp\htdocs\back_inscribite\application\vendor/autoload.php was not found.
ERROR - 2016-10-14 17:42:24 --> 404 Page Not Found: /index
ERROR - 2016-10-14 17:42:25 --> $config['composer_autoload'] is set to TRUE but C:\xampp\htdocs\back_inscribite\application\vendor/autoload.php was not found.
ERROR - 2016-10-14 17:42:25 --> $config['composer_autoload'] is set to TRUE but C:\xampp\htdocs\back_inscribite\application\vendor/autoload.php was not found.
ERROR - 2016-10-14 17:42:25 --> $config['composer_autoload'] is set to TRUE but C:\xampp\htdocs\back_inscribite\application\vendor/autoload.php was not found.
ERROR - 2016-10-14 17:42:25 --> 404 Page Not Found: /index
ERROR - 2016-10-14 17:42:25 --> 404 Page Not Found: /index
ERROR - 2016-10-14 17:42:26 --> $config['composer_autoload'] is set to TRUE but C:\xampp\htdocs\back_inscribite\application\vendor/autoload.php was not found.
ERROR - 2016-10-14 17:42:26 --> 404 Page Not Found: /index
ERROR - 2016-10-14 17:42:26 --> $config['composer_autoload'] is set to TRUE but C:\xampp\htdocs\back_inscribite\application\vendor/autoload.php was not found.
ERROR - 2016-10-14 17:42:26 --> 404 Page Not Found: /index
ERROR - 2016-10-14 17:43:13 --> $config['composer_autoload'] is set to TRUE but C:\xampp\htdocs\back_inscribite\application\vendor/autoload.php was not found.
ERROR - 2016-10-14 17:45:31 --> $config['composer_autoload'] is set to TRUE but C:\xampp\htdocs\back_inscribite\application\vendor/autoload.php was not found.
ERROR - 2016-10-14 17:45:31 --> Severity: Notice --> Undefined variable: controles C:\xampp\htdocs\back_inscribite\application\modules\web\models\admin\Formulario_model.php 13
ERROR - 2016-10-14 17:45:33 --> $config['composer_autoload'] is set to TRUE but C:\xampp\htdocs\back_inscribite\application\vendor/autoload.php was not found.
ERROR - 2016-10-14 17:45:34 --> $config['composer_autoload'] is set to TRUE but C:\xampp\htdocs\back_inscribite\application\vendor/autoload.php was not found.
ERROR - 2016-10-14 17:45:34 --> Severity: error --> Exception: An exception occurred while executing 'SELECT c0_.cob_id AS cob_id_0, c0_.cob_fecha AS cob_fecha_1, c0_.cob_recibo AS cob_recibo_2, c0_.cob_adjunto AS cob_adjunto_3, c0_.cob_cantregistros AS cob_cantregistros_4, c0_.cob_importe AS cob_importe_5, c0_.cob_retenciones AS cob_retenciones_6, c0_.cob_ajustes AS cob_ajustes_7, c0_.cob_mediopago AS cob_mediopago_8 FROM cobro c0_ LIMIT 20 OFFSET 0':

SQLSTATE[42S22]: Column not found: 1054 Unknown column 'c0_.cob_id' in 'field list' C:\xampp\htdocs\back_inscribite\vendor\doctrine\dbal\lib\Doctrine\DBAL\Driver\AbstractMySQLDriver.php 71
ERROR - 2016-10-14 17:45:49 --> $config['composer_autoload'] is set to TRUE but C:\xampp\htdocs\back_inscribite\application\vendor/autoload.php was not found.
ERROR - 2016-10-14 17:45:50 --> $config['composer_autoload'] is set to TRUE but C:\xampp\htdocs\back_inscribite\application\vendor/autoload.php was not found.
ERROR - 2016-10-14 17:45:50 --> Severity: error --> Exception: An exception occurred while executing 'SELECT c0_.cob_id AS cob_id_0, c0_.cob_fecha AS cob_fecha_1, c0_.cob_recibo AS cob_recibo_2, c0_.cob_adjunto AS cob_adjunto_3, c0_.cob_cantregistros AS cob_cantregistros_4, c0_.cob_importe AS cob_importe_5, c0_.cob_retenciones AS cob_retenciones_6, c0_.cob_ajustes AS cob_ajustes_7, c0_.cob_mediopago AS cob_mediopago_8 FROM cobro c0_ LIMIT 20 OFFSET 0':

SQLSTATE[42S22]: Column not found: 1054 Unknown column 'c0_.cob_id' in 'field list' C:\xampp\htdocs\back_inscribite\vendor\doctrine\dbal\lib\Doctrine\DBAL\Driver\AbstractMySQLDriver.php 71
ERROR - 2016-10-14 17:46:29 --> $config['composer_autoload'] is set to TRUE but C:\xampp\htdocs\back_inscribite\application\vendor/autoload.php was not found.
ERROR - 2016-10-14 17:46:29 --> $config['composer_autoload'] is set to TRUE but C:\xampp\htdocs\back_inscribite\application\vendor/autoload.php was not found.
ERROR - 2016-10-14 17:46:30 --> Severity: error --> Exception: An exception occurred while executing 'SELECT c0_.cob_id AS cob_id_0, c0_.cob_fecha AS cob_fecha_1, c0_.cob_recibo AS cob_recibo_2, c0_.cob_adjunto AS cob_adjunto_3, c0_.cob_cantregistros AS cob_cantregistros_4, c0_.cob_importe AS cob_importe_5, c0_.cob_retenciones AS cob_retenciones_6, c0_.cob_ajustes AS cob_ajustes_7, c0_.cob_mediopago AS cob_mediopago_8 FROM cobro c0_ LIMIT 20 OFFSET 0':

SQLSTATE[42S22]: Column not found: 1054 Unknown column 'c0_.cob_id' in 'field list' C:\xampp\htdocs\back_inscribite\vendor\doctrine\dbal\lib\Doctrine\DBAL\Driver\AbstractMySQLDriver.php 71
ERROR - 2016-10-14 17:46:30 --> $config['composer_autoload'] is set to TRUE but C:\xampp\htdocs\back_inscribite\application\vendor/autoload.php was not found.
ERROR - 2016-10-14 17:46:30 --> 404 Page Not Found: /index
ERROR - 2016-10-14 17:46:58 --> $config['composer_autoload'] is set to TRUE but C:\xampp\htdocs\back_inscribite\application\vendor/autoload.php was not found.
ERROR - 2016-10-14 17:46:59 --> $config['composer_autoload'] is set to TRUE but C:\xampp\htdocs\back_inscribite\application\vendor/autoload.php was not found.
ERROR - 2016-10-14 17:46:59 --> Severity: error --> Exception: An exception occurred while executing 'SELECT c0_.cob_id AS cob_id_0, c0_.cob_fecha AS cob_fecha_1, c0_.cob_recibo AS cob_recibo_2, c0_.cob_adjunto AS cob_adjunto_3, c0_.cob_cantregistros AS cob_cantregistros_4, c0_.cob_importe AS cob_importe_5, c0_.cob_retenciones AS cob_retenciones_6, c0_.cob_ajustes AS cob_ajustes_7, c0_.cob_mediopago AS cob_mediopago_8 FROM cobro c0_ LIMIT 20 OFFSET 0':

SQLSTATE[42S22]: Column not found: 1054 Unknown column 'c0_.cob_id' in 'field list' C:\xampp\htdocs\back_inscribite\vendor\doctrine\dbal\lib\Doctrine\DBAL\Driver\AbstractMySQLDriver.php 71
ERROR - 2016-10-14 17:46:59 --> $config['composer_autoload'] is set to TRUE but C:\xampp\htdocs\back_inscribite\application\vendor/autoload.php was not found.
ERROR - 2016-10-14 17:46:59 --> 404 Page Not Found: /index
ERROR - 2016-10-14 17:47:28 --> $config['composer_autoload'] is set to TRUE but C:\xampp\htdocs\back_inscribite\application\vendor/autoload.php was not found.
ERROR - 2016-10-14 17:50:50 --> $config['composer_autoload'] is set to TRUE but C:\xampp\htdocs\back_inscribite\application\vendor/autoload.php was not found.
ERROR - 2016-10-14 17:50:51 --> Severity: Notice --> Undefined variable: controles C:\xampp\htdocs\back_inscribite\application\modules\web\models\admin\Formulario_model.php 13
ERROR - 2016-10-14 17:50:52 --> $config['composer_autoload'] is set to TRUE but C:\xampp\htdocs\back_inscribite\application\vendor/autoload.php was not found.
ERROR - 2016-10-14 17:51:06 --> $config['composer_autoload'] is set to TRUE but C:\xampp\htdocs\back_inscribite\application\vendor/autoload.php was not found.
ERROR - 2016-10-14 17:51:07 --> $config['composer_autoload'] is set to TRUE but C:\xampp\htdocs\back_inscribite\application\vendor/autoload.php was not found.
ERROR - 2016-10-14 17:51:07 --> Severity: error --> Exception: The target-entity Cuentaempresa cannot be found in 'Liquidacioncuentas#cuenta'. C:\xampp\htdocs\back_inscribite\vendor\doctrine\orm\lib\Doctrine\ORM\Mapping\MappingException.php 762
ERROR - 2016-10-14 17:51:24 --> $config['composer_autoload'] is set to TRUE but C:\xampp\htdocs\back_inscribite\application\vendor/autoload.php was not found.
ERROR - 2016-10-14 17:51:24 --> $config['composer_autoload'] is set to TRUE but C:\xampp\htdocs\back_inscribite\application\vendor/autoload.php was not found.
ERROR - 2016-10-14 17:51:24 --> $config['composer_autoload'] is set to TRUE but C:\xampp\htdocs\back_inscribite\application\vendor/autoload.php was not found.
ERROR - 2016-10-14 17:51:25 --> 404 Page Not Found: /index
ERROR - 2016-10-14 17:51:25 --> 404 Page Not Found: /index
ERROR - 2016-10-14 17:51:25 --> $config['composer_autoload'] is set to TRUE but C:\xampp\htdocs\back_inscribite\application\vendor/autoload.php was not found.
ERROR - 2016-10-14 17:51:25 --> 404 Page Not Found: /index
ERROR - 2016-10-14 17:51:25 --> $config['composer_autoload'] is set to TRUE but C:\xampp\htdocs\back_inscribite\application\vendor/autoload.php was not found.
ERROR - 2016-10-14 17:51:34 --> $config['composer_autoload'] is set to TRUE but C:\xampp\htdocs\back_inscribite\application\vendor/autoload.php was not found.
ERROR - 2016-10-14 17:51:34 --> $config['composer_autoload'] is set to TRUE but C:\xampp\htdocs\back_inscribite\application\vendor/autoload.php was not found.
ERROR - 2016-10-14 17:51:34 --> $config['composer_autoload'] is set to TRUE but C:\xampp\htdocs\back_inscribite\application\vendor/autoload.php was not found.
ERROR - 2016-10-14 17:51:35 --> 404 Page Not Found: /index
ERROR - 2016-10-14 17:51:35 --> 404 Page Not Found: /index
ERROR - 2016-10-14 17:51:35 --> $config['composer_autoload'] is set to TRUE but C:\xampp\htdocs\back_inscribite\application\vendor/autoload.php was not found.
ERROR - 2016-10-14 17:51:35 --> 404 Page Not Found: /index
ERROR - 2016-10-14 17:51:35 --> $config['composer_autoload'] is set to TRUE but C:\xampp\htdocs\back_inscribite\application\vendor/autoload.php was not found.
ERROR - 2016-10-14 17:51:36 --> $config['composer_autoload'] is set to TRUE but C:\xampp\htdocs\back_inscribite\application\vendor/autoload.php was not found.
ERROR - 2016-10-14 17:51:36 --> $config['composer_autoload'] is set to TRUE but C:\xampp\htdocs\back_inscribite\application\vendor/autoload.php was not found.
ERROR - 2016-10-14 17:51:36 --> $config['composer_autoload'] is set to TRUE but C:\xampp\htdocs\back_inscribite\application\vendor/autoload.php was not found.
ERROR - 2016-10-14 17:51:36 --> 404 Page Not Found: /index
ERROR - 2016-10-14 17:51:36 --> 404 Page Not Found: /index
ERROR - 2016-10-14 17:51:36 --> $config['composer_autoload'] is set to TRUE but C:\xampp\htdocs\back_inscribite\application\vendor/autoload.php was not found.
ERROR - 2016-10-14 17:51:36 --> 404 Page Not Found: /index
ERROR - 2016-10-14 17:51:36 --> $config['composer_autoload'] is set to TRUE but C:\xampp\htdocs\back_inscribite\application\vendor/autoload.php was not found.
ERROR - 2016-10-14 17:51:36 --> 404 Page Not Found: /index
ERROR - 2016-10-14 17:51:36 --> $config['composer_autoload'] is set to TRUE but C:\xampp\htdocs\back_inscribite\application\vendor/autoload.php was not found.
ERROR - 2016-10-14 17:51:45 --> $config['composer_autoload'] is set to TRUE but C:\xampp\htdocs\back_inscribite\application\vendor/autoload.php was not found.
ERROR - 2016-10-14 17:51:45 --> $config['composer_autoload'] is set to TRUE but C:\xampp\htdocs\back_inscribite\application\vendor/autoload.php was not found.
ERROR - 2016-10-14 17:51:45 --> Severity: error --> Exception: The target-entity Cuentaempresa cannot be found in 'Liquidacioncuentas#cuenta'. C:\xampp\htdocs\back_inscribite\vendor\doctrine\orm\lib\Doctrine\ORM\Mapping\MappingException.php 762
ERROR - 2016-10-14 17:52:29 --> $config['composer_autoload'] is set to TRUE but C:\xampp\htdocs\back_inscribite\application\vendor/autoload.php was not found.
ERROR - 2016-10-14 17:52:30 --> $config['composer_autoload'] is set to TRUE but C:\xampp\htdocs\back_inscribite\application\vendor/autoload.php was not found.
ERROR - 2016-10-14 17:52:30 --> Severity: error --> Exception: The target-entity Cuentaempresa cannot be found in 'Liquidacioncuentas#cuenta'. C:\xampp\htdocs\back_inscribite\vendor\doctrine\orm\lib\Doctrine\ORM\Mapping\MappingException.php 762
ERROR - 2016-10-14 17:52:30 --> $config['composer_autoload'] is set to TRUE but C:\xampp\htdocs\back_inscribite\application\vendor/autoload.php was not found.
ERROR - 2016-10-14 17:52:30 --> 404 Page Not Found: /index
ERROR - 2016-10-14 17:52:31 --> $config['composer_autoload'] is set to TRUE but C:\xampp\htdocs\back_inscribite\application\vendor/autoload.php was not found.
ERROR - 2016-10-14 17:52:31 --> $config['composer_autoload'] is set to TRUE but C:\xampp\htdocs\back_inscribite\application\vendor/autoload.php was not found.
ERROR - 2016-10-14 17:52:36 --> $config['composer_autoload'] is set to TRUE but C:\xampp\htdocs\back_inscribite\application\vendor/autoload.php was not found.
ERROR - 2016-10-14 17:52:36 --> $config['composer_autoload'] is set to TRUE but C:\xampp\htdocs\back_inscribite\application\vendor/autoload.php was not found.
ERROR - 2016-10-14 17:52:36 --> $config['composer_autoload'] is set to TRUE but C:\xampp\htdocs\back_inscribite\application\vendor/autoload.php was not found.
ERROR - 2016-10-14 17:52:37 --> 404 Page Not Found: /index
ERROR - 2016-10-14 17:52:37 --> 404 Page Not Found: /index
ERROR - 2016-10-14 17:52:37 --> $config['composer_autoload'] is set to TRUE but C:\xampp\htdocs\back_inscribite\application\vendor/autoload.php was not found.
ERROR - 2016-10-14 17:52:50 --> $config['composer_autoload'] is set to TRUE but C:\xampp\htdocs\back_inscribite\application\vendor/autoload.php was not found.
ERROR - 2016-10-14 17:52:50 --> $config['composer_autoload'] is set to TRUE but C:\xampp\htdocs\back_inscribite\application\vendor/autoload.php was not found.
ERROR - 2016-10-14 17:52:51 --> Severity: error --> Exception: An exception occurred while executing 'SELECT c0_.cob_id AS cob_id_0, c0_.cob_fecha AS cob_fecha_1, c0_.cob_recibo AS cob_recibo_2, c0_.cob_adjunto AS cob_adjunto_3, c0_.cob_cantregistros AS cob_cantregistros_4, c0_.cob_importe AS cob_importe_5, c0_.cob_retenciones AS cob_retenciones_6, c0_.cob_ajustes AS cob_ajustes_7, c0_.cob_mediopago AS cob_mediopago_8 FROM cobro c0_ LIMIT 20 OFFSET 0':

SQLSTATE[42S22]: Column not found: 1054 Unknown column 'c0_.cob_id' in 'field list' C:\xampp\htdocs\back_inscribite\vendor\doctrine\dbal\lib\Doctrine\DBAL\Driver\AbstractMySQLDriver.php 71
