ERROR - 2016-09-08 16:51:21 --> $config['composer_autoload'] is set to TRUE but C:\xampp\htdocs\wine_fwk\application\vendor/autoload.php was not found.
ERROR - 2016-09-08 16:51:21 --> 404 Page Not Found: ../modules/web/controllers/Web_controller/home
ERROR - 2016-09-08 16:51:34 --> $config['composer_autoload'] is set to TRUE but C:\xampp\htdocs\wine_fwk\application\vendor/autoload.php was not found.
ERROR - 2016-09-08 16:51:34 --> 404 Page Not Found: ../modules/web/controllers/Web_controller/home
ERROR - 2016-09-08 16:51:49 --> $config['composer_autoload'] is set to TRUE but C:\xampp\htdocs\wine_fwk\application\vendor/autoload.php was not found.
ERROR - 2016-09-08 16:51:57 --> $config['composer_autoload'] is set to TRUE but C:\xampp\htdocs\wine_fwk\application\vendor/autoload.php was not found.
ERROR - 2016-09-08 16:51:57 --> $config['composer_autoload'] is set to TRUE but C:\xampp\htdocs\wine_fwk\application\vendor/autoload.php was not found.
ERROR - 2016-09-08 16:51:57 --> $config['composer_autoload'] is set to TRUE but C:\xampp\htdocs\wine_fwk\application\vendor/autoload.php was not found.
ERROR - 2016-09-08 16:51:57 --> $config['composer_autoload'] is set to TRUE but C:\xampp\htdocs\wine_fwk\application\vendor/autoload.php was not found.
ERROR - 2016-09-08 16:51:57 --> $config['composer_autoload'] is set to TRUE but C:\xampp\htdocs\wine_fwk\application\vendor/autoload.php was not found.
ERROR - 2016-09-08 16:51:57 --> 404 Page Not Found: /index
ERROR - 2016-09-08 16:51:57 --> 404 Page Not Found: /index
ERROR - 2016-09-08 16:51:57 --> $config['composer_autoload'] is set to TRUE but C:\xampp\htdocs\wine_fwk\application\vendor/autoload.php was not found.
ERROR - 2016-09-08 16:51:57 --> $config['composer_autoload'] is set to TRUE but C:\xampp\htdocs\wine_fwk\application\vendor/autoload.php was not found.
ERROR - 2016-09-08 16:51:57 --> $config['composer_autoload'] is set to TRUE but C:\xampp\htdocs\wine_fwk\application\vendor/autoload.php was not found.
ERROR - 2016-09-08 16:51:57 --> 404 Page Not Found: /index
ERROR - 2016-09-08 16:51:57 --> $config['composer_autoload'] is set to TRUE but C:\xampp\htdocs\wine_fwk\application\vendor/autoload.php was not found.
ERROR - 2016-09-08 16:51:57 --> 404 Page Not Found: /index
ERROR - 2016-09-08 16:51:57 --> 404 Page Not Found: /index
ERROR - 2016-09-08 16:51:57 --> 404 Page Not Found: /index
ERROR - 2016-09-08 16:51:57 --> 404 Page Not Found: /index
ERROR - 2016-09-08 16:51:57 --> 404 Page Not Found: /index
ERROR - 2016-09-08 16:51:58 --> $config['composer_autoload'] is set to TRUE but C:\xampp\htdocs\wine_fwk\application\vendor/autoload.php was not found.
ERROR - 2016-09-08 16:51:58 --> 404 Page Not Found: /index
ERROR - 2016-09-08 16:51:59 --> $config['composer_autoload'] is set to TRUE but C:\xampp\htdocs\wine_fwk\application\vendor/autoload.php was not found.
ERROR - 2016-09-08 16:51:59 --> 404 Page Not Found: /index
ERROR - 2016-09-08 16:53:14 --> $config['composer_autoload'] is set to TRUE but C:\xampp\htdocs\wine_fwk\application\vendor/autoload.php was not found.
ERROR - 2016-09-08 16:53:39 --> $config['composer_autoload'] is set to TRUE but C:\xampp\htdocs\wine_fwk\application\vendor/autoload.php was not found.
ERROR - 2016-09-08 16:54:17 --> $config['composer_autoload'] is set to TRUE but C:\xampp\htdocs\wine_fwk\application\vendor/autoload.php was not found.
ERROR - 2016-09-08 16:54:23 --> $config['composer_autoload'] is set to TRUE but C:\xampp\htdocs\wine_fwk\application\vendor/autoload.php was not found.
ERROR - 2016-09-08 16:55:04 --> $config['composer_autoload'] is set to TRUE but C:\xampp\htdocs\wine_fwk\application\vendor/autoload.php was not found.
ERROR - 2016-09-08 16:56:30 --> $config['composer_autoload'] is set to TRUE but C:\xampp\htdocs\wine_fwk\application\vendor/autoload.php was not found.
ERROR - 2016-09-08 16:56:30 --> $config['composer_autoload'] is set to TRUE but C:\xampp\htdocs\wine_fwk\application\vendor/autoload.php was not found.
ERROR - 2016-09-08 16:56:30 --> $config['composer_autoload'] is set to TRUE but C:\xampp\htdocs\wine_fwk\application\vendor/autoload.php was not found.
ERROR - 2016-09-08 16:56:30 --> $config['composer_autoload'] is set to TRUE but C:\xampp\htdocs\wine_fwk\application\vendor/autoload.php was not found.
ERROR - 2016-09-08 16:56:30 --> 404 Page Not Found: /index
ERROR - 2016-09-08 16:56:30 --> 404 Page Not Found: /index
ERROR - 2016-09-08 16:56:30 --> 404 Page Not Found: /index
ERROR - 2016-09-08 16:56:30 --> $config['composer_autoload'] is set to TRUE but C:\xampp\htdocs\wine_fwk\application\vendor/autoload.php was not found.
ERROR - 2016-09-08 16:56:30 --> 404 Page Not Found: /index
ERROR - 2016-09-08 16:56:30 --> $config['composer_autoload'] is set to TRUE but C:\xampp\htdocs\wine_fwk\application\vendor/autoload.php was not found.
ERROR - 2016-09-08 16:57:06 --> $config['composer_autoload'] is set to TRUE but C:\xampp\htdocs\wine_fwk\application\vendor/autoload.php was not found.
ERROR - 2016-09-08 16:57:06 --> $config['composer_autoload'] is set to TRUE but C:\xampp\htdocs\wine_fwk\application\vendor/autoload.php was not found.
ERROR - 2016-09-08 16:57:06 --> $config['composer_autoload'] is set to TRUE but C:\xampp\htdocs\wine_fwk\application\vendor/autoload.php was not found.
ERROR - 2016-09-08 16:57:06 --> $config['composer_autoload'] is set to TRUE but C:\xampp\htdocs\wine_fwk\application\vendor/autoload.php was not found.
ERROR - 2016-09-08 16:57:06 --> $config['composer_autoload'] is set to TRUE but C:\xampp\htdocs\wine_fwk\application\vendor/autoload.php was not found.
ERROR - 2016-09-08 16:57:06 --> $config['composer_autoload'] is set to TRUE but C:\xampp\htdocs\wine_fwk\application\vendor/autoload.php was not found.
ERROR - 2016-09-08 16:57:06 --> $config['composer_autoload'] is set to TRUE but C:\xampp\htdocs\wine_fwk\application\vendor/autoload.php was not found.
ERROR - 2016-09-08 16:57:06 --> 404 Page Not Found: /index
ERROR - 2016-09-08 16:57:06 --> 404 Page Not Found: /index
ERROR - 2016-09-08 16:57:06 --> 404 Page Not Found: /index
ERROR - 2016-09-08 16:57:06 --> $config['composer_autoload'] is set to TRUE but C:\xampp\htdocs\wine_fwk\application\vendor/autoload.php was not found.
ERROR - 2016-09-08 16:57:06 --> 404 Page Not Found: /index
ERROR - 2016-09-08 16:57:06 --> 404 Page Not Found: /index
ERROR - 2016-09-08 16:57:07 --> 404 Page Not Found: /index
ERROR - 2016-09-08 16:57:07 --> $config['composer_autoload'] is set to TRUE but C:\xampp\htdocs\wine_fwk\application\vendor/autoload.php was not found.
ERROR - 2016-09-08 16:57:07 --> $config['composer_autoload'] is set to TRUE but C:\xampp\htdocs\wine_fwk\application\vendor/autoload.php was not found.
ERROR - 2016-09-08 16:57:07 --> $config['composer_autoload'] is set to TRUE but C:\xampp\htdocs\wine_fwk\application\vendor/autoload.php was not found.
ERROR - 2016-09-08 16:57:07 --> 404 Page Not Found: /index
ERROR - 2016-09-08 16:57:07 --> 404 Page Not Found: /index
ERROR - 2016-09-08 16:57:07 --> 404 Page Not Found: /index
ERROR - 2016-09-08 16:57:07 --> 404 Page Not Found: /index
ERROR - 2016-09-08 16:57:07 --> $config['composer_autoload'] is set to TRUE but C:\xampp\htdocs\wine_fwk\application\vendor/autoload.php was not found.
ERROR - 2016-09-08 16:57:07 --> 404 Page Not Found: /index
ERROR - 2016-09-08 16:57:07 --> $config['composer_autoload'] is set to TRUE but C:\xampp\htdocs\wine_fwk\application\vendor/autoload.php was not found.
ERROR - 2016-09-08 16:57:21 --> $config['composer_autoload'] is set to TRUE but C:\xampp\htdocs\wine_fwk\application\vendor/autoload.php was not found.
ERROR - 2016-09-08 16:57:21 --> $config['composer_autoload'] is set to TRUE but C:\xampp\htdocs\wine_fwk\application\vendor/autoload.php was not found.
ERROR - 2016-09-08 16:57:21 --> 404 Page Not Found: /index
ERROR - 2016-09-08 16:57:21 --> 404 Page Not Found: /index
ERROR - 2016-09-08 16:57:47 --> $config['composer_autoload'] is set to TRUE but C:\xampp\htdocs\wine_fwk\application\vendor/autoload.php was not found.
ERROR - 2016-09-08 16:57:48 --> $config['composer_autoload'] is set to TRUE but C:\xampp\htdocs\wine_fwk\application\vendor/autoload.php was not found.
ERROR - 2016-09-08 16:57:48 --> $config['composer_autoload'] is set to TRUE but C:\xampp\htdocs\wine_fwk\application\vendor/autoload.php was not found.
ERROR - 2016-09-08 16:57:48 --> $config['composer_autoload'] is set to TRUE but C:\xampp\htdocs\wine_fwk\application\vendor/autoload.php was not found.
ERROR - 2016-09-08 16:57:48 --> $config['composer_autoload'] is set to TRUE but C:\xampp\htdocs\wine_fwk\application\vendor/autoload.php was not found.
ERROR - 2016-09-08 16:57:48 --> $config['composer_autoload'] is set to TRUE but C:\xampp\htdocs\wine_fwk\application\vendor/autoload.php was not found.
ERROR - 2016-09-08 16:57:48 --> 404 Page Not Found: /index
ERROR - 2016-09-08 16:57:48 --> $config['composer_autoload'] is set to TRUE but C:\xampp\htdocs\wine_fwk\application\vendor/autoload.php was not found.
ERROR - 2016-09-08 16:57:48 --> 404 Page Not Found: /index
ERROR - 2016-09-08 16:57:48 --> 404 Page Not Found: /index
ERROR - 2016-09-08 16:57:48 --> 404 Page Not Found: /index
ERROR - 2016-09-08 16:57:48 --> $config['composer_autoload'] is set to TRUE but C:\xampp\htdocs\wine_fwk\application\vendor/autoload.php was not found.
ERROR - 2016-09-08 16:57:48 --> 404 Page Not Found: /index
ERROR - 2016-09-08 16:57:48 --> $config['composer_autoload'] is set to TRUE but C:\xampp\htdocs\wine_fwk\application\vendor/autoload.php was not found.
ERROR - 2016-09-08 16:57:48 --> $config['composer_autoload'] is set to TRUE but C:\xampp\htdocs\wine_fwk\application\vendor/autoload.php was not found.
ERROR - 2016-09-08 16:57:48 --> 404 Page Not Found: /index
ERROR - 2016-09-08 16:57:48 --> 404 Page Not Found: /index
ERROR - 2016-09-08 16:57:48 --> 404 Page Not Found: /index
ERROR - 2016-09-08 16:57:48 --> 404 Page Not Found: /index
ERROR - 2016-09-08 16:57:49 --> $config['composer_autoload'] is set to TRUE but C:\xampp\htdocs\wine_fwk\application\vendor/autoload.php was not found.
ERROR - 2016-09-08 16:59:28 --> $config['composer_autoload'] is set to TRUE but C:\xampp\htdocs\wine_fwk\application\vendor/autoload.php was not found.
ERROR - 2016-09-08 16:59:29 --> $config['composer_autoload'] is set to TRUE but C:\xampp\htdocs\wine_fwk\application\vendor/autoload.php was not found.
ERROR - 2016-09-08 17:04:47 --> $config['composer_autoload'] is set to TRUE but C:\xampp\htdocs\wine_fwk\application\vendor/autoload.php was not found.
ERROR - 2016-09-08 17:04:47 --> Severity: Notice --> Undefined property: CI::$vino_model C:\xampp\htdocs\wine_fwk\application\third_party\MX\Controller.php 59
ERROR - 2016-09-08 17:04:47 --> Severity: Error --> Call to a member function getVinosPorUsuario() on null C:\xampp\htdocs\wine_fwk\application\modules\web\controllers\Web_controller.php 14
ERROR - 2016-09-08 17:05:29 --> $config['composer_autoload'] is set to TRUE but C:\xampp\htdocs\wine_fwk\application\vendor/autoload.php was not found.
ERROR - 2016-09-08 17:05:30 --> Severity: error --> Exception: [Semantical Error] line 0, col 7 near 'v FROM Vino ': Error: 'v' is not defined. C:\xampp\htdocs\wine_fwk\vendor\doctrine\orm\lib\Doctrine\ORM\Query\QueryException.php 63
ERROR - 2016-09-08 17:05:38 --> $config['composer_autoload'] is set to TRUE but C:\xampp\htdocs\wine_fwk\application\vendor/autoload.php was not found.
ERROR - 2016-09-08 17:05:40 --> $config['composer_autoload'] is set to TRUE but C:\xampp\htdocs\wine_fwk\application\vendor/autoload.php was not found.
ERROR - 2016-09-08 17:10:24 --> $config['composer_autoload'] is set to TRUE but C:\xampp\htdocs\wine_fwk\application\vendor/autoload.php was not found.
ERROR - 2016-09-08 17:10:24 --> 404 Page Not Found: /index
ERROR - 2016-09-08 21:30:06 --> $config['composer_autoload'] is set to TRUE but C:\xampp\htdocs\wine_fwk\application\vendor/autoload.php was not found.
ERROR - 2016-09-08 21:30:06 --> Severity: Compile Error --> Call-time pass-by-reference has been removed C:\xampp\htdocs\wine_fwk\application\modules\web\models\vino\Vino_model.php 131
ERROR - 2016-09-08 21:31:04 --> $config['composer_autoload'] is set to TRUE but C:\xampp\htdocs\wine_fwk\application\vendor/autoload.php was not found.
ERROR - 2016-09-08 21:31:04 --> Severity: Notice --> Undefined index: id C:\xampp\htdocs\wine_fwk\application\modules\web\models\vino\Vino_model.php 141
ERROR - 2016-09-08 21:31:04 --> Severity: Notice --> Undefined index: id C:\xampp\htdocs\wine_fwk\application\modules\web\models\vino\Vino_model.php 143
ERROR - 2016-09-08 21:31:04 --> Severity: Notice --> Undefined index: id C:\xampp\htdocs\wine_fwk\application\modules\web\models\vino\Vino_model.php 143
ERROR - 2016-09-08 21:31:04 --> Severity: Notice --> Undefined index: id C:\xampp\htdocs\wine_fwk\application\modules\web\models\vino\Vino_model.php 143
ERROR - 2016-09-08 21:31:04 --> Severity: Notice --> Undefined index: id C:\xampp\htdocs\wine_fwk\application\modules\web\models\vino\Vino_model.php 143
ERROR - 2016-09-08 21:31:04 --> Severity: Notice --> Undefined index: id C:\xampp\htdocs\wine_fwk\application\modules\web\models\vino\Vino_model.php 143
ERROR - 2016-09-08 21:31:04 --> Severity: Notice --> Undefined index: id C:\xampp\htdocs\wine_fwk\application\modules\web\models\vino\Vino_model.php 143
ERROR - 2016-09-08 21:31:04 --> Severity: Notice --> Undefined index: id C:\xampp\htdocs\wine_fwk\application\modules\web\models\vino\Vino_model.php 143
ERROR - 2016-09-08 21:31:04 --> Severity: Notice --> Undefined index: id C:\xampp\htdocs\wine_fwk\application\modules\web\models\vino\Vino_model.php 143
ERROR - 2016-09-08 21:31:04 --> Severity: Notice --> Undefined index: id C:\xampp\htdocs\wine_fwk\application\modules\web\models\vino\Vino_model.php 143
ERROR - 2016-09-08 21:31:04 --> Severity: Notice --> Undefined index: id C:\xampp\htdocs\wine_fwk\application\modules\web\models\vino\Vino_model.php 143
ERROR - 2016-09-08 21:31:04 --> Severity: Notice --> Undefined index: id C:\xampp\htdocs\wine_fwk\application\modules\web\models\vino\Vino_model.php 143
ERROR - 2016-09-08 21:31:04 --> Severity: Notice --> Undefined index: id C:\xampp\htdocs\wine_fwk\application\modules\web\models\vino\Vino_model.php 143
ERROR - 2016-09-08 21:31:04 --> Severity: Notice --> Undefined index: id C:\xampp\htdocs\wine_fwk\application\modules\web\models\vino\Vino_model.php 143
ERROR - 2016-09-08 21:31:04 --> Severity: Notice --> Undefined index: id C:\xampp\htdocs\wine_fwk\application\modules\web\models\vino\Vino_model.php 143
ERROR - 2016-09-08 21:31:04 --> Severity: Notice --> Undefined index: id C:\xampp\htdocs\wine_fwk\application\modules\web\models\vino\Vino_model.php 143
ERROR - 2016-09-08 21:31:04 --> Severity: Notice --> Undefined index: id C:\xampp\htdocs\wine_fwk\application\modules\web\models\vino\Vino_model.php 143
ERROR - 2016-09-08 21:31:04 --> Severity: Notice --> Undefined index: id C:\xampp\htdocs\wine_fwk\application\modules\web\models\vino\Vino_model.php 143
ERROR - 2016-09-08 21:31:04 --> Severity: Notice --> Undefined index: id C:\xampp\htdocs\wine_fwk\application\modules\web\models\vino\Vino_model.php 143
ERROR - 2016-09-08 21:31:04 --> Severity: Notice --> Undefined index: id C:\xampp\htdocs\wine_fwk\application\modules\web\models\vino\Vino_model.php 143
ERROR - 2016-09-08 21:31:04 --> Severity: error --> Exception: [Syntax Error] line 0, col 35: Error: Expected Literal, got ',' C:\xampp\htdocs\wine_fwk\vendor\doctrine\orm\lib\Doctrine\ORM\Query\QueryException.php 52
ERROR - 2016-09-08 21:31:04 --> Severity: Warning --> Cannot modify header information - headers already sent by (output started at C:\xampp\htdocs\wine_fwk\system\core\Exceptions.php:272) C:\xampp\htdocs\wine_fwk\system\core\Common.php 573
ERROR - 2016-09-08 21:31:51 --> $config['composer_autoload'] is set to TRUE but C:\xampp\htdocs\wine_fwk\application\vendor/autoload.php was not found.
ERROR - 2016-09-08 21:31:51 --> Severity: Notice --> Undefined index: vin_id C:\xampp\htdocs\wine_fwk\application\modules\web\models\vino\Vino_model.php 141
ERROR - 2016-09-08 21:31:51 --> Severity: Notice --> Undefined index: vin_id C:\xampp\htdocs\wine_fwk\application\modules\web\models\vino\Vino_model.php 143
ERROR - 2016-09-08 21:31:51 --> Severity: Notice --> Undefined index: vin_id C:\xampp\htdocs\wine_fwk\application\modules\web\models\vino\Vino_model.php 143
ERROR - 2016-09-08 21:31:51 --> Severity: Notice --> Undefined index: vin_id C:\xampp\htdocs\wine_fwk\application\modules\web\models\vino\Vino_model.php 143
ERROR - 2016-09-08 21:31:51 --> Severity: Notice --> Undefined index: vin_id C:\xampp\htdocs\wine_fwk\application\modules\web\models\vino\Vino_model.php 143
ERROR - 2016-09-08 21:31:51 --> Severity: Notice --> Undefined index: vin_id C:\xampp\htdocs\wine_fwk\application\modules\web\models\vino\Vino_model.php 143
ERROR - 2016-09-08 21:31:51 --> Severity: Notice --> Undefined index: vin_id C:\xampp\htdocs\wine_fwk\application\modules\web\models\vino\Vino_model.php 143
ERROR - 2016-09-08 21:31:51 --> Severity: Notice --> Undefined index: vin_id C:\xampp\htdocs\wine_fwk\application\modules\web\models\vino\Vino_model.php 143
ERROR - 2016-09-08 21:31:51 --> Severity: Notice --> Undefined index: vin_id C:\xampp\htdocs\wine_fwk\application\modules\web\models\vino\Vino_model.php 143
ERROR - 2016-09-08 21:31:51 --> Severity: Notice --> Undefined index: vin_id C:\xampp\htdocs\wine_fwk\application\modules\web\models\vino\Vino_model.php 143
ERROR - 2016-09-08 21:31:51 --> Severity: Notice --> Undefined index: vin_id C:\xampp\htdocs\wine_fwk\application\modules\web\models\vino\Vino_model.php 143
ERROR - 2016-09-08 21:31:51 --> Severity: Notice --> Undefined index: vin_id C:\xampp\htdocs\wine_fwk\application\modules\web\models\vino\Vino_model.php 143
ERROR - 2016-09-08 21:31:51 --> Severity: Notice --> Undefined index: vin_id C:\xampp\htdocs\wine_fwk\application\modules\web\models\vino\Vino_model.php 143
ERROR - 2016-09-08 21:31:51 --> Severity: Notice --> Undefined index: vin_id C:\xampp\htdocs\wine_fwk\application\modules\web\models\vino\Vino_model.php 143
ERROR - 2016-09-08 21:31:51 --> Severity: Notice --> Undefined index: vin_id C:\xampp\htdocs\wine_fwk\application\modules\web\models\vino\Vino_model.php 143
ERROR - 2016-09-08 21:31:51 --> Severity: Notice --> Undefined index: vin_id C:\xampp\htdocs\wine_fwk\application\modules\web\models\vino\Vino_model.php 143
ERROR - 2016-09-08 21:31:51 --> Severity: Notice --> Undefined index: vin_id C:\xampp\htdocs\wine_fwk\application\modules\web\models\vino\Vino_model.php 143
ERROR - 2016-09-08 21:31:51 --> Severity: Notice --> Undefined index: vin_id C:\xampp\htdocs\wine_fwk\application\modules\web\models\vino\Vino_model.php 143
ERROR - 2016-09-08 21:31:51 --> Severity: Notice --> Undefined index: vin_id C:\xampp\htdocs\wine_fwk\application\modules\web\models\vino\Vino_model.php 143
ERROR - 2016-09-08 21:31:51 --> Severity: Notice --> Undefined index: vin_id C:\xampp\htdocs\wine_fwk\application\modules\web\models\vino\Vino_model.php 143
ERROR - 2016-09-08 21:31:51 --> Severity: error --> Exception: [Syntax Error] line 0, col 35: Error: Expected Literal, got ',' C:\xampp\htdocs\wine_fwk\vendor\doctrine\orm\lib\Doctrine\ORM\Query\QueryException.php 52
ERROR - 2016-09-08 21:31:51 --> Severity: Warning --> Cannot modify header information - headers already sent by (output started at C:\xampp\htdocs\wine_fwk\system\core\Exceptions.php:272) C:\xampp\htdocs\wine_fwk\system\core\Common.php 573
ERROR - 2016-09-08 21:32:10 --> $config['composer_autoload'] is set to TRUE but C:\xampp\htdocs\wine_fwk\application\vendor/autoload.php was not found.
ERROR - 2016-09-08 21:32:10 --> Severity: Error --> Call to a member function getNombre() on array C:\xampp\htdocs\wine_fwk\application\modules\web\views\web\lista_vinos.php 12
ERROR - 2016-09-08 21:32:11 --> $config['composer_autoload'] is set to TRUE but C:\xampp\htdocs\wine_fwk\application\vendor/autoload.php was not found.
ERROR - 2016-09-08 21:32:12 --> Severity: Error --> Call to a member function getNombre() on array C:\xampp\htdocs\wine_fwk\application\modules\web\views\web\lista_vinos.php 12
ERROR - 2016-09-08 21:32:39 --> $config['composer_autoload'] is set to TRUE but C:\xampp\htdocs\wine_fwk\application\vendor/autoload.php was not found.
ERROR - 2016-09-08 21:33:21 --> $config['composer_autoload'] is set to TRUE but C:\xampp\htdocs\wine_fwk\application\vendor/autoload.php was not found.
ERROR - 2016-09-08 21:33:22 --> Severity: Error --> Call to a member function getNombre() on array C:\xampp\htdocs\wine_fwk\application\modules\web\views\web\lista_vinos.php 12
ERROR - 2016-09-08 21:33:29 --> $config['composer_autoload'] is set to TRUE but C:\xampp\htdocs\wine_fwk\application\vendor/autoload.php was not found.
ERROR - 2016-09-08 21:33:31 --> $config['composer_autoload'] is set to TRUE but C:\xampp\htdocs\wine_fwk\application\vendor/autoload.php was not found.
ERROR - 2016-09-08 21:33:56 --> $config['composer_autoload'] is set to TRUE but C:\xampp\htdocs\wine_fwk\application\vendor/autoload.php was not found.
ERROR - 2016-09-08 21:34:17 --> $config['composer_autoload'] is set to TRUE but C:\xampp\htdocs\wine_fwk\application\vendor/autoload.php was not found.
ERROR - 2016-09-08 21:34:53 --> $config['composer_autoload'] is set to TRUE but C:\xampp\htdocs\wine_fwk\application\vendor/autoload.php was not found.
ERROR - 2016-09-08 21:34:53 --> Severity: Notice --> Undefined offset: 0 C:\xampp\htdocs\wine_fwk\application\modules\web\controllers\Web_controller.php 15
ERROR - 2016-09-08 21:34:53 --> Severity: Error --> Call to a member function getId() on null C:\xampp\htdocs\wine_fwk\application\modules\web\controllers\Web_controller.php 15
ERROR - 2016-09-08 21:35:24 --> $config['composer_autoload'] is set to TRUE but C:\xampp\htdocs\wine_fwk\application\vendor/autoload.php was not found.
ERROR - 2016-09-08 21:35:25 --> $config['composer_autoload'] is set to TRUE but C:\xampp\htdocs\wine_fwk\application\vendor/autoload.php was not found.
ERROR - 2016-09-08 21:37:02 --> $config['composer_autoload'] is set to TRUE but C:\xampp\htdocs\wine_fwk\application\vendor/autoload.php was not found.
ERROR - 2016-09-08 21:37:03 --> Severity: Error --> Call to undefined method Vino::getPrecioSugerido() C:\xampp\htdocs\wine_fwk\application\modules\web\views\web\lista_vinos.php 17
ERROR - 2016-09-08 21:37:03 --> $config['composer_autoload'] is set to TRUE but C:\xampp\htdocs\wine_fwk\application\vendor/autoload.php was not found.
ERROR - 2016-09-08 21:37:04 --> Severity: Error --> Call to undefined method Vino::getPrecioSugerido() C:\xampp\htdocs\wine_fwk\application\modules\web\views\web\lista_vinos.php 17
ERROR - 2016-09-08 21:37:32 --> $config['composer_autoload'] is set to TRUE but C:\xampp\htdocs\wine_fwk\application\vendor/autoload.php was not found.
ERROR - 2016-09-08 21:37:34 --> $config['composer_autoload'] is set to TRUE but C:\xampp\htdocs\wine_fwk\application\vendor/autoload.php was not found.
ERROR - 2016-09-08 21:37:44 --> $config['composer_autoload'] is set to TRUE but C:\xampp\htdocs\wine_fwk\application\vendor/autoload.php was not found.
ERROR - 2016-09-08 21:37:45 --> $config['composer_autoload'] is set to TRUE but C:\xampp\htdocs\wine_fwk\application\vendor/autoload.php was not found.
ERROR - 2016-09-08 21:38:01 --> $config['composer_autoload'] is set to TRUE but C:\xampp\htdocs\wine_fwk\application\vendor/autoload.php was not found.
ERROR - 2016-09-08 21:38:02 --> $config['composer_autoload'] is set to TRUE but C:\xampp\htdocs\wine_fwk\application\vendor/autoload.php was not found.
ERROR - 2016-09-08 21:41:40 --> $config['composer_autoload'] is set to TRUE but C:\xampp\htdocs\wine_fwk\application\vendor/autoload.php was not found.
ERROR - 2016-09-08 21:41:41 --> $config['composer_autoload'] is set to TRUE but C:\xampp\htdocs\wine_fwk\application\vendor/autoload.php was not found.
ERROR - 2016-09-08 21:50:36 --> $config['composer_autoload'] is set to TRUE but C:\xampp\htdocs\wine_fwk\application\vendor/autoload.php was not found.
ERROR - 2016-09-08 21:50:38 --> $config['composer_autoload'] is set to TRUE but C:\xampp\htdocs\wine_fwk\application\vendor/autoload.php was not found.
ERROR - 2016-09-08 21:50:45 --> $config['composer_autoload'] is set to TRUE but C:\xampp\htdocs\wine_fwk\application\vendor/autoload.php was not found.
ERROR - 2016-09-08 21:50:53 --> $config['composer_autoload'] is set to TRUE but C:\xampp\htdocs\wine_fwk\application\vendor/autoload.php was not found.
ERROR - 2016-09-08 21:50:58 --> $config['composer_autoload'] is set to TRUE but C:\xampp\htdocs\wine_fwk\application\vendor/autoload.php was not found.
ERROR - 2016-09-08 21:52:22 --> $config['composer_autoload'] is set to TRUE but C:\xampp\htdocs\wine_fwk\application\vendor/autoload.php was not found.
ERROR - 2016-09-08 21:52:24 --> $config['composer_autoload'] is set to TRUE but C:\xampp\htdocs\wine_fwk\application\vendor/autoload.php was not found.
ERROR - 2016-09-08 21:52:34 --> $config['composer_autoload'] is set to TRUE but C:\xampp\htdocs\wine_fwk\application\vendor/autoload.php was not found.
ERROR - 2016-09-08 21:52:49 --> $config['composer_autoload'] is set to TRUE but C:\xampp\htdocs\wine_fwk\application\vendor/autoload.php was not found.
ERROR - 2016-09-08 21:53:15 --> $config['composer_autoload'] is set to TRUE but C:\xampp\htdocs\wine_fwk\application\vendor/autoload.php was not found.
ERROR - 2016-09-08 21:54:33 --> $config['composer_autoload'] is set to TRUE but C:\xampp\htdocs\wine_fwk\application\vendor/autoload.php was not found.
