ERROR - 2016-11-16 00:34:50 --> $config['composer_autoload'] is set to TRUE but C:\xampp\htdocs\back_inscribite\application\vendor/autoload.php was not found.
ERROR - 2016-11-16 00:34:53 --> $config['composer_autoload'] is set to TRUE but C:\xampp\htdocs\back_inscribite\application\vendor/autoload.php was not found.
ERROR - 2016-11-16 00:34:53 --> $config['composer_autoload'] is set to TRUE but C:\xampp\htdocs\back_inscribite\application\vendor/autoload.php was not found.
ERROR - 2016-11-16 00:34:53 --> $config['composer_autoload'] is set to TRUE but C:\xampp\htdocs\back_inscribite\application\vendor/autoload.php was not found.
ERROR - 2016-11-16 00:34:53 --> 404 Page Not Found: /index
ERROR - 2016-11-16 00:34:53 --> 404 Page Not Found: /index
ERROR - 2016-11-16 00:34:53 --> 404 Page Not Found: /index
ERROR - 2016-11-16 00:34:54 --> $config['composer_autoload'] is set to TRUE but C:\xampp\htdocs\back_inscribite\application\vendor/autoload.php was not found.
ERROR - 2016-11-16 00:34:54 --> 404 Page Not Found: /index
ERROR - 2016-11-16 00:34:58 --> $config['composer_autoload'] is set to TRUE but C:\xampp\htdocs\back_inscribite\application\vendor/autoload.php was not found.
ERROR - 2016-11-16 00:34:58 --> 404 Page Not Found: /index
ERROR - 2016-11-16 00:35:07 --> $config['composer_autoload'] is set to TRUE but C:\xampp\htdocs\back_inscribite\application\vendor/autoload.php was not found.
ERROR - 2016-11-16 00:35:09 --> $config['composer_autoload'] is set to TRUE but C:\xampp\htdocs\back_inscribite\application\vendor/autoload.php was not found.
ERROR - 2016-11-16 00:35:12 --> $config['composer_autoload'] is set to TRUE but C:\xampp\htdocs\back_inscribite\application\vendor/autoload.php was not found.
ERROR - 2016-11-16 00:35:12 --> $config['composer_autoload'] is set to TRUE but C:\xampp\htdocs\back_inscribite\application\vendor/autoload.php was not found.
ERROR - 2016-11-16 00:35:12 --> 404 Page Not Found: /index
ERROR - 2016-11-16 00:35:12 --> 404 Page Not Found: /index
ERROR - 2016-11-16 00:35:12 --> $config['composer_autoload'] is set to TRUE but C:\xampp\htdocs\back_inscribite\application\vendor/autoload.php was not found.
ERROR - 2016-11-16 00:35:12 --> 404 Page Not Found: /index
ERROR - 2016-11-16 00:35:12 --> $config['composer_autoload'] is set to TRUE but C:\xampp\htdocs\back_inscribite\application\vendor/autoload.php was not found.
ERROR - 2016-11-16 00:35:12 --> 404 Page Not Found: /index
ERROR - 2016-11-16 00:35:13 --> $config['composer_autoload'] is set to TRUE but C:\xampp\htdocs\back_inscribite\application\vendor/autoload.php was not found.
ERROR - 2016-11-16 00:35:18 --> $config['composer_autoload'] is set to TRUE but C:\xampp\htdocs\back_inscribite\application\vendor/autoload.php was not found.
ERROR - 2016-11-16 20:08:05 --> $config['composer_autoload'] is set to TRUE but C:\xampp\htdocs\back_inscribite\application\vendor/autoload.php was not found.
ERROR - 2016-11-16 20:08:07 --> $config['composer_autoload'] is set to TRUE but C:\xampp\htdocs\back_inscribite\application\vendor/autoload.php was not found.
ERROR - 2016-11-16 20:08:07 --> $config['composer_autoload'] is set to TRUE but C:\xampp\htdocs\back_inscribite\application\vendor/autoload.php was not found.
ERROR - 2016-11-16 20:08:07 --> $config['composer_autoload'] is set to TRUE but C:\xampp\htdocs\back_inscribite\application\vendor/autoload.php was not found.
ERROR - 2016-11-16 20:08:07 --> $config['composer_autoload'] is set to TRUE but C:\xampp\htdocs\back_inscribite\application\vendor/autoload.php was not found.
ERROR - 2016-11-16 20:08:07 --> 404 Page Not Found: /index
ERROR - 2016-11-16 20:08:07 --> 404 Page Not Found: /index
ERROR - 2016-11-16 20:08:07 --> 404 Page Not Found: /index
ERROR - 2016-11-16 20:08:07 --> 404 Page Not Found: /index
ERROR - 2016-11-16 20:08:07 --> $config['composer_autoload'] is set to TRUE but C:\xampp\htdocs\back_inscribite\application\vendor/autoload.php was not found.
ERROR - 2016-11-16 20:08:07 --> 404 Page Not Found: /index
ERROR - 2016-11-16 20:08:07 --> $config['composer_autoload'] is set to TRUE but C:\xampp\htdocs\back_inscribite\application\vendor/autoload.php was not found.
ERROR - 2016-11-16 20:08:07 --> 404 Page Not Found: /index
ERROR - 2016-11-16 20:08:18 --> $config['composer_autoload'] is set to TRUE but C:\xampp\htdocs\back_inscribite\application\vendor/autoload.php was not found.
ERROR - 2016-11-16 20:08:19 --> $config['composer_autoload'] is set to TRUE but C:\xampp\htdocs\back_inscribite\application\vendor/autoload.php was not found.
ERROR - 2016-11-16 20:08:20 --> $config['composer_autoload'] is set to TRUE but C:\xampp\htdocs\back_inscribite\application\vendor/autoload.php was not found.
ERROR - 2016-11-16 20:08:20 --> $config['composer_autoload'] is set to TRUE but C:\xampp\htdocs\back_inscribite\application\vendor/autoload.php was not found.
ERROR - 2016-11-16 20:08:20 --> 404 Page Not Found: /index
ERROR - 2016-11-16 20:08:20 --> 404 Page Not Found: /index
ERROR - 2016-11-16 20:08:20 --> $config['composer_autoload'] is set to TRUE but C:\xampp\htdocs\back_inscribite\application\vendor/autoload.php was not found.
ERROR - 2016-11-16 20:08:20 --> 404 Page Not Found: /index
ERROR - 2016-11-16 20:08:21 --> $config['composer_autoload'] is set to TRUE but C:\xampp\htdocs\back_inscribite\application\vendor/autoload.php was not found.
ERROR - 2016-11-16 20:08:21 --> 404 Page Not Found: /index
ERROR - 2016-11-16 20:08:21 --> $config['composer_autoload'] is set to TRUE but C:\xampp\htdocs\back_inscribite\application\vendor/autoload.php was not found.
ERROR - 2016-11-16 20:09:46 --> $config['composer_autoload'] is set to TRUE but C:\xampp\htdocs\back_inscribite\application\vendor/autoload.php was not found.
ERROR - 2016-11-16 20:09:46 --> Severity: error --> Exception: An exception occurred while executing 'SELECT e0_.emp_id AS emp_id_0, e0_.emp_nombre AS emp_nombre_1, e0_.emp_cuit AS emp_cuit_2, e0_.emp_cond_iva AS emp_cond_iva_3, e0_.emp_mail AS emp_mail_4, e0_.emp_domicilio AS emp_domicilio_5, e0_.emp_cp AS emp_cp_6, e0_.emp_fecha_in AS emp_fecha_in_7, e0_.emp_localidad AS emp_localidad_8, e0_.emp_provincia AS emp_provincia_9, e0_.emp_usuario AS emp_usuario_10, e0_.emp_password AS emp_password_11, e0_.emp_estado AS emp_estado_12 FROM empresa e0_':

SQLSTATE[42S02]: Base table or view not found: 1146 Table 'admin_inscribite.empresa' doesn't exist C:\xampp\htdocs\back_inscribite\vendor\doctrine\dbal\lib\Doctrine\DBAL\Driver\AbstractMySQLDriver.php 53
ERROR - 2016-11-16 20:10:54 --> $config['composer_autoload'] is set to TRUE but C:\xampp\htdocs\back_inscribite\application\vendor/autoload.php was not found.
ERROR - 2016-11-16 20:11:06 --> $config['composer_autoload'] is set to TRUE but C:\xampp\htdocs\back_inscribite\application\vendor/autoload.php was not found.
ERROR - 2016-11-16 20:13:20 --> $config['composer_autoload'] is set to TRUE but C:\xampp\htdocs\back_inscribite\application\vendor/autoload.php was not found.
ERROR - 2016-11-16 20:15:07 --> $config['composer_autoload'] is set to TRUE but C:\xampp\htdocs\back_inscribite\application\vendor/autoload.php was not found.
ERROR - 2016-11-16 20:15:31 --> $config['composer_autoload'] is set to TRUE but C:\xampp\htdocs\back_inscribite\application\vendor/autoload.php was not found.
ERROR - 2016-11-16 20:15:50 --> $config['composer_autoload'] is set to TRUE but C:\xampp\htdocs\back_inscribite\application\vendor/autoload.php was not found.
ERROR - 2016-11-16 20:15:51 --> $config['composer_autoload'] is set to TRUE but C:\xampp\htdocs\back_inscribite\application\vendor/autoload.php was not found.
ERROR - 2016-11-16 20:15:59 --> $config['composer_autoload'] is set to TRUE but C:\xampp\htdocs\back_inscribite\application\vendor/autoload.php was not found.
