ERROR - 2016-12-29 20:54:10 --> $config['composer_autoload'] is set to TRUE but C:\xampp\htdocs\back_inscribite\application\vendor/autoload.php was not found.
ERROR - 2016-12-29 20:54:11 --> $config['composer_autoload'] is set to TRUE but C:\xampp\htdocs\back_inscribite\application\vendor/autoload.php was not found.
ERROR - 2016-12-29 20:54:13 --> $config['composer_autoload'] is set to TRUE but C:\xampp\htdocs\back_inscribite\application\vendor/autoload.php was not found.
ERROR - 2016-12-29 20:54:13 --> $config['composer_autoload'] is set to TRUE but C:\xampp\htdocs\back_inscribite\application\vendor/autoload.php was not found.
ERROR - 2016-12-29 20:54:13 --> $config['composer_autoload'] is set to TRUE but C:\xampp\htdocs\back_inscribite\application\vendor/autoload.php was not found.
ERROR - 2016-12-29 20:54:13 --> $config['composer_autoload'] is set to TRUE but C:\xampp\htdocs\back_inscribite\application\vendor/autoload.php was not found.
ERROR - 2016-12-29 20:54:13 --> 404 Page Not Found: /index
ERROR - 2016-12-29 20:54:13 --> 404 Page Not Found: /index
ERROR - 2016-12-29 20:54:13 --> 404 Page Not Found: /index
ERROR - 2016-12-29 20:54:13 --> 404 Page Not Found: /index
ERROR - 2016-12-29 20:54:13 --> $config['composer_autoload'] is set to TRUE but C:\xampp\htdocs\back_inscribite\application\vendor/autoload.php was not found.
ERROR - 2016-12-29 20:54:13 --> 404 Page Not Found: /index
ERROR - 2016-12-29 20:54:13 --> $config['composer_autoload'] is set to TRUE but C:\xampp\htdocs\back_inscribite\application\vendor/autoload.php was not found.
ERROR - 2016-12-29 20:54:13 --> 404 Page Not Found: /index
ERROR - 2016-12-29 20:54:27 --> $config['composer_autoload'] is set to TRUE but C:\xampp\htdocs\back_inscribite\application\vendor/autoload.php was not found.
ERROR - 2016-12-29 20:54:28 --> $config['composer_autoload'] is set to TRUE but C:\xampp\htdocs\back_inscribite\application\vendor/autoload.php was not found.
ERROR - 2016-12-29 20:54:29 --> $config['composer_autoload'] is set to TRUE but C:\xampp\htdocs\back_inscribite\application\vendor/autoload.php was not found.
ERROR - 2016-12-29 21:14:52 --> $config['composer_autoload'] is set to TRUE but C:\xampp\htdocs\back_inscribite\application\vendor/autoload.php was not found.
ERROR - 2016-12-29 21:14:52 --> $config['composer_autoload'] is set to TRUE but C:\xampp\htdocs\back_inscribite\application\vendor/autoload.php was not found.
ERROR - 2016-12-29 21:14:52 --> $config['composer_autoload'] is set to TRUE but C:\xampp\htdocs\back_inscribite\application\vendor/autoload.php was not found.
ERROR - 2016-12-29 21:14:52 --> $config['composer_autoload'] is set to TRUE but C:\xampp\htdocs\back_inscribite\application\vendor/autoload.php was not found.
ERROR - 2016-12-29 21:14:52 --> $config['composer_autoload'] is set to TRUE but C:\xampp\htdocs\back_inscribite\application\vendor/autoload.php was not found.
ERROR - 2016-12-29 21:14:52 --> 404 Page Not Found: /index
ERROR - 2016-12-29 21:14:52 --> 404 Page Not Found: /index
ERROR - 2016-12-29 21:14:52 --> 404 Page Not Found: /index
ERROR - 2016-12-29 21:14:52 --> 404 Page Not Found: /index
ERROR - 2016-12-29 21:14:52 --> $config['composer_autoload'] is set to TRUE but C:\xampp\htdocs\back_inscribite\application\vendor/autoload.php was not found.
ERROR - 2016-12-29 21:14:52 --> 404 Page Not Found: /index
ERROR - 2016-12-29 21:14:52 --> $config['composer_autoload'] is set to TRUE but C:\xampp\htdocs\back_inscribite\application\vendor/autoload.php was not found.
ERROR - 2016-12-29 21:14:53 --> 404 Page Not Found: /index
ERROR - 2016-12-29 21:14:57 --> $config['composer_autoload'] is set to TRUE but C:\xampp\htdocs\back_inscribite\application\vendor/autoload.php was not found.
ERROR - 2016-12-29 21:14:57 --> $config['composer_autoload'] is set to TRUE but C:\xampp\htdocs\back_inscribite\application\vendor/autoload.php was not found.
ERROR - 2016-12-29 21:14:58 --> $config['composer_autoload'] is set to TRUE but C:\xampp\htdocs\back_inscribite\application\vendor/autoload.php was not found.
ERROR - 2016-12-29 21:14:59 --> $config['composer_autoload'] is set to TRUE but C:\xampp\htdocs\back_inscribite\application\vendor/autoload.php was not found.
ERROR - 2016-12-29 21:14:59 --> $config['composer_autoload'] is set to TRUE but C:\xampp\htdocs\back_inscribite\application\vendor/autoload.php was not found.
ERROR - 2016-12-29 21:14:59 --> $config['composer_autoload'] is set to TRUE but C:\xampp\htdocs\back_inscribite\application\vendor/autoload.php was not found.
ERROR - 2016-12-29 21:15:04 --> $config['composer_autoload'] is set to TRUE but C:\xampp\htdocs\back_inscribite\application\vendor/autoload.php was not found.
ERROR - 2016-12-29 21:15:04 --> $config['composer_autoload'] is set to TRUE but C:\xampp\htdocs\back_inscribite\application\vendor/autoload.php was not found.
ERROR - 2016-12-29 21:15:07 --> $config['composer_autoload'] is set to TRUE but C:\xampp\htdocs\back_inscribite\application\vendor/autoload.php was not found.
ERROR - 2016-12-29 21:15:08 --> $config['composer_autoload'] is set to TRUE but C:\xampp\htdocs\back_inscribite\application\vendor/autoload.php was not found.
ERROR - 2016-12-29 21:15:08 --> $config['composer_autoload'] is set to TRUE but C:\xampp\htdocs\back_inscribite\application\vendor/autoload.php was not found.
ERROR - 2016-12-29 21:15:44 --> $config['composer_autoload'] is set to TRUE but C:\xampp\htdocs\back_inscribite\application\vendor/autoload.php was not found.
ERROR - 2016-12-29 21:15:44 --> $config['composer_autoload'] is set to TRUE but C:\xampp\htdocs\back_inscribite\application\vendor/autoload.php was not found.
ERROR - 2016-12-29 21:15:44 --> $config['composer_autoload'] is set to TRUE but C:\xampp\htdocs\back_inscribite\application\vendor/autoload.php was not found.
ERROR - 2016-12-29 21:15:45 --> Severity: error --> Exception: An exception occurred while executing 'SELECT s0_.sot_id AS sot_id_0, s0_.sot_fecha_in AS sot_fecha_in_1, s0_.sot_observaciones AS sot_observaciones_2, s0_.sot_pag_id AS sot_pag_id_3 FROM solicitud_transferencias s0_ LIMIT 20 OFFSET 0':

SQLSTATE[42S02]: Base table or view not found: 1146 Table 'admin_inscribite.solicitud_transferencias' doesn't exist C:\xampp\htdocs\back_inscribite\vendor\doctrine\dbal\lib\Doctrine\DBAL\Driver\AbstractMySQLDriver.php 53
ERROR - 2016-12-29 21:16:43 --> $config['composer_autoload'] is set to TRUE but C:\xampp\htdocs\back_inscribite\application\vendor/autoload.php was not found.
ERROR - 2016-12-29 21:16:44 --> $config['composer_autoload'] is set to TRUE but C:\xampp\htdocs\back_inscribite\application\vendor/autoload.php was not found.
ERROR - 2016-12-29 21:16:44 --> $config['composer_autoload'] is set to TRUE but C:\xampp\htdocs\back_inscribite\application\vendor/autoload.php was not found.
ERROR - 2016-12-29 21:18:09 --> $config['composer_autoload'] is set to TRUE but C:\xampp\htdocs\back_inscribite\application\vendor/autoload.php was not found.
ERROR - 2016-12-29 21:18:10 --> $config['composer_autoload'] is set to TRUE but C:\xampp\htdocs\back_inscribite\application\vendor/autoload.php was not found.
ERROR - 2016-12-29 21:18:10 --> $config['composer_autoload'] is set to TRUE but C:\xampp\htdocs\back_inscribite\application\vendor/autoload.php was not found.
ERROR - 2016-12-29 21:18:10 --> Severity: error --> Exception: An exception occurred while executing 'SELECT s0_.sot_id AS sot_id_0, s0_.sot_fecha_in AS sot_fecha_in_1, s0_.sot_observaciones AS sot_observaciones_2, s0_.sot_pag_id AS sot_pag_id_3 FROM solicitud_transferencias s0_ LIMIT 20 OFFSET 0':

SQLSTATE[42S02]: Base table or view not found: 1146 Table 'admin_inscribite.solicitud_transferencias' doesn't exist C:\xampp\htdocs\back_inscribite\vendor\doctrine\dbal\lib\Doctrine\DBAL\Driver\AbstractMySQLDriver.php 53
ERROR - 2016-12-29 21:18:10 --> $config['composer_autoload'] is set to TRUE but C:\xampp\htdocs\back_inscribite\application\vendor/autoload.php was not found.
ERROR - 2016-12-29 21:18:11 --> $config['composer_autoload'] is set to TRUE but C:\xampp\htdocs\back_inscribite\application\vendor/autoload.php was not found.
ERROR - 2016-12-29 21:18:11 --> $config['composer_autoload'] is set to TRUE but C:\xampp\htdocs\back_inscribite\application\vendor/autoload.php was not found.
ERROR - 2016-12-29 21:18:20 --> $config['composer_autoload'] is set to TRUE but C:\xampp\htdocs\back_inscribite\application\vendor/autoload.php was not found.
ERROR - 2016-12-29 21:18:21 --> $config['composer_autoload'] is set to TRUE but C:\xampp\htdocs\back_inscribite\application\vendor/autoload.php was not found.
ERROR - 2016-12-29 21:18:45 --> $config['composer_autoload'] is set to TRUE but C:\xampp\htdocs\back_inscribite\application\vendor/autoload.php was not found.
ERROR - 2016-12-29 21:18:45 --> $config['composer_autoload'] is set to TRUE but C:\xampp\htdocs\back_inscribite\application\vendor/autoload.php was not found.
ERROR - 2016-12-29 21:18:45 --> $config['composer_autoload'] is set to TRUE but C:\xampp\htdocs\back_inscribite\application\vendor/autoload.php was not found.
ERROR - 2016-12-29 21:19:36 --> $config['composer_autoload'] is set to TRUE but C:\xampp\htdocs\back_inscribite\application\vendor/autoload.php was not found.
ERROR - 2016-12-29 21:19:37 --> $config['composer_autoload'] is set to TRUE but C:\xampp\htdocs\back_inscribite\application\vendor/autoload.php was not found.
ERROR - 2016-12-29 21:19:53 --> $config['composer_autoload'] is set to TRUE but C:\xampp\htdocs\back_inscribite\application\vendor/autoload.php was not found.
ERROR - 2016-12-29 21:19:53 --> $config['composer_autoload'] is set to TRUE but C:\xampp\htdocs\back_inscribite\application\vendor/autoload.php was not found.
ERROR - 2016-12-29 21:19:53 --> Severity: error --> Exception: An exception occurred while executing 'SELECT c0_.cob_id AS cob_id_0, c0_.cob_fecha AS cob_fecha_1, c0_.cob_recibo AS cob_recibo_2, c0_.cob_adjunto AS cob_adjunto_3, c0_.cob_cantregistros AS cob_cantregistros_4, c0_.cob_importe AS cob_importe_5, c0_.cob_retenciones AS cob_retenciones_6, c0_.cob_ajustes AS cob_ajustes_7, c0_.cob_mediopago AS cob_mediopago_8 FROM cobro c0_ LIMIT 20 OFFSET 0':

SQLSTATE[42S22]: Column not found: 1054 Unknown column 'c0_.cob_id' in 'field list' C:\xampp\htdocs\back_inscribite\vendor\doctrine\dbal\lib\Doctrine\DBAL\Driver\AbstractMySQLDriver.php 71
ERROR - 2016-12-29 21:19:55 --> $config['composer_autoload'] is set to TRUE but C:\xampp\htdocs\back_inscribite\application\vendor/autoload.php was not found.
ERROR - 2016-12-29 21:19:56 --> $config['composer_autoload'] is set to TRUE but C:\xampp\htdocs\back_inscribite\application\vendor/autoload.php was not found.
ERROR - 2016-12-29 21:21:39 --> $config['composer_autoload'] is set to TRUE but C:\xampp\htdocs\back_inscribite\application\vendor/autoload.php was not found.
ERROR - 2016-12-29 21:21:40 --> $config['composer_autoload'] is set to TRUE but C:\xampp\htdocs\back_inscribite\application\vendor/autoload.php was not found.
ERROR - 2016-12-29 21:21:40 --> Severity: error --> Exception: An exception occurred while executing 'SELECT c0_.cob_id AS cob_id_0, c0_.cob_fecha AS cob_fecha_1, c0_.cob_recibo AS cob_recibo_2, c0_.cob_adjunto AS cob_adjunto_3, c0_.cob_cantregistros AS cob_cantregistros_4, c0_.cob_importe AS cob_importe_5, c0_.cob_retenciones AS cob_retenciones_6, c0_.cob_ajustes AS cob_ajustes_7, c0_.cob_mediopago AS cob_mediopago_8 FROM cobro c0_ LIMIT 20 OFFSET 0':

SQLSTATE[42S22]: Column not found: 1054 Unknown column 'c0_.cob_id' in 'field list' C:\xampp\htdocs\back_inscribite\vendor\doctrine\dbal\lib\Doctrine\DBAL\Driver\AbstractMySQLDriver.php 71
